# JRE version: Java(TM) SE Runtime Environment (16.0.2+7) (build 16.0.2+7-67)
# Java VM: Java HotSpot(TM) 64-Bit Server VM (16.0.2+7-67, mixed mode, sharing, tiered, compressed oops, compressed class ptrs, g1 gc, windows-amd64)
GC Precious Log:
 CPUs: 8 total, 8 available
 Memory: 7959M
 Large Page Support: Disabled
 NUMA Support: Disabled
 Compressed Oops: Enabled (32-bit)
 Heap Region Size: 1M
 Heap Min Capacity: 8M
 Heap Initial Capacity: 126M
 Heap Max Capacity: 2G
 Pre-touch: Disabled
 Parallel Workers: 8
 Concurrent Workers: 2
 Concurrent Refinement Workers: 8
 Periodic GC: Disabled
Heap:
 garbage-first heap   total 95232K, used 56160K [0x0000000080000000, 0x0000000100000000)
  region size 1024K, 4 young (4096K), 3 survivors (3072K)
 Metaspace       used 55385K, committed 55872K, reserved 1097728K
  class space    used 7270K, committed 7552K, reserved 1048576K
GC Heap History (20 events):
Event: 3.835 GC heap before
{Heap before GC invocations=7 (full 0):
 garbage-first heap   total 78848K, used 58113K [0x0000000080000000, 0x0000000100000000)
  region size 1024K, 32 young (32768K), 4 survivors (4096K)
 Metaspace       used 35094K, committed 35456K, reserved 1081344K
  class space    used 4766K, committed 4928K, reserved 1048576K
}
Event: 3.838 GC heap after
{Heap after GC invocations=8 (full 0):
 garbage-first heap   total 78848K, used 31600K [0x0000000080000000, 0x0000000100000000)
  region size 1024K, 3 young (3072K), 3 survivors (3072K)
 Metaspace       used 35094K, committed 35456K, reserved 1081344K
  class space    used 4766K, committed 4928K, reserved 1048576K
}
Event: 3.868 GC heap before
{Heap before GC invocations=8 (full 0):
 garbage-first heap   total 78848K, used 32624K [0x0000000080000000, 0x0000000100000000)
  region size 1024K, 5 young (5120K), 3 survivors (3072K)
 Metaspace       used 35246K, committed 35520K, reserved 1081344K
  class space    used 4790K, committed 4928K, reserved 1048576K
}
Event: 3.872 GC heap after
{Heap after GC invocations=9 (full 0):
 garbage-first heap   total 78848K, used 31595K [0x0000000080000000, 0x0000000100000000)
  region size 1024K, 3 young (3072K), 3 survivors (3072K)
 Metaspace       used 35246K, committed 35520K, reserved 1081344K
  class space    used 4790K, committed 4928K, reserved 1048576K
}
Event: 4.287 GC heap before
{Heap before GC invocations=10 (full 0):
 garbage-first heap   total 78848K, used 58219K [0x0000000080000000, 0x0000000100000000)
  region size 1024K, 30 young (30720K), 3 survivors (3072K)
 Metaspace       used 38292K, committed 38656K, reserved 1089536K
  class space    used 5222K, committed 5376K, reserved 1048576K
}
Event: 4.290 GC heap after
{Heap after GC invocations=11 (full 0):
 garbage-first heap   total 78848K, used 33417K [0x0000000080000000, 0x0000000100000000)
  region size 1024K, 2 young (2048K), 2 survivors (2048K)
 Metaspace       used 38292K, committed 38656K, reserved 1089536K
  class space    used 5222K, committed 5376K, reserved 1048576K
}
Event: 4.611 GC heap before
{Heap before GC invocations=11 (full 0):
 garbage-first heap   total 78848K, used 63113K [0x0000000080000000, 0x0000000100000000)
  region size 1024K, 29 young (29696K), 2 survivors (2048K)
 Metaspace       used 39189K, committed 39552K, reserved 1089536K
  class space    used 5324K, committed 5504K, reserved 1048576K
}
Event: 4.615 GC heap after
{Heap after GC invocations=12 (full 0):
 garbage-first heap   total 78848K, used 38257K [0x0000000080000000, 0x0000000100000000)
  region size 1024K, 4 young (4096K), 4 survivors (4096K)
 Metaspace       used 39189K, committed 39552K, reserved 1089536K
  class space    used 5324K, committed 5504K, reserved 1048576K
}
Event: 4.654 GC heap before
{Heap before GC invocations=12 (full 0):
 garbage-first heap   total 78848K, used 40305K [0x0000000080000000, 0x0000000100000000)
  region size 1024K, 8 young (8192K), 4 survivors (4096K)
 Metaspace       used 39200K, committed 39616K, reserved 1089536K
  class space    used 5324K, committed 5504K, reserved 1048576K
}
Event: 4.657 GC heap after
{Heap after GC invocations=13 (full 0):
 garbage-first heap   total 95232K, used 41613K [0x0000000080000000, 0x0000000100000000)
  region size 1024K, 3 young (3072K), 3 survivors (3072K)
 Metaspace       used 39200K, committed 39616K, reserved 1089536K
  class space    used 5324K, committed 5504K, reserved 1048576K
}
Event: 4.940 GC heap before
{Heap before GC invocations=13 (full 0):
 garbage-first heap   total 95232K, used 64141K [0x0000000080000000, 0x0000000100000000)
  region size 1024K, 24 young (24576K), 3 survivors (3072K)
 Metaspace       used 41693K, committed 42112K, reserved 1089536K
  class space    used 5635K, committed 5824K, reserved 1048576K
}
Event: 4.942 GC heap after
{Heap after GC invocations=14 (full 0):
 garbage-first heap   total 95232K, used 45951K [0x0000000080000000, 0x0000000100000000)
  region size 1024K, 3 young (3072K), 3 survivors (3072K)
 Metaspace       used 41693K, committed 42112K, reserved 1089536K
  class space    used 5635K, committed 5824K, reserved 1048576K
}
Event: 5.235 GC heap before
{Heap before GC invocations=14 (full 0):
 garbage-first heap   total 95232K, used 66431K [0x0000000080000000, 0x0000000100000000)
  region size 1024K, 23 young (23552K), 3 survivors (3072K)
 Metaspace       used 45108K, committed 45568K, reserved 1089536K
  class space    used 6092K, committed 6336K, reserved 1048576K
}
Event: 5.238 GC heap after
{Heap after GC invocations=15 (full 0):
 garbage-first heap   total 95232K, used 46994K [0x0000000080000000, 0x0000000100000000)
  region size 1024K, 2 young (2048K), 2 survivors (2048K)
 Metaspace       used 45108K, committed 45568K, reserved 1089536K
  class space    used 6092K, committed 6336K, reserved 1048576K
}
Event: 5.494 GC heap before
{Heap before GC invocations=16 (full 0):
 garbage-first heap   total 95232K, used 67474K [0x0000000080000000, 0x0000000100000000)
  region size 1024K, 22 young (22528K), 2 survivors (2048K)
 Metaspace       used 48622K, committed 49088K, reserved 1097728K
  class space    used 6451K, committed 6656K, reserved 1048576K
}
Event: 5.496 GC heap after
{Heap after GC invocations=17 (full 0):
 garbage-first heap   total 95232K, used 47784K [0x0000000080000000, 0x0000000100000000)
  region size 1024K, 2 young (2048K), 2 survivors (2048K)
 Metaspace       used 48622K, committed 49088K, reserved 1097728K
  class space    used 6451K, committed 6656K, reserved 1048576K
}
Event: 5.760 GC heap before
{Heap before GC invocations=17 (full 0):
 garbage-first heap   total 95232K, used 69288K [0x0000000080000000, 0x0000000100000000)
  region size 1024K, 24 young (24576K), 2 survivors (2048K)
 Metaspace       used 51911K, committed 52352K, reserved 1097728K
  class space    used 6869K, committed 7104K, reserved 1048576K
}
Event: 5.764 GC heap after
{Heap after GC invocations=18 (full 0):
 garbage-first heap   total 95232K, used 52478K [0x0000000080000000, 0x0000000100000000)
  region size 1024K, 3 young (3072K), 3 survivors (3072K)
 Metaspace       used 51911K, committed 52352K, reserved 1097728K
  class space    used 6869K, committed 7104K, reserved 1048576K
}
Event: 6.067 GC heap before
{Heap before GC invocations=19 (full 0):
 garbage-first heap   total 95232K, used 71934K [0x0000000080000000, 0x0000000100000000)
  region size 1024K, 22 young (22528K), 3 survivors (3072K)
 Metaspace       used 53973K, committed 54464K, reserved 1097728K
  class space    used 7121K, committed 7360K, reserved 1048576K
}
Event: 6.071 GC heap after
{Heap after GC invocations=20 (full 0):
 garbage-first heap   total 95232K, used 53857K [0x0000000080000000, 0x0000000100000000)
  region size 1024K, 2 young (2048K), 2 survivors (2048K)
 Metaspace       used 53973K, committed 54464K, reserved 1097728K
  class space    used 7121K, committed 7360K, reserved 1048576K
}

