# JRE version: Java(TM) SE Runtime Environment (16.0.2+7) (build 16.0.2+7-67)
# Java VM: Java HotSpot(TM) 64-Bit Server VM (16.0.2+7-67, mixed mode, sharing, tiered, compressed oops, compressed class ptrs, g1 gc, windows-amd64)
GC Precious Log:
 CPUs: 8 total, 8 available
 Memory: 7959M
 Large Page Support: Disabled
 NUMA Support: Disabled
 Compressed Oops: Enabled (32-bit)
 Heap Region Size: 1M
 Heap Min Capacity: 8M
 Heap Initial Capacity: 126M
 Heap Max Capacity: 2G
 Pre-touch: Disabled
 Parallel Workers: 8
 Concurrent Workers: 2
 Concurrent Refinement Workers: 8
 Periodic GC: Disabled
Heap:
 garbage-first heap   total 232448K, used 140218K [0x0000000080000000, 0x0000000100000000)
  region size 1024K, 7 young (7168K), 7 survivors (7168K)
 Metaspace       used 112014K, committed 112832K, reserved 1155072K
  class space    used 14586K, committed 14976K, reserved 1048576K
GC Heap History (20 events):
Event: 292.854 GC heap after
{Heap after GC invocations=61 (full 0):
 garbage-first heap   total 232448K, used 121206K [0x0000000080000000, 0x0000000100000000)
  region size 1024K, 7 young (7168K), 7 survivors (7168K)
 Metaspace       used 92136K, committed 92992K, reserved 1130496K
  class space    used 11788K, committed 12224K, reserved 1048576K
}
Event: 292.863 GC heap before
{Heap before GC invocations=61 (full 0):
 garbage-first heap   total 232448K, used 124278K [0x0000000080000000, 0x0000000100000000)
  region size 1024K, 11 young (11264K), 7 survivors (7168K)
 Metaspace       used 92136K, committed 92992K, reserved 1130496K
  class space    used 11788K, committed 12224K, reserved 1048576K
}
Event: 292.878 GC heap after
{Heap after GC invocations=62 (full 0):
 garbage-first heap   total 232448K, used 108200K [0x0000000080000000, 0x0000000100000000)
  region size 1024K, 2 young (2048K), 2 survivors (2048K)
 Metaspace       used 92136K, committed 92992K, reserved 1130496K
  class space    used 11788K, committed 12224K, reserved 1048576K
}
Event: 292.973 GC heap before
{Heap before GC invocations=62 (full 0):
 garbage-first heap   total 232448K, used 129704K [0x0000000080000000, 0x0000000100000000)
  region size 1024K, 25 young (25600K), 2 survivors (2048K)
 Metaspace       used 92157K, committed 92992K, reserved 1130496K
  class space    used 11788K, committed 12224K, reserved 1048576K
}
Event: 292.981 GC heap after
{Heap after GC invocations=63 (full 0):
 garbage-first heap   total 232448K, used 121175K [0x0000000080000000, 0x0000000100000000)
  region size 1024K, 9 young (9216K), 9 survivors (9216K)
 Metaspace       used 92157K, committed 92992K, reserved 1130496K
  class space    used 11788K, committed 12224K, reserved 1048576K
}
Event: 294.452 GC heap before
{Heap before GC invocations=64 (full 0):
 garbage-first heap   total 232448K, used 172375K [0x0000000080000000, 0x0000000100000000)
  region size 1024K, 49 young (50176K), 9 survivors (9216K)
 Metaspace       used 92273K, committed 93120K, reserved 1130496K
  class space    used 11789K, committed 12224K, reserved 1048576K
}
Event: 294.461 GC heap after
{Heap after GC invocations=65 (full 0):
 garbage-first heap   total 232448K, used 123611K [0x0000000080000000, 0x0000000100000000)
  region size 1024K, 7 young (7168K), 7 survivors (7168K)
 Metaspace       used 92273K, committed 93120K, reserved 1130496K
  class space    used 11789K, committed 12224K, reserved 1048576K
}
Event: 294.470 GC heap before
{Heap before GC invocations=65 (full 0):
 garbage-first heap   total 232448K, used 126683K [0x0000000080000000, 0x0000000100000000)
  region size 1024K, 11 young (11264K), 7 survivors (7168K)
 Metaspace       used 92273K, committed 93120K, reserved 1130496K
  class space    used 11789K, committed 12224K, reserved 1048576K
}
Event: 294.480 GC heap after
{Heap after GC invocations=66 (full 0):
 garbage-first heap   total 232448K, used 109360K [0x0000000080000000, 0x0000000100000000)
  region size 1024K, 1 young (1024K), 1 survivors (1024K)
 Metaspace       used 92273K, committed 93120K, reserved 1130496K
  class space    used 11789K, committed 12224K, reserved 1048576K
}
Event: 295.130 GC heap before
{Heap before GC invocations=66 (full 0):
 garbage-first heap   total 232448K, used 140080K [0x0000000080000000, 0x0000000100000000)
  region size 1024K, 33 young (33792K), 1 survivors (1024K)
 Metaspace       used 99133K, committed 99968K, reserved 1138688K
  class space    used 12656K, committed 13056K, reserved 1048576K
}
Event: 295.136 GC heap after
{Heap after GC invocations=67 (full 0):
 garbage-first heap   total 232448K, used 112591K [0x0000000080000000, 0x0000000100000000)
  region size 1024K, 5 young (5120K), 5 survivors (5120K)
 Metaspace       used 99133K, committed 99968K, reserved 1138688K
  class space    used 12656K, committed 13056K, reserved 1048576K
}
Event: 296.210 GC heap before
{Heap before GC invocations=68 (full 0):
 garbage-first heap   total 232448K, used 155599K [0x0000000080000000, 0x0000000100000000)
  region size 1024K, 58 young (59392K), 5 survivors (5120K)
 Metaspace       used 105272K, committed 106112K, reserved 1146880K
  class space    used 13483K, committed 13888K, reserved 1048576K
}
Event: 296.214 GC heap after
{Heap after GC invocations=69 (full 0):
 garbage-first heap   total 232448K, used 102751K [0x0000000080000000, 0x0000000100000000)
  region size 1024K, 5 young (5120K), 5 survivors (5120K)
 Metaspace       used 105272K, committed 106112K, reserved 1146880K
  class space    used 13483K, committed 13888K, reserved 1048576K
}
Event: 296.310 GC heap before
{Heap before GC invocations=69 (full 0):
 garbage-first heap   total 232448K, used 107871K [0x0000000080000000, 0x0000000100000000)
  region size 1024K, 11 young (11264K), 5 survivors (5120K)
 Metaspace       used 106935K, committed 107776K, reserved 1146880K
  class space    used 13750K, committed 14144K, reserved 1048576K
}
Event: 296.321 GC heap after
{Heap after GC invocations=70 (full 0):
 garbage-first heap   total 232448K, used 89403K [0x0000000080000000, 0x0000000100000000)
  region size 1024K, 1 young (1024K), 1 survivors (1024K)
 Metaspace       used 106935K, committed 107776K, reserved 1146880K
  class space    used 13750K, committed 14144K, reserved 1048576K
}
Event: 296.527 GC heap before
{Heap before GC invocations=70 (full 0):
 garbage-first heap   total 232448K, used 103739K [0x0000000080000000, 0x0000000100000000)
  region size 1024K, 16 young (16384K), 1 survivors (1024K)
 Metaspace       used 109842K, committed 110656K, reserved 1146880K
  class space    used 14202K, committed 14592K, reserved 1048576K
}
Event: 296.530 GC heap after
{Heap after GC invocations=71 (full 0):
 garbage-first heap   total 232448K, used 89559K [0x0000000080000000, 0x0000000100000000)
  region size 1024K, 1 young (1024K), 1 survivors (1024K)
 Metaspace       used 109842K, committed 110656K, reserved 1146880K
  class space    used 14202K, committed 14592K, reserved 1048576K
}
Event: 297.113 GC heap before
{Heap before GC invocations=72 (full 0):
 garbage-first heap   total 232448K, used 194007K [0x0000000080000000, 0x0000000100000000)
  region size 1024K, 81 young (82944K), 1 survivors (1024K)
 Metaspace       used 111748K, committed 112576K, reserved 1146880K
  class space    used 14571K, committed 14976K, reserved 1048576K
}
Event: 297.142 GC heap after
{Heap after GC invocations=73 (full 0):
 garbage-first heap   total 232448K, used 138170K [0x0000000080000000, 0x0000000100000000)
  region size 1024K, 11 young (11264K), 11 survivors (11264K)
 Metaspace       used 111748K, committed 112576K, reserved 1146880K
  class space    used 14571K, committed 14976K, reserved 1048576K
}
Event: 297.392 GC heap before
{Heap before GC invocations=73 (full 0):
 garbage-first heap   total 232448K, used 176058K [0x0000000080000000, 0x0000000100000000)
  region size 1024K, 49 young (50176K), 11 survivors (11264K)
 Metaspace       used 112014K, committed 112832K, reserved 1155072K
  class space    used 14586K, committed 14976K, reserved 1048576K
}

