# JRE version: Java(TM) SE Runtime Environment (16.0.2+7) (build 16.0.2+7-67)
# Java VM: Java HotSpot(TM) 64-Bit Server VM (16.0.2+7-67, mixed mode, sharing, tiered, compressed oops, compressed class ptrs, g1 gc, windows-amd64)
GC Precious Log:
 CPUs: 8 total, 8 available
 Memory: 7959M
 Large Page Support: Disabled
 NUMA Support: Disabled
 Compressed Oops: Enabled (32-bit)
 Heap Region Size: 1M
 Heap Min Capacity: 8M
 Heap Initial Capacity: 126M
 Heap Max Capacity: 2G
 Pre-touch: Disabled
 Parallel Workers: 8
 Concurrent Workers: 2
 Concurrent Refinement Workers: 8
 Periodic GC: Disabled
Heap:
 garbage-first heap   total 133120K, used 111452K [0x0000000080000000, 0x0000000100000000)
  region size 1024K, 6 young (6144K), 3 survivors (3072K)
 Metaspace       used 75611K, committed 76160K, reserved 1122304K
  class space    used 10182K, committed 10432K, reserved 1048576K
GC Heap History (20 events):
Event: 6.495 GC heap before
{Heap before GC invocations=22 (full 0):
 garbage-first heap   total 99328K, used 77752K [0x0000000080000000, 0x0000000100000000)
  region size 1024K, 25 young (25600K), 3 survivors (3072K)
 Metaspace       used 57301K, committed 57792K, reserved 1105920K
  class space    used 7530K, committed 7744K, reserved 1048576K
}
Event: 6.499 GC heap after
{Heap after GC invocations=23 (full 0):
 garbage-first heap   total 99328K, used 57527K [0x0000000080000000, 0x0000000100000000)
  region size 1024K, 4 young (4096K), 4 survivors (4096K)
 Metaspace       used 57301K, committed 57792K, reserved 1105920K
  class space    used 7530K, committed 7744K, reserved 1048576K
}
Event: 6.804 GC heap before
{Heap before GC invocations=24 (full 0):
 garbage-first heap   total 104448K, used 79031K [0x0000000080000000, 0x0000000100000000)
  region size 1024K, 25 young (25600K), 4 survivors (4096K)
 Metaspace       used 60029K, committed 60544K, reserved 1105920K
  class space    used 8045K, committed 8320K, reserved 1048576K
}
Event: 6.807 GC heap after
{Heap after GC invocations=25 (full 0):
 garbage-first heap   total 104448K, used 58818K [0x0000000080000000, 0x0000000100000000)
  region size 1024K, 2 young (2048K), 2 survivors (2048K)
 Metaspace       used 60029K, committed 60544K, reserved 1105920K
  class space    used 8045K, committed 8320K, reserved 1048576K
}
Event: 7.184 GC heap before
{Heap before GC invocations=25 (full 0):
 garbage-first heap   total 104448K, used 83394K [0x0000000080000000, 0x0000000100000000)
  region size 1024K, 26 young (26624K), 2 survivors (2048K)
 Metaspace       used 62627K, committed 63168K, reserved 1105920K
  class space    used 8440K, committed 8704K, reserved 1048576K
}
Event: 7.188 GC heap after
{Heap after GC invocations=26 (full 0):
 garbage-first heap   total 104448K, used 60468K [0x0000000080000000, 0x0000000100000000)
  region size 1024K, 3 young (3072K), 3 survivors (3072K)
 Metaspace       used 62627K, committed 63168K, reserved 1105920K
  class space    used 8440K, committed 8704K, reserved 1048576K
}
Event: 7.532 GC heap before
{Heap before GC invocations=27 (full 0):
 garbage-first heap   total 107520K, used 84020K [0x0000000080000000, 0x0000000100000000)
  region size 1024K, 26 young (26624K), 3 survivors (3072K)
 Metaspace       used 65158K, committed 65664K, reserved 1105920K
  class space    used 8817K, committed 9024K, reserved 1048576K
}
Event: 7.536 GC heap after
{Heap after GC invocations=28 (full 0):
 garbage-first heap   total 107520K, used 61778K [0x0000000080000000, 0x0000000100000000)
  region size 1024K, 4 young (4096K), 4 survivors (4096K)
 Metaspace       used 65158K, committed 65664K, reserved 1105920K
  class space    used 8817K, committed 9024K, reserved 1048576K
}
Event: 7.936 GC heap before
{Heap before GC invocations=28 (full 0):
 garbage-first heap   total 107520K, used 86354K [0x0000000080000000, 0x0000000100000000)
  region size 1024K, 29 young (29696K), 4 survivors (4096K)
 Metaspace       used 68518K, committed 68992K, reserved 1114112K
  class space    used 9272K, committed 9536K, reserved 1048576K
}
Event: 7.941 GC heap after
{Heap after GC invocations=29 (full 0):
 garbage-first heap   total 129024K, used 63733K [0x0000000080000000, 0x0000000100000000)
  region size 1024K, 4 young (4096K), 4 survivors (4096K)
 Metaspace       used 68518K, committed 68992K, reserved 1114112K
  class space    used 9272K, committed 9536K, reserved 1048576K
}
Event: 8.534 GC heap before
{Heap before GC invocations=30 (full 0):
 garbage-first heap   total 129024K, used 101621K [0x0000000080000000, 0x0000000100000000)
  region size 1024K, 42 young (43008K), 4 survivors (4096K)
 Metaspace       used 72667K, committed 73216K, reserved 1114112K
  class space    used 9810K, committed 10048K, reserved 1048576K
}
Event: 8.540 GC heap after
{Heap after GC invocations=31 (full 0):
 garbage-first heap   total 129024K, used 68489K [0x0000000080000000, 0x0000000100000000)
  region size 1024K, 6 young (6144K), 6 survivors (6144K)
 Metaspace       used 72667K, committed 73216K, reserved 1114112K
  class space    used 9810K, committed 10048K, reserved 1048576K
}
Event: 8.871 GC heap before
{Heap before GC invocations=31 (full 0):
 garbage-first heap   total 129024K, used 102281K [0x0000000080000000, 0x0000000100000000)
  region size 1024K, 40 young (40960K), 6 survivors (6144K)
 Metaspace       used 73493K, committed 73984K, reserved 1114112K
  class space    used 9950K, committed 10176K, reserved 1048576K
}
Event: 8.878 GC heap after
{Heap after GC invocations=32 (full 0):
 garbage-first heap   total 129024K, used 72008K [0x0000000080000000, 0x0000000100000000)
  region size 1024K, 4 young (4096K), 4 survivors (4096K)
 Metaspace       used 73493K, committed 73984K, reserved 1114112K
  class space    used 9950K, committed 10176K, reserved 1048576K
}
Event: 9.214 GC heap before
{Heap before GC invocations=33 (full 0):
 garbage-first heap   total 133120K, used 100680K [0x0000000080000000, 0x0000000100000000)
  region size 1024K, 34 young (34816K), 4 survivors (4096K)
 Metaspace       used 74197K, committed 74752K, reserved 1114112K
  class space    used 10041K, committed 10304K, reserved 1048576K
}
Event: 9.217 GC heap after
{Heap after GC invocations=34 (full 0):
 garbage-first heap   total 133120K, used 73037K [0x0000000080000000, 0x0000000100000000)
  region size 1024K, 5 young (5120K), 5 survivors (5120K)
 Metaspace       used 74197K, committed 74752K, reserved 1114112K
  class space    used 10041K, committed 10304K, reserved 1048576K
}
Event: 9.602 GC heap before
{Heap before GC invocations=35 (full 0):
 garbage-first heap   total 133120K, used 109901K [0x0000000080000000, 0x0000000100000000)
  region size 1024K, 39 young (39936K), 5 survivors (5120K)
 Metaspace       used 75420K, committed 75968K, reserved 1122304K
  class space    used 10171K, committed 10432K, reserved 1048576K
}
Event: 9.611 GC heap after
{Heap after GC invocations=36 (full 0):
 garbage-first heap   total 133120K, used 87778K [0x0000000080000000, 0x0000000100000000)
  region size 1024K, 5 young (5120K), 5 survivors (5120K)
 Metaspace       used 75420K, committed 75968K, reserved 1122304K
  class space    used 10171K, committed 10432K, reserved 1048576K
}
Event: 9.663 GC heap before
{Heap before GC invocations=36 (full 0):
 garbage-first heap   total 133120K, used 92898K [0x0000000080000000, 0x0000000100000000)
  region size 1024K, 12 young (12288K), 5 survivors (5120K)
 Metaspace       used 75446K, committed 76032K, reserved 1122304K
  class space    used 10171K, committed 10432K, reserved 1048576K
}
Event: 9.669 GC heap after
{Heap after GC invocations=37 (full 0):
 garbage-first heap   total 133120K, used 94044K [0x0000000080000000, 0x0000000100000000)
  region size 1024K, 3 young (3072K), 3 survivors (3072K)
 Metaspace       used 75446K, committed 76032K, reserved 1122304K
  class space    used 10171K, committed 10432K, reserved 1048576K
}

