# JRE version: Java(TM) SE Runtime Environment (16.0.2+7) (build 16.0.2+7-67)
# Java VM: Java HotSpot(TM) 64-Bit Server VM (16.0.2+7-67, mixed mode, sharing, tiered, compressed oops, compressed class ptrs, g1 gc, windows-amd64)
GC Precious Log:
 CPUs: 8 total, 8 available
 Memory: 7959M
 Large Page Support: Disabled
 NUMA Support: Disabled
 Compressed Oops: Enabled (32-bit)
 Heap Region Size: 1M
 Heap Min Capacity: 8M
 Heap Initial Capacity: 126M
 Heap Max Capacity: 2G
 Pre-touch: Disabled
 Parallel Workers: 8
 Concurrent Workers: 2
 Concurrent Refinement Workers: 8
 Periodic GC: Disabled
Heap:
 garbage-first heap   total 278528K, used 204800K [0x0000000080000000, 0x0000000100000000)
  region size 1024K, 16 young (16384K), 6 survivors (6144K)
 Metaspace       used 125749K, committed 126720K, reserved 1163264K
  class space    used 16412K, committed 16896K, reserved 1048576K
GC Heap History (20 events):
Event: 168.186 GC heap before
{Heap before GC invocations=51 (full 0):
 garbage-first heap   total 278528K, used 200185K [0x0000000080000000, 0x0000000100000000)
  region size 1024K, 45 young (46080K), 9 survivors (9216K)
 Metaspace       used 97724K, committed 98688K, reserved 1138688K
  class space    used 12495K, committed 12992K, reserved 1048576K
}
Event: 168.207 GC heap after
{Heap after GC invocations=52 (full 0):
 garbage-first heap   total 278528K, used 151386K [0x0000000080000000, 0x0000000100000000)
  region size 1024K, 3 young (3072K), 3 survivors (3072K)
 Metaspace       used 97724K, committed 98688K, reserved 1138688K
  class space    used 12495K, committed 12992K, reserved 1048576K
}
Event: 174.900 GC heap before
{Heap before GC invocations=52 (full 0):
 garbage-first heap   total 278528K, used 210778K [0x0000000080000000, 0x0000000100000000)
  region size 1024K, 62 young (63488K), 3 survivors (3072K)
 Metaspace       used 101933K, committed 102912K, reserved 1146880K
  class space    used 13037K, committed 13504K, reserved 1048576K
}
Event: 174.923 GC heap after
{Heap after GC invocations=53 (full 0):
 garbage-first heap   total 278528K, used 159146K [0x0000000080000000, 0x0000000100000000)
  region size 1024K, 8 young (8192K), 8 survivors (8192K)
 Metaspace       used 101933K, committed 102912K, reserved 1146880K
  class space    used 13037K, committed 13504K, reserved 1048576K
}
Event: 177.794 GC heap before
{Heap before GC invocations=54 (full 0):
 garbage-first heap   total 278528K, used 214442K [0x0000000080000000, 0x0000000100000000)
  region size 1024K, 64 young (65536K), 8 survivors (8192K)
 Metaspace       used 109386K, committed 110336K, reserved 1146880K
  class space    used 13945K, committed 14400K, reserved 1048576K
}
Event: 177.819 GC heap after
{Heap after GC invocations=55 (full 0):
 garbage-first heap   total 278528K, used 164655K [0x0000000080000000, 0x0000000100000000)
  region size 1024K, 8 young (8192K), 8 survivors (8192K)
 Metaspace       used 109386K, committed 110336K, reserved 1146880K
  class space    used 13945K, committed 14400K, reserved 1048576K
}
Event: 178.687 GC heap before
{Heap before GC invocations=55 (full 0):
 garbage-first heap   total 278528K, used 169775K [0x0000000080000000, 0x0000000100000000)
  region size 1024K, 13 young (13312K), 8 survivors (8192K)
 Metaspace       used 109424K, committed 110336K, reserved 1146880K
  class space    used 13948K, committed 14400K, reserved 1048576K
}
Event: 178.727 GC heap after
{Heap after GC invocations=56 (full 0):
 garbage-first heap   total 278528K, used 150489K [0x0000000080000000, 0x0000000100000000)
  region size 1024K, 2 young (2048K), 2 survivors (2048K)
 Metaspace       used 109424K, committed 110336K, reserved 1146880K
  class space    used 13948K, committed 14400K, reserved 1048576K
}
Event: 181.079 GC heap before
{Heap before GC invocations=56 (full 0):
 garbage-first heap   total 278528K, used 191449K [0x0000000080000000, 0x0000000100000000)
  region size 1024K, 43 young (44032K), 2 survivors (2048K)
 Metaspace       used 111598K, committed 112576K, reserved 1155072K
  class space    used 14191K, committed 14656K, reserved 1048576K
}
Event: 181.101 GC heap after
{Heap after GC invocations=57 (full 0):
 garbage-first heap   total 278528K, used 153786K [0x0000000080000000, 0x0000000100000000)
  region size 1024K, 6 young (6144K), 6 survivors (6144K)
 Metaspace       used 111598K, committed 112576K, reserved 1155072K
  class space    used 14191K, committed 14656K, reserved 1048576K
}
Event: 183.674 GC heap before
{Heap before GC invocations=58 (full 0):
 garbage-first heap   total 278528K, used 218298K [0x0000000080000000, 0x0000000100000000)
  region size 1024K, 69 young (70656K), 6 survivors (6144K)
 Metaspace       used 120646K, committed 121600K, reserved 1155072K
  class space    used 15712K, committed 16192K, reserved 1048576K
}
Event: 183.701 GC heap after
{Heap after GC invocations=59 (full 0):
 garbage-first heap   total 278528K, used 161224K [0x0000000080000000, 0x0000000100000000)
  region size 1024K, 9 young (9216K), 9 survivors (9216K)
 Metaspace       used 120646K, committed 121600K, reserved 1155072K
  class space    used 15712K, committed 16192K, reserved 1048576K
}
Event: 183.860 GC heap before
{Heap before GC invocations=59 (full 0):
 garbage-first heap   total 278528K, used 165320K [0x0000000080000000, 0x0000000100000000)
  region size 1024K, 13 young (13312K), 9 survivors (9216K)
 Metaspace       used 121091K, committed 122048K, reserved 1155072K
  class space    used 15768K, committed 16256K, reserved 1048576K
}
Event: 183.908 GC heap after
{Heap after GC invocations=60 (full 0):
 garbage-first heap   total 278528K, used 149346K [0x0000000080000000, 0x0000000100000000)
  region size 1024K, 2 young (2048K), 2 survivors (2048K)
 Metaspace       used 121091K, committed 122048K, reserved 1155072K
  class space    used 15768K, committed 16256K, reserved 1048576K
}
Event: 185.497 GC heap before
{Heap before GC invocations=60 (full 0):
 garbage-first heap   total 278528K, used 191330K [0x0000000080000000, 0x0000000100000000)
  region size 1024K, 45 young (46080K), 2 survivors (2048K)
 Metaspace       used 123555K, committed 124544K, reserved 1163264K
  class space    used 16037K, committed 16512K, reserved 1048576K
}
Event: 185.509 GC heap after
{Heap after GC invocations=61 (full 0):
 garbage-first heap   total 278528K, used 150141K [0x0000000080000000, 0x0000000100000000)
  region size 1024K, 3 young (3072K), 3 survivors (3072K)
 Metaspace       used 123555K, committed 124544K, reserved 1163264K
  class space    used 16037K, committed 16512K, reserved 1048576K
}
Event: 188.437 GC heap before
{Heap before GC invocations=62 (full 0):
 garbage-first heap   total 278528K, used 245373K [0x0000000080000000, 0x0000000100000000)
  region size 1024K, 73 young (74752K), 3 survivors (3072K)
 Metaspace       used 125313K, committed 126272K, reserved 1163264K
  class space    used 16364K, committed 16832K, reserved 1048576K
}
Event: 188.507 GC heap after
{Heap after GC invocations=63 (full 0):
 garbage-first heap   total 278528K, used 190447K [0x0000000080000000, 0x0000000100000000)
  region size 1024K, 10 young (10240K), 10 survivors (10240K)
 Metaspace       used 125313K, committed 126272K, reserved 1163264K
  class space    used 16364K, committed 16832K, reserved 1048576K
}
Event: 189.391 GC heap before
{Heap before GC invocations=63 (full 0):
 garbage-first heap   total 278528K, used 224239K [0x0000000080000000, 0x0000000100000000)
  region size 1024K, 43 young (44032K), 10 survivors (10240K)
 Metaspace       used 125494K, committed 126464K, reserved 1163264K
  class space    used 16374K, committed 16832K, reserved 1048576K
}
Event: 189.453 GC heap after
{Heap after GC invocations=64 (full 0):
 garbage-first heap   total 278528K, used 197632K [0x0000000080000000, 0x0000000100000000)
  region size 1024K, 6 young (6144K), 6 survivors (6144K)
 Metaspace       used 125494K, committed 126464K, reserved 1163264K
  class space    used 16374K, committed 16832K, reserved 1048576K
}

