# JRE version: Java(TM) SE Runtime Environment (16.0.2+7) (build 16.0.2+7-67)
# Java VM: Java HotSpot(TM) 64-Bit Server VM (16.0.2+7-67, mixed mode, sharing, tiered, compressed oops, compressed class ptrs, g1 gc, windows-amd64)
GC Precious Log:
 CPUs: 8 total, 8 available
 Memory: 7959M
 Large Page Support: Disabled
 NUMA Support: Disabled
 Compressed Oops: Enabled (32-bit)
 Heap Region Size: 1M
 Heap Min Capacity: 8M
 Heap Initial Capacity: 126M
 Heap Max Capacity: 2G
 Pre-touch: Disabled
 Parallel Workers: 8
 Concurrent Workers: 2
 Concurrent Refinement Workers: 8
 Periodic GC: Disabled
Heap:
 garbage-first heap   total 130048K, used 85985K [0x0000000080000000, 0x0000000100000000)
  region size 1024K, 31 young (31744K), 3 survivors (3072K)
 Metaspace       used 64819K, committed 65280K, reserved 1105920K
  class space    used 8725K, committed 8960K, reserved 1048576K
GC Heap History (20 events):
Event: 5.096 GC heap before
{Heap before GC invocations=12 (full 0):
 garbage-first heap   total 95232K, used 64399K [0x0000000080000000, 0x0000000100000000)
  region size 1024K, 26 young (26624K), 3 survivors (3072K)
 Metaspace       used 41974K, committed 42368K, reserved 1089536K
  class space    used 5657K, committed 5824K, reserved 1048576K
}
Event: 5.099 GC heap after
{Heap after GC invocations=13 (full 0):
 garbage-first heap   total 95232K, used 44366K [0x0000000080000000, 0x0000000100000000)
  region size 1024K, 4 young (4096K), 4 survivors (4096K)
 Metaspace       used 41974K, committed 42368K, reserved 1089536K
  class space    used 5657K, committed 5824K, reserved 1048576K
}
Event: 5.401 GC heap before
{Heap before GC invocations=13 (full 0):
 garbage-first heap   total 95232K, used 66894K [0x0000000080000000, 0x0000000100000000)
  region size 1024K, 26 young (26624K), 4 survivors (4096K)
 Metaspace       used 45862K, committed 46272K, reserved 1089536K
  class space    used 6137K, committed 6336K, reserved 1048576K
}
Event: 5.404 GC heap after
{Heap after GC invocations=14 (full 0):
 garbage-first heap   total 95232K, used 45838K [0x0000000080000000, 0x0000000100000000)
  region size 1024K, 2 young (2048K), 2 survivors (2048K)
 Metaspace       used 45862K, committed 46272K, reserved 1089536K
  class space    used 6137K, committed 6336K, reserved 1048576K
}
Event: 5.717 GC heap before
{Heap before GC invocations=14 (full 0):
 garbage-first heap   total 95232K, used 68366K [0x0000000080000000, 0x0000000100000000)
  region size 1024K, 24 young (24576K), 2 survivors (2048K)
 Metaspace       used 49290K, committed 49792K, reserved 1097728K
  class space    used 6540K, committed 6784K, reserved 1048576K
}
Event: 5.720 GC heap after
{Heap after GC invocations=15 (full 0):
 garbage-first heap   total 95232K, used 46726K [0x0000000080000000, 0x0000000100000000)
  region size 1024K, 2 young (2048K), 2 survivors (2048K)
 Metaspace       used 49290K, committed 49792K, reserved 1097728K
  class space    used 6540K, committed 6784K, reserved 1048576K
}
Event: 6.055 GC heap before
{Heap before GC invocations=16 (full 0):
 garbage-first heap   total 95232K, used 70278K [0x0000000080000000, 0x0000000100000000)
  region size 1024K, 26 young (26624K), 2 survivors (2048K)
 Metaspace       used 52818K, committed 53312K, reserved 1097728K
  class space    used 6958K, committed 7168K, reserved 1048576K
}
Event: 6.059 GC heap after
{Heap after GC invocations=17 (full 0):
 garbage-first heap   total 95232K, used 49820K [0x0000000080000000, 0x0000000100000000)
  region size 1024K, 4 young (4096K), 4 survivors (4096K)
 Metaspace       used 52818K, committed 53312K, reserved 1097728K
  class space    used 6958K, committed 7168K, reserved 1048576K
}
Event: 6.353 GC heap before
{Heap before GC invocations=17 (full 0):
 garbage-first heap   total 95232K, used 71324K [0x0000000080000000, 0x0000000100000000)
  region size 1024K, 26 young (26624K), 4 survivors (4096K)
 Metaspace       used 54843K, committed 55296K, reserved 1097728K
  class space    used 7210K, committed 7424K, reserved 1048576K
}
Event: 6.357 GC heap after
{Heap after GC invocations=18 (full 0):
 garbage-first heap   total 95232K, used 51460K [0x0000000080000000, 0x0000000100000000)
  region size 1024K, 2 young (2048K), 2 survivors (2048K)
 Metaspace       used 54843K, committed 55296K, reserved 1097728K
  class space    used 7210K, committed 7424K, reserved 1048576K
}
Event: 6.443 GC heap before
{Heap before GC invocations=19 (full 0):
 garbage-first heap   total 95232K, used 55556K [0x0000000080000000, 0x0000000100000000)
  region size 1024K, 7 young (7168K), 2 survivors (2048K)
 Metaspace       used 55322K, committed 55744K, reserved 1097728K
  class space    used 7247K, committed 7488K, reserved 1048576K
}
Event: 6.446 GC heap after
{Heap after GC invocations=20 (full 0):
 garbage-first heap   total 95232K, used 51944K [0x0000000080000000, 0x0000000100000000)
  region size 1024K, 3 young (3072K), 3 survivors (3072K)
 Metaspace       used 55322K, committed 55744K, reserved 1097728K
  class space    used 7247K, committed 7488K, reserved 1048576K
}
Event: 6.726 GC heap before
{Heap before GC invocations=21 (full 0):
 garbage-first heap   total 97280K, used 75496K [0x0000000080000000, 0x0000000100000000)
  region size 1024K, 25 young (25600K), 3 survivors (3072K)
 Metaspace       used 56103K, committed 56576K, reserved 1105920K
  class space    used 7373K, committed 7616K, reserved 1048576K
}
Event: 6.729 GC heap after
{Heap after GC invocations=22 (full 0):
 garbage-first heap   total 97280K, used 53517K [0x0000000080000000, 0x0000000100000000)
  region size 1024K, 3 young (3072K), 3 survivors (3072K)
 Metaspace       used 56103K, committed 56576K, reserved 1105920K
  class space    used 7373K, committed 7616K, reserved 1048576K
}
Event: 6.960 GC heap before
{Heap before GC invocations=22 (full 0):
 garbage-first heap   total 97280K, used 77069K [0x0000000080000000, 0x0000000100000000)
  region size 1024K, 26 young (26624K), 3 survivors (3072K)
 Metaspace       used 57600K, committed 58048K, reserved 1105920K
  class space    used 7567K, committed 7808K, reserved 1048576K
}
Event: 6.964 GC heap after
{Heap after GC invocations=23 (full 0):
 garbage-first heap   total 97280K, used 55781K [0x0000000080000000, 0x0000000100000000)
  region size 1024K, 4 young (4096K), 4 survivors (4096K)
 Metaspace       used 57600K, committed 58048K, reserved 1105920K
  class space    used 7567K, committed 7808K, reserved 1048576K
}
Event: 7.297 GC heap before
{Heap before GC invocations=24 (full 0):
 garbage-first heap   total 99328K, used 77285K [0x0000000080000000, 0x0000000100000000)
  region size 1024K, 25 young (25600K), 4 survivors (4096K)
 Metaspace       used 60460K, committed 60992K, reserved 1105920K
  class space    used 8109K, committed 8384K, reserved 1048576K
}
Event: 7.301 GC heap after
{Heap after GC invocations=25 (full 0):
 garbage-first heap   total 99328K, used 56946K [0x0000000080000000, 0x0000000100000000)
  region size 1024K, 2 young (2048K), 2 survivors (2048K)
 Metaspace       used 60460K, committed 60992K, reserved 1105920K
  class space    used 8109K, committed 8384K, reserved 1048576K
}
Event: 7.579 GC heap before
{Heap before GC invocations=25 (full 0):
 garbage-first heap   total 99328K, used 79474K [0x0000000080000000, 0x0000000100000000)
  region size 1024K, 24 young (24576K), 2 survivors (2048K)
 Metaspace       used 62748K, committed 63232K, reserved 1105920K
  class space    used 8452K, committed 8704K, reserved 1048576K
}
Event: 7.582 GC heap after
{Heap after GC invocations=26 (full 0):
 garbage-first heap   total 130048K, used 58337K [0x0000000080000000, 0x0000000100000000)
  region size 1024K, 3 young (3072K), 3 survivors (3072K)
 Metaspace       used 62748K, committed 63232K, reserved 1105920K
  class space    used 8452K, committed 8704K, reserved 1048576K
}

