# JRE version: Java(TM) SE Runtime Environment (16.0.2+7) (build 16.0.2+7-67)
# Java VM: Java HotSpot(TM) 64-Bit Server VM (16.0.2+7-67, mixed mode, sharing, tiered, compressed oops, compressed class ptrs, g1 gc, windows-amd64)
GC Precious Log:
 CPUs: 8 total, 8 available
 Memory: 7959M
 Large Page Support: Disabled
 NUMA Support: Disabled
 Compressed Oops: Enabled (32-bit)
 Heap Region Size: 1M
 Heap Min Capacity: 8M
 Heap Initial Capacity: 126M
 Heap Max Capacity: 2G
 Pre-touch: Disabled
 Parallel Workers: 8
 Concurrent Workers: 2
 Concurrent Refinement Workers: 8
 Periodic GC: Disabled
Heap:
 garbage-first heap   total 201728K, used 143360K [0x0000000080000000, 0x0000000100000000)
  region size 1024K, 5 young (5120K), 5 survivors (5120K)
 Metaspace       used 105402K, committed 106048K, reserved 1146880K
  class space    used 14345K, committed 14656K, reserved 1048576K
GC Heap History (20 events):
Event: 13.084 GC heap after
{Heap after GC invocations=42 (full 0):
 garbage-first heap   total 162816K, used 90179K [0x0000000080000000, 0x0000000100000000)
  region size 1024K, 4 young (4096K), 4 survivors (4096K)
 Metaspace       used 83889K, committed 84544K, reserved 1122304K
  class space    used 11177K, committed 11520K, reserved 1048576K
}
Event: 13.344 GC heap before
{Heap before GC invocations=42 (full 0):
 garbage-first heap   total 162816K, used 93251K [0x0000000080000000, 0x0000000100000000)
  region size 1024K, 8 young (8192K), 4 survivors (4096K)
 Metaspace       used 88684K, committed 89344K, reserved 1130496K
  class space    used 11752K, committed 12096K, reserved 1048576K
}
Event: 13.348 GC heap after
{Heap after GC invocations=43 (full 0):
 garbage-first heap   total 162816K, used 92120K [0x0000000080000000, 0x0000000100000000)
  region size 1024K, 3 young (3072K), 3 survivors (3072K)
 Metaspace       used 88684K, committed 89344K, reserved 1130496K
  class space    used 11752K, committed 12096K, reserved 1048576K
}
Event: 14.163 GC heap before
{Heap before GC invocations=44 (full 0):
 garbage-first heap   total 176128K, used 126936K [0x0000000080000000, 0x0000000100000000)
  region size 1024K, 36 young (36864K), 3 survivors (3072K)
 Metaspace       used 90383K, committed 91008K, reserved 1130496K
  class space    used 11950K, committed 12288K, reserved 1048576K
}
Event: 14.170 GC heap after
{Heap after GC invocations=45 (full 0):
 garbage-first heap   total 176128K, used 101256K [0x0000000080000000, 0x0000000100000000)
  region size 1024K, 5 young (5120K), 5 survivors (5120K)
 Metaspace       used 90383K, committed 91008K, reserved 1130496K
  class space    used 11950K, committed 12288K, reserved 1048576K
}
Event: 14.467 GC heap before
{Heap before GC invocations=45 (full 0):
 garbage-first heap   total 176128K, used 118664K [0x0000000080000000, 0x0000000100000000)
  region size 1024K, 24 young (24576K), 5 survivors (5120K)
 Metaspace       used 90994K, committed 91712K, reserved 1130496K
  class space    used 12005K, committed 12352K, reserved 1048576K
}
Event: 14.472 GC heap after
{Heap after GC invocations=46 (full 0):
 garbage-first heap   total 176128K, used 100503K [0x0000000080000000, 0x0000000100000000)
  region size 1024K, 1 young (1024K), 1 survivors (1024K)
 Metaspace       used 90994K, committed 91712K, reserved 1130496K
  class space    used 12005K, committed 12352K, reserved 1048576K
}
Event: 14.920 GC heap before
{Heap before GC invocations=47 (full 0):
 garbage-first heap   total 181248K, used 137367K [0x0000000080000000, 0x0000000100000000)
  region size 1024K, 37 young (37888K), 1 survivors (1024K)
 Metaspace       used 95271K, committed 95936K, reserved 1138688K
  class space    used 12636K, committed 12928K, reserved 1048576K
}
Event: 14.926 GC heap after
{Heap after GC invocations=48 (full 0):
 garbage-first heap   total 181248K, used 105155K [0x0000000080000000, 0x0000000100000000)
  region size 1024K, 5 young (5120K), 5 survivors (5120K)
 Metaspace       used 95271K, committed 95936K, reserved 1138688K
  class space    used 12636K, committed 12928K, reserved 1048576K
}
Event: 15.325 GC heap before
{Heap before GC invocations=48 (full 0):
 garbage-first heap   total 181248K, used 140995K [0x0000000080000000, 0x0000000100000000)
  region size 1024K, 41 young (41984K), 5 survivors (5120K)
 Metaspace       used 100983K, committed 101632K, reserved 1138688K
  class space    used 13709K, committed 14016K, reserved 1048576K
}
Event: 15.333 GC heap after
{Heap after GC invocations=49 (full 0):
 garbage-first heap   total 181248K, used 109135K [0x0000000080000000, 0x0000000100000000)
  region size 1024K, 4 young (4096K), 4 survivors (4096K)
 Metaspace       used 100983K, committed 101632K, reserved 1138688K
  class space    used 13709K, committed 14016K, reserved 1048576K
}
Event: 15.766 GC heap before
{Heap before GC invocations=50 (full 0):
 garbage-first heap   total 198656K, used 143951K [0x0000000080000000, 0x0000000100000000)
  region size 1024K, 39 young (39936K), 4 survivors (4096K)
 Metaspace       used 103205K, committed 103936K, reserved 1138688K
  class space    used 13997K, committed 14336K, reserved 1048576K
}
Event: 15.771 GC heap after
{Heap after GC invocations=51 (full 0):
 garbage-first heap   total 198656K, used 109789K [0x0000000080000000, 0x0000000100000000)
  region size 1024K, 1 young (1024K), 1 survivors (1024K)
 Metaspace       used 103205K, committed 103936K, reserved 1138688K
  class space    used 13997K, committed 14336K, reserved 1048576K
}
Event: 15.893 GC heap before
{Heap before GC invocations=51 (full 0):
 garbage-first heap   total 198656K, used 116957K [0x0000000080000000, 0x0000000100000000)
  region size 1024K, 10 young (10240K), 1 survivors (1024K)
 Metaspace       used 103449K, committed 104128K, reserved 1138688K
  class space    used 13997K, committed 14336K, reserved 1048576K
}
Event: 15.896 GC heap after
{Heap after GC invocations=52 (full 0):
 garbage-first heap   total 198656K, used 110700K [0x0000000080000000, 0x0000000100000000)
  region size 1024K, 2 young (2048K), 2 survivors (2048K)
 Metaspace       used 103449K, committed 104128K, reserved 1138688K
  class space    used 13997K, committed 14336K, reserved 1048576K
}
Event: 16.502 GC heap before
{Heap before GC invocations=53 (full 0):
 garbage-first heap   total 198656K, used 182380K [0x0000000080000000, 0x0000000100000000)
  region size 1024K, 49 young (50176K), 2 survivors (2048K)
 Metaspace       used 105245K, committed 105920K, reserved 1146880K
  class space    used 14345K, committed 14656K, reserved 1048576K
}
Event: 16.518 GC heap after
{Heap after GC invocations=54 (full 0):
 garbage-first heap   total 201728K, used 138810K [0x0000000080000000, 0x0000000100000000)
  region size 1024K, 7 young (7168K), 7 survivors (7168K)
 Metaspace       used 105245K, committed 105920K, reserved 1146880K
  class space    used 14345K, committed 14656K, reserved 1048576K
}
Event: 16.545 GC heap before
{Heap before GC invocations=54 (full 0):
 garbage-first heap   total 201728K, used 140858K [0x0000000080000000, 0x0000000100000000)
  region size 1024K, 9 young (9216K), 7 survivors (7168K)
 Metaspace       used 105320K, committed 105984K, reserved 1146880K
  class space    used 14345K, committed 14656K, reserved 1048576K
}
Event: 16.561 GC heap after
{Heap after GC invocations=55 (full 0):
 garbage-first heap   total 201728K, used 125267K [0x0000000080000000, 0x0000000100000000)
  region size 1024K, 2 young (2048K), 2 survivors (2048K)
 Metaspace       used 105320K, committed 105984K, reserved 1146880K
  class space    used 14345K, committed 14656K, reserved 1048576K
}
Event: 16.846 GC heap before
{Heap before GC invocations=55 (full 0):
 garbage-first heap   total 201728K, used 159059K [0x0000000080000000, 0x0000000100000000)
  region size 1024K, 35 young (35840K), 2 survivors (2048K)
 Metaspace       used 105402K, committed 106048K, reserved 1146880K
  class space    used 14345K, committed 14656K, reserved 1048576K
}

