# JRE version: Java(TM) SE Runtime Environment (16.0.2+7) (build 16.0.2+7-67)
# Java VM: Java HotSpot(TM) 64-Bit Server VM (16.0.2+7-67, mixed mode, sharing, tiered, compressed oops, compressed class ptrs, g1 gc, windows-amd64)
GC Precious Log:
 CPUs: 8 total, 8 available
 Memory: 7959M
 Large Page Support: Disabled
 NUMA Support: Disabled
 Compressed Oops: Enabled (32-bit)
 Heap Region Size: 1M
 Heap Min Capacity: 8M
 Heap Initial Capacity: 126M
 Heap Max Capacity: 2G
 Pre-touch: Disabled
 Parallel Workers: 8
 Concurrent Workers: 2
 Concurrent Refinement Workers: 8
 Periodic GC: Disabled
Heap:
 garbage-first heap   total 283648K, used 157470K [0x0000000080000000, 0x0000000100000000)
  region size 1024K, 5 young (5120K), 5 survivors (5120K)
 Metaspace       used 108501K, committed 109184K, reserved 1146880K
  class space    used 14775K, committed 15104K, reserved 1048576K
GC Heap History (20 events):
Event: 8.989 GC heap after
{Heap after GC invocations=36 (full 0):
 garbage-first heap   total 224256K, used 97818K [0x0000000080000000, 0x0000000100000000)
  region size 1024K, 4 young (4096K), 4 survivors (4096K)
 Metaspace       used 78788K, committed 79296K, reserved 1122304K
  class space    used 10518K, committed 10752K, reserved 1048576K
}
Event: 9.456 GC heap before
{Heap before GC invocations=37 (full 0):
 garbage-first heap   total 224256K, used 164378K [0x0000000080000000, 0x0000000100000000)
  region size 1024K, 70 young (71680K), 4 survivors (4096K)
 Metaspace       used 80851K, committed 81408K, reserved 1122304K
  class space    used 10765K, committed 11072K, reserved 1048576K
}
Event: 9.461 GC heap after
{Heap after GC invocations=38 (full 0):
 garbage-first heap   total 224256K, used 101698K [0x0000000080000000, 0x0000000100000000)
  region size 1024K, 8 young (8192K), 8 survivors (8192K)
 Metaspace       used 80851K, committed 81408K, reserved 1122304K
  class space    used 10765K, committed 11072K, reserved 1048576K
}
Event: 9.484 GC heap before
{Heap before GC invocations=38 (full 0):
 garbage-first heap   total 224256K, used 102722K [0x0000000080000000, 0x0000000100000000)
  region size 1024K, 10 young (10240K), 8 survivors (8192K)
 Metaspace       used 81183K, committed 81792K, reserved 1122304K
  class space    used 10810K, committed 11136K, reserved 1048576K
}
Event: 9.495 GC heap after
{Heap after GC invocations=39 (full 0):
 garbage-first heap   total 224256K, used 87618K [0x0000000080000000, 0x0000000100000000)
  region size 1024K, 1 young (1024K), 1 survivors (1024K)
 Metaspace       used 81183K, committed 81792K, reserved 1122304K
  class space    used 10810K, committed 11136K, reserved 1048576K
}
Event: 11.096 GC heap before
{Heap before GC invocations=39 (full 0):
 garbage-first heap   total 224256K, used 164418K [0x0000000080000000, 0x0000000100000000)
  region size 1024K, 77 young (78848K), 1 survivors (1024K)
 Metaspace       used 84183K, committed 84800K, reserved 1122304K
  class space    used 11161K, committed 11456K, reserved 1048576K
}
Event: 11.101 GC heap after
{Heap after GC invocations=40 (full 0):
 garbage-first heap   total 224256K, used 92009K [0x0000000080000000, 0x0000000100000000)
  region size 1024K, 6 young (6144K), 6 survivors (6144K)
 Metaspace       used 84183K, committed 84800K, reserved 1122304K
  class space    used 11161K, committed 11456K, reserved 1048576K
}
Event: 12.321 GC heap before
{Heap before GC invocations=40 (full 0):
 garbage-first heap   total 224256K, used 171881K [0x0000000080000000, 0x0000000100000000)
  region size 1024K, 83 young (84992K), 6 survivors (6144K)
 Metaspace       used 93845K, committed 94464K, reserved 1138688K
  class space    used 12316K, committed 12608K, reserved 1048576K
}
Event: 12.328 GC heap after
{Heap after GC invocations=41 (full 0):
 garbage-first heap   total 224256K, used 98068K [0x0000000080000000, 0x0000000100000000)
  region size 1024K, 10 young (10240K), 10 survivors (10240K)
 Metaspace       used 93845K, committed 94464K, reserved 1138688K
  class space    used 12316K, committed 12608K, reserved 1048576K
}
Event: 12.907 GC heap before
{Heap before GC invocations=41 (full 0):
 garbage-first heap   total 224256K, used 175892K [0x0000000080000000, 0x0000000100000000)
  region size 1024K, 85 young (87040K), 10 survivors (10240K)
 Metaspace       used 103718K, committed 104384K, reserved 1146880K
  class space    used 14106K, committed 14400K, reserved 1048576K
}
Event: 12.919 GC heap after
{Heap after GC invocations=42 (full 0):
 garbage-first heap   total 224256K, used 104711K [0x0000000080000000, 0x0000000100000000)
  region size 1024K, 11 young (11264K), 11 survivors (11264K)
 Metaspace       used 103718K, committed 104384K, reserved 1146880K
  class space    used 14106K, committed 14400K, reserved 1048576K
}
Event: 13.419 GC heap before
{Heap before GC invocations=42 (full 0):
 garbage-first heap   total 224256K, used 166151K [0x0000000080000000, 0x0000000100000000)
  region size 1024K, 66 young (67584K), 11 survivors (11264K)
 Metaspace       used 107003K, committed 107648K, reserved 1146880K
  class space    used 14496K, committed 14784K, reserved 1048576K
}
Event: 13.425 GC heap after
{Heap after GC invocations=43 (full 0):
 garbage-first heap   total 224256K, used 111413K [0x0000000080000000, 0x0000000100000000)
  region size 1024K, 4 young (4096K), 4 survivors (4096K)
 Metaspace       used 107003K, committed 107648K, reserved 1146880K
  class space    used 14496K, committed 14784K, reserved 1048576K
}
Event: 13.853 GC heap before
{Heap before GC invocations=44 (full 0):
 garbage-first heap   total 235520K, used 191285K [0x0000000080000000, 0x0000000100000000)
  region size 1024K, 70 young (71680K), 4 survivors (4096K)
 Metaspace       used 108266K, committed 108992K, reserved 1146880K
  class space    used 14770K, committed 15104K, reserved 1048576K
}
Event: 13.876 GC heap after
{Heap after GC invocations=45 (full 0):
 garbage-first heap   total 235520K, used 142940K [0x0000000080000000, 0x0000000100000000)
  region size 1024K, 9 young (9216K), 9 survivors (9216K)
 Metaspace       used 108266K, committed 108992K, reserved 1146880K
  class space    used 14770K, committed 15104K, reserved 1048576K
}
Event: 14.098 GC heap before
{Heap before GC invocations=45 (full 0):
 garbage-first heap   total 235520K, used 182876K [0x0000000080000000, 0x0000000100000000)
  region size 1024K, 49 young (50176K), 9 survivors (9216K)
 Metaspace       used 108440K, committed 109120K, reserved 1146880K
  class space    used 14780K, committed 15104K, reserved 1048576K
}
Event: 14.115 GC heap after
{Heap after GC invocations=46 (full 0):
 garbage-first heap   total 235520K, used 155991K [0x0000000080000000, 0x0000000100000000)
  region size 1024K, 7 young (7168K), 7 survivors (7168K)
 Metaspace       used 108440K, committed 109120K, reserved 1146880K
  class space    used 14780K, committed 15104K, reserved 1048576K
}
Event: 14.384 GC heap before
{Heap before GC invocations=47 (full 0):
 garbage-first heap   total 283648K, used 181591K [0x0000000080000000, 0x0000000100000000)
  region size 1024K, 37 young (37888K), 7 survivors (7168K)
 Metaspace       used 108501K, committed 109184K, reserved 1146880K
  class space    used 14775K, committed 15104K, reserved 1048576K
}
Event: 14.392 GC heap after
{Heap after GC invocations=48 (full 0):
 garbage-first heap   total 283648K, used 157232K [0x0000000080000000, 0x0000000100000000)
  region size 1024K, 4 young (4096K), 4 survivors (4096K)
 Metaspace       used 108501K, committed 109184K, reserved 1146880K
  class space    used 14775K, committed 15104K, reserved 1048576K
}
Event: 14.405 GC heap before
{Heap before GC invocations=48 (full 0):
 garbage-first heap   total 283648K, used 158256K [0x0000000080000000, 0x0000000100000000)
  region size 1024K, 6 young (6144K), 4 survivors (4096K)
 Metaspace       used 108501K, committed 109184K, reserved 1146880K
  class space    used 14775K, committed 15104K, reserved 1048576K
}

