# JRE version: Java(TM) SE Runtime Environment (16.0.2+7) (build 16.0.2+7-67)
# Java VM: Java HotSpot(TM) 64-Bit Server VM (16.0.2+7-67, mixed mode, sharing, tiered, compressed oops, compressed class ptrs, g1 gc, windows-amd64)
GC Precious Log:
 CPUs: 8 total, 8 available
 Memory: 7959M
 Large Page Support: Disabled
 NUMA Support: Disabled
 Compressed Oops: Enabled (32-bit)
 Heap Region Size: 1M
 Heap Min Capacity: 8M
 Heap Initial Capacity: 126M
 Heap Max Capacity: 2G
 Pre-touch: Disabled
 Parallel Workers: 8
 Concurrent Workers: 2
 Concurrent Refinement Workers: 8
 Periodic GC: Disabled
Heap:
 garbage-first heap   total 209920K, used 97192K [0x0000000080000000, 0x0000000100000000)
  region size 1024K, 1 young (1024K), 1 survivors (1024K)
 Metaspace       used 84401K, committed 84992K, reserved 1130496K
  class space    used 10919K, committed 11200K, reserved 1048576K
GC Heap History (20 events):
Event: 9.788 GC heap after
{Heap after GC invocations=31 (full 0):
 garbage-first heap   total 122880K, used 78831K [0x0000000080000000, 0x0000000100000000)
  region size 1024K, 5 young (5120K), 5 survivors (5120K)
 Metaspace       used 75250K, committed 75776K, reserved 1114112K
  class space    used 10122K, committed 10368K, reserved 1048576K
}
Event: 10.092 GC heap before
{Heap before GC invocations=32 (full 0):
 garbage-first heap   total 152576K, used 100335K [0x0000000080000000, 0x0000000100000000)
  region size 1024K, 24 young (24576K), 5 survivors (5120K)
 Metaspace       used 75346K, committed 75904K, reserved 1122304K
  class space    used 10122K, committed 10368K, reserved 1048576K
}
Event: 10.100 GC heap after
{Heap after GC invocations=33 (full 0):
 garbage-first heap   total 152576K, used 90812K [0x0000000080000000, 0x0000000100000000)
  region size 1024K, 3 young (3072K), 3 survivors (3072K)
 Metaspace       used 75346K, committed 75904K, reserved 1122304K
  class space    used 10122K, committed 10368K, reserved 1048576K
}
Event: 10.449 GC heap before
{Heap before GC invocations=33 (full 0):
 garbage-first heap   total 152576K, used 110268K [0x0000000080000000, 0x0000000100000000)
  region size 1024K, 24 young (24576K), 3 survivors (3072K)
 Metaspace       used 77240K, committed 77824K, reserved 1122304K
  class space    used 10321K, committed 10624K, reserved 1048576K
}
Event: 10.453 GC heap after
{Heap after GC invocations=34 (full 0):
 garbage-first heap   total 152576K, used 94539K [0x0000000080000000, 0x0000000100000000)
  region size 1024K, 3 young (3072K), 3 survivors (3072K)
 Metaspace       used 77240K, committed 77824K, reserved 1122304K
  class space    used 10321K, committed 10624K, reserved 1048576K
}
Event: 10.979 GC heap before
{Heap before GC invocations=35 (full 0):
 garbage-first heap   total 174080K, used 128331K [0x0000000080000000, 0x0000000100000000)
  region size 1024K, 25 young (25600K), 3 survivors (3072K)
 Metaspace       used 79518K, committed 80000K, reserved 1122304K
  class space    used 10531K, committed 10752K, reserved 1048576K
}
Event: 10.984 GC heap after
{Heap after GC invocations=36 (full 0):
 garbage-first heap   total 174080K, used 100431K [0x0000000080000000, 0x0000000100000000)
  region size 1024K, 4 young (4096K), 4 survivors (4096K)
 Metaspace       used 79518K, committed 80000K, reserved 1122304K
  class space    used 10531K, committed 10752K, reserved 1048576K
}
Event: 11.315 GC heap before
{Heap before GC invocations=36 (full 0):
 garbage-first heap   total 174080K, used 119887K [0x0000000080000000, 0x0000000100000000)
  region size 1024K, 24 young (24576K), 4 survivors (4096K)
 Metaspace       used 79644K, committed 80192K, reserved 1122304K
  class space    used 10545K, committed 10816K, reserved 1048576K
}
Event: 11.322 GC heap after
{Heap after GC invocations=37 (full 0):
 garbage-first heap   total 208896K, used 106330K [0x0000000080000000, 0x0000000100000000)
  region size 1024K, 5 young (5120K), 5 survivors (5120K)
 Metaspace       used 79644K, committed 80192K, reserved 1122304K
  class space    used 10545K, committed 10816K, reserved 1048576K
}
Event: 11.738 GC heap before
{Heap before GC invocations=38 (full 0):
 garbage-first heap   total 209920K, used 163674K [0x0000000080000000, 0x0000000100000000)
  region size 1024K, 48 young (49152K), 5 survivors (5120K)
 Metaspace       used 82767K, committed 83392K, reserved 1122304K
  class space    used 10805K, committed 11136K, reserved 1048576K
}
Event: 11.747 GC heap after
{Heap after GC invocations=39 (full 0):
 garbage-first heap   total 209920K, used 112689K [0x0000000080000000, 0x0000000100000000)
  region size 1024K, 6 young (6144K), 6 survivors (6144K)
 Metaspace       used 82767K, committed 83392K, reserved 1122304K
  class space    used 10805K, committed 11136K, reserved 1048576K
}
Event: 11.939 GC heap before
{Heap before GC invocations=39 (full 0):
 garbage-first heap   total 209920K, used 141361K [0x0000000080000000, 0x0000000100000000)
  region size 1024K, 36 young (36864K), 6 survivors (6144K)
 Metaspace       used 83233K, committed 83840K, reserved 1122304K
  class space    used 10826K, committed 11136K, reserved 1048576K
}
Event: 11.943 GC heap after
{Heap after GC invocations=40 (full 0):
 garbage-first heap   total 209920K, used 116052K [0x0000000080000000, 0x0000000100000000)
  region size 1024K, 3 young (3072K), 3 survivors (3072K)
 Metaspace       used 83233K, committed 83840K, reserved 1122304K
  class space    used 10826K, committed 11136K, reserved 1048576K
}
Event: 12.249 GC heap before
{Heap before GC invocations=41 (full 0):
 garbage-first heap   total 209920K, used 163156K [0x0000000080000000, 0x0000000100000000)
  region size 1024K, 46 young (47104K), 3 survivors (3072K)
 Metaspace       used 84295K, committed 84864K, reserved 1122304K
  class space    used 10913K, committed 11200K, reserved 1048576K
}
Event: 12.254 GC heap after
{Heap after GC invocations=42 (full 0):
 garbage-first heap   total 209920K, used 111833K [0x0000000080000000, 0x0000000100000000)
  region size 1024K, 6 young (6144K), 6 survivors (6144K)
 Metaspace       used 84295K, committed 84864K, reserved 1122304K
  class space    used 10913K, committed 11200K, reserved 1048576K
}
Event: 12.299 GC heap before
{Heap before GC invocations=42 (full 0):
 garbage-first heap   total 209920K, used 115929K [0x0000000080000000, 0x0000000100000000)
  region size 1024K, 10 young (10240K), 6 survivors (6144K)
 Metaspace       used 84364K, committed 84928K, reserved 1130496K
  class space    used 10918K, committed 11200K, reserved 1048576K
}
Event: 12.304 GC heap after
{Heap after GC invocations=43 (full 0):
 garbage-first heap   total 209920K, used 90810K [0x0000000080000000, 0x0000000100000000)
  region size 1024K, 2 young (2048K), 2 survivors (2048K)
 Metaspace       used 84364K, committed 84928K, reserved 1130496K
  class space    used 10918K, committed 11200K, reserved 1048576K
}
Event: 12.318 GC heap before
{Heap before GC invocations=43 (full 0):
 garbage-first heap   total 209920K, used 94906K [0x0000000080000000, 0x0000000100000000)
  region size 1024K, 4 young (4096K), 2 survivors (2048K)
 Metaspace       used 84380K, committed 84992K, reserved 1130496K
  class space    used 10919K, committed 11200K, reserved 1048576K
}
Event: 12.320 GC heap after
{Heap after GC invocations=44 (full 0):
 garbage-first heap   total 209920K, used 93204K [0x0000000080000000, 0x0000000100000000)
  region size 1024K, 1 young (1024K), 1 survivors (1024K)
 Metaspace       used 84380K, committed 84992K, reserved 1130496K
  class space    used 10919K, committed 11200K, reserved 1048576K
}
Event: 12.331 GC heap before
{Heap before GC invocations=44 (full 0):
 garbage-first heap   total 209920K, used 97300K [0x0000000080000000, 0x0000000100000000)
  region size 1024K, 2 young (2048K), 1 survivors (1024K)
 Metaspace       used 84401K, committed 84992K, reserved 1130496K
  class space    used 10919K, committed 11200K, reserved 1048576K
}

