# JRE version: Java(TM) SE Runtime Environment (16.0.2+7) (build 16.0.2+7-67)
# Java VM: Java HotSpot(TM) 64-Bit Server VM (16.0.2+7-67, mixed mode, sharing, tiered, compressed oops, compressed class ptrs, g1 gc, windows-amd64)
GC Precious Log:
 CPUs: 8 total, 8 available
 Memory: 7959M
 Large Page Support: Disabled
 NUMA Support: Disabled
 Compressed Oops: Enabled (32-bit)
 Heap Region Size: 1M
 Heap Min Capacity: 8M
 Heap Initial Capacity: 126M
 Heap Max Capacity: 2G
 Pre-touch: Disabled
 Parallel Workers: 8
 Concurrent Workers: 2
 Concurrent Refinement Workers: 8
 Periodic GC: Disabled
Heap:
 garbage-first heap   total 463872K, used 191613K [0x0000000080000000, 0x0000000100000000)
  region size 1024K, 6 young (6144K), 6 survivors (6144K)
 Metaspace       used 116001K, committed 116864K, reserved 1155072K
  class space    used 15067K, committed 15488K, reserved 1048576K
GC Heap History (20 events):
Event: 31.939 GC heap after
{Heap after GC invocations=49 (full 0):
 garbage-first heap   total 463872K, used 155481K [0x0000000080000000, 0x0000000100000000)
  region size 1024K, 6 young (6144K), 6 survivors (6144K)
 Metaspace       used 94667K, committed 95296K, reserved 1138688K
  class space    used 12600K, committed 12928K, reserved 1048576K
}
Event: 410.412 GC heap before
{Heap before GC invocations=49 (full 0):
 garbage-first heap   total 463872K, used 357209K [0x0000000080000000, 0x0000000100000000)
  region size 1024K, 199 young (203776K), 6 survivors (6144K)
 Metaspace       used 97021K, committed 97728K, reserved 1138688K
  class space    used 12779K, committed 13120K, reserved 1048576K
}
Event: 410.433 GC heap after
{Heap after GC invocations=50 (full 0):
 garbage-first heap   total 463872K, used 182389K [0x0000000080000000, 0x0000000100000000)
  region size 1024K, 25 young (25600K), 25 survivors (25600K)
 Metaspace       used 97021K, committed 97728K, reserved 1138688K
  class space    used 12779K, committed 13120K, reserved 1048576K
}
Event: 413.918 GC heap before
{Heap before GC invocations=50 (full 0):
 garbage-first heap   total 463872K, used 361589K [0x0000000080000000, 0x0000000100000000)
  region size 1024K, 187 young (191488K), 25 survivors (25600K)
 Metaspace       used 110277K, committed 111040K, reserved 1146880K
  class space    used 14281K, committed 14656K, reserved 1048576K
}
Event: 413.940 GC heap after
{Heap after GC invocations=51 (full 0):
 garbage-first heap   total 463872K, used 199331K [0x0000000080000000, 0x0000000100000000)
  region size 1024K, 18 young (18432K), 18 survivors (18432K)
 Metaspace       used 110277K, committed 111040K, reserved 1146880K
  class space    used 14281K, committed 14656K, reserved 1048576K
}
Event: 415.222 GC heap before
{Heap before GC invocations=51 (full 0):
 garbage-first heap   total 463872K, used 378531K [0x0000000080000000, 0x0000000100000000)
  region size 1024K, 168 young (172032K), 18 survivors (18432K)
 Metaspace       used 115345K, committed 116224K, reserved 1155072K
  class space    used 15032K, committed 15424K, reserved 1048576K
}
Event: 415.246 GC heap after
{Heap after GC invocations=52 (full 0):
 garbage-first heap   total 463872K, used 230051K [0x0000000080000000, 0x0000000100000000)
  region size 1024K, 21 young (21504K), 21 survivors (21504K)
 Metaspace       used 115345K, committed 116224K, reserved 1155072K
  class space    used 15032K, committed 15424K, reserved 1048576K
}
Event: 415.614 GC heap before
{Heap before GC invocations=52 (full 0):
 garbage-first heap   total 463872K, used 295587K [0x0000000080000000, 0x0000000100000000)
  region size 1024K, 86 young (88064K), 21 survivors (21504K)
 Metaspace       used 115369K, committed 116224K, reserved 1155072K
  class space    used 15033K, committed 15424K, reserved 1048576K
}
Event: 415.638 GC heap after
{Heap after GC invocations=53 (full 0):
 garbage-first heap   total 463872K, used 243074K [0x0000000080000000, 0x0000000100000000)
  region size 1024K, 18 young (18432K), 18 survivors (18432K)
 Metaspace       used 115369K, committed 116224K, reserved 1155072K
  class space    used 15033K, committed 15424K, reserved 1048576K
}
Event: 416.292 GC heap before
{Heap before GC invocations=54 (full 0):
 garbage-first heap   total 463872K, used 311682K [0x0000000080000000, 0x0000000100000000)
  region size 1024K, 113 young (115712K), 18 survivors (18432K)
 Metaspace       used 115377K, committed 116224K, reserved 1155072K
  class space    used 15033K, committed 15424K, reserved 1048576K
}
Event: 416.310 GC heap after
{Heap after GC invocations=55 (full 0):
 garbage-first heap   total 463872K, used 228870K [0x0000000080000000, 0x0000000100000000)
  region size 1024K, 13 young (13312K), 13 survivors (13312K)
 Metaspace       used 115377K, committed 116224K, reserved 1155072K
  class space    used 15033K, committed 15424K, reserved 1048576K
}
Event: 416.393 GC heap before
{Heap before GC invocations=55 (full 0):
 garbage-first heap   total 463872K, used 238086K [0x0000000080000000, 0x0000000100000000)
  region size 1024K, 22 young (22528K), 13 survivors (13312K)
 Metaspace       used 115377K, committed 116224K, reserved 1155072K
  class space    used 15033K, committed 15424K, reserved 1048576K
}
Event: 416.407 GC heap after
{Heap after GC invocations=56 (full 0):
 garbage-first heap   total 463872K, used 187099K [0x0000000080000000, 0x0000000100000000)
  region size 1024K, 1 young (1024K), 1 survivors (1024K)
 Metaspace       used 115377K, committed 116224K, reserved 1155072K
  class space    used 15033K, committed 15424K, reserved 1048576K
}
Event: 416.961 GC heap before
{Heap before GC invocations=56 (full 0):
 garbage-first heap   total 463872K, used 230107K [0x0000000080000000, 0x0000000100000000)
  region size 1024K, 25 young (25600K), 1 survivors (1024K)
 Metaspace       used 115399K, committed 116224K, reserved 1155072K
  class space    used 15033K, committed 15424K, reserved 1048576K
}
Event: 416.965 GC heap after
{Heap after GC invocations=57 (full 0):
 garbage-first heap   total 463872K, used 195560K [0x0000000080000000, 0x0000000100000000)
  region size 1024K, 2 young (2048K), 2 survivors (2048K)
 Metaspace       used 115399K, committed 116224K, reserved 1155072K
  class space    used 15033K, committed 15424K, reserved 1048576K
}
Event: 416.985 GC heap before
{Heap before GC invocations=57 (full 0):
 garbage-first heap   total 463872K, used 207848K [0x0000000080000000, 0x0000000100000000)
  region size 1024K, 3 young (3072K), 2 survivors (2048K)
 Metaspace       used 115399K, committed 116224K, reserved 1155072K
  class space    used 15033K, committed 15424K, reserved 1048576K
}
Event: 416.988 GC heap after
{Heap after GC invocations=58 (full 0):
 garbage-first heap   total 463872K, used 205582K [0x0000000080000000, 0x0000000100000000)
  region size 1024K, 1 young (1024K), 1 survivors (1024K)
 Metaspace       used 115399K, committed 116224K, reserved 1155072K
  class space    used 15033K, committed 15424K, reserved 1048576K
}
Event: 417.001 GC heap before
{Heap before GC invocations=58 (full 0):
 garbage-first heap   total 463872K, used 209678K [0x0000000080000000, 0x0000000100000000)
  region size 1024K, 2 young (2048K), 1 survivors (1024K)
 Metaspace       used 115399K, committed 116224K, reserved 1155072K
  class space    used 15033K, committed 15424K, reserved 1048576K
}
Event: 417.004 GC heap after
{Heap after GC invocations=59 (full 0):
 garbage-first heap   total 463872K, used 205549K [0x0000000080000000, 0x0000000100000000)
  region size 1024K, 1 young (1024K), 1 survivors (1024K)
 Metaspace       used 115399K, committed 116224K, reserved 1155072K
  class space    used 15033K, committed 15424K, reserved 1048576K
}
Event: 647.703 GC heap before
{Heap before GC invocations=59 (full 0):
 garbage-first heap   total 463872K, used 357101K [0x0000000080000000, 0x0000000100000000)
  region size 1024K, 146 young (149504K), 1 survivors (1024K)
 Metaspace       used 116001K, committed 116864K, reserved 1155072K
  class space    used 15067K, committed 15488K, reserved 1048576K
}

