# JRE version: Java(TM) SE Runtime Environment (16.0.2+7) (build 16.0.2+7-67)
# Java VM: Java HotSpot(TM) 64-Bit Server VM (16.0.2+7-67, mixed mode, sharing, tiered, compressed oops, compressed class ptrs, g1 gc, windows-amd64)
GC Precious Log:
 CPUs: 8 total, 8 available
 Memory: 7959M
 Large Page Support: Disabled
 NUMA Support: Disabled
 Compressed Oops: Enabled (32-bit)
 Heap Region Size: 1M
 Heap Min Capacity: 8M
 Heap Initial Capacity: 126M
 Heap Max Capacity: 2G
 Pre-touch: Disabled
 Parallel Workers: 8
 Concurrent Workers: 2
 Concurrent Refinement Workers: 8
 Periodic GC: Disabled
Heap:
 garbage-first heap   total 353280K, used 221696K [0x0000000080000000, 0x0000000100000000)
  region size 1024K, 56 young (57344K), 8 survivors (8192K)
 Metaspace       used 113916K, committed 114624K, reserved 1155072K
  class space    used 14835K, committed 15168K, reserved 1048576K
GC Heap History (20 events):
Event: 47.976 GC heap before
{Heap before GC invocations=60 (full 0):
 garbage-first heap   total 316416K, used 266207K [0x0000000080000000, 0x0000000100000000)
  region size 1024K, 94 young (96256K), 6 survivors (6144K)
 Metaspace       used 95222K, committed 95872K, reserved 1138688K
  class space    used 12682K, committed 12992K, reserved 1048576K
}
Event: 47.991 GC heap after
{Heap after GC invocations=61 (full 0):
 garbage-first heap   total 316416K, used 149715K [0x0000000080000000, 0x0000000100000000)
  region size 1024K, 12 young (12288K), 12 survivors (12288K)
 Metaspace       used 95222K, committed 95872K, reserved 1138688K
  class space    used 12682K, committed 12992K, reserved 1048576K
}
Event: 48.029 GC heap before
{Heap before GC invocations=61 (full 0):
 garbage-first heap   total 316416K, used 152787K [0x0000000080000000, 0x0000000100000000)
  region size 1024K, 15 young (15360K), 12 survivors (12288K)
 Metaspace       used 95324K, committed 95936K, reserved 1138688K
  class space    used 12696K, committed 12992K, reserved 1048576K
}
Event: 48.038 GC heap after
{Heap after GC invocations=62 (full 0):
 garbage-first heap   total 316416K, used 120899K [0x0000000080000000, 0x0000000100000000)
  region size 1024K, 2 young (2048K), 2 survivors (2048K)
 Metaspace       used 95324K, committed 95936K, reserved 1138688K
  class space    used 12696K, committed 12992K, reserved 1048576K
}
Event: 50.510 GC heap before
{Heap before GC invocations=62 (full 0):
 garbage-first heap   total 316416K, used 251971K [0x0000000080000000, 0x0000000100000000)
  region size 1024K, 116 young (118784K), 2 survivors (2048K)
 Metaspace       used 99901K, committed 100608K, reserved 1138688K
  class space    used 13157K, committed 13504K, reserved 1048576K
}
Event: 50.518 GC heap after
{Heap after GC invocations=63 (full 0):
 garbage-first heap   total 316416K, used 126580K [0x0000000080000000, 0x0000000100000000)
  region size 1024K, 8 young (8192K), 8 survivors (8192K)
 Metaspace       used 99901K, committed 100608K, reserved 1138688K
  class space    used 13157K, committed 13504K, reserved 1048576K
}
Event: 52.253 GC heap before
{Heap before GC invocations=63 (full 0):
 garbage-first heap   total 316416K, used 238196K [0x0000000080000000, 0x0000000100000000)
  region size 1024K, 114 young (116736K), 8 survivors (8192K)
 Metaspace       used 110608K, committed 111232K, reserved 1146880K
  class space    used 14469K, committed 14784K, reserved 1048576K
}
Event: 52.267 GC heap after
{Heap after GC invocations=64 (full 0):
 garbage-first heap   total 316416K, used 138915K [0x0000000080000000, 0x0000000100000000)
  region size 1024K, 15 young (15360K), 15 survivors (15360K)
 Metaspace       used 110608K, committed 111232K, reserved 1146880K
  class space    used 14469K, committed 14784K, reserved 1048576K
}
Event: 52.869 GC heap before
{Heap before GC invocations=64 (full 0):
 garbage-first heap   total 316416K, used 213667K [0x0000000080000000, 0x0000000100000000)
  region size 1024K, 72 young (73728K), 15 survivors (15360K)
 Metaspace       used 113893K, committed 114624K, reserved 1155072K
  class space    used 14837K, committed 15168K, reserved 1048576K
}
Event: 52.876 GC heap after
{Heap after GC invocations=65 (full 0):
 garbage-first heap   total 316416K, used 154196K [0x0000000080000000, 0x0000000100000000)
  region size 1024K, 3 young (3072K), 3 survivors (3072K)
 Metaspace       used 113893K, committed 114624K, reserved 1155072K
  class space    used 14837K, committed 15168K, reserved 1048576K
}
Event: 53.375 GC heap before
{Heap before GC invocations=66 (full 0):
 garbage-first heap   total 316416K, used 248404K [0x0000000080000000, 0x0000000100000000)
  region size 1024K, 100 young (102400K), 3 survivors (3072K)
 Metaspace       used 113904K, committed 114624K, reserved 1155072K
  class space    used 14839K, committed 15168K, reserved 1048576K
}
Event: 53.401 GC heap after
{Heap after GC invocations=67 (full 0):
 garbage-first heap   total 316416K, used 172343K [0x0000000080000000, 0x0000000100000000)
  region size 1024K, 13 young (13312K), 13 survivors (13312K)
 Metaspace       used 113904K, committed 114624K, reserved 1155072K
  class space    used 14839K, committed 15168K, reserved 1048576K
}
Event: 53.430 GC heap before
{Heap before GC invocations=67 (full 0):
 garbage-first heap   total 316416K, used 173367K [0x0000000080000000, 0x0000000100000000)
  region size 1024K, 15 young (15360K), 13 survivors (13312K)
 Metaspace       used 113906K, committed 114624K, reserved 1155072K
  class space    used 14839K, committed 15168K, reserved 1048576K
}
Event: 53.464 GC heap after
{Heap after GC invocations=68 (full 0):
 garbage-first heap   total 316416K, used 159441K [0x0000000080000000, 0x0000000100000000)
  region size 1024K, 2 young (2048K), 2 survivors (2048K)
 Metaspace       used 113906K, committed 114624K, reserved 1155072K
  class space    used 14839K, committed 15168K, reserved 1048576K
}
Event: 53.561 GC heap before
{Heap before GC invocations=68 (full 0):
 garbage-first heap   total 316416K, used 178897K [0x0000000080000000, 0x0000000100000000)
  region size 1024K, 23 young (23552K), 2 survivors (2048K)
 Metaspace       used 113911K, committed 114624K, reserved 1155072K
  class space    used 14839K, committed 15168K, reserved 1048576K
}
Event: 53.568 GC heap after
{Heap after GC invocations=69 (full 0):
 garbage-first heap   total 316416K, used 161024K [0x0000000080000000, 0x0000000100000000)
  region size 1024K, 4 young (4096K), 4 survivors (4096K)
 Metaspace       used 113911K, committed 114624K, reserved 1155072K
  class space    used 14839K, committed 15168K, reserved 1048576K
}
Event: 53.875 GC heap before
{Heap before GC invocations=70 (full 0):
 garbage-first heap   total 316416K, used 168192K [0x0000000080000000, 0x0000000100000000)
  region size 1024K, 16 young (16384K), 4 survivors (4096K)
 Metaspace       used 113906K, committed 114624K, reserved 1155072K
  class space    used 14835K, committed 15168K, reserved 1048576K
}
Event: 53.881 GC heap after
{Heap after GC invocations=71 (full 0):
 garbage-first heap   total 316416K, used 158144K [0x0000000080000000, 0x0000000100000000)
  region size 1024K, 4 young (4096K), 4 survivors (4096K)
 Metaspace       used 113906K, committed 114624K, reserved 1155072K
  class space    used 14835K, committed 15168K, reserved 1048576K
}
Event: 54.149 GC heap before
{Heap before GC invocations=72 (full 0):
 garbage-first heap   total 316416K, used 179648K [0x0000000080000000, 0x0000000100000000)
  region size 1024K, 25 young (25600K), 4 survivors (4096K)
 Metaspace       used 113906K, committed 114624K, reserved 1155072K
  class space    used 14835K, committed 15168K, reserved 1048576K
}
Event: 54.156 GC heap after
{Heap after GC invocations=73 (full 0):
 garbage-first heap   total 316416K, used 164352K [0x0000000080000000, 0x0000000100000000)
  region size 1024K, 8 young (8192K), 8 survivors (8192K)
 Metaspace       used 113906K, committed 114624K, reserved 1155072K
  class space    used 14835K, committed 15168K, reserved 1048576K
}

