# JRE version: Java(TM) SE Runtime Environment (16.0.2+7) (build 16.0.2+7-67)
# Java VM: Java HotSpot(TM) 64-Bit Server VM (16.0.2+7-67, mixed mode, sharing, tiered, compressed oops, compressed class ptrs, g1 gc, windows-amd64)
GC Precious Log:
 CPUs: 8 total, 8 available
 Memory: 7959M
 Large Page Support: Disabled
 NUMA Support: Disabled
 Compressed Oops: Enabled (32-bit)
 Heap Region Size: 1M
 Heap Min Capacity: 8M
 Heap Initial Capacity: 126M
 Heap Max Capacity: 2G
 Pre-touch: Disabled
 Parallel Workers: 8
 Concurrent Workers: 2
 Concurrent Refinement Workers: 8
 Periodic GC: Disabled
Heap:
 garbage-first heap   total 225280K, used 87200K [0x0000000080000000, 0x0000000100000000)
  region size 1024K, 8 young (8192K), 8 survivors (8192K)
 Metaspace       used 90674K, committed 91264K, reserved 1130496K
  class space    used 11687K, committed 11968K, reserved 1048576K
GC Heap History (20 events):
Event: 10.471 GC heap after
{Heap after GC invocations=37 (full 0):
 garbage-first heap   total 153600K, used 95608K [0x0000000080000000, 0x0000000100000000)
  region size 1024K, 3 young (3072K), 3 survivors (3072K)
 Metaspace       used 77207K, committed 77760K, reserved 1122304K
  class space    used 10347K, committed 10624K, reserved 1048576K
}
Event: 10.949 GC heap before
{Heap before GC invocations=38 (full 0):
 garbage-first heap   total 176128K, used 127352K [0x0000000080000000, 0x0000000100000000)
  region size 1024K, 23 young (23552K), 3 survivors (3072K)
 Metaspace       used 79506K, committed 80000K, reserved 1122304K
  class space    used 10558K, committed 10816K, reserved 1048576K
}
Event: 10.955 GC heap after
{Heap after GC invocations=39 (full 0):
 garbage-first heap   total 176128K, used 100648K [0x0000000080000000, 0x0000000100000000)
  region size 1024K, 3 young (3072K), 3 survivors (3072K)
 Metaspace       used 79506K, committed 80000K, reserved 1122304K
  class space    used 10558K, committed 10816K, reserved 1048576K
}
Event: 11.396 GC heap before
{Heap before GC invocations=39 (full 0):
 garbage-first heap   total 176128K, used 120104K [0x0000000080000000, 0x0000000100000000)
  region size 1024K, 24 young (24576K), 3 survivors (3072K)
 Metaspace       used 79652K, committed 80256K, reserved 1122304K
  class space    used 10572K, committed 10880K, reserved 1048576K
}
Event: 11.403 GC heap after
{Heap after GC invocations=40 (full 0):
 garbage-first heap   total 211968K, used 106739K [0x0000000080000000, 0x0000000100000000)
  region size 1024K, 4 young (4096K), 4 survivors (4096K)
 Metaspace       used 79652K, committed 80256K, reserved 1122304K
  class space    used 10572K, committed 10880K, reserved 1048576K
}
Event: 11.819 GC heap before
{Heap before GC invocations=41 (full 0):
 garbage-first heap   total 211968K, used 164083K [0x0000000080000000, 0x0000000100000000)
  region size 1024K, 47 young (48128K), 4 survivors (4096K)
 Metaspace       used 82903K, committed 83520K, reserved 1122304K
  class space    used 10842K, committed 11136K, reserved 1048576K
}
Event: 11.826 GC heap after
{Heap after GC invocations=42 (full 0):
 garbage-first heap   total 211968K, used 113018K [0x0000000080000000, 0x0000000100000000)
  region size 1024K, 6 young (6144K), 6 survivors (6144K)
 Metaspace       used 82903K, committed 83520K, reserved 1122304K
  class space    used 10842K, committed 11136K, reserved 1048576K
}
Event: 11.997 GC heap before
{Heap before GC invocations=42 (full 0):
 garbage-first heap   total 211968K, used 139642K [0x0000000080000000, 0x0000000100000000)
  region size 1024K, 33 young (33792K), 6 survivors (6144K)
 Metaspace       used 83270K, committed 83840K, reserved 1122304K
  class space    used 10852K, committed 11136K, reserved 1048576K
}
Event: 12.002 GC heap after
{Heap after GC invocations=43 (full 0):
 garbage-first heap   total 211968K, used 114889K [0x0000000080000000, 0x0000000100000000)
  region size 1024K, 2 young (2048K), 2 survivors (2048K)
 Metaspace       used 83270K, committed 83840K, reserved 1122304K
  class space    used 10852K, committed 11136K, reserved 1048576K
}
Event: 12.305 GC heap before
{Heap before GC invocations=44 (full 0):
 garbage-first heap   total 225280K, used 200905K [0x0000000080000000, 0x0000000100000000)
  region size 1024K, 46 young (47104K), 2 survivors (2048K)
 Metaspace       used 84294K, committed 84864K, reserved 1130496K
  class space    used 10925K, committed 11200K, reserved 1048576K
}
Event: 12.309 GC heap after
{Heap after GC invocations=45 (full 0):
 garbage-first heap   total 225280K, used 136303K [0x0000000080000000, 0x0000000100000000)
  region size 1024K, 6 young (6144K), 6 survivors (6144K)
 Metaspace       used 84294K, committed 84864K, reserved 1130496K
  class space    used 10925K, committed 11200K, reserved 1048576K
}
Event: 12.337 GC heap before
{Heap before GC invocations=45 (full 0):
 garbage-first heap   total 225280K, used 151663K [0x0000000080000000, 0x0000000100000000)
  region size 1024K, 11 young (11264K), 6 survivors (6144K)
 Metaspace       used 84392K, committed 84928K, reserved 1130496K
  class space    used 10942K, committed 11200K, reserved 1048576K
}
Event: 12.344 GC heap after
{Heap after GC invocations=46 (full 0):
 garbage-first heap   total 225280K, used 109671K [0x0000000080000000, 0x0000000100000000)
  region size 1024K, 2 young (2048K), 2 survivors (2048K)
 Metaspace       used 84392K, committed 84928K, reserved 1130496K
  class space    used 10942K, committed 11200K, reserved 1048576K
}
Event: 12.491 GC heap before
{Heap before GC invocations=46 (full 0):
 garbage-first heap   total 225280K, used 117863K [0x0000000080000000, 0x0000000100000000)
  region size 1024K, 11 young (11264K), 2 survivors (2048K)
 Metaspace       used 84650K, committed 85248K, reserved 1130496K
  class space    used 10978K, committed 11264K, reserved 1048576K
}
Event: 12.495 GC heap after
{Heap after GC invocations=47 (full 0):
 garbage-first heap   total 225280K, used 103944K [0x0000000080000000, 0x0000000100000000)
  region size 1024K, 3 young (3072K), 3 survivors (3072K)
 Metaspace       used 84650K, committed 85248K, reserved 1130496K
  class space    used 10978K, committed 11264K, reserved 1048576K
}
Event: 13.429 GC heap before
{Heap before GC invocations=48 (full 0):
 garbage-first heap   total 225280K, used 169377K [0x0000000080000000, 0x0000000100000000)
  region size 1024K, 64 young (65536K), 3 survivors (3072K)
 Metaspace       used 89404K, committed 89984K, reserved 1130496K
  class space    used 11570K, committed 11840K, reserved 1048576K
}
Event: 13.431 GC heap after
{Heap after GC invocations=49 (full 0):
 garbage-first heap   total 225280K, used 99326K [0x0000000080000000, 0x0000000100000000)
  region size 1024K, 2 young (2048K), 2 survivors (2048K)
 Metaspace       used 89404K, committed 89984K, reserved 1130496K
  class space    used 11570K, committed 11840K, reserved 1048576K
}
Event: 13.542 GC heap before
{Heap before GC invocations=49 (full 0):
 garbage-first heap   total 225280K, used 108542K [0x0000000080000000, 0x0000000100000000)
  region size 1024K, 11 young (11264K), 2 survivors (2048K)
 Metaspace       used 89927K, committed 90496K, reserved 1130496K
  class space    used 11636K, committed 11904K, reserved 1048576K
}
Event: 13.547 GC heap after
{Heap after GC invocations=50 (full 0):
 garbage-first heap   total 225280K, used 81186K [0x0000000080000000, 0x0000000100000000)
  region size 1024K, 2 young (2048K), 2 survivors (2048K)
 Metaspace       used 89927K, committed 90496K, reserved 1130496K
  class space    used 11636K, committed 11904K, reserved 1048576K
}
Event: 14.447 GC heap before
{Heap before GC invocations=50 (full 0):
 garbage-first heap   total 225280K, used 164130K [0x0000000080000000, 0x0000000100000000)
  region size 1024K, 84 young (86016K), 2 survivors (2048K)
 Metaspace       used 90674K, committed 91264K, reserved 1130496K
  class space    used 11687K, committed 11968K, reserved 1048576K
}

