# JRE version: Java(TM) SE Runtime Environment (16.0.2+7) (build 16.0.2+7-67)
# Java VM: Java HotSpot(TM) 64-Bit Server VM (16.0.2+7-67, mixed mode, sharing, tiered, compressed oops, compressed class ptrs, g1 gc, windows-amd64)
GC Precious Log:
 CPUs: 8 total, 8 available
 Memory: 7959M
 Large Page Support: Disabled
 NUMA Support: Disabled
 Compressed Oops: Enabled (32-bit)
 Heap Region Size: 1M
 Heap Min Capacity: 8M
 Heap Initial Capacity: 126M
 Heap Max Capacity: 2G
 Pre-touch: Disabled
 Parallel Workers: 8
 Concurrent Workers: 2
 Concurrent Refinement Workers: 8
 Periodic GC: Disabled
Heap:
 garbage-first heap   total 418816K, used 226560K [0x0000000080000000, 0x0000000100000000)
  region size 1024K, 15 young (15360K), 15 survivors (15360K)
 Metaspace       used 130114K, committed 131136K, reserved 1163264K
  class space    used 17099K, committed 17600K, reserved 1048576K
GC Heap History (20 events):
Event: 136.761 GC heap after
{Heap after GC invocations=62 (full 0):
 garbage-first heap   total 304128K, used 188731K [0x0000000080000000, 0x0000000100000000)
  region size 1024K, 12 young (12288K), 12 survivors (12288K)
 Metaspace       used 128872K, committed 129856K, reserved 1163264K
  class space    used 17063K, committed 17536K, reserved 1048576K
}
Event: 136.773 GC heap before
{Heap before GC invocations=62 (full 0):
 garbage-first heap   total 304128K, used 190779K [0x0000000080000000, 0x0000000100000000)
  region size 1024K, 14 young (14336K), 12 survivors (12288K)
 Metaspace       used 128875K, committed 129856K, reserved 1163264K
  class space    used 17063K, committed 17536K, reserved 1048576K
}
Event: 136.795 GC heap after
{Heap after GC invocations=63 (full 0):
 garbage-first heap   total 304128K, used 179508K [0x0000000080000000, 0x0000000100000000)
  region size 1024K, 2 young (2048K), 2 survivors (2048K)
 Metaspace       used 128875K, committed 129856K, reserved 1163264K
  class space    used 17063K, committed 17536K, reserved 1048576K
}
Event: 137.132 GC heap before
{Heap before GC invocations=63 (full 0):
 garbage-first heap   total 304128K, used 235828K [0x0000000080000000, 0x0000000100000000)
  region size 1024K, 57 young (58368K), 2 survivors (2048K)
 Metaspace       used 129057K, committed 130048K, reserved 1163264K
  class space    used 17074K, committed 17536K, reserved 1048576K
}
Event: 137.146 GC heap after
{Heap after GC invocations=64 (full 0):
 garbage-first heap   total 304128K, used 202751K [0x0000000080000000, 0x0000000100000000)
  region size 1024K, 8 young (8192K), 8 survivors (8192K)
 Metaspace       used 129057K, committed 130048K, reserved 1163264K
  class space    used 17074K, committed 17536K, reserved 1048576K
}
Event: 137.504 GC heap before
{Heap before GC invocations=65 (full 0):
 garbage-first heap   total 353280K, used 228351K [0x0000000080000000, 0x0000000100000000)
  region size 1024K, 41 young (41984K), 8 survivors (8192K)
 Metaspace       used 129081K, committed 130112K, reserved 1163264K
  class space    used 17062K, committed 17536K, reserved 1048576K
}
Event: 137.514 GC heap after
{Heap after GC invocations=66 (full 0):
 garbage-first heap   total 353280K, used 200442K [0x0000000080000000, 0x0000000100000000)
  region size 1024K, 4 young (4096K), 4 survivors (4096K)
 Metaspace       used 129081K, committed 130112K, reserved 1163264K
  class space    used 17062K, committed 17536K, reserved 1048576K
}
Event: 137.824 GC heap before
{Heap before GC invocations=67 (full 0):
 garbage-first heap   total 353280K, used 222970K [0x0000000080000000, 0x0000000100000000)
  region size 1024K, 24 young (24576K), 4 survivors (4096K)
 Metaspace       used 129117K, committed 130112K, reserved 1163264K
  class space    used 17062K, committed 17536K, reserved 1048576K
}
Event: 137.829 GC heap after
{Heap after GC invocations=68 (full 0):
 garbage-first heap   total 353280K, used 204552K [0x0000000080000000, 0x0000000100000000)
  region size 1024K, 4 young (4096K), 4 survivors (4096K)
 Metaspace       used 129117K, committed 130112K, reserved 1163264K
  class space    used 17062K, committed 17536K, reserved 1048576K
}
Event: 138.124 GC heap before
{Heap before GC invocations=69 (full 0):
 garbage-first heap   total 363520K, used 254728K [0x0000000080000000, 0x0000000100000000)
  region size 1024K, 52 young (53248K), 4 survivors (4096K)
 Metaspace       used 129182K, committed 130176K, reserved 1163264K
  class space    used 17070K, committed 17536K, reserved 1048576K
}
Event: 138.135 GC heap after
{Heap after GC invocations=70 (full 0):
 garbage-first heap   total 363520K, used 215520K [0x0000000080000000, 0x0000000100000000)
  region size 1024K, 10 young (10240K), 10 survivors (10240K)
 Metaspace       used 129182K, committed 130176K, reserved 1163264K
  class space    used 17070K, committed 17536K, reserved 1048576K
}
Event: 138.721 GC heap before
{Heap before GC invocations=71 (full 0):
 garbage-first heap   total 418816K, used 282080K [0x0000000080000000, 0x0000000100000000)
  region size 1024K, 68 young (69632K), 10 survivors (10240K)
 Metaspace       used 129365K, committed 130368K, reserved 1163264K
  class space    used 17071K, committed 17536K, reserved 1048576K
}
Event: 138.728 GC heap after
{Heap after GC invocations=72 (full 0):
 garbage-first heap   total 418816K, used 209428K [0x0000000080000000, 0x0000000100000000)
  region size 1024K, 3 young (3072K), 3 survivors (3072K)
 Metaspace       used 129365K, committed 130368K, reserved 1163264K
  class space    used 17071K, committed 17536K, reserved 1048576K
}
Event: 171.125 GC heap before
{Heap before GC invocations=73 (full 0):
 garbage-first heap   total 418816K, used 306708K [0x0000000080000000, 0x0000000100000000)
  region size 1024K, 71 young (72704K), 3 survivors (3072K)
 Metaspace       used 129817K, committed 130880K, reserved 1163264K
  class space    used 17093K, committed 17600K, reserved 1048576K
}
Event: 171.131 GC heap after
{Heap after GC invocations=74 (full 0):
 garbage-first heap   total 418816K, used 202464K [0x0000000080000000, 0x0000000100000000)
  region size 1024K, 8 young (8192K), 8 survivors (8192K)
 Metaspace       used 129817K, committed 130880K, reserved 1163264K
  class space    used 17093K, committed 17600K, reserved 1048576K
}
Event: 172.169 GC heap before
{Heap before GC invocations=75 (full 0):
 garbage-first heap   total 418816K, used 311943K [0x0000000080000000, 0x0000000100000000)
  region size 1024K, 120 young (122880K), 8 survivors (8192K)
 Metaspace       used 130092K, committed 131072K, reserved 1163264K
  class space    used 17099K, committed 17600K, reserved 1048576K
}
Event: 172.197 GC heap after
{Heap after GC invocations=76 (full 0):
 garbage-first heap   total 418816K, used 218540K [0x0000000080000000, 0x0000000100000000)
  region size 1024K, 15 young (15360K), 15 survivors (15360K)
 Metaspace       used 130092K, committed 131072K, reserved 1163264K
  class space    used 17099K, committed 17600K, reserved 1048576K
}
Event: 172.232 GC heap before
{Heap before GC invocations=76 (full 0):
 garbage-first heap   total 418816K, used 223660K [0x0000000080000000, 0x0000000100000000)
  region size 1024K, 20 young (20480K), 15 survivors (15360K)
 Metaspace       used 130092K, committed 131072K, reserved 1163264K
  class space    used 17099K, committed 17600K, reserved 1048576K
}
Event: 172.259 GC heap after
{Heap after GC invocations=77 (full 0):
 garbage-first heap   total 418816K, used 193945K [0x0000000080000000, 0x0000000100000000)
  region size 1024K, 3 young (3072K), 3 survivors (3072K)
 Metaspace       used 130092K, committed 131072K, reserved 1163264K
  class space    used 17099K, committed 17600K, reserved 1048576K
}
Event: 173.157 GC heap before
{Heap before GC invocations=77 (full 0):
 garbage-first heap   total 418816K, used 319897K [0x0000000080000000, 0x0000000100000000)
  region size 1024K, 117 young (119808K), 3 survivors (3072K)
 Metaspace       used 130114K, committed 131136K, reserved 1163264K
  class space    used 17099K, committed 17600K, reserved 1048576K
}

