# JRE version: Java(TM) SE Runtime Environment (16.0.2+7) (build 16.0.2+7-67)
# Java VM: Java HotSpot(TM) 64-Bit Server VM (16.0.2+7-67, mixed mode, sharing, tiered, compressed oops, compressed class ptrs, g1 gc, windows-amd64)
GC Precious Log:
 CPUs: 8 total, 8 available
 Memory: 7959M
 Large Page Support: Disabled
 NUMA Support: Disabled
 Compressed Oops: Enabled (32-bit)
 Heap Region Size: 1M
 Heap Min Capacity: 8M
 Heap Initial Capacity: 126M
 Heap Max Capacity: 2G
 Pre-touch: Disabled
 Parallel Workers: 8
 Concurrent Workers: 2
 Concurrent Refinement Workers: 8
 Periodic GC: Disabled
Heap:
 garbage-first heap   total 106496K, used 73748K [0x0000000080000000, 0x0000000100000000)
  region size 1024K, 18 young (18432K), 3 survivors (3072K)
 Metaspace       used 63409K, committed 63936K, reserved 1105920K
  class space    used 8541K, committed 8832K, reserved 1048576K
GC Heap History (20 events):
Event: 5.582 GC heap before
{Heap before GC invocations=14 (full 0):
 garbage-first heap   total 75776K, used 58269K [0x0000000080000000, 0x0000000100000000)
  region size 1024K, 20 young (20480K), 4 survivors (4096K)
 Metaspace       used 40938K, committed 41344K, reserved 1089536K
  class space    used 5538K, committed 5696K, reserved 1048576K
}
Event: 5.585 GC heap after
{Heap after GC invocations=15 (full 0):
 garbage-first heap   total 75776K, used 45904K [0x0000000080000000, 0x0000000100000000)
  region size 1024K, 3 young (3072K), 3 survivors (3072K)
 Metaspace       used 40938K, committed 41344K, reserved 1089536K
  class space    used 5538K, committed 5696K, reserved 1048576K
}
Event: 5.730 GC heap before
{Heap before GC invocations=15 (full 0):
 garbage-first heap   total 75776K, used 59216K [0x0000000080000000, 0x0000000100000000)
  region size 1024K, 16 young (16384K), 3 survivors (3072K)
 Metaspace       used 42970K, committed 43392K, reserved 1089536K
  class space    used 5795K, committed 5952K, reserved 1048576K
}
Event: 5.732 GC heap after
{Heap after GC invocations=16 (full 0):
 garbage-first heap   total 91136K, used 46472K [0x0000000080000000, 0x0000000100000000)
  region size 1024K, 1 young (1024K), 1 survivors (1024K)
 Metaspace       used 42970K, committed 43392K, reserved 1089536K
  class space    used 5795K, committed 5952K, reserved 1048576K
}
Event: 6.033 GC heap before
{Heap before GC invocations=17 (full 0):
 garbage-first heap   total 91136K, used 67976K [0x0000000080000000, 0x0000000100000000)
  region size 1024K, 22 young (22528K), 1 survivors (1024K)
 Metaspace       used 46890K, committed 47296K, reserved 1089536K
  class space    used 6263K, committed 6464K, reserved 1048576K
}
Event: 6.035 GC heap after
{Heap after GC invocations=18 (full 0):
 garbage-first heap   total 91136K, used 47193K [0x0000000080000000, 0x0000000100000000)
  region size 1024K, 2 young (2048K), 2 survivors (2048K)
 Metaspace       used 46890K, committed 47296K, reserved 1089536K
  class space    used 6263K, committed 6464K, reserved 1048576K
}
Event: 6.389 GC heap before
{Heap before GC invocations=18 (full 0):
 garbage-first heap   total 91136K, used 69721K [0x0000000080000000, 0x0000000100000000)
  region size 1024K, 24 young (24576K), 2 survivors (2048K)
 Metaspace       used 50722K, committed 51200K, reserved 1097728K
  class space    used 6738K, committed 6976K, reserved 1048576K
}
Event: 6.392 GC heap after
{Heap after GC invocations=19 (full 0):
 garbage-first heap   total 91136K, used 48549K [0x0000000080000000, 0x0000000100000000)
  region size 1024K, 3 young (3072K), 3 survivors (3072K)
 Metaspace       used 50722K, committed 51200K, reserved 1097728K
  class space    used 6738K, committed 6976K, reserved 1048576K
}
Event: 6.642 GC heap before
{Heap before GC invocations=20 (full 0):
 garbage-first heap   total 91136K, used 70053K [0x0000000080000000, 0x0000000100000000)
  region size 1024K, 25 young (25600K), 3 survivors (3072K)
 Metaspace       used 53313K, committed 53824K, reserved 1097728K
  class space    used 7028K, committed 7296K, reserved 1048576K
}
Event: 6.646 GC heap after
{Heap after GC invocations=21 (full 0):
 garbage-first heap   total 91136K, used 51150K [0x0000000080000000, 0x0000000100000000)
  region size 1024K, 4 young (4096K), 4 survivors (4096K)
 Metaspace       used 53313K, committed 53824K, reserved 1097728K
  class space    used 7028K, committed 7296K, reserved 1048576K
}
Event: 6.904 GC heap before
{Heap before GC invocations=21 (full 0):
 garbage-first heap   total 91136K, used 72654K [0x0000000080000000, 0x0000000100000000)
  region size 1024K, 25 young (25600K), 4 survivors (4096K)
 Metaspace       used 55175K, committed 55680K, reserved 1097728K
  class space    used 7248K, committed 7488K, reserved 1048576K
}
Event: 6.908 GC heap after
{Heap after GC invocations=22 (full 0):
 garbage-first heap   total 91136K, used 52872K [0x0000000080000000, 0x0000000100000000)
  region size 1024K, 2 young (2048K), 2 survivors (2048K)
 Metaspace       used 55175K, committed 55680K, reserved 1097728K
  class space    used 7248K, committed 7488K, reserved 1048576K
}
Event: 7.204 GC heap before
{Heap before GC invocations=23 (full 0):
 garbage-first heap   total 94208K, used 73352K [0x0000000080000000, 0x0000000100000000)
  region size 1024K, 22 young (22528K), 2 survivors (2048K)
 Metaspace       used 56143K, committed 56640K, reserved 1105920K
  class space    used 7384K, committed 7616K, reserved 1048576K
}
Event: 7.207 GC heap after
{Heap after GC invocations=24 (full 0):
 garbage-first heap   total 94208K, used 54226K [0x0000000080000000, 0x0000000100000000)
  region size 1024K, 3 young (3072K), 3 survivors (3072K)
 Metaspace       used 56143K, committed 56640K, reserved 1105920K
  class space    used 7384K, committed 7616K, reserved 1048576K
}
Event: 7.386 GC heap before
{Heap before GC invocations=24 (full 0):
 garbage-first heap   total 94208K, used 75730K [0x0000000080000000, 0x0000000100000000)
  region size 1024K, 24 young (24576K), 3 survivors (3072K)
 Metaspace       used 56895K, committed 57344K, reserved 1105920K
  class space    used 7463K, committed 7680K, reserved 1048576K
}
Event: 7.390 GC heap after
{Heap after GC invocations=25 (full 0):
 garbage-first heap   total 94208K, used 56308K [0x0000000080000000, 0x0000000100000000)
  region size 1024K, 3 young (3072K), 3 survivors (3072K)
 Metaspace       used 56895K, committed 57344K, reserved 1105920K
  class space    used 7463K, committed 7680K, reserved 1048576K
}
Event: 7.639 GC heap before
{Heap before GC invocations=26 (full 0):
 garbage-first heap   total 101376K, used 75764K [0x0000000080000000, 0x0000000100000000)
  region size 1024K, 22 young (22528K), 3 survivors (3072K)
 Metaspace       used 59289K, committed 59776K, reserved 1105920K
  class space    used 7867K, committed 8128K, reserved 1048576K
}
Event: 7.642 GC heap after
{Heap after GC invocations=27 (full 0):
 garbage-first heap   total 101376K, used 57866K [0x0000000080000000, 0x0000000100000000)
  region size 1024K, 2 young (2048K), 2 survivors (2048K)
 Metaspace       used 59289K, committed 59776K, reserved 1105920K
  class space    used 7867K, committed 8128K, reserved 1048576K
}
Event: 7.904 GC heap before
{Heap before GC invocations=27 (full 0):
 garbage-first heap   total 101376K, used 81418K [0x0000000080000000, 0x0000000100000000)
  region size 1024K, 25 young (25600K), 2 survivors (2048K)
 Metaspace       used 62009K, committed 62528K, reserved 1105920K
  class space    used 8331K, committed 8576K, reserved 1048576K
}
Event: 7.907 GC heap after
{Heap after GC invocations=28 (full 0):
 garbage-first heap   total 101376K, used 59412K [0x0000000080000000, 0x0000000100000000)
  region size 1024K, 3 young (3072K), 3 survivors (3072K)
 Metaspace       used 62009K, committed 62528K, reserved 1105920K
  class space    used 8331K, committed 8576K, reserved 1048576K
}

