# JRE version: Java(TM) SE Runtime Environment (16.0.2+7) (build 16.0.2+7-67)
# Java VM: Java HotSpot(TM) 64-Bit Server VM (16.0.2+7-67, mixed mode, sharing, tiered, compressed oops, compressed class ptrs, g1 gc, windows-amd64)
GC Precious Log:
 CPUs: 8 total, 8 available
 Memory: 7959M
 Large Page Support: Disabled
 NUMA Support: Disabled
 Compressed Oops: Enabled (32-bit)
 Heap Region Size: 1M
 Heap Min Capacity: 8M
 Heap Initial Capacity: 126M
 Heap Max Capacity: 2G
 Pre-touch: Disabled
 Parallel Workers: 8
 Concurrent Workers: 2
 Concurrent Refinement Workers: 8
 Periodic GC: Disabled
Heap:
 garbage-first heap   total 283648K, used 160392K [0x0000000080000000, 0x0000000100000000)
  region size 1024K, 2 young (2048K), 2 survivors (2048K)
 Metaspace       used 106196K, committed 106880K, reserved 1146880K
  class space    used 14667K, committed 14976K, reserved 1048576K
GC Heap History (20 events):
Event: 15.072 GC heap after
{Heap after GC invocations=52 (full 0):
 garbage-first heap   total 190464K, used 98016K [0x0000000080000000, 0x0000000100000000)
  region size 1024K, 8 young (8192K), 8 survivors (8192K)
 Metaspace       used 98117K, committed 98752K, reserved 1138688K
  class space    used 13344K, committed 13632K, reserved 1048576K
}
Event: 15.556 GC heap before
{Heap before GC invocations=52 (full 0):
 garbage-first heap   total 190464K, used 151264K [0x0000000080000000, 0x0000000100000000)
  region size 1024K, 61 young (62464K), 8 survivors (8192K)
 Metaspace       used 103579K, committed 104320K, reserved 1146880K
  class space    used 14335K, committed 14656K, reserved 1048576K
}
Event: 15.562 GC heap after
{Heap after GC invocations=53 (full 0):
 garbage-first heap   total 190464K, used 98112K [0x0000000080000000, 0x0000000100000000)
  region size 1024K, 2 young (2048K), 2 survivors (2048K)
 Metaspace       used 103579K, committed 104320K, reserved 1146880K
  class space    used 14335K, committed 14656K, reserved 1048576K
}
Event: 15.749 GC heap before
{Heap before GC invocations=54 (full 0):
 garbage-first heap   total 190464K, used 107328K [0x0000000080000000, 0x0000000100000000)
  region size 1024K, 13 young (13312K), 2 survivors (2048K)
 Metaspace       used 104046K, committed 104704K, reserved 1146880K
  class space    used 14335K, committed 14656K, reserved 1048576K
}
Event: 15.752 GC heap after
{Heap after GC invocations=55 (full 0):
 garbage-first heap   total 190464K, used 98688K [0x0000000080000000, 0x0000000100000000)
  region size 1024K, 3 young (3072K), 3 survivors (3072K)
 Metaspace       used 104046K, committed 104704K, reserved 1146880K
  class space    used 14335K, committed 14656K, reserved 1048576K
}
Event: 15.940 GC heap before
{Heap before GC invocations=56 (full 0):
 garbage-first heap   total 190464K, used 112000K [0x0000000080000000, 0x0000000100000000)
  region size 1024K, 11 young (11264K), 3 survivors (3072K)
 Metaspace       used 104639K, committed 105344K, reserved 1146880K
  class space    used 14415K, committed 14720K, reserved 1048576K
}
Event: 15.942 GC heap after
{Heap after GC invocations=57 (full 0):
 garbage-first heap   total 190464K, used 105231K [0x0000000080000000, 0x0000000100000000)
  region size 1024K, 3 young (3072K), 3 survivors (3072K)
 Metaspace       used 104639K, committed 105344K, reserved 1146880K
  class space    used 14415K, committed 14720K, reserved 1048576K
}
Event: 16.339 GC heap before
{Heap before GC invocations=58 (full 0):
 garbage-first heap   total 230400K, used 173839K [0x0000000080000000, 0x0000000100000000)
  region size 1024K, 54 young (55296K), 3 survivors (3072K)
 Metaspace       used 105823K, committed 106496K, reserved 1146880K
  class space    used 14658K, committed 14976K, reserved 1048576K
}
Event: 16.359 GC heap after
{Heap after GC invocations=59 (full 0):
 garbage-first heap   total 230400K, used 133005K [0x0000000080000000, 0x0000000100000000)
  region size 1024K, 7 young (7168K), 7 survivors (7168K)
 Metaspace       used 105823K, committed 106496K, reserved 1146880K
  class space    used 14658K, committed 14976K, reserved 1048576K
}
Event: 16.626 GC heap before
{Heap before GC invocations=59 (full 0):
 garbage-first heap   total 230400K, used 177037K [0x0000000080000000, 0x0000000100000000)
  region size 1024K, 51 young (52224K), 7 survivors (7168K)
 Metaspace       used 106009K, committed 106688K, reserved 1146880K
  class space    used 14668K, committed 14976K, reserved 1048576K
}
Event: 16.648 GC heap after
{Heap after GC invocations=60 (full 0):
 garbage-first heap   total 230400K, used 152788K [0x0000000080000000, 0x0000000100000000)
  region size 1024K, 7 young (7168K), 7 survivors (7168K)
 Metaspace       used 106009K, committed 106688K, reserved 1146880K
  class space    used 14668K, committed 14976K, reserved 1048576K
}
Event: 16.869 GC heap before
{Heap before GC invocations=61 (full 0):
 garbage-first heap   total 270336K, used 173268K [0x0000000080000000, 0x0000000100000000)
  region size 1024K, 35 young (35840K), 7 survivors (7168K)
 Metaspace       used 106122K, committed 106816K, reserved 1146880K
  class space    used 14668K, committed 14976K, reserved 1048576K
}
Event: 16.877 GC heap after
{Heap after GC invocations=62 (full 0):
 garbage-first heap   total 270336K, used 151153K [0x0000000080000000, 0x0000000100000000)
  region size 1024K, 4 young (4096K), 4 survivors (4096K)
 Metaspace       used 106122K, committed 106816K, reserved 1146880K
  class space    used 14668K, committed 14976K, reserved 1048576K
}
Event: 16.919 GC heap before
{Heap before GC invocations=62 (full 0):
 garbage-first heap   total 270336K, used 155249K [0x0000000080000000, 0x0000000100000000)
  region size 1024K, 9 young (9216K), 4 survivors (4096K)
 Metaspace       used 106127K, committed 106816K, reserved 1146880K
  class space    used 14668K, committed 14976K, reserved 1048576K
}
Event: 16.924 GC heap after
{Heap after GC invocations=63 (full 0):
 garbage-first heap   total 270336K, used 151409K [0x0000000080000000, 0x0000000100000000)
  region size 1024K, 5 young (5120K), 5 survivors (5120K)
 Metaspace       used 106127K, committed 106816K, reserved 1146880K
  class space    used 14668K, committed 14976K, reserved 1048576K
}
Event: 17.240 GC heap before
{Heap before GC invocations=64 (full 0):
 garbage-first heap   total 283648K, used 173937K [0x0000000080000000, 0x0000000100000000)
  region size 1024K, 24 young (24576K), 5 survivors (5120K)
 Metaspace       used 106134K, committed 106816K, reserved 1146880K
  class space    used 14659K, committed 14976K, reserved 1048576K
}
Event: 17.246 GC heap after
{Heap after GC invocations=65 (full 0):
 garbage-first heap   total 283648K, used 157198K [0x0000000080000000, 0x0000000100000000)
  region size 1024K, 3 young (3072K), 3 survivors (3072K)
 Metaspace       used 106134K, committed 106816K, reserved 1146880K
  class space    used 14659K, committed 14976K, reserved 1048576K
}
Event: 17.690 GC heap before
{Heap before GC invocations=66 (full 0):
 garbage-first heap   total 283648K, used 218638K [0x0000000080000000, 0x0000000100000000)
  region size 1024K, 60 young (61440K), 3 survivors (3072K)
 Metaspace       used 106196K, committed 106880K, reserved 1146880K
  class space    used 14667K, committed 14976K, reserved 1048576K
}
Event: 17.698 GC heap after
{Heap after GC invocations=67 (full 0):
 garbage-first heap   total 283648K, used 169961K [0x0000000080000000, 0x0000000100000000)
  region size 1024K, 8 young (8192K), 8 survivors (8192K)
 Metaspace       used 106196K, committed 106880K, reserved 1146880K
  class space    used 14667K, committed 14976K, reserved 1048576K
}
Event: 17.712 GC heap before
{Heap before GC invocations=67 (full 0):
 garbage-first heap   total 283648K, used 176105K [0x0000000080000000, 0x0000000100000000)
  region size 1024K, 13 young (13312K), 8 survivors (8192K)
 Metaspace       used 106196K, committed 106880K, reserved 1146880K
  class space    used 14667K, committed 14976K, reserved 1048576K
}

