# JRE version: Java(TM) SE Runtime Environment (16.0.2+7) (build 16.0.2+7-67)
# Java VM: Java HotSpot(TM) 64-Bit Server VM (16.0.2+7-67, mixed mode, sharing, tiered, compressed oops, compressed class ptrs, g1 gc, windows-amd64)
GC Precious Log:
 CPUs: 8 total, 8 available
 Memory: 7959M
 Large Page Support: Disabled
 NUMA Support: Disabled
 Compressed Oops: Enabled (32-bit)
 Heap Region Size: 1M
 Heap Min Capacity: 8M
 Heap Initial Capacity: 126M
 Heap Max Capacity: 2G
 Pre-touch: Disabled
 Parallel Workers: 8
 Concurrent Workers: 2
 Concurrent Refinement Workers: 8
 Periodic GC: Disabled
Heap:
 garbage-first heap   total 163840K, used 94626K [0x0000000080000000, 0x0000000100000000)
  region size 1024K, 5 young (5120K), 5 survivors (5120K)
 Metaspace       used 75615K, committed 76224K, reserved 1122304K
  class space    used 10155K, committed 10432K, reserved 1048576K
GC Heap History (20 events):
Event: 7.530 GC heap after
{Heap after GC invocations=24 (full 0):
 garbage-first heap   total 102400K, used 59537K [0x0000000080000000, 0x0000000100000000)
  region size 1024K, 2 young (2048K), 2 survivors (2048K)
 Metaspace       used 60231K, committed 60736K, reserved 1105920K
  class space    used 8063K, committed 8320K, reserved 1048576K
}
Event: 7.586 GC heap before
{Heap before GC invocations=24 (full 0):
 garbage-first heap   total 102400K, used 62609K [0x0000000080000000, 0x0000000100000000)
  region size 1024K, 5 young (5120K), 2 survivors (2048K)
 Metaspace       used 60674K, committed 61184K, reserved 1105920K
  class space    used 8135K, committed 8384K, reserved 1048576K
}
Event: 7.592 GC heap after
{Heap after GC invocations=25 (full 0):
 garbage-first heap   total 122880K, used 55623K [0x0000000080000000, 0x0000000100000000)
  region size 1024K, 1 young (1024K), 1 survivors (1024K)
 Metaspace       used 60674K, committed 61184K, reserved 1105920K
  class space    used 8135K, committed 8384K, reserved 1048576K
}
Event: 8.075 GC heap before
{Heap before GC invocations=25 (full 0):
 garbage-first heap   total 122880K, used 94535K [0x0000000080000000, 0x0000000100000000)
  region size 1024K, 39 young (39936K), 1 survivors (1024K)
 Metaspace       used 64097K, committed 64576K, reserved 1105920K
  class space    used 8640K, committed 8896K, reserved 1048576K
}
Event: 8.079 GC heap after
{Heap after GC invocations=26 (full 0):
 garbage-first heap   total 122880K, used 58146K [0x0000000080000000, 0x0000000100000000)
  region size 1024K, 3 young (3072K), 3 survivors (3072K)
 Metaspace       used 64097K, committed 64576K, reserved 1105920K
  class space    used 8640K, committed 8896K, reserved 1048576K
}
Event: 8.617 GC heap before
{Heap before GC invocations=26 (full 0):
 garbage-first heap   total 122880K, used 97058K [0x0000000080000000, 0x0000000100000000)
  region size 1024K, 41 young (41984K), 3 survivors (3072K)
 Metaspace       used 69147K, committed 69696K, reserved 1114112K
  class space    used 9314K, committed 9600K, reserved 1048576K
}
Event: 8.621 GC heap after
{Heap after GC invocations=27 (full 0):
 garbage-first heap   total 122880K, used 60903K [0x0000000080000000, 0x0000000100000000)
  region size 1024K, 6 young (6144K), 6 survivors (6144K)
 Metaspace       used 69147K, committed 69696K, reserved 1114112K
  class space    used 9314K, committed 9600K, reserved 1048576K
}
Event: 9.313 GC heap before
{Heap before GC invocations=27 (full 0):
 garbage-first heap   total 122880K, used 97767K [0x0000000080000000, 0x0000000100000000)
  region size 1024K, 42 young (43008K), 6 survivors (6144K)
 Metaspace       used 72960K, committed 73536K, reserved 1114112K
  class space    used 9810K, committed 10048K, reserved 1048576K
}
Event: 9.320 GC heap after
{Heap after GC invocations=28 (full 0):
 garbage-first heap   total 122880K, used 65349K [0x0000000080000000, 0x0000000100000000)
  region size 1024K, 6 young (6144K), 6 survivors (6144K)
 Metaspace       used 72960K, committed 73536K, reserved 1114112K
  class space    used 9810K, committed 10048K, reserved 1048576K
}
Event: 9.606 GC heap before
{Heap before GC invocations=28 (full 0):
 garbage-first heap   total 122880K, used 98117K [0x0000000080000000, 0x0000000100000000)
  region size 1024K, 39 young (39936K), 6 survivors (6144K)
 Metaspace       used 73536K, committed 74112K, reserved 1114112K
  class space    used 9919K, committed 10176K, reserved 1048576K
}
Event: 9.611 GC heap after
{Heap after GC invocations=29 (full 0):
 garbage-first heap   total 122880K, used 68272K [0x0000000080000000, 0x0000000100000000)
  region size 1024K, 3 young (3072K), 3 survivors (3072K)
 Metaspace       used 73536K, committed 74112K, reserved 1114112K
  class space    used 9919K, committed 10176K, reserved 1048576K
}
Event: 9.864 GC heap before
{Heap before GC invocations=30 (full 0):
 garbage-first heap   total 122880K, used 85680K [0x0000000080000000, 0x0000000100000000)
  region size 1024K, 22 young (22528K), 3 survivors (3072K)
 Metaspace       used 74096K, committed 74624K, reserved 1114112K
  class space    used 10000K, committed 10240K, reserved 1048576K
}
Event: 9.867 GC heap after
{Heap after GC invocations=31 (full 0):
 garbage-first heap   total 122880K, used 69200K [0x0000000080000000, 0x0000000100000000)
  region size 1024K, 4 young (4096K), 4 survivors (4096K)
 Metaspace       used 74096K, committed 74624K, reserved 1114112K
  class space    used 10000K, committed 10240K, reserved 1048576K
}
Event: 10.225 GC heap before
{Heap before GC invocations=32 (full 0):
 garbage-first heap   total 122880K, used 102992K [0x0000000080000000, 0x0000000100000000)
  region size 1024K, 35 young (35840K), 4 survivors (4096K)
 Metaspace       used 75328K, committed 75840K, reserved 1122304K
  class space    used 10142K, committed 10368K, reserved 1048576K
}
Event: 10.233 GC heap after
{Heap after GC invocations=33 (full 0):
 garbage-first heap   total 122880K, used 82499K [0x0000000080000000, 0x0000000100000000)
  region size 1024K, 5 young (5120K), 5 survivors (5120K)
 Metaspace       used 75328K, committed 75840K, reserved 1122304K
  class space    used 10142K, committed 10368K, reserved 1048576K
}
Event: 10.356 GC heap before
{Heap before GC invocations=33 (full 0):
 garbage-first heap   total 122880K, used 89667K [0x0000000080000000, 0x0000000100000000)
  region size 1024K, 14 young (14336K), 5 survivors (5120K)
 Metaspace       used 75511K, committed 76032K, reserved 1122304K
  class space    used 10150K, committed 10368K, reserved 1048576K
}
Event: 10.362 GC heap after
{Heap after GC invocations=34 (full 0):
 garbage-first heap   total 122880K, used 87040K [0x0000000080000000, 0x0000000100000000)
  region size 1024K, 3 young (3072K), 3 survivors (3072K)
 Metaspace       used 75511K, committed 76032K, reserved 1122304K
  class space    used 10150K, committed 10368K, reserved 1048576K
}
Event: 10.508 GC heap before
{Heap before GC invocations=35 (full 0):
 garbage-first heap   total 163840K, used 109568K [0x0000000080000000, 0x0000000100000000)
  region size 1024K, 17 young (17408K), 3 survivors (3072K)
 Metaspace       used 75555K, committed 76096K, reserved 1122304K
  class space    used 10151K, committed 10432K, reserved 1048576K
}
Event: 10.511 GC heap after
{Heap after GC invocations=36 (full 0):
 garbage-first heap   total 163840K, used 90824K [0x0000000080000000, 0x0000000100000000)
  region size 1024K, 2 young (2048K), 2 survivors (2048K)
 Metaspace       used 75555K, committed 76096K, reserved 1122304K
  class space    used 10151K, committed 10432K, reserved 1048576K
}
Event: 10.628 GC heap before
{Heap before GC invocations=36 (full 0):
 garbage-first heap   total 163840K, used 105160K [0x0000000080000000, 0x0000000100000000)
  region size 1024K, 18 young (18432K), 2 survivors (2048K)
 Metaspace       used 75615K, committed 76224K, reserved 1122304K
  class space    used 10155K, committed 10432K, reserved 1048576K
}

