# JRE version: Java(TM) SE Runtime Environment (16.0.2+7) (build 16.0.2+7-67)
# Java VM: Java HotSpot(TM) 64-Bit Server VM (16.0.2+7-67, mixed mode, sharing, tiered, compressed oops, compressed class ptrs, g1 gc, windows-amd64)
GC Precious Log:
 CPUs: 8 total, 8 available
 Memory: 7959M
 Large Page Support: Disabled
 NUMA Support: Disabled
 Compressed Oops: Enabled (32-bit)
 Heap Region Size: 1M
 Heap Min Capacity: 8M
 Heap Initial Capacity: 126M
 Heap Max Capacity: 2G
 Pre-touch: Disabled
 Parallel Workers: 8
 Concurrent Workers: 2
 Concurrent Refinement Workers: 8
 Periodic GC: Disabled
Heap:
 garbage-first heap   total 263168K, used 183937K [0x0000000080000000, 0x0000000100000000)
  region size 1024K, 48 young (49152K), 9 survivors (9216K)
 Metaspace       used 103580K, committed 104512K, reserved 1146880K
  class space    used 13174K, committed 13632K, reserved 1048576K
GC Heap History (20 events):
Event: 691.461 GC heap before
{Heap before GC invocations=43 (full 0):
 garbage-first heap   total 211968K, used 164406K [0x0000000080000000, 0x0000000100000000)
  region size 1024K, 48 young (49152K), 6 survivors (6144K)
 Metaspace       used 90069K, committed 90944K, reserved 1130496K
  class space    used 11560K, committed 11968K, reserved 1048576K
}
Event: 691.464 GC heap after
{Heap after GC invocations=44 (full 0):
 garbage-first heap   total 211968K, used 118501K [0x0000000080000000, 0x0000000100000000)
  region size 1024K, 2 young (2048K), 2 survivors (2048K)
 Metaspace       used 90069K, committed 90944K, reserved 1130496K
  class space    used 11560K, committed 11968K, reserved 1048576K
}
Event: 998.775 GC heap before
{Heap before GC invocations=44 (full 0):
 garbage-first heap   total 211968K, used 174821K [0x0000000080000000, 0x0000000100000000)
  region size 1024K, 58 young (59392K), 2 survivors (2048K)
 Metaspace       used 90405K, committed 91264K, reserved 1130496K
  class space    used 11571K, committed 11968K, reserved 1048576K
}
Event: 998.781 GC heap after
{Heap after GC invocations=45 (full 0):
 garbage-first heap   total 211968K, used 122766K [0x0000000080000000, 0x0000000100000000)
  region size 1024K, 6 young (6144K), 6 survivors (6144K)
 Metaspace       used 90405K, committed 91264K, reserved 1130496K
  class space    used 11571K, committed 11968K, reserved 1048576K
}
Event: 1311.471 GC heap before
{Heap before GC invocations=46 (full 0):
 garbage-first heap   total 211968K, used 176014K [0x0000000080000000, 0x0000000100000000)
  region size 1024K, 58 young (59392K), 6 survivors (6144K)
 Metaspace       used 90737K, committed 91648K, reserved 1130496K
  class space    used 11576K, committed 12032K, reserved 1048576K
}
Event: 1311.473 GC heap after
{Heap after GC invocations=47 (full 0):
 garbage-first heap   total 211968K, used 119243K [0x0000000080000000, 0x0000000100000000)
  region size 1024K, 1 young (1024K), 1 survivors (1024K)
 Metaspace       used 90737K, committed 91648K, reserved 1130496K
  class space    used 11576K, committed 12032K, reserved 1048576K
}
Event: 1491.467 GC heap before
{Heap before GC invocations=47 (full 0):
 garbage-first heap   total 211968K, used 128459K [0x0000000080000000, 0x0000000100000000)
  region size 1024K, 10 young (10240K), 1 survivors (1024K)
 Metaspace       used 90742K, committed 91648K, reserved 1130496K
  class space    used 11576K, committed 12032K, reserved 1048576K
}
Event: 1491.480 GC heap after
{Heap after GC invocations=48 (full 0):
 garbage-first heap   total 211968K, used 110994K [0x0000000080000000, 0x0000000100000000)
  region size 1024K, 1 young (1024K), 1 survivors (1024K)
 Metaspace       used 90742K, committed 91648K, reserved 1130496K
  class space    used 11576K, committed 12032K, reserved 1048576K
}
Event: 1625.259 GC heap before
{Heap before GC invocations=48 (full 0):
 garbage-first heap   total 211968K, used 177554K [0x0000000080000000, 0x0000000100000000)
  region size 1024K, 66 young (67584K), 1 survivors (1024K)
 Metaspace       used 92834K, committed 93760K, reserved 1138688K
  class space    used 11863K, committed 12288K, reserved 1048576K
}
Event: 1625.266 GC heap after
{Heap after GC invocations=49 (full 0):
 garbage-first heap   total 211968K, used 117328K [0x0000000080000000, 0x0000000100000000)
  region size 1024K, 7 young (7168K), 7 survivors (7168K)
 Metaspace       used 92834K, committed 93760K, reserved 1138688K
  class space    used 11863K, committed 12288K, reserved 1048576K
}
Event: 1625.617 GC heap before
{Heap before GC invocations=50 (full 0):
 garbage-first heap   total 211968K, used 139856K [0x0000000080000000, 0x0000000100000000)
  region size 1024K, 31 young (31744K), 7 survivors (7168K)
 Metaspace       used 93369K, committed 94272K, reserved 1138688K
  class space    used 11947K, committed 12416K, reserved 1048576K
}
Event: 1625.626 GC heap after
{Heap after GC invocations=51 (full 0):
 garbage-first heap   total 211968K, used 119140K [0x0000000080000000, 0x0000000100000000)
  region size 1024K, 2 young (2048K), 2 survivors (2048K)
 Metaspace       used 93369K, committed 94272K, reserved 1138688K
  class space    used 11947K, committed 12416K, reserved 1048576K
}
Event: 1626.169 GC heap before
{Heap before GC invocations=52 (full 0):
 garbage-first heap   total 211968K, used 164196K [0x0000000080000000, 0x0000000100000000)
  region size 1024K, 46 young (47104K), 2 survivors (2048K)
 Metaspace       used 94581K, committed 95488K, reserved 1138688K
  class space    used 12074K, committed 12544K, reserved 1048576K
}
Event: 1626.180 GC heap after
{Heap after GC invocations=53 (full 0):
 garbage-first heap   total 211968K, used 138634K [0x0000000080000000, 0x0000000100000000)
  region size 1024K, 8 young (8192K), 8 survivors (8192K)
 Metaspace       used 94581K, committed 95488K, reserved 1138688K
  class space    used 12074K, committed 12544K, reserved 1048576K
}
Event: 1626.771 GC heap before
{Heap before GC invocations=54 (full 0):
 garbage-first heap   total 263168K, used 181641K [0x0000000080000000, 0x0000000100000000)
  region size 1024K, 36 young (36864K), 8 survivors (8192K)
 Metaspace       used 98026K, committed 99008K, reserved 1138688K
  class space    used 12479K, committed 12928K, reserved 1048576K
}
Event: 1626.780 GC heap after
{Heap after GC invocations=55 (full 0):
 garbage-first heap   total 263168K, used 141110K [0x0000000080000000, 0x0000000100000000)
  region size 1024K, 2 young (2048K), 2 survivors (2048K)
 Metaspace       used 98026K, committed 99008K, reserved 1138688K
  class space    used 12479K, committed 12928K, reserved 1048576K
}
Event: 1627.532 GC heap before
{Heap before GC invocations=55 (full 0):
 garbage-first heap   total 263168K, used 200502K [0x0000000080000000, 0x0000000100000000)
  region size 1024K, 61 young (62464K), 2 survivors (2048K)
 Metaspace       used 102245K, committed 103232K, reserved 1146880K
  class space    used 13008K, committed 13504K, reserved 1048576K
}
Event: 1627.538 GC heap after
{Heap after GC invocations=56 (full 0):
 garbage-first heap   total 263168K, used 144634K [0x0000000080000000, 0x0000000100000000)
  region size 1024K, 6 young (6144K), 6 survivors (6144K)
 Metaspace       used 102245K, committed 103232K, reserved 1146880K
  class space    used 13008K, committed 13504K, reserved 1048576K
}
Event: 1627.994 GC heap before
{Heap before GC invocations=57 (full 0):
 garbage-first heap   total 263168K, used 200954K [0x0000000080000000, 0x0000000100000000)
  region size 1024K, 66 young (67584K), 6 survivors (6144K)
 Metaspace       used 102395K, committed 103360K, reserved 1146880K
  class space    used 13019K, committed 13504K, reserved 1048576K
}
Event: 1628.000 GC heap after
{Heap after GC invocations=58 (full 0):
 garbage-first heap   total 263168K, used 145025K [0x0000000080000000, 0x0000000100000000)
  region size 1024K, 9 young (9216K), 9 survivors (9216K)
 Metaspace       used 102395K, committed 103360K, reserved 1146880K
  class space    used 13019K, committed 13504K, reserved 1048576K
}

