# JRE version: Java(TM) SE Runtime Environment (16.0.2+7) (build 16.0.2+7-67)
# Java VM: Java HotSpot(TM) 64-Bit Server VM (16.0.2+7-67, mixed mode, sharing, tiered, compressed oops, compressed class ptrs, g1 gc, windows-amd64)
GC Precious Log:
 CPUs: 8 total, 8 available
 Memory: 7959M
 Large Page Support: Disabled
 NUMA Support: Disabled
 Compressed Oops: Enabled (32-bit)
 Heap Region Size: 1M
 Heap Min Capacity: 8M
 Heap Initial Capacity: 126M
 Heap Max Capacity: 2G
 Pre-touch: Disabled
 Parallel Workers: 8
 Concurrent Workers: 2
 Concurrent Refinement Workers: 8
 Periodic GC: Disabled
Heap:
 garbage-first heap   total 91136K, used 50366K [0x0000000080000000, 0x0000000100000000)
  region size 1024K, 7 young (7168K), 3 survivors (3072K)
 Metaspace       used 49253K, committed 49728K, reserved 1097728K
  class space    used 6548K, committed 6784K, reserved 1048576K
GC Heap History (20 events):
Event: 3.442 GC heap before
{Heap before GC invocations=6 (full 0):
 garbage-first heap   total 75776K, used 56403K [0x0000000080000000, 0x0000000100000000)
  region size 1024K, 34 young (34816K), 6 survivors (6144K)
 Metaspace       used 30658K, committed 31040K, reserved 1081344K
  class space    used 4189K, committed 4352K, reserved 1048576K
}
Event: 3.449 GC heap after
{Heap after GC invocations=7 (full 0):
 garbage-first heap   total 75776K, used 29016K [0x0000000080000000, 0x0000000100000000)
  region size 1024K, 4 young (4096K), 4 survivors (4096K)
 Metaspace       used 30658K, committed 31040K, reserved 1081344K
  class space    used 4189K, committed 4352K, reserved 1048576K
}
Event: 3.933 GC heap before
{Heap before GC invocations=7 (full 0):
 garbage-first heap   total 75776K, used 55640K [0x0000000080000000, 0x0000000100000000)
  region size 1024K, 30 young (30720K), 4 survivors (4096K)
 Metaspace       used 34590K, committed 35008K, reserved 1081344K
  class space    used 4667K, committed 4864K, reserved 1048576K
}
Event: 3.936 GC heap after
{Heap after GC invocations=8 (full 0):
 garbage-first heap   total 75776K, used 31047K [0x0000000080000000, 0x0000000100000000)
  region size 1024K, 3 young (3072K), 3 survivors (3072K)
 Metaspace       used 34590K, committed 35008K, reserved 1081344K
  class space    used 4667K, committed 4864K, reserved 1048576K
}
Event: 4.043 GC heap before
{Heap before GC invocations=8 (full 0):
 garbage-first heap   total 75776K, used 36167K [0x0000000080000000, 0x0000000100000000)
  region size 1024K, 9 young (9216K), 3 survivors (3072K)
 Metaspace       used 35263K, committed 35648K, reserved 1081344K
  class space    used 4788K, committed 4992K, reserved 1048576K
}
Event: 4.046 GC heap after
{Heap after GC invocations=9 (full 0):
 garbage-first heap   total 75776K, used 31281K [0x0000000080000000, 0x0000000100000000)
  region size 1024K, 3 young (3072K), 3 survivors (3072K)
 Metaspace       used 35263K, committed 35648K, reserved 1081344K
  class space    used 4788K, committed 4992K, reserved 1048576K
}
Event: 4.372 GC heap before
{Heap before GC invocations=10 (full 0):
 garbage-first heap   total 75776K, used 57905K [0x0000000080000000, 0x0000000100000000)
  region size 1024K, 29 young (29696K), 3 survivors (3072K)
 Metaspace       used 38241K, committed 38656K, reserved 1089536K
  class space    used 5222K, committed 5376K, reserved 1048576K
}
Event: 4.375 GC heap after
{Heap after GC invocations=11 (full 0):
 garbage-first heap   total 75776K, used 32687K [0x0000000080000000, 0x0000000100000000)
  region size 1024K, 2 young (2048K), 2 survivors (2048K)
 Metaspace       used 38241K, committed 38656K, reserved 1089536K
  class space    used 5222K, committed 5376K, reserved 1048576K
}
Event: 4.695 GC heap before
{Heap before GC invocations=11 (full 0):
 garbage-first heap   total 75776K, used 59311K [0x0000000080000000, 0x0000000100000000)
  region size 1024K, 28 young (28672K), 2 survivors (2048K)
 Metaspace       used 39190K, committed 39616K, reserved 1089536K
  class space    used 5312K, committed 5504K, reserved 1048576K
}
Event: 4.698 GC heap after
{Heap after GC invocations=12 (full 0):
 garbage-first heap   total 75776K, used 35701K [0x0000000080000000, 0x0000000100000000)
  region size 1024K, 4 young (4096K), 4 survivors (4096K)
 Metaspace       used 39190K, committed 39616K, reserved 1089536K
  class space    used 5312K, committed 5504K, reserved 1048576K
}
Event: 4.784 GC heap before
{Heap before GC invocations=12 (full 0):
 garbage-first heap   total 75776K, used 40821K [0x0000000080000000, 0x0000000100000000)
  region size 1024K, 10 young (10240K), 4 survivors (4096K)
 Metaspace       used 39212K, committed 39616K, reserved 1089536K
  class space    used 5312K, committed 5504K, reserved 1048576K
}
Event: 4.788 GC heap after
{Heap after GC invocations=13 (full 0):
 garbage-first heap   total 75776K, used 40763K [0x0000000080000000, 0x0000000100000000)
  region size 1024K, 4 young (4096K), 4 survivors (4096K)
 Metaspace       used 39212K, committed 39616K, reserved 1089536K
  class space    used 5312K, committed 5504K, reserved 1048576K
}
Event: 5.006 GC heap before
{Heap before GC invocations=14 (full 0):
 garbage-first heap   total 75776K, used 55099K [0x0000000080000000, 0x0000000100000000)
  region size 1024K, 17 young (17408K), 4 survivors (4096K)
 Metaspace       used 40462K, committed 40832K, reserved 1089536K
  class space    used 5487K, committed 5632K, reserved 1048576K
}
Event: 5.009 GC heap after
{Heap after GC invocations=15 (full 0):
 garbage-first heap   total 75776K, used 45142K [0x0000000080000000, 0x0000000100000000)
  region size 1024K, 3 young (3072K), 3 survivors (3072K)
 Metaspace       used 40462K, committed 40832K, reserved 1089536K
  class space    used 5487K, committed 5632K, reserved 1048576K
}
Event: 5.155 GC heap before
{Heap before GC invocations=15 (full 0):
 garbage-first heap   total 75776K, used 55382K [0x0000000080000000, 0x0000000100000000)
  region size 1024K, 14 young (14336K), 3 survivors (3072K)
 Metaspace       used 42115K, committed 42560K, reserved 1089536K
  class space    used 5683K, committed 5888K, reserved 1048576K
}
Event: 5.158 GC heap after
{Heap after GC invocations=16 (full 0):
 garbage-first heap   total 91136K, used 45546K [0x0000000080000000, 0x0000000100000000)
  region size 1024K, 1 young (1024K), 1 survivors (1024K)
 Metaspace       used 42115K, committed 42560K, reserved 1089536K
  class space    used 5683K, committed 5888K, reserved 1048576K
}
Event: 5.443 GC heap before
{Heap before GC invocations=17 (full 0):
 garbage-first heap   total 91136K, used 65002K [0x0000000080000000, 0x0000000100000000)
  region size 1024K, 20 young (20480K), 1 survivors (1024K)
 Metaspace       used 45320K, committed 45760K, reserved 1089536K
  class space    used 6114K, committed 6336K, reserved 1048576K
}
Event: 5.445 GC heap after
{Heap after GC invocations=18 (full 0):
 garbage-first heap   total 91136K, used 46406K [0x0000000080000000, 0x0000000100000000)
  region size 1024K, 2 young (2048K), 2 survivors (2048K)
 Metaspace       used 45320K, committed 45760K, reserved 1089536K
  class space    used 6114K, committed 6336K, reserved 1048576K
}
Event: 5.715 GC heap before
{Heap before GC invocations=18 (full 0):
 garbage-first heap   total 91136K, used 66886K [0x0000000080000000, 0x0000000100000000)
  region size 1024K, 22 young (22528K), 2 survivors (2048K)
 Metaspace       used 48879K, committed 49344K, reserved 1097728K
  class space    used 6482K, committed 6720K, reserved 1048576K
}
Event: 5.718 GC heap after
{Heap after GC invocations=19 (full 0):
 garbage-first heap   total 91136K, used 47294K [0x0000000080000000, 0x0000000100000000)
  region size 1024K, 3 young (3072K), 3 survivors (3072K)
 Metaspace       used 48879K, committed 49344K, reserved 1097728K
  class space    used 6482K, committed 6720K, reserved 1048576K
}

