# JRE version: Java(TM) SE Runtime Environment (16.0.2+7) (build 16.0.2+7-67)
# Java VM: Java HotSpot(TM) 64-Bit Server VM (16.0.2+7-67, mixed mode, sharing, tiered, compressed oops, compressed class ptrs, g1 gc, windows-amd64)
GC Precious Log:
 CPUs: 8 total, 8 available
 Memory: 7959M
 Large Page Support: Disabled
 NUMA Support: Disabled
 Compressed Oops: Enabled (32-bit)
 Heap Region Size: 1M
 Heap Min Capacity: 8M
 Heap Initial Capacity: 126M
 Heap Max Capacity: 2G
 Pre-touch: Disabled
 Parallel Workers: 8
 Concurrent Workers: 2
 Concurrent Refinement Workers: 8
 Periodic GC: Disabled
Heap:
 garbage-first heap   total 130048K, used 89567K [0x0000000080000000, 0x0000000100000000)
  region size 1024K, 13 young (13312K), 5 survivors (5120K)
 Metaspace       used 75360K, committed 75904K, reserved 1114112K
  class space    used 10149K, committed 10432K, reserved 1048576K
GC Heap History (20 events):
Event: 6.248 GC heap before
{Heap before GC invocations=19 (full 0):
 garbage-first heap   total 96256K, used 77450K [0x0000000080000000, 0x0000000100000000)
  region size 1024K, 25 young (25600K), 2 survivors (2048K)
 Metaspace       used 56210K, committed 56704K, reserved 1105920K
  class space    used 7402K, committed 7616K, reserved 1048576K
}
Event: 6.251 GC heap after
{Heap after GC invocations=20 (full 0):
 garbage-first heap   total 96256K, used 54512K [0x0000000080000000, 0x0000000100000000)
  region size 1024K, 4 young (4096K), 4 survivors (4096K)
 Metaspace       used 56210K, committed 56704K, reserved 1105920K
  class space    used 7402K, committed 7616K, reserved 1048576K
}
Event: 6.463 GC heap before
{Heap before GC invocations=20 (full 0):
 garbage-first heap   total 96256K, used 77040K [0x0000000080000000, 0x0000000100000000)
  region size 1024K, 26 young (26624K), 4 survivors (4096K)
 Metaspace       used 57693K, committed 58240K, reserved 1105920K
  class space    used 7599K, committed 7872K, reserved 1048576K
}
Event: 6.468 GC heap after
{Heap after GC invocations=21 (full 0):
 garbage-first heap   total 96256K, used 56624K [0x0000000080000000, 0x0000000100000000)
  region size 1024K, 4 young (4096K), 4 survivors (4096K)
 Metaspace       used 57693K, committed 58240K, reserved 1105920K
  class space    used 7599K, committed 7872K, reserved 1048576K
}
Event: 6.789 GC heap before
{Heap before GC invocations=22 (full 0):
 garbage-first heap   total 101376K, used 78128K [0x0000000080000000, 0x0000000100000000)
  region size 1024K, 25 young (25600K), 4 survivors (4096K)
 Metaspace       used 60575K, committed 61056K, reserved 1105920K
  class space    used 8144K, committed 8384K, reserved 1048576K
}
Event: 6.793 GC heap after
{Heap after GC invocations=23 (full 0):
 garbage-first heap   total 101376K, used 58022K [0x0000000080000000, 0x0000000100000000)
  region size 1024K, 2 young (2048K), 2 survivors (2048K)
 Metaspace       used 60575K, committed 61056K, reserved 1105920K
  class space    used 8144K, committed 8384K, reserved 1048576K
}
Event: 7.077 GC heap before
{Heap before GC invocations=23 (full 0):
 garbage-first heap   total 101376K, used 81574K [0x0000000080000000, 0x0000000100000000)
  region size 1024K, 26 young (26624K), 2 survivors (2048K)
 Metaspace       used 62973K, committed 63552K, reserved 1105920K
  class space    used 8499K, committed 8768K, reserved 1048576K
}
Event: 7.081 GC heap after
{Heap after GC invocations=24 (full 0):
 garbage-first heap   total 121856K, used 59696K [0x0000000080000000, 0x0000000100000000)
  region size 1024K, 4 young (4096K), 4 survivors (4096K)
 Metaspace       used 62973K, committed 63552K, reserved 1105920K
  class space    used 8499K, committed 8768K, reserved 1048576K
}
Event: 7.557 GC heap before
{Heap before GC invocations=25 (full 0):
 garbage-first heap   total 121856K, used 97584K [0x0000000080000000, 0x0000000100000000)
  region size 1024K, 41 young (41984K), 4 survivors (4096K)
 Metaspace       used 67999K, committed 68544K, reserved 1114112K
  class space    used 9208K, committed 9472K, reserved 1048576K
}
Event: 7.561 GC heap after
{Heap after GC invocations=26 (full 0):
 garbage-first heap   total 121856K, used 61959K [0x0000000080000000, 0x0000000100000000)
  region size 1024K, 5 young (5120K), 5 survivors (5120K)
 Metaspace       used 67999K, committed 68544K, reserved 1114112K
  class space    used 9208K, committed 9472K, reserved 1048576K
}
Event: 8.004 GC heap before
{Heap before GC invocations=26 (full 0):
 garbage-first heap   total 121856K, used 97799K [0x0000000080000000, 0x0000000100000000)
  region size 1024K, 41 young (41984K), 5 survivors (5120K)
 Metaspace       used 71280K, committed 71808K, reserved 1114112K
  class space    used 9553K, committed 9792K, reserved 1048576K
}
Event: 8.009 GC heap after
{Heap after GC invocations=27 (full 0):
 garbage-first heap   total 121856K, used 66489K [0x0000000080000000, 0x0000000100000000)
  region size 1024K, 6 young (6144K), 6 survivors (6144K)
 Metaspace       used 71280K, committed 71808K, reserved 1114112K
  class space    used 9553K, committed 9792K, reserved 1048576K
}
Event: 8.500 GC heap before
{Heap before GC invocations=28 (full 0):
 garbage-first heap   total 121856K, used 98233K [0x0000000080000000, 0x0000000100000000)
  region size 1024K, 37 young (37888K), 6 survivors (6144K)
 Metaspace       used 73501K, committed 74048K, reserved 1114112K
  class space    used 9957K, committed 10240K, reserved 1048576K
}
Event: 8.507 GC heap after
{Heap after GC invocations=29 (full 0):
 garbage-first heap   total 121856K, used 69361K [0x0000000080000000, 0x0000000100000000)
  region size 1024K, 3 young (3072K), 3 survivors (3072K)
 Metaspace       used 73501K, committed 74048K, reserved 1114112K
  class space    used 9957K, committed 10240K, reserved 1048576K
}
Event: 8.748 GC heap before
{Heap before GC invocations=29 (full 0):
 garbage-first heap   total 121856K, used 98033K [0x0000000080000000, 0x0000000100000000)
  region size 1024K, 32 young (32768K), 3 survivors (3072K)
 Metaspace       used 73762K, committed 74304K, reserved 1114112K
  class space    used 9971K, committed 10240K, reserved 1048576K
}
Event: 8.752 GC heap after
{Heap after GC invocations=30 (full 0):
 garbage-first heap   total 121856K, used 71297K [0x0000000080000000, 0x0000000100000000)
  region size 1024K, 3 young (3072K), 3 survivors (3072K)
 Metaspace       used 73762K, committed 74304K, reserved 1114112K
  class space    used 9971K, committed 10240K, reserved 1048576K
}
Event: 9.396 GC heap before
{Heap before GC invocations=31 (full 0):
 garbage-first heap   total 130048K, used 98945K [0x0000000080000000, 0x0000000100000000)
  region size 1024K, 31 young (31744K), 3 survivors (3072K)
 Metaspace       used 75293K, committed 75840K, reserved 1114112K
  class space    used 10153K, committed 10432K, reserved 1048576K
}
Event: 9.401 GC heap after
{Heap after GC invocations=32 (full 0):
 garbage-first heap   total 130048K, used 75230K [0x0000000080000000, 0x0000000100000000)
  region size 1024K, 4 young (4096K), 4 survivors (4096K)
 Metaspace       used 75293K, committed 75840K, reserved 1114112K
  class space    used 10153K, committed 10432K, reserved 1048576K
}
Event: 9.665 GC heap before
{Heap before GC invocations=32 (full 0):
 garbage-first heap   total 130048K, used 87518K [0x0000000080000000, 0x0000000100000000)
  region size 1024K, 18 young (18432K), 4 survivors (4096K)
 Metaspace       used 75370K, committed 75904K, reserved 1114112K
  class space    used 10153K, committed 10432K, reserved 1048576K
}
Event: 9.670 GC heap after
{Heap after GC invocations=33 (full 0):
 garbage-first heap   total 130048K, used 80351K [0x0000000080000000, 0x0000000100000000)
  region size 1024K, 5 young (5120K), 5 survivors (5120K)
 Metaspace       used 75370K, committed 75904K, reserved 1114112K
  class space    used 10153K, committed 10432K, reserved 1048576K
}

