# JRE version: Java(TM) SE Runtime Environment (16.0.2+7) (build 16.0.2+7-67)
# Java VM: Java HotSpot(TM) 64-Bit Server VM (16.0.2+7-67, mixed mode, sharing, tiered, compressed oops, compressed class ptrs, g1 gc, windows-amd64)
GC Precious Log:
 CPUs: 8 total, 8 available
 Memory: 7959M
 Large Page Support: Disabled
 NUMA Support: Disabled
 Compressed Oops: Enabled (32-bit)
 Heap Region Size: 1M
 Heap Min Capacity: 8M
 Heap Initial Capacity: 126M
 Heap Max Capacity: 2G
 Pre-touch: Disabled
 Parallel Workers: 8
 Concurrent Workers: 2
 Concurrent Refinement Workers: 8
 Periodic GC: Disabled
Heap:
 garbage-first heap   total 235520K, used 150345K [0x0000000080000000, 0x0000000100000000)
  region size 1024K, 6 young (6144K), 6 survivors (6144K)
 Metaspace       used 107669K, committed 108288K, reserved 1146880K
  class space    used 14511K, committed 14784K, reserved 1048576K
GC Heap History (20 events):
Event: 11.331 GC heap after
{Heap after GC invocations=37 (full 0):
 garbage-first heap   total 184320K, used 96204K [0x0000000080000000, 0x0000000100000000)
  region size 1024K, 4 young (4096K), 4 survivors (4096K)
 Metaspace       used 78823K, committed 79360K, reserved 1122304K
  class space    used 10510K, committed 10752K, reserved 1048576K
}
Event: 11.821 GC heap before
{Heap before GC invocations=38 (full 0):
 garbage-first heap   total 184320K, used 138347K [0x0000000080000000, 0x0000000100000000)
  region size 1024K, 47 young (48128K), 4 survivors (4096K)
 Metaspace       used 80244K, committed 80832K, reserved 1122304K
  class space    used 10682K, committed 11008K, reserved 1048576K
}
Event: 11.828 GC heap after
{Heap after GC invocations=39 (full 0):
 garbage-first heap   total 184320K, used 98053K [0x0000000080000000, 0x0000000100000000)
  region size 1024K, 3 young (3072K), 3 survivors (3072K)
 Metaspace       used 80244K, committed 80832K, reserved 1122304K
  class space    used 10682K, committed 11008K, reserved 1048576K
}
Event: 11.892 GC heap before
{Heap before GC invocations=39 (full 0):
 garbage-first heap   total 184320K, used 103173K [0x0000000080000000, 0x0000000100000000)
  region size 1024K, 9 young (9216K), 3 survivors (3072K)
 Metaspace       used 80437K, committed 81024K, reserved 1122304K
  class space    used 10702K, committed 11008K, reserved 1048576K
}
Event: 11.900 GC heap after
{Heap after GC invocations=40 (full 0):
 garbage-first heap   total 221184K, used 86012K [0x0000000080000000, 0x0000000100000000)
  region size 1024K, 1 young (1024K), 1 survivors (1024K)
 Metaspace       used 80437K, committed 81024K, reserved 1122304K
  class space    used 10702K, committed 11008K, reserved 1048576K
}
Event: 14.351 GC heap before
{Heap before GC invocations=40 (full 0):
 garbage-first heap   total 221184K, used 161788K [0x0000000080000000, 0x0000000100000000)
  region size 1024K, 76 young (77824K), 1 survivors (1024K)
 Metaspace       used 84114K, committed 84736K, reserved 1122304K
  class space    used 11157K, committed 11456K, reserved 1048576K
}
Event: 14.356 GC heap after
{Heap after GC invocations=41 (full 0):
 garbage-first heap   total 221184K, used 91433K [0x0000000080000000, 0x0000000100000000)
  region size 1024K, 6 young (6144K), 6 survivors (6144K)
 Metaspace       used 84114K, committed 84736K, reserved 1122304K
  class space    used 11157K, committed 11456K, reserved 1048576K
}
Event: 15.892 GC heap before
{Heap before GC invocations=41 (full 0):
 garbage-first heap   total 221184K, used 168233K [0x0000000080000000, 0x0000000100000000)
  region size 1024K, 80 young (81920K), 6 survivors (6144K)
 Metaspace       used 93421K, committed 94080K, reserved 1130496K
  class space    used 12272K, committed 12608K, reserved 1048576K
}
Event: 15.904 GC heap after
{Heap after GC invocations=42 (full 0):
 garbage-first heap   total 221184K, used 105428K [0x0000000080000000, 0x0000000100000000)
  region size 1024K, 10 young (10240K), 10 survivors (10240K)
 Metaspace       used 93421K, committed 94080K, reserved 1130496K
  class space    used 12272K, committed 12608K, reserved 1048576K
}
Event: 16.495 GC heap before
{Heap before GC invocations=42 (full 0):
 garbage-first heap   total 221184K, used 169940K [0x0000000080000000, 0x0000000100000000)
  region size 1024K, 72 young (73728K), 10 survivors (10240K)
 Metaspace       used 100433K, committed 101056K, reserved 1138688K
  class space    used 13383K, committed 13696K, reserved 1048576K
}
Event: 16.511 GC heap after
{Heap after GC invocations=43 (full 0):
 garbage-first heap   total 221184K, used 111242K [0x0000000080000000, 0x0000000100000000)
  region size 1024K, 9 young (9216K), 9 survivors (9216K)
 Metaspace       used 100433K, committed 101056K, reserved 1138688K
  class space    used 13383K, committed 13696K, reserved 1048576K
}
Event: 17.058 GC heap before
{Heap before GC invocations=43 (full 0):
 garbage-first heap   total 221184K, used 163466K [0x0000000080000000, 0x0000000100000000)
  region size 1024K, 62 young (63488K), 9 survivors (9216K)
 Metaspace       used 105709K, committed 106368K, reserved 1146880K
  class space    used 14178K, committed 14464K, reserved 1048576K
}
Event: 17.064 GC heap after
{Heap after GC invocations=44 (full 0):
 garbage-first heap   total 221184K, used 110124K [0x0000000080000000, 0x0000000100000000)
  region size 1024K, 3 young (3072K), 3 survivors (3072K)
 Metaspace       used 105709K, committed 106368K, reserved 1146880K
  class space    used 14178K, committed 14464K, reserved 1048576K
}
Event: 17.279 GC heap before
{Heap before GC invocations=45 (full 0):
 garbage-first heap   total 221184K, used 120364K [0x0000000080000000, 0x0000000100000000)
  region size 1024K, 11 young (11264K), 3 survivors (3072K)
 Metaspace       used 106236K, committed 106944K, reserved 1146880K
  class space    used 14257K, committed 14592K, reserved 1048576K
}
Event: 17.283 GC heap after
{Heap after GC invocations=46 (full 0):
 garbage-first heap   total 221184K, used 112735K [0x0000000080000000, 0x0000000100000000)
  region size 1024K, 3 young (3072K), 3 survivors (3072K)
 Metaspace       used 106236K, committed 106944K, reserved 1146880K
  class space    used 14257K, committed 14592K, reserved 1048576K
}
Event: 17.833 GC heap before
{Heap before GC invocations=47 (full 0):
 garbage-first heap   total 235520K, used 192607K [0x0000000080000000, 0x0000000100000000)
  region size 1024K, 65 young (66560K), 3 survivors (3072K)
 Metaspace       used 107456K, committed 108096K, reserved 1146880K
  class space    used 14506K, committed 14784K, reserved 1048576K
}
Event: 17.856 GC heap after
{Heap after GC invocations=48 (full 0):
 garbage-first heap   total 235520K, used 145495K [0x0000000080000000, 0x0000000100000000)
  region size 1024K, 9 young (9216K), 9 survivors (9216K)
 Metaspace       used 107456K, committed 108096K, reserved 1146880K
  class space    used 14506K, committed 14784K, reserved 1048576K
}
Event: 17.884 GC heap before
{Heap before GC invocations=48 (full 0):
 garbage-first heap   total 235520K, used 147543K [0x0000000080000000, 0x0000000100000000)
  region size 1024K, 11 young (11264K), 9 survivors (9216K)
 Metaspace       used 107457K, committed 108096K, reserved 1146880K
  class space    used 14506K, committed 14784K, reserved 1048576K
}
Event: 17.902 GC heap after
{Heap after GC invocations=49 (full 0):
 garbage-first heap   total 235520K, used 133186K [0x0000000080000000, 0x0000000100000000)
  region size 1024K, 2 young (2048K), 2 survivors (2048K)
 Metaspace       used 107457K, committed 108096K, reserved 1146880K
  class space    used 14506K, committed 14784K, reserved 1048576K
}
Event: 18.238 GC heap before
{Heap before GC invocations=49 (full 0):
 garbage-first heap   total 235520K, used 178242K [0x0000000080000000, 0x0000000100000000)
  region size 1024K, 47 young (48128K), 2 survivors (2048K)
 Metaspace       used 107669K, committed 108288K, reserved 1146880K
  class space    used 14511K, committed 14784K, reserved 1048576K
}

