# JRE version: Java(TM) SE Runtime Environment (16.0.2+7) (build 16.0.2+7-67)
# Java VM: Java HotSpot(TM) 64-Bit Server VM (16.0.2+7-67, mixed mode, sharing, tiered, compressed oops, compressed class ptrs, g1 gc, windows-amd64)
GC Precious Log:
 CPUs: 8 total, 8 available
 Memory: 7959M
 Large Page Support: Disabled
 NUMA Support: Disabled
 Compressed Oops: Enabled (32-bit)
 Heap Region Size: 1M
 Heap Min Capacity: 8M
 Heap Initial Capacity: 126M
 Heap Max Capacity: 2G
 Pre-touch: Disabled
 Parallel Workers: 8
 Concurrent Workers: 2
 Concurrent Refinement Workers: 8
 Periodic GC: Disabled
Heap:
 garbage-first heap   total 211968K, used 111883K [0x0000000080000000, 0x0000000100000000)
  region size 1024K, 6 young (6144K), 6 survivors (6144K)
 Metaspace       used 81908K, committed 82432K, reserved 1122304K
  class space    used 10747K, committed 11008K, reserved 1048576K
GC Heap History (20 events):
Event: 8.205 GC heap after
{Heap after GC invocations=28 (full 0):
 garbage-first heap   total 110592K, used 65202K [0x0000000080000000, 0x0000000100000000)
  region size 1024K, 5 young (5120K), 5 survivors (5120K)
 Metaspace       used 71360K, committed 71872K, reserved 1114112K
  class space    used 9572K, committed 9856K, reserved 1048576K
}
Event: 8.635 GC heap before
{Heap before GC invocations=29 (full 0):
 garbage-first heap   total 116736K, used 88754K [0x0000000080000000, 0x0000000100000000)
  region size 1024K, 29 young (29696K), 5 survivors (5120K)
 Metaspace       used 73412K, committed 73984K, reserved 1114112K
  class space    used 9955K, committed 10240K, reserved 1048576K
}
Event: 8.641 GC heap after
{Heap after GC invocations=30 (full 0):
 garbage-first heap   total 116736K, used 68044K [0x0000000080000000, 0x0000000100000000)
  region size 1024K, 3 young (3072K), 3 survivors (3072K)
 Metaspace       used 73412K, committed 73984K, reserved 1114112K
  class space    used 9955K, committed 10240K, reserved 1048576K
}
Event: 8.839 GC heap before
{Heap before GC invocations=30 (full 0):
 garbage-first heap   total 116736K, used 94668K [0x0000000080000000, 0x0000000100000000)
  region size 1024K, 30 young (30720K), 3 survivors (3072K)
 Metaspace       used 73622K, committed 74176K, reserved 1114112K
  class space    used 9957K, committed 10240K, reserved 1048576K
}
Event: 8.842 GC heap after
{Heap after GC invocations=31 (full 0):
 garbage-first heap   total 116736K, used 69637K [0x0000000080000000, 0x0000000100000000)
  region size 1024K, 2 young (2048K), 2 survivors (2048K)
 Metaspace       used 73622K, committed 74176K, reserved 1114112K
  class space    used 9957K, committed 10240K, reserved 1048576K
}
Event: 9.339 GC heap before
{Heap before GC invocations=32 (full 0):
 garbage-first heap   total 126976K, used 96261K [0x0000000080000000, 0x0000000100000000)
  region size 1024K, 28 young (28672K), 2 survivors (2048K)
 Metaspace       used 74255K, committed 74816K, reserved 1114112K
  class space    used 10042K, committed 10304K, reserved 1048576K
}
Event: 9.341 GC heap after
{Heap after GC invocations=33 (full 0):
 garbage-first heap   total 126976K, used 70914K [0x0000000080000000, 0x0000000100000000)
  region size 1024K, 3 young (3072K), 3 survivors (3072K)
 Metaspace       used 74255K, committed 74816K, reserved 1114112K
  class space    used 10042K, committed 10304K, reserved 1048576K
}
Event: 9.915 GC heap before
{Heap before GC invocations=33 (full 0):
 garbage-first heap   total 126976K, used 98562K [0x0000000080000000, 0x0000000100000000)
  region size 1024K, 32 young (32768K), 3 survivors (3072K)
 Metaspace       used 75370K, committed 75968K, reserved 1122304K
  class space    used 10153K, committed 10432K, reserved 1048576K
}
Event: 9.922 GC heap after
{Heap after GC invocations=34 (full 0):
 garbage-first heap   total 126976K, used 79153K [0x0000000080000000, 0x0000000100000000)
  region size 1024K, 5 young (5120K), 5 survivors (5120K)
 Metaspace       used 75370K, committed 75968K, reserved 1122304K
  class space    used 10153K, committed 10432K, reserved 1048576K
}
Event: 10.237 GC heap before
{Heap before GC invocations=35 (full 0):
 garbage-first heap   total 148480K, used 101681K [0x0000000080000000, 0x0000000100000000)
  region size 1024K, 25 young (25600K), 5 survivors (5120K)
 Metaspace       used 75452K, committed 76032K, reserved 1122304K
  class space    used 10149K, committed 10432K, reserved 1048576K
}
Event: 10.245 GC heap after
{Heap after GC invocations=36 (full 0):
 garbage-first heap   total 148480K, used 90972K [0x0000000080000000, 0x0000000100000000)
  region size 1024K, 4 young (4096K), 4 survivors (4096K)
 Metaspace       used 75452K, committed 76032K, reserved 1122304K
  class space    used 10149K, committed 10432K, reserved 1048576K
}
Event: 10.503 GC heap before
{Heap before GC invocations=36 (full 0):
 garbage-first heap   total 148480K, used 112476K [0x0000000080000000, 0x0000000100000000)
  region size 1024K, 25 young (25600K), 4 survivors (4096K)
 Metaspace       used 76986K, committed 77504K, reserved 1122304K
  class space    used 10318K, committed 10560K, reserved 1048576K
}
Event: 10.508 GC heap after
{Heap after GC invocations=37 (full 0):
 garbage-first heap   total 148480K, used 94449K [0x0000000080000000, 0x0000000100000000)
  region size 1024K, 3 young (3072K), 3 survivors (3072K)
 Metaspace       used 76986K, committed 77504K, reserved 1122304K
  class space    used 10318K, committed 10560K, reserved 1048576K
}
Event: 10.711 GC heap before
{Heap before GC invocations=38 (full 0):
 garbage-first heap   total 167936K, used 105713K [0x0000000080000000, 0x0000000100000000)
  region size 1024K, 12 young (12288K), 3 survivors (3072K)
 Metaspace       used 79319K, committed 79872K, reserved 1122304K
  class space    used 10546K, committed 10816K, reserved 1048576K
}
Event: 10.717 GC heap after
{Heap after GC invocations=39 (full 0):
 garbage-first heap   total 167936K, used 101369K [0x0000000080000000, 0x0000000100000000)
  region size 1024K, 3 young (3072K), 3 survivors (3072K)
 Metaspace       used 79319K, committed 79872K, reserved 1122304K
  class space    used 10546K, committed 10816K, reserved 1048576K
}
Event: 11.380 GC heap before
{Heap before GC invocations=40 (full 0):
 garbage-first heap   total 191488K, used 137209K [0x0000000080000000, 0x0000000100000000)
  region size 1024K, 30 young (30720K), 3 survivors (3072K)
 Metaspace       used 79721K, committed 80320K, reserved 1122304K
  class space    used 10574K, committed 10880K, reserved 1048576K
}
Event: 11.387 GC heap after
{Heap after GC invocations=41 (full 0):
 garbage-first heap   total 191488K, used 101666K [0x0000000080000000, 0x0000000100000000)
  region size 1024K, 3 young (3072K), 3 survivors (3072K)
 Metaspace       used 79721K, committed 80320K, reserved 1122304K
  class space    used 10574K, committed 10880K, reserved 1048576K
}
Event: 11.521 GC heap before
{Heap before GC invocations=41 (full 0):
 garbage-first heap   total 191488K, used 108834K [0x0000000080000000, 0x0000000100000000)
  region size 1024K, 12 young (12288K), 3 survivors (3072K)
 Metaspace       used 79744K, committed 80320K, reserved 1122304K
  class space    used 10577K, committed 10880K, reserved 1048576K
}
Event: 11.526 GC heap after
{Heap after GC invocations=42 (full 0):
 garbage-first heap   total 191488K, used 106527K [0x0000000080000000, 0x0000000100000000)
  region size 1024K, 6 young (6144K), 6 survivors (6144K)
 Metaspace       used 79744K, committed 80320K, reserved 1122304K
  class space    used 10577K, committed 10880K, reserved 1048576K
}
Event: 11.904 GC heap before
{Heap before GC invocations=43 (full 0):
 garbage-first heap   total 211968K, used 158751K [0x0000000080000000, 0x0000000100000000)
  region size 1024K, 44 young (45056K), 6 survivors (6144K)
 Metaspace       used 81908K, committed 82432K, reserved 1122304K
  class space    used 10747K, committed 11008K, reserved 1048576K
}

