# JRE version: Java(TM) SE Runtime Environment (16.0.2+7) (build 16.0.2+7-67)
# Java VM: Java HotSpot(TM) 64-Bit Server VM (16.0.2+7-67, mixed mode, sharing, tiered, compressed oops, compressed class ptrs, g1 gc, windows-amd64)
GC Precious Log:
 CPUs: 8 total, 8 available
 Memory: 7959M
 Large Page Support: Disabled
 NUMA Support: Disabled
 Compressed Oops: Enabled (32-bit)
 Heap Region Size: 1M
 Heap Min Capacity: 8M
 Heap Initial Capacity: 126M
 Heap Max Capacity: 2G
 Pre-touch: Disabled
 Parallel Workers: 8
 Concurrent Workers: 2
 Concurrent Refinement Workers: 8
 Periodic GC: Disabled
Heap:
 garbage-first heap   total 353280K, used 165632K [0x0000000080000000, 0x0000000100000000)
  region size 1024K, 7 young (7168K), 7 survivors (7168K)
 Metaspace       used 105762K, committed 106432K, reserved 1146880K
  class space    used 14335K, committed 14656K, reserved 1048576K
GC Heap History (20 events):
Event: 13.768 GC heap after
{Heap after GC invocations=56 (full 0):
 garbage-first heap   total 308224K, used 151655K [0x0000000080000000, 0x0000000100000000)
  region size 1024K, 4 young (4096K), 4 survivors (4096K)
 Metaspace       used 88534K, committed 89152K, reserved 1130496K
  class space    used 12097K, committed 12416K, reserved 1048576K
}
Event: 14.063 GC heap before
{Heap before GC invocations=57 (full 0):
 garbage-first heap   total 308224K, used 171111K [0x0000000080000000, 0x0000000100000000)
  region size 1024K, 24 young (24576K), 4 survivors (4096K)
 Metaspace       used 89256K, committed 89856K, reserved 1130496K
  class space    used 12188K, committed 12480K, reserved 1048576K
}
Event: 14.067 GC heap after
{Heap after GC invocations=58 (full 0):
 garbage-first heap   total 308224K, used 155463K [0x0000000080000000, 0x0000000100000000)
  region size 1024K, 7 young (7168K), 7 survivors (7168K)
 Metaspace       used 89256K, committed 89856K, reserved 1130496K
  class space    used 12188K, committed 12480K, reserved 1048576K
}
Event: 14.349 GC heap before
{Heap before GC invocations=59 (full 0):
 garbage-first heap   total 353280K, used 230215K [0x0000000080000000, 0x0000000100000000)
  region size 1024K, 73 young (74752K), 7 survivors (7168K)
 Metaspace       used 89801K, committed 90432K, reserved 1130496K
  class space    used 12245K, committed 12544K, reserved 1048576K
}
Event: 14.360 GC heap after
{Heap after GC invocations=60 (full 0):
 garbage-first heap   total 353280K, used 173801K [0x0000000080000000, 0x0000000100000000)
  region size 1024K, 10 young (10240K), 10 survivors (10240K)
 Metaspace       used 89801K, committed 90432K, reserved 1130496K
  class space    used 12245K, committed 12544K, reserved 1048576K
}
Event: 14.975 GC heap before
{Heap before GC invocations=60 (full 0):
 garbage-first heap   total 353280K, used 255721K [0x0000000080000000, 0x0000000100000000)
  region size 1024K, 91 young (93184K), 10 survivors (10240K)
 Metaspace       used 91446K, committed 92032K, reserved 1130496K
  class space    used 12447K, committed 12736K, reserved 1048576K
}
Event: 14.983 GC heap after
{Heap after GC invocations=61 (full 0):
 garbage-first heap   total 353280K, used 176610K [0x0000000080000000, 0x0000000100000000)
  region size 1024K, 3 young (3072K), 3 survivors (3072K)
 Metaspace       used 91446K, committed 92032K, reserved 1130496K
  class space    used 12447K, committed 12736K, reserved 1048576K
}
Event: 16.845 GC heap before
{Heap before GC invocations=62 (full 0):
 garbage-first heap   total 353280K, used 260578K [0x0000000080000000, 0x0000000100000000)
  region size 1024K, 98 young (100352K), 3 survivors (3072K)
 Metaspace       used 101417K, committed 102016K, reserved 1138688K
  class space    used 13649K, committed 13952K, reserved 1048576K
}
Event: 16.852 GC heap after
{Heap after GC invocations=63 (full 0):
 garbage-first heap   total 353280K, used 167867K [0x0000000080000000, 0x0000000100000000)
  region size 1024K, 9 young (9216K), 9 survivors (9216K)
 Metaspace       used 101417K, committed 102016K, reserved 1138688K
  class space    used 13649K, committed 13952K, reserved 1048576K
}
Event: 16.875 GC heap before
{Heap before GC invocations=63 (full 0):
 garbage-first heap   total 353280K, used 176059K [0x0000000080000000, 0x0000000100000000)
  region size 1024K, 17 young (17408K), 9 survivors (9216K)
 Metaspace       used 101766K, committed 102400K, reserved 1138688K
  class space    used 13712K, committed 14016K, reserved 1048576K
}
Event: 16.901 GC heap after
{Heap after GC invocations=64 (full 0):
 garbage-first heap   total 353280K, used 148480K [0x0000000080000000, 0x0000000100000000)
  region size 1024K, 3 young (3072K), 3 survivors (3072K)
 Metaspace       used 101766K, committed 102400K, reserved 1138688K
  class space    used 13712K, committed 14016K, reserved 1048576K
}
Event: 17.641 GC heap before
{Heap before GC invocations=64 (full 0):
 garbage-first heap   total 353280K, used 226304K [0x0000000080000000, 0x0000000100000000)
  region size 1024K, 68 young (69632K), 3 survivors (3072K)
 Metaspace       used 105740K, committed 106368K, reserved 1146880K
  class space    used 14335K, committed 14656K, reserved 1048576K
}
Event: 17.649 GC heap after
{Heap after GC invocations=65 (full 0):
 garbage-first heap   total 353280K, used 163391K [0x0000000080000000, 0x0000000100000000)
  region size 1024K, 6 young (6144K), 6 survivors (6144K)
 Metaspace       used 105740K, committed 106368K, reserved 1146880K
  class space    used 14335K, committed 14656K, reserved 1048576K
}
Event: 17.651 GC heap before
{Heap before GC invocations=65 (full 0):
 garbage-first heap   total 353280K, used 168511K [0x0000000080000000, 0x0000000100000000)
  region size 1024K, 7 young (7168K), 6 survivors (6144K)
 Metaspace       used 105740K, committed 106368K, reserved 1146880K
  class space    used 14335K, committed 14656K, reserved 1048576K
}
Event: 17.656 GC heap after
{Heap after GC invocations=66 (full 0):
 garbage-first heap   total 353280K, used 169058K [0x0000000080000000, 0x0000000100000000)
  region size 1024K, 7 young (7168K), 7 survivors (7168K)
 Metaspace       used 105740K, committed 106368K, reserved 1146880K
  class space    used 14335K, committed 14656K, reserved 1048576K
}
Event: 18.392 GC heap before
{Heap before GC invocations=67 (full 0):
 garbage-first heap   total 353280K, used 267362K [0x0000000080000000, 0x0000000100000000)
  region size 1024K, 114 young (116736K), 7 survivors (7168K)
 Metaspace       used 105753K, committed 106432K, reserved 1146880K
  class space    used 14335K, committed 14656K, reserved 1048576K
}
Event: 18.422 GC heap after
{Heap after GC invocations=68 (full 0):
 garbage-first heap   total 353280K, used 180962K [0x0000000080000000, 0x0000000100000000)
  region size 1024K, 15 young (15360K), 15 survivors (15360K)
 Metaspace       used 105753K, committed 106432K, reserved 1146880K
  class space    used 14335K, committed 14656K, reserved 1048576K
}
Event: 18.441 GC heap before
{Heap before GC invocations=68 (full 0):
 garbage-first heap   total 353280K, used 183010K [0x0000000080000000, 0x0000000100000000)
  region size 1024K, 17 young (17408K), 15 survivors (15360K)
 Metaspace       used 105753K, committed 106432K, reserved 1146880K
  class space    used 14335K, committed 14656K, reserved 1048576K
}
Event: 18.462 GC heap after
{Heap after GC invocations=69 (full 0):
 garbage-first heap   total 353280K, used 151082K [0x0000000080000000, 0x0000000100000000)
  region size 1024K, 2 young (2048K), 2 survivors (2048K)
 Metaspace       used 105753K, committed 106432K, reserved 1146880K
  class space    used 14335K, committed 14656K, reserved 1048576K
}
Event: 18.955 GC heap before
{Heap before GC invocations=69 (full 0):
 garbage-first heap   total 353280K, used 208426K [0x0000000080000000, 0x0000000100000000)
  region size 1024K, 51 young (52224K), 2 survivors (2048K)
 Metaspace       used 105762K, committed 106432K, reserved 1146880K
  class space    used 14335K, committed 14656K, reserved 1048576K
}

