# JRE version: Java(TM) SE Runtime Environment (16.0.2+7) (build 16.0.2+7-67)
# Java VM: Java HotSpot(TM) 64-Bit Server VM (16.0.2+7-67, mixed mode, sharing, tiered, compressed oops, compressed class ptrs, g1 gc, windows-amd64)
GC Precious Log:
 CPUs: 8 total, 8 available
 Memory: 7959M
 Large Page Support: Disabled
 NUMA Support: Disabled
 Compressed Oops: Enabled (32-bit)
 Heap Region Size: 1M
 Heap Min Capacity: 8M
 Heap Initial Capacity: 126M
 Heap Max Capacity: 2G
 Pre-touch: Disabled
 Parallel Workers: 8
 Concurrent Workers: 2
 Concurrent Refinement Workers: 8
 Periodic GC: Disabled
Heap:
 garbage-first heap   total 107520K, used 81029K [0x0000000080000000, 0x0000000100000000)
  region size 1024K, 25 young (25600K), 4 survivors (4096K)
 Metaspace       used 68570K, committed 69120K, reserved 1114112K
  class space    used 9252K, committed 9536K, reserved 1048576K
GC Heap History (20 events):
Event: 6.298 GC heap before
{Heap before GC invocations=15 (full 0):
 garbage-first heap   total 80896K, used 61856K [0x0000000080000000, 0x0000000100000000)
  region size 1024K, 18 young (18432K), 1 survivors (1024K)
 Metaspace       used 47474K, committed 47936K, reserved 1097728K
  class space    used 6295K, committed 6528K, reserved 1048576K
}
Event: 6.299 GC heap after
{Heap after GC invocations=16 (full 0):
 garbage-first heap   total 80896K, used 46033K [0x0000000080000000, 0x0000000100000000)
  region size 1024K, 2 young (2048K), 2 survivors (2048K)
 Metaspace       used 47474K, committed 47936K, reserved 1097728K
  class space    used 6295K, committed 6528K, reserved 1048576K
}
Event: 6.627 GC heap before
{Heap before GC invocations=16 (full 0):
 garbage-first heap   total 80896K, used 64465K [0x0000000080000000, 0x0000000100000000)
  region size 1024K, 20 young (20480K), 2 survivors (2048K)
 Metaspace       used 50648K, committed 51072K, reserved 1097728K
  class space    used 6712K, committed 6912K, reserved 1048576K
}
Event: 6.630 GC heap after
{Heap after GC invocations=17 (full 0):
 garbage-first heap   total 80896K, used 47273K [0x0000000080000000, 0x0000000100000000)
  region size 1024K, 3 young (3072K), 3 survivors (3072K)
 Metaspace       used 50648K, committed 51072K, reserved 1097728K
  class space    used 6712K, committed 6912K, reserved 1048576K
}
Event: 6.831 GC heap before
{Heap before GC invocations=18 (full 0):
 garbage-first heap   total 87040K, used 64681K [0x0000000080000000, 0x0000000100000000)
  region size 1024K, 21 young (21504K), 3 survivors (3072K)
 Metaspace       used 52831K, committed 53248K, reserved 1097728K
  class space    used 6951K, committed 7168K, reserved 1048576K
}
Event: 6.835 GC heap after
{Heap after GC invocations=19 (full 0):
 garbage-first heap   total 87040K, used 49523K [0x0000000080000000, 0x0000000100000000)
  region size 1024K, 3 young (3072K), 3 survivors (3072K)
 Metaspace       used 52831K, committed 53248K, reserved 1097728K
  class space    used 6951K, committed 7168K, reserved 1048576K
}
Event: 7.069 GC heap before
{Heap before GC invocations=19 (full 0):
 garbage-first heap   total 87040K, used 68979K [0x0000000080000000, 0x0000000100000000)
  region size 1024K, 22 young (22528K), 3 survivors (3072K)
 Metaspace       used 54400K, committed 54848K, reserved 1097728K
  class space    used 7147K, committed 7360K, reserved 1048576K
}
Event: 7.072 GC heap after
{Heap after GC invocations=20 (full 0):
 garbage-first heap   total 87040K, used 51495K [0x0000000080000000, 0x0000000100000000)
  region size 1024K, 2 young (2048K), 2 survivors (2048K)
 Metaspace       used 54400K, committed 54848K, reserved 1097728K
  class space    used 7147K, committed 7360K, reserved 1048576K
}
Event: 7.198 GC heap before
{Heap before GC invocations=21 (full 0):
 garbage-first heap   total 94208K, used 59687K [0x0000000080000000, 0x0000000100000000)
  region size 1024K, 11 young (11264K), 2 survivors (2048K)
 Metaspace       used 55319K, committed 55808K, reserved 1097728K
  class space    used 7238K, committed 7488K, reserved 1048576K
}
Event: 7.200 GC heap after
{Heap after GC invocations=22 (full 0):
 garbage-first heap   total 94208K, used 52232K [0x0000000080000000, 0x0000000100000000)
  region size 1024K, 1 young (1024K), 1 survivors (1024K)
 Metaspace       used 55319K, committed 55808K, reserved 1097728K
  class space    used 7238K, committed 7488K, reserved 1048576K
}
Event: 7.423 GC heap before
{Heap before GC invocations=23 (full 0):
 garbage-first heap   total 96256K, used 76808K [0x0000000080000000, 0x0000000100000000)
  region size 1024K, 24 young (24576K), 1 survivors (1024K)
 Metaspace       used 56127K, committed 56576K, reserved 1105920K
  class space    used 7367K, committed 7616K, reserved 1048576K
}
Event: 7.425 GC heap after
{Heap after GC invocations=24 (full 0):
 garbage-first heap   total 96256K, used 53899K [0x0000000080000000, 0x0000000100000000)
  region size 1024K, 3 young (3072K), 3 survivors (3072K)
 Metaspace       used 56127K, committed 56576K, reserved 1105920K
  class space    used 7367K, committed 7616K, reserved 1048576K
}
Event: 7.643 GC heap before
{Heap before GC invocations=24 (full 0):
 garbage-first heap   total 96256K, used 76427K [0x0000000080000000, 0x0000000100000000)
  region size 1024K, 26 young (26624K), 3 survivors (3072K)
 Metaspace       used 57772K, committed 58240K, reserved 1105920K
  class space    used 7582K, committed 7808K, reserved 1048576K
}
Event: 7.646 GC heap after
{Heap after GC invocations=25 (full 0):
 garbage-first heap   total 96256K, used 55927K [0x0000000080000000, 0x0000000100000000)
  region size 1024K, 4 young (4096K), 4 survivors (4096K)
 Metaspace       used 57772K, committed 58240K, reserved 1105920K
  class space    used 7582K, committed 7808K, reserved 1048576K
}
Event: 8.060 GC heap before
{Heap before GC invocations=26 (full 0):
 garbage-first heap   total 101376K, used 78455K [0x0000000080000000, 0x0000000100000000)
  region size 1024K, 26 young (26624K), 4 survivors (4096K)
 Metaspace       used 60812K, committed 61312K, reserved 1105920K
  class space    used 8161K, committed 8384K, reserved 1048576K
}
Event: 8.063 GC heap after
{Heap after GC invocations=27 (full 0):
 garbage-first heap   total 101376K, used 57257K [0x0000000080000000, 0x0000000100000000)
  region size 1024K, 4 young (4096K), 4 survivors (4096K)
 Metaspace       used 60812K, committed 61312K, reserved 1105920K
  class space    used 8161K, committed 8384K, reserved 1048576K
}
Event: 8.352 GC heap before
{Heap before GC invocations=27 (full 0):
 garbage-first heap   total 101376K, used 81833K [0x0000000080000000, 0x0000000100000000)
  region size 1024K, 28 young (28672K), 4 survivors (4096K)
 Metaspace       used 63090K, committed 63616K, reserved 1105920K
  class space    used 8483K, committed 8704K, reserved 1048576K
}
Event: 8.355 GC heap after
{Heap after GC invocations=28 (full 0):
 garbage-first heap   total 101376K, used 59266K [0x0000000080000000, 0x0000000100000000)
  region size 1024K, 4 young (4096K), 4 survivors (4096K)
 Metaspace       used 63090K, committed 63616K, reserved 1105920K
  class space    used 8483K, committed 8704K, reserved 1048576K
}
Event: 8.674 GC heap before
{Heap before GC invocations=29 (full 0):
 garbage-first heap   total 107520K, used 82818K [0x0000000080000000, 0x0000000100000000)
  region size 1024K, 27 young (27648K), 4 survivors (4096K)
 Metaspace       used 65815K, committed 66304K, reserved 1114112K
  class space    used 8920K, committed 9152K, reserved 1048576K
}
Event: 8.678 GC heap after
{Heap after GC invocations=30 (full 0):
 garbage-first heap   total 107520K, used 60549K [0x0000000080000000, 0x0000000100000000)
  region size 1024K, 4 young (4096K), 4 survivors (4096K)
 Metaspace       used 65815K, committed 66304K, reserved 1114112K
  class space    used 8920K, committed 9152K, reserved 1048576K
}

