# JRE version: Java(TM) SE Runtime Environment (16.0.2+7) (build 16.0.2+7-67)
# Java VM: Java HotSpot(TM) 64-Bit Server VM (16.0.2+7-67, mixed mode, sharing, tiered, compressed oops, compressed class ptrs, g1 gc, windows-amd64)
GC Precious Log:
 CPUs: 8 total, 8 available
 Memory: 7959M
 Large Page Support: Disabled
 NUMA Support: Disabled
 Compressed Oops: Enabled (32-bit)
 Heap Region Size: 1M
 Heap Min Capacity: 8M
 Heap Initial Capacity: 126M
 Heap Max Capacity: 2G
 Pre-touch: Disabled
 Parallel Workers: 8
 Concurrent Workers: 2
 Concurrent Refinement Workers: 8
 Periodic GC: Disabled
Heap:
 garbage-first heap   total 342016K, used 159447K [0x0000000080000000, 0x0000000100000000)
  region size 1024K, 2 young (2048K), 2 survivors (2048K)
 Metaspace       used 109602K, committed 110272K, reserved 1146880K
  class space    used 14703K, committed 15040K, reserved 1048576K
GC Heap History (20 events):
Event: 11.409 GC heap after
{Heap after GC invocations=45 (full 0):
 garbage-first heap   total 183296K, used 86559K [0x0000000080000000, 0x0000000100000000)
  region size 1024K, 1 young (1024K), 1 survivors (1024K)
 Metaspace       used 80276K, committed 80896K, reserved 1122304K
  class space    used 10671K, committed 11008K, reserved 1048576K
}
Event: 13.691 GC heap before
{Heap before GC invocations=45 (full 0):
 garbage-first heap   total 183296K, used 139807K [0x0000000080000000, 0x0000000100000000)
  region size 1024K, 54 young (55296K), 1 survivors (1024K)
 Metaspace       used 83703K, committed 84288K, reserved 1122304K
  class space    used 11104K, committed 11392K, reserved 1048576K
}
Event: 13.698 GC heap after
{Heap after GC invocations=46 (full 0):
 garbage-first heap   total 183296K, used 92095K [0x0000000080000000, 0x0000000100000000)
  region size 1024K, 6 young (6144K), 6 survivors (6144K)
 Metaspace       used 83703K, committed 84288K, reserved 1122304K
  class space    used 11104K, committed 11392K, reserved 1048576K
}
Event: 14.050 GC heap before
{Heap before GC invocations=47 (full 0):
 garbage-first heap   total 183296K, used 141247K [0x0000000080000000, 0x0000000100000000)
  region size 1024K, 56 young (57344K), 6 survivors (6144K)
 Metaspace       used 84588K, committed 85248K, reserved 1130496K
  class space    used 11199K, committed 11520K, reserved 1048576K
}
Event: 14.054 GC heap after
{Heap after GC invocations=48 (full 0):
 garbage-first heap   total 183296K, used 91933K [0x0000000080000000, 0x0000000100000000)
  region size 1024K, 2 young (2048K), 2 survivors (2048K)
 Metaspace       used 84588K, committed 85248K, reserved 1130496K
  class space    used 11199K, committed 11520K, reserved 1048576K
}
Event: 14.079 GC heap before
{Heap before GC invocations=48 (full 0):
 garbage-first heap   total 183296K, used 98077K [0x0000000080000000, 0x0000000100000000)
  region size 1024K, 8 young (8192K), 2 survivors (2048K)
 Metaspace       used 84738K, committed 85376K, reserved 1130496K
  class space    used 11222K, committed 11520K, reserved 1048576K
}
Event: 14.091 GC heap after
{Heap after GC invocations=49 (full 0):
 garbage-first heap   total 293888K, used 83323K [0x0000000080000000, 0x0000000100000000)
  region size 1024K, 1 young (1024K), 1 survivors (1024K)
 Metaspace       used 84738K, committed 85376K, reserved 1130496K
  class space    used 11222K, committed 11520K, reserved 1048576K
}
Event: 16.069 GC heap before
{Heap before GC invocations=49 (full 0):
 garbage-first heap   total 293888K, used 219515K [0x0000000080000000, 0x0000000100000000)
  region size 1024K, 131 young (134144K), 1 survivors (1024K)
 Metaspace       used 101697K, committed 102336K, reserved 1138688K
  class space    used 13601K, committed 13888K, reserved 1048576K
}
Event: 16.081 GC heap after
{Heap after GC invocations=50 (full 0):
 garbage-first heap   total 293888K, used 97592K [0x0000000080000000, 0x0000000100000000)
  region size 1024K, 13 young (13312K), 13 survivors (13312K)
 Metaspace       used 101697K, committed 102336K, reserved 1138688K
  class space    used 13601K, committed 13888K, reserved 1048576K
}
Event: 17.014 GC heap before
{Heap before GC invocations=50 (full 0):
 garbage-first heap   total 293888K, used 248120K [0x0000000080000000, 0x0000000100000000)
  region size 1024K, 137 young (140288K), 13 survivors (13312K)
 Metaspace       used 107866K, committed 108480K, reserved 1146880K
  class space    used 14530K, committed 14848K, reserved 1048576K
}
Event: 17.040 GC heap after
{Heap after GC invocations=51 (full 0):
 garbage-first heap   total 293888K, used 130903K [0x0000000080000000, 0x0000000100000000)
  region size 1024K, 18 young (18432K), 18 survivors (18432K)
 Metaspace       used 107866K, committed 108480K, reserved 1146880K
  class space    used 14530K, committed 14848K, reserved 1048576K
}
Event: 17.639 GC heap before
{Heap before GC invocations=51 (full 0):
 garbage-first heap   total 293888K, used 222039K [0x0000000080000000, 0x0000000100000000)
  region size 1024K, 102 young (104448K), 18 survivors (18432K)
 Metaspace       used 108151K, committed 108800K, reserved 1146880K
  class space    used 14537K, committed 14848K, reserved 1048576K
}
Event: 17.669 GC heap after
{Heap after GC invocations=52 (full 0):
 garbage-first heap   total 293888K, used 146405K [0x0000000080000000, 0x0000000100000000)
  region size 1024K, 13 young (13312K), 13 survivors (13312K)
 Metaspace       used 108151K, committed 108800K, reserved 1146880K
  class space    used 14537K, committed 14848K, reserved 1048576K
}
Event: 17.767 GC heap before
{Heap before GC invocations=52 (full 0):
 garbage-first heap   total 293888K, used 156645K [0x0000000080000000, 0x0000000100000000)
  region size 1024K, 25 young (25600K), 13 survivors (13312K)
 Metaspace       used 108152K, committed 108800K, reserved 1146880K
  class space    used 14537K, committed 14848K, reserved 1048576K
}
Event: 17.777 GC heap after
{Heap after GC invocations=53 (full 0):
 garbage-first heap   total 293888K, used 149374K [0x0000000080000000, 0x0000000100000000)
  region size 1024K, 2 young (2048K), 2 survivors (2048K)
 Metaspace       used 108152K, committed 108800K, reserved 1146880K
  class space    used 14537K, committed 14848K, reserved 1048576K
}
Event: 18.006 GC heap before
{Heap before GC invocations=54 (full 0):
 garbage-first heap   total 293888K, used 170878K [0x0000000080000000, 0x0000000100000000)
  region size 1024K, 23 young (23552K), 2 survivors (2048K)
 Metaspace       used 108150K, committed 108800K, reserved 1146880K
  class space    used 14536K, committed 14848K, reserved 1048576K
}
Event: 18.008 GC heap after
{Heap after GC invocations=55 (full 0):
 garbage-first heap   total 293888K, used 154853K [0x0000000080000000, 0x0000000100000000)
  region size 1024K, 6 young (6144K), 6 survivors (6144K)
 Metaspace       used 108150K, committed 108800K, reserved 1146880K
  class space    used 14536K, committed 14848K, reserved 1048576K
}
Event: 18.285 GC heap before
{Heap before GC invocations=56 (full 0):
 garbage-first heap   total 342016K, used 226533K [0x0000000080000000, 0x0000000100000000)
  region size 1024K, 68 young (69632K), 6 survivors (6144K)
 Metaspace       used 108227K, committed 108864K, reserved 1146880K
  class space    used 14537K, committed 14848K, reserved 1048576K
}
Event: 18.293 GC heap after
{Heap after GC invocations=57 (full 0):
 garbage-first heap   total 342016K, used 169126K [0x0000000080000000, 0x0000000100000000)
  region size 1024K, 9 young (9216K), 9 survivors (9216K)
 Metaspace       used 108227K, committed 108864K, reserved 1146880K
  class space    used 14537K, committed 14848K, reserved 1048576K
}
Event: 18.739 GC heap before
{Heap before GC invocations=57 (full 0):
 garbage-first heap   total 342016K, used 199846K [0x0000000080000000, 0x0000000100000000)
  region size 1024K, 41 young (41984K), 9 survivors (9216K)
 Metaspace       used 109602K, committed 110272K, reserved 1146880K
  class space    used 14703K, committed 15040K, reserved 1048576K
}

