# JRE version: Java(TM) SE Runtime Environment (16.0.2+7) (build 16.0.2+7-67)
# Java VM: Java HotSpot(TM) 64-Bit Server VM (16.0.2+7-67, mixed mode, sharing, tiered, compressed oops, compressed class ptrs, g1 gc, windows-amd64)
GC Precious Log:
 CPUs: 8 total, 8 available
 Memory: 7959M
 Large Page Support: Disabled
 NUMA Support: Disabled
 Compressed Oops: Enabled (32-bit)
 Heap Region Size: 1M
 Heap Min Capacity: 8M
 Heap Initial Capacity: 126M
 Heap Max Capacity: 2G
 Pre-touch: Disabled
 Parallel Workers: 8
 Concurrent Workers: 2
 Concurrent Refinement Workers: 8
 Periodic GC: Disabled
Heap:
 garbage-first heap   total 232448K, used 179656K [0x0000000080000000, 0x0000000100000000)
  region size 1024K, 63 young (64512K), 4 survivors (4096K)
 Metaspace       used 83170K, committed 83712K, reserved 1122304K
  class space    used 10847K, committed 11136K, reserved 1048576K
GC Heap History (20 events):
Event: 8.551 GC heap before
{Heap before GC invocations=26 (full 0):
 garbage-first heap   total 119808K, used 95149K [0x0000000080000000, 0x0000000100000000)
  region size 1024K, 35 young (35840K), 5 survivors (5120K)
 Metaspace       used 73437K, committed 74048K, reserved 1114112K
  class space    used 9949K, committed 10240K, reserved 1048576K
}
Event: 8.556 GC heap after
{Heap after GC invocations=27 (full 0):
 garbage-first heap   total 119808K, used 68460K [0x0000000080000000, 0x0000000100000000)
  region size 1024K, 3 young (3072K), 3 survivors (3072K)
 Metaspace       used 73437K, committed 74048K, reserved 1114112K
  class space    used 9949K, committed 10240K, reserved 1048576K
}
Event: 8.746 GC heap before
{Heap before GC invocations=27 (full 0):
 garbage-first heap   total 119808K, used 96108K [0x0000000080000000, 0x0000000100000000)
  region size 1024K, 31 young (31744K), 3 survivors (3072K)
 Metaspace       used 73655K, committed 74176K, reserved 1114112K
  class space    used 9950K, committed 10240K, reserved 1048576K
}
Event: 8.750 GC heap after
{Heap after GC invocations=28 (full 0):
 garbage-first heap   total 119808K, used 70197K [0x0000000080000000, 0x0000000100000000)
  region size 1024K, 2 young (2048K), 2 survivors (2048K)
 Metaspace       used 73655K, committed 74176K, reserved 1114112K
  class space    used 9950K, committed 10240K, reserved 1048576K
}
Event: 9.387 GC heap before
{Heap before GC invocations=29 (full 0):
 garbage-first heap   total 128000K, used 96821K [0x0000000080000000, 0x0000000100000000)
  region size 1024K, 29 young (29696K), 2 survivors (2048K)
 Metaspace       used 74296K, committed 74880K, reserved 1114112K
  class space    used 10039K, committed 10304K, reserved 1048576K
}
Event: 9.389 GC heap after
{Heap after GC invocations=30 (full 0):
 garbage-first heap   total 128000K, used 71497K [0x0000000080000000, 0x0000000100000000)
  region size 1024K, 3 young (3072K), 3 survivors (3072K)
 Metaspace       used 74296K, committed 74880K, reserved 1114112K
  class space    used 10039K, committed 10304K, reserved 1048576K
}
Event: 9.936 GC heap before
{Heap before GC invocations=30 (full 0):
 garbage-first heap   total 128000K, used 99145K [0x0000000080000000, 0x0000000100000000)
  region size 1024K, 32 young (32768K), 3 survivors (3072K)
 Metaspace       used 75374K, committed 75840K, reserved 1122304K
  class space    used 10146K, committed 10368K, reserved 1048576K
}
Event: 9.943 GC heap after
{Heap after GC invocations=31 (full 0):
 garbage-first heap   total 128000K, used 79712K [0x0000000080000000, 0x0000000100000000)
  region size 1024K, 5 young (5120K), 5 survivors (5120K)
 Metaspace       used 75374K, committed 75840K, reserved 1122304K
  class space    used 10146K, committed 10368K, reserved 1048576K
}
Event: 10.258 GC heap before
{Heap before GC invocations=32 (full 0):
 garbage-first heap   total 153600K, used 103264K [0x0000000080000000, 0x0000000100000000)
  region size 1024K, 26 young (26624K), 5 survivors (5120K)
 Metaspace       used 75435K, committed 75904K, reserved 1122304K
  class space    used 10142K, committed 10368K, reserved 1048576K
}
Event: 10.269 GC heap after
{Heap after GC invocations=33 (full 0):
 garbage-first heap   total 153600K, used 92141K [0x0000000080000000, 0x0000000100000000)
  region size 1024K, 4 young (4096K), 4 survivors (4096K)
 Metaspace       used 75435K, committed 75904K, reserved 1122304K
  class space    used 10142K, committed 10368K, reserved 1048576K
}
Event: 10.586 GC heap before
{Heap before GC invocations=33 (full 0):
 garbage-first heap   total 153600K, used 113645K [0x0000000080000000, 0x0000000100000000)
  region size 1024K, 26 young (26624K), 4 survivors (4096K)
 Metaspace       used 77246K, committed 77760K, reserved 1122304K
  class space    used 10332K, committed 10624K, reserved 1048576K
}
Event: 10.592 GC heap after
{Heap after GC invocations=34 (full 0):
 garbage-first heap   total 153600K, used 95091K [0x0000000080000000, 0x0000000100000000)
  region size 1024K, 2 young (2048K), 2 survivors (2048K)
 Metaspace       used 77246K, committed 77760K, reserved 1122304K
  class space    used 10332K, committed 10624K, reserved 1048576K
}
Event: 10.805 GC heap before
{Heap before GC invocations=35 (full 0):
 garbage-first heap   total 168960K, used 104307K [0x0000000080000000, 0x0000000100000000)
  region size 1024K, 9 young (9216K), 2 survivors (2048K)
 Metaspace       used 79231K, committed 79744K, reserved 1122304K
  class space    used 10527K, committed 10752K, reserved 1048576K
}
Event: 10.813 GC heap after
{Heap after GC invocations=36 (full 0):
 garbage-first heap   total 168960K, used 101984K [0x0000000080000000, 0x0000000100000000)
  region size 1024K, 4 young (4096K), 4 survivors (4096K)
 Metaspace       used 79231K, committed 79744K, reserved 1122304K
  class space    used 10527K, committed 10752K, reserved 1048576K
}
Event: 11.396 GC heap before
{Heap before GC invocations=37 (full 0):
 garbage-first heap   total 193536K, used 133728K [0x0000000080000000, 0x0000000100000000)
  region size 1024K, 27 young (27648K), 4 survivors (4096K)
 Metaspace       used 79709K, committed 80320K, reserved 1122304K
  class space    used 10566K, committed 10880K, reserved 1048576K
}
Event: 11.402 GC heap after
{Heap after GC invocations=38 (full 0):
 garbage-first heap   total 193536K, used 101965K [0x0000000080000000, 0x0000000100000000)
  region size 1024K, 3 young (3072K), 3 survivors (3072K)
 Metaspace       used 79709K, committed 80320K, reserved 1122304K
  class space    used 10566K, committed 10880K, reserved 1048576K
}
Event: 11.623 GC heap before
{Heap before GC invocations=38 (full 0):
 garbage-first heap   total 193536K, used 113229K [0x0000000080000000, 0x0000000100000000)
  region size 1024K, 16 young (16384K), 3 survivors (3072K)
 Metaspace       used 79739K, committed 80320K, reserved 1122304K
  class space    used 10569K, committed 10880K, reserved 1048576K
}
Event: 11.632 GC heap after
{Heap after GC invocations=39 (full 0):
 garbage-first heap   total 232448K, used 106838K [0x0000000080000000, 0x0000000100000000)
  region size 1024K, 6 young (6144K), 6 survivors (6144K)
 Metaspace       used 79739K, committed 80320K, reserved 1122304K
  class space    used 10569K, committed 10880K, reserved 1048576K
}
Event: 11.639 GC heap before
{Heap before GC invocations=39 (full 0):
 garbage-first heap   total 232448K, used 107862K [0x0000000080000000, 0x0000000100000000)
  region size 1024K, 7 young (7168K), 6 survivors (6144K)
 Metaspace       used 79739K, committed 80320K, reserved 1122304K
  class space    used 10569K, committed 10880K, reserved 1048576K
}
Event: 11.646 GC heap after
{Heap after GC invocations=40 (full 0):
 garbage-first heap   total 232448K, used 107976K [0x0000000080000000, 0x0000000100000000)
  region size 1024K, 4 young (4096K), 4 survivors (4096K)
 Metaspace       used 79739K, committed 80320K, reserved 1122304K
  class space    used 10569K, committed 10880K, reserved 1048576K
}

