# JRE version: Java(TM) SE Runtime Environment (16.0.2+7) (build 16.0.2+7-67)
# Java VM: Java HotSpot(TM) 64-Bit Server VM (16.0.2+7-67, mixed mode, sharing, tiered, compressed oops, compressed class ptrs, g1 gc, windows-amd64)
GC Precious Log:
 CPUs: 8 total, 8 available
 Memory: 7959M
 Large Page Support: Disabled
 NUMA Support: Disabled
 Compressed Oops: Enabled (32-bit)
 Heap Region Size: 1M
 Heap Min Capacity: 8M
 Heap Initial Capacity: 126M
 Heap Max Capacity: 2G
 Pre-touch: Disabled
 Parallel Workers: 8
 Concurrent Workers: 2
 Concurrent Refinement Workers: 8
 Periodic GC: Disabled
Heap:
 garbage-first heap   total 265216K, used 147754K [0x0000000080000000, 0x0000000100000000)
  region size 1024K, 5 young (5120K), 4 survivors (4096K)
 Metaspace       used 83757K, committed 84352K, reserved 1122304K
  class space    used 11440K, committed 11712K, reserved 1048576K
GC Heap History (20 events):
Event: 10.728 GC heap before
{Heap before GC invocations=35 (full 0):
 garbage-first heap   total 130048K, used 104597K [0x0000000080000000, 0x0000000100000000)
  region size 1024K, 37 young (37888K), 3 survivors (3072K)
 Metaspace       used 74180K, committed 74752K, reserved 1114112K
  class space    used 10024K, committed 10304K, reserved 1048576K
}
Event: 10.733 GC heap after
{Heap after GC invocations=36 (full 0):
 garbage-first heap   total 130048K, used 73647K [0x0000000080000000, 0x0000000100000000)
  region size 1024K, 5 young (5120K), 5 survivors (5120K)
 Metaspace       used 74180K, committed 74752K, reserved 1114112K
  class space    used 10024K, committed 10304K, reserved 1048576K
}
Event: 11.047 GC heap before
{Heap before GC invocations=36 (full 0):
 garbage-first heap   total 130048K, used 105391K [0x0000000080000000, 0x0000000100000000)
  region size 1024K, 37 young (37888K), 5 survivors (5120K)
 Metaspace       used 74567K, committed 75072K, reserved 1114112K
  class space    used 10045K, committed 10304K, reserved 1048576K
}
Event: 11.053 GC heap after
{Heap after GC invocations=37 (full 0):
 garbage-first heap   total 130048K, used 76383K [0x0000000080000000, 0x0000000100000000)
  region size 1024K, 3 young (3072K), 3 survivors (3072K)
 Metaspace       used 74567K, committed 75072K, reserved 1114112K
  class space    used 10045K, committed 10304K, reserved 1048576K
}
Event: 11.420 GC heap before
{Heap before GC invocations=38 (full 0):
 garbage-first heap   total 135168K, used 106079K [0x0000000080000000, 0x0000000100000000)
  region size 1024K, 33 young (33792K), 3 survivors (3072K)
 Metaspace       used 74880K, committed 75456K, reserved 1114112K
  class space    used 10065K, committed 10368K, reserved 1048576K
}
Event: 11.425 GC heap after
{Heap after GC invocations=39 (full 0):
 garbage-first heap   total 135168K, used 77576K [0x0000000080000000, 0x0000000100000000)
  region size 1024K, 4 young (4096K), 4 survivors (4096K)
 Metaspace       used 74880K, committed 75456K, reserved 1114112K
  class space    used 10065K, committed 10368K, reserved 1048576K
}
Event: 11.747 GC heap before
{Heap before GC invocations=39 (full 0):
 garbage-first heap   total 135168K, used 107272K [0x0000000080000000, 0x0000000100000000)
  region size 1024K, 35 young (35840K), 4 survivors (4096K)
 Metaspace       used 75452K, committed 76032K, reserved 1122304K
  class space    used 10148K, committed 10432K, reserved 1048576K
}
Event: 11.753 GC heap after
{Heap after GC invocations=40 (full 0):
 garbage-first heap   total 135168K, used 79622K [0x0000000080000000, 0x0000000100000000)
  region size 1024K, 4 young (4096K), 4 survivors (4096K)
 Metaspace       used 75452K, committed 76032K, reserved 1122304K
  class space    used 10148K, committed 10432K, reserved 1048576K
}
Event: 11.951 GC heap before
{Heap before GC invocations=41 (full 0):
 garbage-first heap   total 153600K, used 97030K [0x0000000080000000, 0x0000000100000000)
  region size 1024K, 17 young (17408K), 4 survivors (4096K)
 Metaspace       used 78050K, committed 78528K, reserved 1122304K
  class space    used 10514K, committed 10752K, reserved 1048576K
}
Event: 11.956 GC heap after
{Heap after GC invocations=42 (full 0):
 garbage-first heap   total 153600K, used 88023K [0x0000000080000000, 0x0000000100000000)
  region size 1024K, 5 young (5120K), 5 survivors (5120K)
 Metaspace       used 78050K, committed 78528K, reserved 1122304K
  class space    used 10514K, committed 10752K, reserved 1048576K
}
Event: 12.194 GC heap before
{Heap before GC invocations=43 (full 0):
 garbage-first heap   total 196608K, used 138199K [0x0000000080000000, 0x0000000100000000)
  region size 1024K, 38 young (38912K), 5 survivors (5120K)
 Metaspace       used 78256K, committed 78720K, reserved 1122304K
  class space    used 10536K, committed 10752K, reserved 1048576K
}
Event: 12.209 GC heap after
{Heap after GC invocations=44 (full 0):
 garbage-first heap   total 196608K, used 106477K [0x0000000080000000, 0x0000000100000000)
  region size 1024K, 5 young (5120K), 5 survivors (5120K)
 Metaspace       used 78256K, committed 78720K, reserved 1122304K
  class space    used 10536K, committed 10752K, reserved 1048576K
}
Event: 12.590 GC heap before
{Heap before GC invocations=44 (full 0):
 garbage-first heap   total 196608K, used 146413K [0x0000000080000000, 0x0000000100000000)
  region size 1024K, 45 young (46080K), 5 survivors (5120K)
 Metaspace       used 80556K, committed 81152K, reserved 1122304K
  class space    used 10997K, committed 11264K, reserved 1048576K
}
Event: 12.609 GC heap after
{Heap after GC invocations=45 (full 0):
 garbage-first heap   total 265216K, used 125060K [0x0000000080000000, 0x0000000100000000)
  region size 1024K, 6 young (6144K), 6 survivors (6144K)
 Metaspace       used 80556K, committed 81152K, reserved 1122304K
  class space    used 10997K, committed 11264K, reserved 1048576K
}
Event: 13.224 GC heap before
{Heap before GC invocations=46 (full 0):
 garbage-first heap   total 265216K, used 185476K [0x0000000080000000, 0x0000000100000000)
  region size 1024K, 66 young (67584K), 6 survivors (6144K)
 Metaspace       used 83272K, committed 83776K, reserved 1122304K
  class space    used 11390K, committed 11648K, reserved 1048576K
}
Event: 13.243 GC heap after
{Heap after GC invocations=47 (full 0):
 garbage-first heap   total 265216K, used 141766K [0x0000000080000000, 0x0000000100000000)
  region size 1024K, 9 young (9216K), 9 survivors (9216K)
 Metaspace       used 83272K, committed 83776K, reserved 1122304K
  class space    used 11390K, committed 11648K, reserved 1048576K
}
Event: 13.375 GC heap before
{Heap before GC invocations=47 (full 0):
 garbage-first heap   total 265216K, used 153030K [0x0000000080000000, 0x0000000100000000)
  region size 1024K, 22 young (22528K), 9 survivors (9216K)
 Metaspace       used 83517K, committed 84032K, reserved 1122304K
  class space    used 11414K, committed 11648K, reserved 1048576K
}
Event: 13.386 GC heap after
{Heap after GC invocations=48 (full 0):
 garbage-first heap   total 265216K, used 145418K [0x0000000080000000, 0x0000000100000000)
  region size 1024K, 3 young (3072K), 3 survivors (3072K)
 Metaspace       used 83517K, committed 84032K, reserved 1122304K
  class space    used 11414K, committed 11648K, reserved 1048576K
}
Event: 13.775 GC heap before
{Heap before GC invocations=49 (full 0):
 garbage-first heap   total 265216K, used 163850K [0x0000000080000000, 0x0000000100000000)
  region size 1024K, 24 young (24576K), 3 survivors (3072K)
 Metaspace       used 83711K, committed 84224K, reserved 1122304K
  class space    used 11434K, committed 11648K, reserved 1048576K
}
Event: 13.781 GC heap after
{Heap after GC invocations=50 (full 0):
 garbage-first heap   total 265216K, used 144550K [0x0000000080000000, 0x0000000100000000)
  region size 1024K, 3 young (3072K), 3 survivors (3072K)
 Metaspace       used 83711K, committed 84224K, reserved 1122304K
  class space    used 11434K, committed 11648K, reserved 1048576K
}

