# JRE version: Java(TM) SE Runtime Environment (16.0.2+7) (build 16.0.2+7-67)
# Java VM: Java HotSpot(TM) 64-Bit Server VM (16.0.2+7-67, mixed mode, sharing, tiered, compressed oops, compressed class ptrs, g1 gc, windows-amd64)
GC Precious Log:
 CPUs: 8 total, 8 available
 Memory: 7959M
 Large Page Support: Disabled
 NUMA Support: Disabled
 Compressed Oops: Enabled (32-bit)
 Heap Region Size: 1M
 Heap Min Capacity: 8M
 Heap Initial Capacity: 126M
 Heap Max Capacity: 2G
 Pre-touch: Disabled
 Parallel Workers: 8
 Concurrent Workers: 2
 Concurrent Refinement Workers: 8
 Periodic GC: Disabled
Heap:
 garbage-first heap   total 221184K, used 130241K [0x0000000080000000, 0x0000000100000000)
  region size 1024K, 48 young (49152K), 1 survivors (1024K)
 Metaspace       used 81959K, committed 82560K, reserved 1122304K
  class space    used 10911K, committed 11200K, reserved 1048576K
GC Heap History (20 events):
Event: 8.676 GC heap before
{Heap before GC invocations=32 (full 0):
 garbage-first heap   total 106496K, used 86117K [0x0000000080000000, 0x0000000100000000)
  region size 1024K, 30 young (30720K), 4 survivors (4096K)
 Metaspace       used 68602K, committed 69184K, reserved 1114112K
  class space    used 9267K, committed 9536K, reserved 1048576K
}
Event: 8.681 GC heap after
{Heap after GC invocations=33 (full 0):
 garbage-first heap   total 128000K, used 61503K [0x0000000080000000, 0x0000000100000000)
  region size 1024K, 4 young (4096K), 4 survivors (4096K)
 Metaspace       used 68602K, committed 69184K, reserved 1114112K
  class space    used 9267K, committed 9536K, reserved 1048576K
}
Event: 9.344 GC heap before
{Heap before GC invocations=34 (full 0):
 garbage-first heap   total 128000K, used 101439K [0x0000000080000000, 0x0000000100000000)
  region size 1024K, 44 young (45056K), 4 survivors (4096K)
 Metaspace       used 72833K, committed 73344K, reserved 1114112K
  class space    used 9803K, committed 10048K, reserved 1048576K
}
Event: 9.350 GC heap after
{Heap after GC invocations=35 (full 0):
 garbage-first heap   total 128000K, used 66364K [0x0000000080000000, 0x0000000100000000)
  region size 1024K, 6 young (6144K), 6 survivors (6144K)
 Metaspace       used 72833K, committed 73344K, reserved 1114112K
  class space    used 9803K, committed 10048K, reserved 1048576K
}
Event: 9.598 GC heap before
{Heap before GC invocations=35 (full 0):
 garbage-first heap   total 128000K, used 101180K [0x0000000080000000, 0x0000000100000000)
  region size 1024K, 41 young (41984K), 6 survivors (6144K)
 Metaspace       used 73586K, committed 74112K, reserved 1114112K
  class space    used 9946K, committed 10176K, reserved 1048576K
}
Event: 9.605 GC heap after
{Heap after GC invocations=36 (full 0):
 garbage-first heap   total 128000K, used 69258K [0x0000000080000000, 0x0000000100000000)
  region size 1024K, 3 young (3072K), 3 survivors (3072K)
 Metaspace       used 73586K, committed 74112K, reserved 1114112K
  class space    used 9946K, committed 10176K, reserved 1048576K
}
Event: 9.895 GC heap before
{Heap before GC invocations=37 (full 0):
 garbage-first heap   total 128000K, used 92810K [0x0000000080000000, 0x0000000100000000)
  region size 1024K, 28 young (28672K), 3 survivors (3072K)
 Metaspace       used 74225K, committed 74752K, reserved 1114112K
  class space    used 10034K, committed 10304K, reserved 1048576K
}
Event: 9.898 GC heap after
{Heap after GC invocations=38 (full 0):
 garbage-first heap   total 128000K, used 70457K [0x0000000080000000, 0x0000000100000000)
  region size 1024K, 4 young (4096K), 4 survivors (4096K)
 Metaspace       used 74225K, committed 74752K, reserved 1114112K
  class space    used 10034K, committed 10304K, reserved 1048576K
}
Event: 10.452 GC heap before
{Heap before GC invocations=39 (full 0):
 garbage-first heap   total 128000K, used 105273K [0x0000000080000000, 0x0000000100000000)
  region size 1024K, 37 young (37888K), 4 survivors (4096K)
 Metaspace       used 75443K, committed 75968K, reserved 1122304K
  class space    used 10166K, committed 10432K, reserved 1048576K
}
Event: 10.463 GC heap after
{Heap after GC invocations=40 (full 0):
 garbage-first heap   total 128000K, used 84079K [0x0000000080000000, 0x0000000100000000)
  region size 1024K, 5 young (5120K), 5 survivors (5120K)
 Metaspace       used 75443K, committed 75968K, reserved 1122304K
  class space    used 10166K, committed 10432K, reserved 1048576K
}
Event: 10.551 GC heap before
{Heap before GC invocations=40 (full 0):
 garbage-first heap   total 128000K, used 90223K [0x0000000080000000, 0x0000000100000000)
  region size 1024K, 13 young (13312K), 5 survivors (5120K)
 Metaspace       used 75470K, committed 76032K, reserved 1122304K
  class space    used 10166K, committed 10432K, reserved 1048576K
}
Event: 10.560 GC heap after
{Heap after GC invocations=41 (full 0):
 garbage-first heap   total 128000K, used 91452K [0x0000000080000000, 0x0000000100000000)
  region size 1024K, 3 young (3072K), 3 survivors (3072K)
 Metaspace       used 75470K, committed 76032K, reserved 1122304K
  class space    used 10166K, committed 10432K, reserved 1048576K
}
Event: 10.829 GC heap before
{Heap before GC invocations=42 (full 0):
 garbage-first heap   total 184320K, used 115004K [0x0000000080000000, 0x0000000100000000)
  region size 1024K, 12 young (12288K), 3 survivors (3072K)
 Metaspace       used 76571K, committed 77120K, reserved 1122304K
  class space    used 10296K, committed 10560K, reserved 1048576K
}
Event: 10.835 GC heap after
{Heap after GC invocations=43 (full 0):
 garbage-first heap   total 184320K, used 92004K [0x0000000080000000, 0x0000000100000000)
  region size 1024K, 1 young (1024K), 1 survivors (1024K)
 Metaspace       used 76571K, committed 77120K, reserved 1122304K
  class space    used 10296K, committed 10560K, reserved 1048576K
}
Event: 11.224 GC heap before
{Heap before GC invocations=43 (full 0):
 garbage-first heap   total 184320K, used 124772K [0x0000000080000000, 0x0000000100000000)
  region size 1024K, 34 young (34816K), 1 survivors (1024K)
 Metaspace       used 78833K, committed 79424K, reserved 1122304K
  class space    used 10521K, committed 10816K, reserved 1048576K
}
Event: 11.228 GC heap after
{Heap after GC invocations=44 (full 0):
 garbage-first heap   total 184320K, used 94518K [0x0000000080000000, 0x0000000100000000)
  region size 1024K, 3 young (3072K), 3 survivors (3072K)
 Metaspace       used 78833K, committed 79424K, reserved 1122304K
  class space    used 10521K, committed 10816K, reserved 1048576K
}
Event: 11.640 GC heap before
{Heap before GC invocations=45 (full 0):
 garbage-first heap   total 184320K, used 129123K [0x0000000080000000, 0x0000000100000000)
  region size 1024K, 38 young (38912K), 3 survivors (3072K)
 Metaspace       used 79531K, committed 80128K, reserved 1122304K
  class space    used 10586K, committed 10880K, reserved 1048576K
}
Event: 11.646 GC heap after
{Heap after GC invocations=46 (full 0):
 garbage-first heap   total 184320K, used 96563K [0x0000000080000000, 0x0000000100000000)
  region size 1024K, 3 young (3072K), 3 survivors (3072K)
 Metaspace       used 79531K, committed 80128K, reserved 1122304K
  class space    used 10586K, committed 10880K, reserved 1048576K
}
Event: 11.709 GC heap before
{Heap before GC invocations=46 (full 0):
 garbage-first heap   total 184320K, used 101683K [0x0000000080000000, 0x0000000100000000)
  region size 1024K, 9 young (9216K), 3 survivors (3072K)
 Metaspace       used 79859K, committed 80512K, reserved 1122304K
  class space    used 10632K, committed 10944K, reserved 1048576K
}
Event: 11.717 GC heap after
{Heap after GC invocations=47 (full 0):
 garbage-first heap   total 221184K, used 84161K [0x0000000080000000, 0x0000000100000000)
  region size 1024K, 1 young (1024K), 1 survivors (1024K)
 Metaspace       used 79859K, committed 80512K, reserved 1122304K
  class space    used 10632K, committed 10944K, reserved 1048576K
}

