# JRE version: Java(TM) SE Runtime Environment (16.0.2+7) (build 16.0.2+7-67)
# Java VM: Java HotSpot(TM) 64-Bit Server VM (16.0.2+7-67, mixed mode, sharing, tiered, compressed oops, compressed class ptrs, g1 gc, windows-amd64)
GC Precious Log:
 CPUs: 8 total, 8 available
 Memory: 7959M
 Large Page Support: Disabled
 NUMA Support: Disabled
 Compressed Oops: Enabled (32-bit)
 Heap Region Size: 1M
 Heap Min Capacity: 8M
 Heap Initial Capacity: 126M
 Heap Max Capacity: 2G
 Pre-touch: Disabled
 Parallel Workers: 8
 Concurrent Workers: 2
 Concurrent Refinement Workers: 8
 Periodic GC: Disabled
Heap:
 garbage-first heap   total 355328K, used 209491K [0x0000000080000000, 0x0000000100000000)
  region size 1024K, 8 young (8192K), 8 survivors (8192K)
 Metaspace       used 125853K, committed 126784K, reserved 1163264K
  class space    used 16573K, committed 17024K, reserved 1048576K
GC Heap History (20 events):
Event: 54.606 GC heap after
{Heap after GC invocations=51 (full 0):
 garbage-first heap   total 275456K, used 143439K [0x0000000080000000, 0x0000000100000000)
  region size 1024K, 5 young (5120K), 5 survivors (5120K)
 Metaspace       used 102728K, committed 103616K, reserved 1146880K
  class space    used 13171K, committed 13632K, reserved 1048576K
}
Event: 55.226 GC heap before
{Heap before GC invocations=52 (full 0):
 garbage-first heap   total 275456K, used 155727K [0x0000000080000000, 0x0000000100000000)
  region size 1024K, 19 young (19456K), 5 survivors (5120K)
 Metaspace       used 109318K, committed 110272K, reserved 1146880K
  class space    used 13983K, committed 14464K, reserved 1048576K
}
Event: 55.231 GC heap after
{Heap after GC invocations=53 (full 0):
 garbage-first heap   total 275456K, used 145487K [0x0000000080000000, 0x0000000100000000)
  region size 1024K, 8 young (8192K), 8 survivors (8192K)
 Metaspace       used 109318K, committed 110272K, reserved 1146880K
  class space    used 13983K, committed 14464K, reserved 1048576K
}
Event: 56.239 GC heap before
{Heap before GC invocations=54 (full 0):
 garbage-first heap   total 275456K, used 199759K [0x0000000080000000, 0x0000000100000000)
  region size 1024K, 60 young (61440K), 8 survivors (8192K)
 Metaspace       used 111514K, committed 112448K, reserved 1155072K
  class space    used 14233K, committed 14720K, reserved 1048576K
}
Event: 56.245 GC heap after
{Heap after GC invocations=55 (full 0):
 garbage-first heap   total 275456K, used 146598K [0x0000000080000000, 0x0000000100000000)
  region size 1024K, 3 young (3072K), 3 survivors (3072K)
 Metaspace       used 111514K, committed 112448K, reserved 1155072K
  class space    used 14233K, committed 14720K, reserved 1048576K
}
Event: 56.916 GC heap before
{Heap before GC invocations=56 (full 0):
 garbage-first heap   total 275456K, used 221350K [0x0000000080000000, 0x0000000100000000)
  region size 1024K, 75 young (76800K), 3 survivors (3072K)
 Metaspace       used 121592K, committed 122560K, reserved 1163264K
  class space    used 15962K, committed 16448K, reserved 1048576K
}
Event: 56.926 GC heap after
{Heap after GC invocations=57 (full 0):
 garbage-first heap   total 275456K, used 152749K [0x0000000080000000, 0x0000000100000000)
  region size 1024K, 10 young (10240K), 10 survivors (10240K)
 Metaspace       used 121592K, committed 122560K, reserved 1163264K
  class space    used 15962K, committed 16448K, reserved 1048576K
}
Event: 57.352 GC heap before
{Heap before GC invocations=57 (full 0):
 garbage-first heap   total 275456K, used 192685K [0x0000000080000000, 0x0000000100000000)
  region size 1024K, 51 young (52224K), 10 survivors (10240K)
 Metaspace       used 123759K, committed 124736K, reserved 1163264K
  class space    used 16234K, committed 16704K, reserved 1048576K
}
Event: 57.358 GC heap after
{Heap after GC invocations=58 (full 0):
 garbage-first heap   total 275456K, used 150619K [0x0000000080000000, 0x0000000100000000)
  region size 1024K, 3 young (3072K), 3 survivors (3072K)
 Metaspace       used 123759K, committed 124736K, reserved 1163264K
  class space    used 16234K, committed 16704K, reserved 1048576K
}
Event: 58.001 GC heap before
{Heap before GC invocations=59 (full 0):
 garbage-first heap   total 275456K, used 247899K [0x0000000080000000, 0x0000000100000000)
  region size 1024K, 75 young (76800K), 3 survivors (3072K)
 Metaspace       used 125541K, committed 126528K, reserved 1163264K
  class space    used 16570K, committed 17024K, reserved 1048576K
}
Event: 58.028 GC heap after
{Heap after GC invocations=60 (full 0):
 garbage-first heap   total 281600K, used 191592K [0x0000000080000000, 0x0000000100000000)
  region size 1024K, 10 young (10240K), 10 survivors (10240K)
 Metaspace       used 125541K, committed 126528K, reserved 1163264K
  class space    used 16570K, committed 17024K, reserved 1048576K
}
Event: 58.045 GC heap before
{Heap before GC invocations=60 (full 0):
 garbage-first heap   total 281600K, used 194664K [0x0000000080000000, 0x0000000100000000)
  region size 1024K, 13 young (13312K), 10 survivors (10240K)
 Metaspace       used 125543K, committed 126528K, reserved 1163264K
  class space    used 16570K, committed 17024K, reserved 1048576K
}
Event: 58.068 GC heap after
{Heap after GC invocations=61 (full 0):
 garbage-first heap   total 281600K, used 183677K [0x0000000080000000, 0x0000000100000000)
  region size 1024K, 2 young (2048K), 2 survivors (2048K)
 Metaspace       used 125543K, committed 126528K, reserved 1163264K
  class space    used 16570K, committed 17024K, reserved 1048576K
}
Event: 58.313 GC heap before
{Heap before GC invocations=61 (full 0):
 garbage-first heap   total 281600K, used 223613K [0x0000000080000000, 0x0000000100000000)
  region size 1024K, 42 young (43008K), 2 survivors (2048K)
 Metaspace       used 125759K, committed 126720K, reserved 1163264K
  class space    used 16579K, committed 17024K, reserved 1048576K
}
Event: 58.324 GC heap after
{Heap after GC invocations=62 (full 0):
 garbage-first heap   total 281600K, used 199168K [0x0000000080000000, 0x0000000100000000)
  region size 1024K, 6 young (6144K), 6 survivors (6144K)
 Metaspace       used 125759K, committed 126720K, reserved 1163264K
  class space    used 16579K, committed 17024K, reserved 1048576K
}
Event: 58.633 GC heap before
{Heap before GC invocations=63 (full 0):
 garbage-first heap   total 355328K, used 220672K [0x0000000080000000, 0x0000000100000000)
  region size 1024K, 33 young (33792K), 6 survivors (6144K)
 Metaspace       used 125778K, committed 126784K, reserved 1163264K
  class space    used 16566K, committed 17024K, reserved 1048576K
}
Event: 58.641 GC heap after
{Heap after GC invocations=64 (full 0):
 garbage-first heap   total 355328K, used 199874K [0x0000000080000000, 0x0000000100000000)
  region size 1024K, 5 young (5120K), 5 survivors (5120K)
 Metaspace       used 125778K, committed 126784K, reserved 1163264K
  class space    used 16566K, committed 17024K, reserved 1048576K
}
Event: 59.091 GC heap before
{Heap before GC invocations=65 (full 0):
 garbage-first heap   total 355328K, used 223426K [0x0000000080000000, 0x0000000100000000)
  region size 1024K, 26 young (26624K), 5 survivors (5120K)
 Metaspace       used 125813K, committed 126784K, reserved 1163264K
  class space    used 16566K, committed 17024K, reserved 1048576K
}
Event: 59.100 GC heap after
{Heap after GC invocations=66 (full 0):
 garbage-first heap   total 355328K, used 203539K [0x0000000080000000, 0x0000000100000000)
  region size 1024K, 4 young (4096K), 4 survivors (4096K)
 Metaspace       used 125813K, committed 126784K, reserved 1163264K
  class space    used 16566K, committed 17024K, reserved 1048576K
}
Event: 59.437 GC heap before
{Heap before GC invocations=67 (full 0):
 garbage-first heap   total 355328K, used 225043K [0x0000000080000000, 0x0000000100000000)
  region size 1024K, 25 young (25600K), 4 survivors (4096K)
 Metaspace       used 125853K, committed 126784K, reserved 1163264K
  class space    used 16573K, committed 17024K, reserved 1048576K
}

