# JRE version: Java(TM) SE Runtime Environment (16.0.2+7) (build 16.0.2+7-67)
# Java VM: Java HotSpot(TM) 64-Bit Server VM (16.0.2+7-67, mixed mode, sharing, tiered, compressed oops, compressed class ptrs, g1 gc, windows-amd64)
GC Precious Log:
 CPUs: 8 total, 8 available
 Memory: 7959M
 Large Page Support: Disabled
 NUMA Support: Disabled
 Compressed Oops: Enabled (32-bit)
 Heap Region Size: 1M
 Heap Min Capacity: 8M
 Heap Initial Capacity: 126M
 Heap Max Capacity: 2G
 Pre-touch: Disabled
 Parallel Workers: 8
 Concurrent Workers: 2
 Concurrent Refinement Workers: 8
 Periodic GC: Disabled
Heap:
 garbage-first heap   total 368640K, used 175515K [0x0000000080000000, 0x0000000100000000)
  region size 1024K, 2 young (2048K), 2 survivors (2048K)
 Metaspace       used 117598K, committed 118400K, reserved 1155072K
  class space    used 15397K, committed 15808K, reserved 1048576K
GC Heap History (20 events):
Event: 1175.098 GC heap after
{Heap after GC invocations=63 (full 0):
 garbage-first heap   total 327680K, used 146598K [0x0000000080000000, 0x0000000100000000)
  region size 1024K, 3 young (3072K), 3 survivors (3072K)
 Metaspace       used 115158K, committed 115840K, reserved 1155072K
  class space    used 15342K, committed 15680K, reserved 1048576K
}
Event: 1176.303 GC heap before
{Heap before GC invocations=63 (full 0):
 garbage-first heap   total 327680K, used 241830K [0x0000000080000000, 0x0000000100000000)
  region size 1024K, 95 young (97280K), 3 survivors (3072K)
 Metaspace       used 115816K, committed 116480K, reserved 1155072K
  class space    used 15353K, committed 15680K, reserved 1048576K
}
Event: 1176.316 GC heap after
{Heap after GC invocations=64 (full 0):
 garbage-first heap   total 327680K, used 171813K [0x0000000080000000, 0x0000000100000000)
  region size 1024K, 14 young (14336K), 14 survivors (14336K)
 Metaspace       used 115816K, committed 116480K, reserved 1155072K
  class space    used 15353K, committed 15680K, reserved 1048576K
}
Event: 1178.390 GC heap before
{Heap before GC invocations=65 (full 0):
 garbage-first heap   total 348160K, used 280357K [0x0000000080000000, 0x0000000100000000)
  region size 1024K, 91 young (93184K), 14 survivors (14336K)
 Metaspace       used 116130K, committed 116800K, reserved 1155072K
  class space    used 15358K, committed 15680K, reserved 1048576K
}
Event: 1178.403 GC heap after
{Heap after GC invocations=66 (full 0):
 garbage-first heap   total 348160K, used 176357K [0x0000000080000000, 0x0000000100000000)
  region size 1024K, 5 young (5120K), 5 survivors (5120K)
 Metaspace       used 116130K, committed 116800K, reserved 1155072K
  class space    used 15358K, committed 15680K, reserved 1048576K
}
Event: 1178.648 GC heap before
{Heap before GC invocations=66 (full 0):
 garbage-first heap   total 348160K, used 189669K [0x0000000080000000, 0x0000000100000000)
  region size 1024K, 17 young (17408K), 5 survivors (5120K)
 Metaspace       used 116254K, committed 116928K, reserved 1155072K
  class space    used 15358K, committed 15680K, reserved 1048576K
}
Event: 1178.663 GC heap after
{Heap after GC invocations=67 (full 0):
 garbage-first heap   total 348160K, used 159744K [0x0000000080000000, 0x0000000100000000)
  region size 1024K, 3 young (3072K), 3 survivors (3072K)
 Metaspace       used 116254K, committed 116928K, reserved 1155072K
  class space    used 15358K, committed 15680K, reserved 1048576K
}
Event: 1179.572 GC heap before
{Heap before GC invocations=67 (full 0):
 garbage-first heap   total 348160K, used 269312K [0x0000000080000000, 0x0000000100000000)
  region size 1024K, 110 young (112640K), 3 survivors (3072K)
 Metaspace       used 116613K, committed 117248K, reserved 1155072K
  class space    used 15362K, committed 15680K, reserved 1048576K
}
Event: 1179.578 GC heap after
{Heap after GC invocations=68 (full 0):
 garbage-first heap   total 348160K, used 165042K [0x0000000080000000, 0x0000000100000000)
  region size 1024K, 9 young (9216K), 9 survivors (9216K)
 Metaspace       used 116613K, committed 117248K, reserved 1155072K
  class space    used 15362K, committed 15680K, reserved 1048576K
}
Event: 1180.266 GC heap before
{Heap before GC invocations=68 (full 0):
 garbage-first heap   total 348160K, used 296114K [0x0000000080000000, 0x0000000100000000)
  region size 1024K, 114 young (116736K), 9 survivors (9216K)
 Metaspace       used 116863K, committed 117504K, reserved 1155072K
  class space    used 15366K, committed 15680K, reserved 1048576K
}
Event: 1180.292 GC heap after
{Heap after GC invocations=69 (full 0):
 garbage-first heap   total 348160K, used 201697K [0x0000000080000000, 0x0000000100000000)
  region size 1024K, 15 young (15360K), 15 survivors (15360K)
 Metaspace       used 116863K, committed 117504K, reserved 1155072K
  class space    used 15366K, committed 15680K, reserved 1048576K
}
Event: 1180.885 GC heap before
{Heap before GC invocations=69 (full 0):
 garbage-first heap   total 348160K, used 271329K [0x0000000080000000, 0x0000000100000000)
  region size 1024K, 77 young (78848K), 15 survivors (15360K)
 Metaspace       used 116872K, committed 117504K, reserved 1155072K
  class space    used 15366K, committed 15680K, reserved 1048576K
}
Event: 1180.902 GC heap after
{Heap after GC invocations=70 (full 0):
 garbage-first heap   total 348160K, used 217392K [0x0000000080000000, 0x0000000100000000)
  region size 1024K, 8 young (8192K), 8 survivors (8192K)
 Metaspace       used 116872K, committed 117504K, reserved 1155072K
  class space    used 15366K, committed 15680K, reserved 1048576K
}
Event: 1181.150 GC heap before
{Heap before GC invocations=71 (full 0):
 garbage-first heap   total 368640K, used 264496K [0x0000000080000000, 0x0000000100000000)
  region size 1024K, 63 young (64512K), 8 survivors (8192K)
 Metaspace       used 116873K, committed 117504K, reserved 1155072K
  class space    used 15366K, committed 15680K, reserved 1048576K
}
Event: 1181.162 GC heap after
{Heap after GC invocations=72 (full 0):
 garbage-first heap   total 368640K, used 218880K [0x0000000080000000, 0x0000000100000000)
  region size 1024K, 8 young (8192K), 8 survivors (8192K)
 Metaspace       used 116873K, committed 117504K, reserved 1155072K
  class space    used 15366K, committed 15680K, reserved 1048576K
}
Event: 1181.197 GC heap before
{Heap before GC invocations=72 (full 0):
 garbage-first heap   total 368640K, used 229120K [0x0000000080000000, 0x0000000100000000)
  region size 1024K, 18 young (18432K), 8 survivors (8192K)
 Metaspace       used 116873K, committed 117504K, reserved 1155072K
  class space    used 15366K, committed 15680K, reserved 1048576K
}
Event: 1181.209 GC heap after
{Heap after GC invocations=73 (full 0):
 garbage-first heap   total 368640K, used 189563K [0x0000000080000000, 0x0000000100000000)
  region size 1024K, 2 young (2048K), 2 survivors (2048K)
 Metaspace       used 116873K, committed 117504K, reserved 1155072K
  class space    used 15366K, committed 15680K, reserved 1048576K
}
Event: 1181.370 GC heap before
{Heap before GC invocations=73 (full 0):
 garbage-first heap   total 368640K, used 205947K [0x0000000080000000, 0x0000000100000000)
  region size 1024K, 18 young (18432K), 2 survivors (2048K)
 Metaspace       used 116880K, committed 117504K, reserved 1155072K
  class space    used 15366K, committed 15680K, reserved 1048576K
}
Event: 1181.386 GC heap after
{Heap after GC invocations=74 (full 0):
 garbage-first heap   total 368640K, used 174934K [0x0000000080000000, 0x0000000100000000)
  region size 1024K, 1 young (1024K), 1 survivors (1024K)
 Metaspace       used 116880K, committed 117504K, reserved 1155072K
  class space    used 15366K, committed 15680K, reserved 1048576K
}
Event: 1298.153 GC heap before
{Heap before GC invocations=74 (full 0):
 garbage-first heap   total 368640K, used 326486K [0x0000000080000000, 0x0000000100000000)
  region size 1024K, 99 young (101376K), 1 survivors (1024K)
 Metaspace       used 117598K, committed 118400K, reserved 1155072K
  class space    used 15397K, committed 15808K, reserved 1048576K
}

