# JRE version: Java(TM) SE Runtime Environment (16.0.2+7) (build 16.0.2+7-67)
# Java VM: Java HotSpot(TM) 64-Bit Server VM (16.0.2+7-67, mixed mode, sharing, tiered, compressed oops, compressed class ptrs, g1 gc, windows-amd64)
GC Precious Log:
 CPUs: 8 total, 8 available
 Memory: 7959M
 Large Page Support: Disabled
 NUMA Support: Disabled
 Compressed Oops: Enabled (32-bit)
 Heap Region Size: 1M
 Heap Min Capacity: 8M
 Heap Initial Capacity: 126M
 Heap Max Capacity: 2G
 Pre-touch: Disabled
 Parallel Workers: 8
 Concurrent Workers: 2
 Concurrent Refinement Workers: 8
 Periodic GC: Disabled
Heap:
 garbage-first heap   total 321536K, used 170387K [0x0000000080000000, 0x0000000100000000)
  region size 1024K, 2 young (2048K), 2 survivors (2048K)
 Metaspace       used 115980K, committed 116736K, reserved 1155072K
  class space    used 15082K, committed 15488K, reserved 1048576K
GC Heap History (20 events):
Event: 330.142 GC heap after
{Heap after GC invocations=59 (full 0):
 garbage-first heap   total 321536K, used 132855K [0x0000000080000000, 0x0000000100000000)
  region size 1024K, 17 young (17408K), 17 survivors (17408K)
 Metaspace       used 100744K, committed 101376K, reserved 1138688K
  class space    used 13222K, committed 13504K, reserved 1048576K
}
Event: 344.937 GC heap before
{Heap before GC invocations=59 (full 0):
 garbage-first heap   total 321536K, used 255735K [0x0000000080000000, 0x0000000100000000)
  region size 1024K, 135 young (138240K), 17 survivors (17408K)
 Metaspace       used 110573K, committed 111360K, reserved 1146880K
  class space    used 14388K, committed 14784K, reserved 1048576K
}
Event: 344.951 GC heap after
{Heap after GC invocations=60 (full 0):
 garbage-first heap   total 321536K, used 141462K [0x0000000080000000, 0x0000000100000000)
  region size 1024K, 10 young (10240K), 10 survivors (10240K)
 Metaspace       used 110573K, committed 111360K, reserved 1146880K
  class space    used 14388K, committed 14784K, reserved 1048576K
}
Event: 346.407 GC heap before
{Heap before GC invocations=60 (full 0):
 garbage-first heap   total 321536K, used 256150K [0x0000000080000000, 0x0000000100000000)
  region size 1024K, 119 young (121856K), 10 survivors (10240K)
 Metaspace       used 114309K, committed 115136K, reserved 1155072K
  class space    used 14951K, committed 15360K, reserved 1048576K
}
Event: 346.423 GC heap after
{Heap after GC invocations=61 (full 0):
 garbage-first heap   total 321536K, used 152094K [0x0000000080000000, 0x0000000100000000)
  region size 1024K, 11 young (11264K), 11 survivors (11264K)
 Metaspace       used 114309K, committed 115136K, reserved 1155072K
  class space    used 14951K, committed 15360K, reserved 1048576K
}
Event: 346.961 GC heap before
{Heap before GC invocations=61 (full 0):
 garbage-first heap   total 321536K, used 199198K [0x0000000080000000, 0x0000000100000000)
  region size 1024K, 58 young (59392K), 11 survivors (11264K)
 Metaspace       used 115929K, committed 116736K, reserved 1155072K
  class space    used 15086K, committed 15488K, reserved 1048576K
}
Event: 346.966 GC heap after
{Heap after GC invocations=62 (full 0):
 garbage-first heap   total 321536K, used 143976K [0x0000000080000000, 0x0000000100000000)
  region size 1024K, 2 young (2048K), 2 survivors (2048K)
 Metaspace       used 115929K, committed 116736K, reserved 1155072K
  class space    used 15086K, committed 15488K, reserved 1048576K
}
Event: 346.986 GC heap before
{Heap before GC invocations=62 (full 0):
 garbage-first heap   total 321536K, used 151144K [0x0000000080000000, 0x0000000100000000)
  region size 1024K, 5 young (5120K), 2 survivors (2048K)
 Metaspace       used 115931K, committed 116736K, reserved 1155072K
  class space    used 15086K, committed 15488K, reserved 1048576K
}
Event: 346.988 GC heap after
{Heap after GC invocations=63 (full 0):
 garbage-first heap   total 321536K, used 150596K [0x0000000080000000, 0x0000000100000000)
  region size 1024K, 3 young (3072K), 3 survivors (3072K)
 Metaspace       used 115931K, committed 116736K, reserved 1155072K
  class space    used 15086K, committed 15488K, reserved 1048576K
}
Event: 347.429 GC heap before
{Heap before GC invocations=64 (full 0):
 garbage-first heap   total 321536K, used 234564K [0x0000000080000000, 0x0000000100000000)
  region size 1024K, 87 young (89088K), 3 survivors (3072K)
 Metaspace       used 115922K, committed 116736K, reserved 1155072K
  class space    used 15084K, committed 15488K, reserved 1048576K
}
Event: 347.460 GC heap after
{Heap after GC invocations=65 (full 0):
 garbage-first heap   total 321536K, used 177931K [0x0000000080000000, 0x0000000100000000)
  region size 1024K, 11 young (11264K), 11 survivors (11264K)
 Metaspace       used 115922K, committed 116736K, reserved 1155072K
  class space    used 15084K, committed 15488K, reserved 1048576K
}
Event: 347.488 GC heap before
{Heap before GC invocations=65 (full 0):
 garbage-first heap   total 321536K, used 181003K [0x0000000080000000, 0x0000000100000000)
  region size 1024K, 15 young (15360K), 11 survivors (11264K)
 Metaspace       used 115922K, committed 116736K, reserved 1155072K
  class space    used 15084K, committed 15488K, reserved 1048576K
}
Event: 347.508 GC heap after
{Heap after GC invocations=66 (full 0):
 garbage-first heap   total 321536K, used 153469K [0x0000000080000000, 0x0000000100000000)
  region size 1024K, 2 young (2048K), 2 survivors (2048K)
 Metaspace       used 115922K, committed 116736K, reserved 1155072K
  class space    used 15084K, committed 15488K, reserved 1048576K
}
Event: 347.689 GC heap before
{Heap before GC invocations=66 (full 0):
 garbage-first heap   total 321536K, used 185213K [0x0000000080000000, 0x0000000100000000)
  region size 1024K, 35 young (35840K), 2 survivors (2048K)
 Metaspace       used 115929K, committed 116736K, reserved 1155072K
  class space    used 15084K, committed 15488K, reserved 1048576K
}
Event: 347.695 GC heap after
{Heap after GC invocations=67 (full 0):
 garbage-first heap   total 321536K, used 157871K [0x0000000080000000, 0x0000000100000000)
  region size 1024K, 7 young (7168K), 7 survivors (7168K)
 Metaspace       used 115929K, committed 116736K, reserved 1155072K
  class space    used 15084K, committed 15488K, reserved 1048576K
}
Event: 348.377 GC heap before
{Heap before GC invocations=68 (full 0):
 garbage-first heap   total 321536K, used 244911K [0x0000000080000000, 0x0000000100000000)
  region size 1024K, 81 young (82944K), 7 survivors (7168K)
 Metaspace       used 115933K, committed 116736K, reserved 1155072K
  class space    used 15081K, committed 15488K, reserved 1048576K
}
Event: 348.390 GC heap after
{Heap after GC invocations=69 (full 0):
 garbage-first heap   total 321536K, used 181373K [0x0000000080000000, 0x0000000100000000)
  region size 1024K, 11 young (11264K), 11 survivors (11264K)
 Metaspace       used 115933K, committed 116736K, reserved 1155072K
  class space    used 15081K, committed 15488K, reserved 1048576K
}
Event: 348.408 GC heap before
{Heap before GC invocations=69 (full 0):
 garbage-first heap   total 321536K, used 185469K [0x0000000080000000, 0x0000000100000000)
  region size 1024K, 15 young (15360K), 11 survivors (11264K)
 Metaspace       used 115933K, committed 116736K, reserved 1155072K
  class space    used 15081K, committed 15488K, reserved 1048576K
}
Event: 348.433 GC heap after
{Heap after GC invocations=70 (full 0):
 garbage-first heap   total 321536K, used 169000K [0x0000000080000000, 0x0000000100000000)
  region size 1024K, 1 young (1024K), 1 survivors (1024K)
 Metaspace       used 115933K, committed 116736K, reserved 1155072K
  class space    used 15081K, committed 15488K, reserved 1048576K
}
Event: 348.882 GC heap before
{Heap before GC invocations=70 (full 0):
 garbage-first heap   total 321536K, used 208936K [0x0000000080000000, 0x0000000100000000)
  region size 1024K, 41 young (41984K), 1 survivors (1024K)
 Metaspace       used 115980K, committed 116736K, reserved 1155072K
  class space    used 15082K, committed 15488K, reserved 1048576K
}

