# JRE version: Java(TM) SE Runtime Environment (16.0.2+7) (build 16.0.2+7-67)
# Java VM: Java HotSpot(TM) 64-Bit Server VM (16.0.2+7-67, mixed mode, sharing, tiered, compressed oops, compressed class ptrs, g1 gc, windows-amd64)
GC Precious Log:
 CPUs: 8 total, 8 available
 Memory: 7959M
 Large Page Support: Disabled
 NUMA Support: Disabled
 Compressed Oops: Enabled (32-bit)
 Heap Region Size: 1M
 Heap Min Capacity: 8M
 Heap Initial Capacity: 126M
 Heap Max Capacity: 2G
 Pre-touch: Disabled
 Parallel Workers: 8
 Concurrent Workers: 2
 Concurrent Refinement Workers: 8
 Periodic GC: Disabled
Heap:
 garbage-first heap   total 401408K, used 181950K [0x0000000080000000, 0x0000000100000000)
  region size 1024K, 2 young (2048K), 2 survivors (2048K)
 Metaspace       used 114221K, committed 115008K, reserved 1155072K
  class space    used 14857K, committed 15232K, reserved 1048576K
GC Heap History (20 events):
Event: 14.687 GC heap after
{Heap after GC invocations=60 (full 0):
 garbage-first heap   total 390144K, used 165768K [0x0000000080000000, 0x0000000100000000)
  region size 1024K, 7 young (7168K), 7 survivors (7168K)
 Metaspace       used 84003K, committed 84608K, reserved 1122304K
  class space    used 11452K, committed 11712K, reserved 1048576K
}
Event: 16.054 GC heap before
{Heap before GC invocations=60 (full 0):
 garbage-first heap   total 390144K, used 261000K [0x0000000080000000, 0x0000000100000000)
  region size 1024K, 86 young (88064K), 7 survivors (7168K)
 Metaspace       used 90031K, committed 90624K, reserved 1130496K
  class space    used 12251K, committed 12544K, reserved 1048576K
}
Event: 16.062 GC heap after
{Heap after GC invocations=61 (full 0):
 garbage-first heap   total 390144K, used 165089K [0x0000000080000000, 0x0000000100000000)
  region size 1024K, 11 young (11264K), 11 survivors (11264K)
 Metaspace       used 90031K, committed 90624K, reserved 1130496K
  class space    used 12251K, committed 12544K, reserved 1048576K
}
Event: 16.081 GC heap before
{Heap before GC invocations=61 (full 0):
 garbage-first heap   total 390144K, used 186593K [0x0000000080000000, 0x0000000100000000)
  region size 1024K, 14 young (14336K), 11 survivors (11264K)
 Metaspace       used 90035K, committed 90624K, reserved 1130496K
  class space    used 12251K, committed 12544K, reserved 1048576K
}
Event: 16.088 GC heap after
{Heap after GC invocations=62 (full 0):
 garbage-first heap   total 390144K, used 182069K [0x0000000080000000, 0x0000000100000000)
  region size 1024K, 5 young (5120K), 5 survivors (5120K)
 Metaspace       used 90035K, committed 90624K, reserved 1130496K
  class space    used 12251K, committed 12544K, reserved 1048576K
}
Event: 35.077 GC heap before
{Heap before GC invocations=63 (full 0):
 garbage-first heap   total 390144K, used 304949K [0x0000000080000000, 0x0000000100000000)
  region size 1024K, 132 young (135168K), 5 survivors (5120K)
 Metaspace       used 94821K, committed 95488K, reserved 1138688K
  class space    used 12610K, committed 12928K, reserved 1048576K
}
Event: 35.083 GC heap after
{Heap after GC invocations=64 (full 0):
 garbage-first heap   total 390144K, used 151737K [0x0000000080000000, 0x0000000100000000)
  region size 1024K, 7 young (7168K), 7 survivors (7168K)
 Metaspace       used 94821K, committed 95488K, reserved 1138688K
  class space    used 12610K, committed 12928K, reserved 1048576K
}
Event: 214.069 GC heap before
{Heap before GC invocations=64 (full 0):
 garbage-first heap   total 390144K, used 335033K [0x0000000080000000, 0x0000000100000000)
  region size 1024K, 170 young (174080K), 7 survivors (7168K)
 Metaspace       used 99626K, committed 100416K, reserved 1138688K
  class space    used 13060K, committed 13440K, reserved 1048576K
}
Event: 214.080 GC heap after
{Heap after GC invocations=65 (full 0):
 garbage-first heap   total 390144K, used 156454K [0x0000000080000000, 0x0000000100000000)
  region size 1024K, 11 young (11264K), 11 survivors (11264K)
 Metaspace       used 99626K, committed 100416K, reserved 1138688K
  class space    used 13060K, committed 13440K, reserved 1048576K
}
Event: 217.764 GC heap before
{Heap before GC invocations=65 (full 0):
 garbage-first heap   total 390144K, used 322342K [0x0000000080000000, 0x0000000100000000)
  region size 1024K, 170 young (174080K), 11 survivors (11264K)
 Metaspace       used 112002K, committed 112704K, reserved 1146880K
  class space    used 14636K, committed 14976K, reserved 1048576K
}
Event: 217.780 GC heap after
{Heap after GC invocations=66 (full 0):
 garbage-first heap   total 390144K, used 171871K [0x0000000080000000, 0x0000000100000000)
  region size 1024K, 22 young (22528K), 22 survivors (22528K)
 Metaspace       used 112002K, committed 112704K, reserved 1146880K
  class space    used 14636K, committed 14976K, reserved 1048576K
}
Event: 218.827 GC heap before
{Heap before GC invocations=66 (full 0):
 garbage-first heap   total 390144K, used 338783K [0x0000000080000000, 0x0000000100000000)
  region size 1024K, 162 young (165888K), 22 survivors (22528K)
 Metaspace       used 114172K, committed 115008K, reserved 1155072K
  class space    used 14857K, committed 15232K, reserved 1048576K
}
Event: 218.865 GC heap after
{Heap after GC invocations=67 (full 0):
 garbage-first heap   total 401408K, used 215366K [0x0000000080000000, 0x0000000100000000)
  region size 1024K, 21 young (21504K), 21 survivors (21504K)
 Metaspace       used 114172K, committed 115008K, reserved 1155072K
  class space    used 14857K, committed 15232K, reserved 1048576K
}
Event: 218.998 GC heap before
{Heap before GC invocations=67 (full 0):
 garbage-first heap   total 401408K, used 243014K [0x0000000080000000, 0x0000000100000000)
  region size 1024K, 49 young (50176K), 21 survivors (21504K)
 Metaspace       used 114180K, committed 115008K, reserved 1155072K
  class space    used 14857K, committed 15232K, reserved 1048576K
}
Event: 219.016 GC heap after
{Heap after GC invocations=68 (full 0):
 garbage-first heap   total 401408K, used 222331K [0x0000000080000000, 0x0000000100000000)
  region size 1024K, 6 young (6144K), 6 survivors (6144K)
 Metaspace       used 114180K, committed 115008K, reserved 1155072K
  class space    used 14857K, committed 15232K, reserved 1048576K
}
Event: 219.563 GC heap before
{Heap before GC invocations=69 (full 0):
 garbage-first heap   total 401408K, used 287867K [0x0000000080000000, 0x0000000100000000)
  region size 1024K, 88 young (90112K), 6 survivors (6144K)
 Metaspace       used 114189K, committed 115008K, reserved 1155072K
  class space    used 14857K, committed 15232K, reserved 1048576K
}
Event: 219.577 GC heap after
{Heap after GC invocations=70 (full 0):
 garbage-first heap   total 401408K, used 215426K [0x0000000080000000, 0x0000000100000000)
  region size 1024K, 11 young (11264K), 11 survivors (11264K)
 Metaspace       used 114189K, committed 115008K, reserved 1155072K
  class space    used 14857K, committed 15232K, reserved 1048576K
}
Event: 219.608 GC heap before
{Heap before GC invocations=70 (full 0):
 garbage-first heap   total 401408K, used 223618K [0x0000000080000000, 0x0000000100000000)
  region size 1024K, 19 young (19456K), 11 survivors (11264K)
 Metaspace       used 114189K, committed 115008K, reserved 1155072K
  class space    used 14857K, committed 15232K, reserved 1048576K
}
Event: 219.622 GC heap after
{Heap after GC invocations=71 (full 0):
 garbage-first heap   total 401408K, used 181434K [0x0000000080000000, 0x0000000100000000)
  region size 1024K, 1 young (1024K), 1 survivors (1024K)
 Metaspace       used 114189K, committed 115008K, reserved 1155072K
  class space    used 14857K, committed 15232K, reserved 1048576K
}
Event: 219.956 GC heap before
{Heap before GC invocations=71 (full 0):
 garbage-first heap   total 401408K, used 210106K [0x0000000080000000, 0x0000000100000000)
  region size 1024K, 31 young (31744K), 1 survivors (1024K)
 Metaspace       used 114221K, committed 115008K, reserved 1155072K
  class space    used 14857K, committed 15232K, reserved 1048576K
}

