# JRE version: Java(TM) SE Runtime Environment (16.0.2+7) (build 16.0.2+7-67)
# Java VM: Java HotSpot(TM) 64-Bit Server VM (16.0.2+7-67, mixed mode, sharing, tiered, compressed oops, compressed class ptrs, g1 gc, windows-amd64)
GC Precious Log:
 CPUs: 8 total, 8 available
 Memory: 7959M
 Large Page Support: Disabled
 NUMA Support: Disabled
 Compressed Oops: Enabled (32-bit)
 Heap Region Size: 1M
 Heap Min Capacity: 8M
 Heap Initial Capacity: 126M
 Heap Max Capacity: 2G
 Pre-touch: Disabled
 Parallel Workers: 8
 Concurrent Workers: 2
 Concurrent Refinement Workers: 8
 Periodic GC: Disabled
Heap:
 garbage-first heap   total 216064K, used 147799K [0x0000000080000000, 0x0000000100000000)
  region size 1024K, 22 young (22528K), 2 survivors (2048K)
 Metaspace       used 105809K, committed 106560K, reserved 1146880K
  class space    used 14637K, committed 14976K, reserved 1048576K
GC Heap History (20 events):
Event: 13.271 GC heap before
{Heap before GC invocations=42 (full 0):
 garbage-first heap   total 153600K, used 114086K [0x0000000080000000, 0x0000000100000000)
  region size 1024K, 31 young (31744K), 2 survivors (2048K)
 Metaspace       used 82296K, committed 82880K, reserved 1122304K
  class space    used 10966K, committed 11264K, reserved 1048576K
}
Event: 13.276 GC heap after
{Heap after GC invocations=43 (full 0):
 garbage-first heap   total 153600K, used 87993K [0x0000000080000000, 0x0000000100000000)
  region size 1024K, 4 young (4096K), 4 survivors (4096K)
 Metaspace       used 82296K, committed 82880K, reserved 1122304K
  class space    used 10966K, committed 11264K, reserved 1048576K
}
Event: 13.654 GC heap before
{Heap before GC invocations=43 (full 0):
 garbage-first heap   total 153600K, used 93113K [0x0000000080000000, 0x0000000100000000)
  region size 1024K, 11 young (11264K), 4 survivors (4096K)
 Metaspace       used 88284K, committed 88896K, reserved 1130496K
  class space    used 11711K, committed 12032K, reserved 1048576K
}
Event: 13.658 GC heap after
{Heap after GC invocations=44 (full 0):
 garbage-first heap   total 184320K, used 90056K [0x0000000080000000, 0x0000000100000000)
  region size 1024K, 6 young (6144K), 6 survivors (6144K)
 Metaspace       used 88284K, committed 88896K, reserved 1130496K
  class space    used 11711K, committed 12032K, reserved 1048576K
}
Event: 14.609 GC heap before
{Heap before GC invocations=45 (full 0):
 garbage-first heap   total 184320K, used 145352K [0x0000000080000000, 0x0000000100000000)
  region size 1024K, 58 young (59392K), 6 survivors (6144K)
 Metaspace       used 90428K, committed 91072K, reserved 1130496K
  class space    used 11936K, committed 12288K, reserved 1048576K
}
Event: 14.619 GC heap after
{Heap after GC invocations=46 (full 0):
 garbage-first heap   total 184320K, used 99780K [0x0000000080000000, 0x0000000100000000)
  region size 1024K, 8 young (8192K), 8 survivors (8192K)
 Metaspace       used 90428K, committed 91072K, reserved 1130496K
  class space    used 11936K, committed 12288K, reserved 1048576K
}
Event: 14.756 GC heap before
{Heap before GC invocations=46 (full 0):
 garbage-first heap   total 184320K, used 107972K [0x0000000080000000, 0x0000000100000000)
  region size 1024K, 18 young (18432K), 8 survivors (8192K)
 Metaspace       used 90685K, committed 91328K, reserved 1130496K
  class space    used 11967K, committed 12288K, reserved 1048576K
}
Event: 14.762 GC heap after
{Heap after GC invocations=47 (full 0):
 garbage-first heap   total 184320K, used 98960K [0x0000000080000000, 0x0000000100000000)
  region size 1024K, 1 young (1024K), 1 survivors (1024K)
 Metaspace       used 90685K, committed 91328K, reserved 1130496K
  class space    used 11967K, committed 12288K, reserved 1048576K
}
Event: 15.227 GC heap before
{Heap before GC invocations=48 (full 0):
 garbage-first heap   total 184320K, used 149136K [0x0000000080000000, 0x0000000100000000)
  region size 1024K, 49 young (50176K), 1 survivors (1024K)
 Metaspace       used 96034K, committed 96704K, reserved 1138688K
  class space    used 12771K, committed 13120K, reserved 1048576K
}
Event: 15.236 GC heap after
{Heap after GC invocations=49 (full 0):
 garbage-first heap   total 184320K, used 106750K [0x0000000080000000, 0x0000000100000000)
  region size 1024K, 7 young (7168K), 7 survivors (7168K)
 Metaspace       used 96034K, committed 96704K, reserved 1138688K
  class space    used 12771K, committed 13120K, reserved 1048576K
}
Event: 15.571 GC heap before
{Heap before GC invocations=49 (full 0):
 garbage-first heap   total 184320K, used 147710K [0x0000000080000000, 0x0000000100000000)
  region size 1024K, 48 young (49152K), 7 survivors (7168K)
 Metaspace       used 101968K, committed 102656K, reserved 1138688K
  class space    used 13997K, committed 14336K, reserved 1048576K
}
Event: 15.579 GC heap after
{Heap after GC invocations=50 (full 0):
 garbage-first heap   total 184320K, used 109851K [0x0000000080000000, 0x0000000100000000)
  region size 1024K, 3 young (3072K), 3 survivors (3072K)
 Metaspace       used 101968K, committed 102656K, reserved 1138688K
  class space    used 13997K, committed 14336K, reserved 1048576K
}
Event: 15.913 GC heap before
{Heap before GC invocations=51 (full 0):
 garbage-first heap   total 203776K, used 148763K [0x0000000080000000, 0x0000000100000000)
  region size 1024K, 42 young (43008K), 3 survivors (3072K)
 Metaspace       used 103880K, committed 104576K, reserved 1146880K
  class space    used 14311K, committed 14656K, reserved 1048576K
}
Event: 15.917 GC heap after
{Heap after GC invocations=52 (full 0):
 garbage-first heap   total 203776K, used 110153K [0x0000000080000000, 0x0000000100000000)
  region size 1024K, 4 young (4096K), 4 survivors (4096K)
 Metaspace       used 103880K, committed 104576K, reserved 1146880K
  class space    used 14311K, committed 14656K, reserved 1048576K
}
Event: 15.967 GC heap before
{Heap before GC invocations=52 (full 0):
 garbage-first heap   total 203776K, used 113225K [0x0000000080000000, 0x0000000100000000)
  region size 1024K, 9 young (9216K), 4 survivors (4096K)
 Metaspace       used 103932K, committed 104640K, reserved 1146880K
  class space    used 14311K, committed 14656K, reserved 1048576K
}
Event: 15.970 GC heap after
{Heap after GC invocations=53 (full 0):
 garbage-first heap   total 203776K, used 110523K [0x0000000080000000, 0x0000000100000000)
  region size 1024K, 4 young (4096K), 4 survivors (4096K)
 Metaspace       used 103932K, committed 104640K, reserved 1146880K
  class space    used 14311K, committed 14656K, reserved 1048576K
}
Event: 16.574 GC heap before
{Heap before GC invocations=54 (full 0):
 garbage-first heap   total 203776K, used 190395K [0x0000000080000000, 0x0000000100000000)
  region size 1024K, 59 young (60416K), 4 survivors (4096K)
 Metaspace       used 105768K, committed 106496K, reserved 1146880K
  class space    used 14637K, committed 14976K, reserved 1048576K
}
Event: 16.597 GC heap after
{Heap after GC invocations=55 (full 0):
 garbage-first heap   total 216064K, used 142064K [0x0000000080000000, 0x0000000100000000)
  region size 1024K, 8 young (8192K), 8 survivors (8192K)
 Metaspace       used 105768K, committed 106496K, reserved 1146880K
  class space    used 14637K, committed 14976K, reserved 1048576K
}
Event: 16.625 GC heap before
{Heap before GC invocations=55 (full 0):
 garbage-first heap   total 216064K, used 144112K [0x0000000080000000, 0x0000000100000000)
  region size 1024K, 10 young (10240K), 8 survivors (8192K)
 Metaspace       used 105778K, committed 106496K, reserved 1146880K
  class space    used 14637K, committed 14976K, reserved 1048576K
}
Event: 16.646 GC heap after
{Heap after GC invocations=56 (full 0):
 garbage-first heap   total 216064K, used 129367K [0x0000000080000000, 0x0000000100000000)
  region size 1024K, 2 young (2048K), 2 survivors (2048K)
 Metaspace       used 105778K, committed 106496K, reserved 1146880K
  class space    used 14637K, committed 14976K, reserved 1048576K
}

