# JRE version: Java(TM) SE Runtime Environment (16.0.2+7) (build 16.0.2+7-67)
# Java VM: Java HotSpot(TM) 64-Bit Server VM (16.0.2+7-67, mixed mode, sharing, tiered, compressed oops, compressed class ptrs, g1 gc, windows-amd64)
GC Precious Log:
 CPUs: 8 total, 8 available
 Memory: 7959M
 Large Page Support: Disabled
 NUMA Support: Disabled
 Compressed Oops: Enabled (32-bit)
 Heap Region Size: 1M
 Heap Min Capacity: 8M
 Heap Initial Capacity: 126M
 Heap Max Capacity: 2G
 Pre-touch: Disabled
 Parallel Workers: 8
 Concurrent Workers: 2
 Concurrent Refinement Workers: 8
 Periodic GC: Disabled
Heap:
 garbage-first heap   total 227328K, used 156277K [0x0000000080000000, 0x0000000100000000)
  region size 1024K, 5 young (5120K), 5 survivors (5120K)
 Metaspace       used 109103K, committed 109824K, reserved 1146880K
  class space    used 14829K, committed 15168K, reserved 1048576K
GC Heap History (20 events):
Event: 11.554 GC heap after
{Heap after GC invocations=42 (full 0):
 garbage-first heap   total 227328K, used 96687K [0x0000000080000000, 0x0000000100000000)
  region size 1024K, 3 young (3072K), 3 survivors (3072K)
 Metaspace       used 80784K, committed 81408K, reserved 1122304K
  class space    used 10789K, committed 11072K, reserved 1048576K
}
Event: 12.621 GC heap before
{Heap before GC invocations=43 (full 0):
 garbage-first heap   total 227328K, used 156079K [0x0000000080000000, 0x0000000100000000)
  region size 1024K, 62 young (63488K), 3 survivors (3072K)
 Metaspace       used 83901K, committed 84480K, reserved 1122304K
  class space    used 11158K, committed 11456K, reserved 1048576K
}
Event: 12.630 GC heap after
{Heap after GC invocations=44 (full 0):
 garbage-first heap   total 227328K, used 101103K [0x0000000080000000, 0x0000000100000000)
  region size 1024K, 7 young (7168K), 7 survivors (7168K)
 Metaspace       used 83901K, committed 84480K, reserved 1122304K
  class space    used 11158K, committed 11456K, reserved 1048576K
}
Event: 12.657 GC heap before
{Heap before GC invocations=44 (full 0):
 garbage-first heap   total 227328K, used 104175K [0x0000000080000000, 0x0000000100000000)
  region size 1024K, 11 young (11264K), 7 survivors (7168K)
 Metaspace       used 83905K, committed 84480K, reserved 1122304K
  class space    used 11158K, committed 11456K, reserved 1048576K
}
Event: 12.669 GC heap after
{Heap after GC invocations=45 (full 0):
 garbage-first heap   total 227328K, used 87248K [0x0000000080000000, 0x0000000100000000)
  region size 1024K, 1 young (1024K), 1 survivors (1024K)
 Metaspace       used 83905K, committed 84480K, reserved 1122304K
  class space    used 11158K, committed 11456K, reserved 1048576K
}
Event: 14.819 GC heap before
{Heap before GC invocations=45 (full 0):
 garbage-first heap   total 227328K, used 156880K [0x0000000080000000, 0x0000000100000000)
  region size 1024K, 70 young (71680K), 1 survivors (1024K)
 Metaspace       used 84858K, committed 85504K, reserved 1130496K
  class space    used 11252K, committed 11584K, reserved 1048576K
}
Event: 14.825 GC heap after
{Heap after GC invocations=46 (full 0):
 garbage-first heap   total 227328K, used 94306K [0x0000000080000000, 0x0000000100000000)
  region size 1024K, 8 young (8192K), 8 survivors (8192K)
 Metaspace       used 84858K, committed 85504K, reserved 1130496K
  class space    used 11252K, committed 11584K, reserved 1048576K
}
Event: 16.234 GC heap before
{Heap before GC invocations=46 (full 0):
 garbage-first heap   total 227328K, used 164962K [0x0000000080000000, 0x0000000100000000)
  region size 1024K, 76 young (77824K), 8 survivors (8192K)
 Metaspace       used 92671K, committed 93248K, reserved 1130496K
  class space    used 12201K, committed 12480K, reserved 1048576K
}
Event: 16.244 GC heap after
{Heap after GC invocations=47 (full 0):
 garbage-first heap   total 227328K, used 104795K [0x0000000080000000, 0x0000000100000000)
  region size 1024K, 10 young (10240K), 10 survivors (10240K)
 Metaspace       used 92671K, committed 93248K, reserved 1130496K
  class space    used 12201K, committed 12480K, reserved 1048576K
}
Event: 17.148 GC heap before
{Heap before GC invocations=47 (full 0):
 garbage-first heap   total 227328K, used 168283K [0x0000000080000000, 0x0000000100000000)
  region size 1024K, 71 young (72704K), 10 survivors (10240K)
 Metaspace       used 98514K, committed 99200K, reserved 1138688K
  class space    used 12983K, committed 13312K, reserved 1048576K
}
Event: 17.157 GC heap after
{Heap after GC invocations=48 (full 0):
 garbage-first heap   total 227328K, used 108113K [0x0000000080000000, 0x0000000100000000)
  region size 1024K, 7 young (7168K), 7 survivors (7168K)
 Metaspace       used 98514K, committed 99200K, reserved 1138688K
  class space    used 12983K, committed 13312K, reserved 1048576K
}
Event: 17.687 GC heap before
{Heap before GC invocations=48 (full 0):
 garbage-first heap   total 227328K, used 170577K [0x0000000080000000, 0x0000000100000000)
  region size 1024K, 69 young (70656K), 7 survivors (7168K)
 Metaspace       used 106332K, committed 106944K, reserved 1146880K
  class space    used 14440K, committed 14720K, reserved 1048576K
}
Event: 17.700 GC heap after
{Heap after GC invocations=49 (full 0):
 garbage-first heap   total 227328K, used 117006K [0x0000000080000000, 0x0000000100000000)
  region size 1024K, 9 young (9216K), 9 survivors (9216K)
 Metaspace       used 106332K, committed 106944K, reserved 1146880K
  class space    used 14440K, committed 14720K, reserved 1048576K
}
Event: 18.041 GC heap before
{Heap before GC invocations=49 (full 0):
 garbage-first heap   total 227328K, used 140558K [0x0000000080000000, 0x0000000100000000)
  region size 1024K, 34 young (34816K), 9 survivors (9216K)
 Metaspace       used 107176K, committed 107840K, reserved 1146880K
  class space    used 14489K, committed 14784K, reserved 1048576K
}
Event: 18.046 GC heap after
{Heap after GC invocations=50 (full 0):
 garbage-first heap   total 227328K, used 115370K [0x0000000080000000, 0x0000000100000000)
  region size 1024K, 2 young (2048K), 2 survivors (2048K)
 Metaspace       used 107176K, committed 107840K, reserved 1146880K
  class space    used 14489K, committed 14784K, reserved 1048576K
}
Event: 18.695 GC heap before
{Heap before GC invocations=51 (full 0):
 garbage-first heap   total 227328K, used 199338K [0x0000000080000000, 0x0000000100000000)
  region size 1024K, 63 young (64512K), 2 survivors (2048K)
 Metaspace       used 108976K, committed 109632K, reserved 1146880K
  class space    used 14822K, committed 15168K, reserved 1048576K
}
Event: 18.718 GC heap after
{Heap after GC invocations=52 (full 0):
 garbage-first heap   total 227328K, used 148732K [0x0000000080000000, 0x0000000100000000)
  region size 1024K, 8 young (8192K), 8 survivors (8192K)
 Metaspace       used 108976K, committed 109632K, reserved 1146880K
  class space    used 14822K, committed 15168K, reserved 1048576K
}
Event: 18.748 GC heap before
{Heap before GC invocations=52 (full 0):
 garbage-first heap   total 227328K, used 151804K [0x0000000080000000, 0x0000000100000000)
  region size 1024K, 11 young (11264K), 8 survivors (8192K)
 Metaspace       used 108981K, committed 109696K, reserved 1146880K
  class space    used 14822K, committed 15168K, reserved 1048576K
}
Event: 18.769 GC heap after
{Heap after GC invocations=53 (full 0):
 garbage-first heap   total 227328K, used 137333K [0x0000000080000000, 0x0000000100000000)
  region size 1024K, 2 young (2048K), 2 survivors (2048K)
 Metaspace       used 108981K, committed 109696K, reserved 1146880K
  class space    used 14822K, committed 15168K, reserved 1048576K
}
Event: 19.025 GC heap before
{Heap before GC invocations=53 (full 0):
 garbage-first heap   total 227328K, used 174197K [0x0000000080000000, 0x0000000100000000)
  region size 1024K, 39 young (39936K), 2 survivors (2048K)
 Metaspace       used 109103K, committed 109824K, reserved 1146880K
  class space    used 14829K, committed 15168K, reserved 1048576K
}

