# JRE version: Java(TM) SE Runtime Environment (16.0.2+7) (build 16.0.2+7-67)
# Java VM: Java HotSpot(TM) 64-Bit Server VM (16.0.2+7-67, mixed mode, sharing, tiered, compressed oops, compressed class ptrs, g1 gc, windows-amd64)
GC Precious Log:
 CPUs: 8 total, 8 available
 Memory: 7959M
 Large Page Support: Disabled
 NUMA Support: Disabled
 Compressed Oops: Enabled (32-bit)
 Heap Region Size: 1M
 Heap Min Capacity: 8M
 Heap Initial Capacity: 126M
 Heap Max Capacity: 2G
 Pre-touch: Disabled
 Parallel Workers: 8
 Concurrent Workers: 2
 Concurrent Refinement Workers: 8
 Periodic GC: Disabled
Heap:
 garbage-first heap   total 174080K, used 96887K [0x0000000080000000, 0x0000000100000000)
  region size 1024K, 3 young (3072K), 3 survivors (3072K)
 Metaspace       used 80258K, committed 80832K, reserved 1122304K
  class space    used 10730K, committed 11008K, reserved 1048576K
GC Heap History (20 events):
Event: 7.927 GC heap after
{Heap after GC invocations=27 (full 0):
 garbage-first heap   total 102400K, used 57333K [0x0000000080000000, 0x0000000100000000)
  region size 1024K, 2 young (2048K), 2 survivors (2048K)
 Metaspace       used 58716K, committed 59264K, reserved 1105920K
  class space    used 7764K, committed 8000K, reserved 1048576K
}
Event: 8.231 GC heap before
{Heap before GC invocations=27 (full 0):
 garbage-first heap   total 102400K, used 81909K [0x0000000080000000, 0x0000000100000000)
  region size 1024K, 26 young (26624K), 2 survivors (2048K)
 Metaspace       used 61879K, committed 62400K, reserved 1105920K
  class space    used 8324K, committed 8576K, reserved 1048576K
}
Event: 8.234 GC heap after
{Heap after GC invocations=28 (full 0):
 garbage-first heap   total 122880K, used 58947K [0x0000000080000000, 0x0000000100000000)
  region size 1024K, 3 young (3072K), 3 survivors (3072K)
 Metaspace       used 61879K, committed 62400K, reserved 1105920K
  class space    used 8324K, committed 8576K, reserved 1048576K
}
Event: 8.745 GC heap before
{Heap before GC invocations=29 (full 0):
 garbage-first heap   total 122880K, used 98883K [0x0000000080000000, 0x0000000100000000)
  region size 1024K, 42 young (43008K), 3 survivors (3072K)
 Metaspace       used 65168K, committed 65664K, reserved 1105920K
  class space    used 8783K, committed 9024K, reserved 1048576K
}
Event: 8.750 GC heap after
{Heap after GC invocations=30 (full 0):
 garbage-first heap   total 122880K, used 61771K [0x0000000080000000, 0x0000000100000000)
  region size 1024K, 6 young (6144K), 6 survivors (6144K)
 Metaspace       used 65168K, committed 65664K, reserved 1105920K
  class space    used 8783K, committed 9024K, reserved 1048576K
}
Event: 9.291 GC heap before
{Heap before GC invocations=30 (full 0):
 garbage-first heap   total 122880K, used 98635K [0x0000000080000000, 0x0000000100000000)
  region size 1024K, 42 young (43008K), 6 survivors (6144K)
 Metaspace       used 69964K, committed 70528K, reserved 1114112K
  class space    used 9431K, committed 9728K, reserved 1048576K
}
Event: 9.297 GC heap after
{Heap after GC invocations=31 (full 0):
 garbage-first heap   total 122880K, used 64678K [0x0000000080000000, 0x0000000100000000)
  region size 1024K, 6 young (6144K), 6 survivors (6144K)
 Metaspace       used 69964K, committed 70528K, reserved 1114112K
  class space    used 9431K, committed 9728K, reserved 1048576K
}
Event: 9.824 GC heap before
{Heap before GC invocations=32 (full 0):
 garbage-first heap   total 122880K, used 99494K [0x0000000080000000, 0x0000000100000000)
  region size 1024K, 41 young (41984K), 6 survivors (6144K)
 Metaspace       used 73372K, committed 73920K, reserved 1114112K
  class space    used 9950K, committed 10240K, reserved 1048576K
}
Event: 9.832 GC heap after
{Heap after GC invocations=33 (full 0):
 garbage-first heap   total 122880K, used 68835K [0x0000000080000000, 0x0000000100000000)
  region size 1024K, 6 young (6144K), 6 survivors (6144K)
 Metaspace       used 73372K, committed 73920K, reserved 1114112K
  class space    used 9950K, committed 10240K, reserved 1048576K
}
Event: 10.123 GC heap before
{Heap before GC invocations=33 (full 0):
 garbage-first heap   total 122880K, used 99555K [0x0000000080000000, 0x0000000100000000)
  region size 1024K, 37 young (37888K), 6 survivors (6144K)
 Metaspace       used 73648K, committed 74176K, reserved 1114112K
  class space    used 9956K, committed 10240K, reserved 1048576K
}
Event: 10.129 GC heap after
{Heap after GC invocations=34 (full 0):
 garbage-first heap   total 122880K, used 71262K [0x0000000080000000, 0x0000000100000000)
  region size 1024K, 3 young (3072K), 3 survivors (3072K)
 Metaspace       used 73648K, committed 74176K, reserved 1114112K
  class space    used 9956K, committed 10240K, reserved 1048576K
}
Event: 10.280 GC heap before
{Heap before GC invocations=35 (full 0):
 garbage-first heap   total 130048K, used 82526K [0x0000000080000000, 0x0000000100000000)
  region size 1024K, 16 young (16384K), 3 survivors (3072K)
 Metaspace       used 74144K, committed 74688K, reserved 1114112K
  class space    used 10033K, committed 10304K, reserved 1048576K
}
Event: 10.282 GC heap after
{Heap after GC invocations=36 (full 0):
 garbage-first heap   total 130048K, used 71702K [0x0000000080000000, 0x0000000100000000)
  region size 1024K, 3 young (3072K), 3 survivors (3072K)
 Metaspace       used 74144K, committed 74688K, reserved 1114112K
  class space    used 10033K, committed 10304K, reserved 1048576K
}
Event: 10.714 GC heap before
{Heap before GC invocations=37 (full 0):
 garbage-first heap   total 130048K, used 107542K [0x0000000080000000, 0x0000000100000000)
  region size 1024K, 37 young (37888K), 3 survivors (3072K)
 Metaspace       used 75317K, committed 75904K, reserved 1122304K
  class space    used 10160K, committed 10432K, reserved 1048576K
}
Event: 10.722 GC heap after
{Heap after GC invocations=38 (full 0):
 garbage-first heap   total 130048K, used 85351K [0x0000000080000000, 0x0000000100000000)
  region size 1024K, 5 young (5120K), 5 survivors (5120K)
 Metaspace       used 75317K, committed 75904K, reserved 1122304K
  class space    used 10160K, committed 10432K, reserved 1048576K
}
Event: 10.878 GC heap before
{Heap before GC invocations=38 (full 0):
 garbage-first heap   total 130048K, used 105831K [0x0000000080000000, 0x0000000100000000)
  region size 1024K, 25 young (25600K), 5 survivors (5120K)
 Metaspace       used 75412K, committed 75968K, reserved 1122304K
  class space    used 10164K, committed 10432K, reserved 1048576K
}
Event: 10.887 GC heap after
{Heap after GC invocations=39 (full 0):
 garbage-first heap   total 130048K, used 93640K [0x0000000080000000, 0x0000000100000000)
  region size 1024K, 4 young (4096K), 4 survivors (4096K)
 Metaspace       used 75412K, committed 75968K, reserved 1122304K
  class space    used 10164K, committed 10432K, reserved 1048576K
}
Event: 11.175 GC heap before
{Heap before GC invocations=40 (full 0):
 garbage-first heap   total 174080K, used 120264K [0x0000000080000000, 0x0000000100000000)
  region size 1024K, 16 young (16384K), 4 survivors (4096K)
 Metaspace       used 76824K, committed 77376K, reserved 1122304K
  class space    used 10340K, committed 10560K, reserved 1048576K
}
Event: 11.181 GC heap after
{Heap after GC invocations=41 (full 0):
 garbage-first heap   total 174080K, used 95702K [0x0000000080000000, 0x0000000100000000)
  region size 1024K, 2 young (2048K), 2 survivors (2048K)
 Metaspace       used 76824K, committed 77376K, reserved 1122304K
  class space    used 10340K, committed 10560K, reserved 1048576K
}
Event: 11.712 GC heap before
{Heap before GC invocations=41 (full 0):
 garbage-first heap   total 174080K, used 128470K [0x0000000080000000, 0x0000000100000000)
  region size 1024K, 35 young (35840K), 2 survivors (2048K)
 Metaspace       used 80258K, committed 80832K, reserved 1122304K
  class space    used 10730K, committed 11008K, reserved 1048576K
}

