# JRE version: Java(TM) SE Runtime Environment (16.0.2+7) (build 16.0.2+7-67)
# Java VM: Java HotSpot(TM) 64-Bit Server VM (16.0.2+7-67, mixed mode, sharing, tiered, compressed oops, compressed class ptrs, g1 gc, windows-amd64)
GC Precious Log:
 CPUs: 8 total, 8 available
 Memory: 7959M
 Large Page Support: Disabled
 NUMA Support: Disabled
 Compressed Oops: Enabled (32-bit)
 Heap Region Size: 1M
 Heap Min Capacity: 8M
 Heap Initial Capacity: 126M
 Heap Max Capacity: 2G
 Pre-touch: Disabled
 Parallel Workers: 8
 Concurrent Workers: 2
 Concurrent Refinement Workers: 8
 Periodic GC: Disabled
Heap:
 garbage-first heap   total 132096K, used 76941K [0x0000000080000000, 0x0000000100000000)
  region size 1024K, 8 young (8192K), 4 survivors (4096K)
 Metaspace       used 74287K, committed 74880K, reserved 1114112K
  class space    used 10047K, committed 10304K, reserved 1048576K
GC Heap History (20 events):
Event: 6.628 GC heap before
{Heap before GC invocations=21 (full 0):
 garbage-first heap   total 91136K, used 72043K [0x0000000080000000, 0x0000000100000000)
  region size 1024K, 25 young (25600K), 4 survivors (4096K)
 Metaspace       used 55239K, committed 55744K, reserved 1097728K
  class space    used 7254K, committed 7488K, reserved 1048576K
}
Event: 6.633 GC heap after
{Heap after GC invocations=22 (full 0):
 garbage-first heap   total 91136K, used 52389K [0x0000000080000000, 0x0000000100000000)
  region size 1024K, 2 young (2048K), 2 survivors (2048K)
 Metaspace       used 55239K, committed 55744K, reserved 1097728K
  class space    used 7254K, committed 7488K, reserved 1048576K
}
Event: 6.904 GC heap before
{Heap before GC invocations=23 (full 0):
 garbage-first heap   total 96256K, used 72869K [0x0000000080000000, 0x0000000100000000)
  region size 1024K, 22 young (22528K), 2 survivors (2048K)
 Metaspace       used 56132K, committed 56576K, reserved 1105920K
  class space    used 7388K, committed 7616K, reserved 1048576K
}
Event: 6.907 GC heap after
{Heap after GC invocations=24 (full 0):
 garbage-first heap   total 96256K, used 53998K [0x0000000080000000, 0x0000000100000000)
  region size 1024K, 2 young (2048K), 2 survivors (2048K)
 Metaspace       used 56132K, committed 56576K, reserved 1105920K
  class space    used 7388K, committed 7616K, reserved 1048576K
}
Event: 7.130 GC heap before
{Heap before GC invocations=24 (full 0):
 garbage-first heap   total 96256K, used 76526K [0x0000000080000000, 0x0000000100000000)
  region size 1024K, 24 young (24576K), 2 survivors (2048K)
 Metaspace       used 57233K, committed 57728K, reserved 1105920K
  class space    used 7507K, committed 7744K, reserved 1048576K
}
Event: 7.134 GC heap after
{Heap after GC invocations=25 (full 0):
 garbage-first heap   total 96256K, used 56112K [0x0000000080000000, 0x0000000100000000)
  region size 1024K, 3 young (3072K), 3 survivors (3072K)
 Metaspace       used 57233K, committed 57728K, reserved 1105920K
  class space    used 7507K, committed 7744K, reserved 1048576K
}
Event: 7.533 GC heap before
{Heap before GC invocations=26 (full 0):
 garbage-first heap   total 101376K, used 77616K [0x0000000080000000, 0x0000000100000000)
  region size 1024K, 24 young (24576K), 3 survivors (3072K)
 Metaspace       used 59916K, committed 60416K, reserved 1105920K
  class space    used 8011K, committed 8256K, reserved 1048576K
}
Event: 7.537 GC heap after
{Heap after GC invocations=27 (full 0):
 garbage-first heap   total 101376K, used 57457K [0x0000000080000000, 0x0000000100000000)
  region size 1024K, 2 young (2048K), 2 survivors (2048K)
 Metaspace       used 59916K, committed 60416K, reserved 1105920K
  class space    used 8011K, committed 8256K, reserved 1048576K
}
Event: 7.885 GC heap before
{Heap before GC invocations=27 (full 0):
 garbage-first heap   total 101376K, used 82033K [0x0000000080000000, 0x0000000100000000)
  region size 1024K, 26 young (26624K), 2 survivors (2048K)
 Metaspace       used 62568K, committed 63104K, reserved 1105920K
  class space    used 8426K, committed 8704K, reserved 1048576K
}
Event: 7.890 GC heap after
{Heap after GC invocations=28 (full 0):
 garbage-first heap   total 101376K, used 59310K [0x0000000080000000, 0x0000000100000000)
  region size 1024K, 4 young (4096K), 4 survivors (4096K)
 Metaspace       used 62568K, committed 63104K, reserved 1105920K
  class space    used 8426K, committed 8704K, reserved 1048576K
}
Event: 8.203 GC heap before
{Heap before GC invocations=29 (full 0):
 garbage-first heap   total 107520K, used 82862K [0x0000000080000000, 0x0000000100000000)
  region size 1024K, 27 young (27648K), 4 survivors (4096K)
 Metaspace       used 64357K, committed 64896K, reserved 1105920K
  class space    used 8679K, committed 8960K, reserved 1048576K
}
Event: 8.207 GC heap after
{Heap after GC invocations=30 (full 0):
 garbage-first heap   total 107520K, used 60891K [0x0000000080000000, 0x0000000100000000)
  region size 1024K, 4 young (4096K), 4 survivors (4096K)
 Metaspace       used 64357K, committed 64896K, reserved 1105920K
  class space    used 8679K, committed 8960K, reserved 1048576K
}
Event: 8.568 GC heap before
{Heap before GC invocations=30 (full 0):
 garbage-first heap   total 107520K, used 87515K [0x0000000080000000, 0x0000000100000000)
  region size 1024K, 30 young (30720K), 4 survivors (4096K)
 Metaspace       used 67459K, committed 68032K, reserved 1114112K
  class space    used 9146K, committed 9408K, reserved 1048576K
}
Event: 8.573 GC heap after
{Heap after GC invocations=31 (full 0):
 garbage-first heap   total 129024K, used 62804K [0x0000000080000000, 0x0000000100000000)
  region size 1024K, 4 young (4096K), 4 survivors (4096K)
 Metaspace       used 67459K, committed 68032K, reserved 1114112K
  class space    used 9146K, committed 9408K, reserved 1048576K
}
Event: 9.411 GC heap before
{Heap before GC invocations=32 (full 0):
 garbage-first heap   total 129024K, used 104788K [0x0000000080000000, 0x0000000100000000)
  region size 1024K, 45 young (46080K), 4 survivors (4096K)
 Metaspace       used 72760K, committed 73280K, reserved 1114112K
  class space    used 9805K, committed 10048K, reserved 1048576K
}
Event: 9.417 GC heap after
{Heap after GC invocations=33 (full 0):
 garbage-first heap   total 129024K, used 67920K [0x0000000080000000, 0x0000000100000000)
  region size 1024K, 6 young (6144K), 6 survivors (6144K)
 Metaspace       used 72760K, committed 73280K, reserved 1114112K
  class space    used 9805K, committed 10048K, reserved 1048576K
}
Event: 9.828 GC heap before
{Heap before GC invocations=33 (full 0):
 garbage-first heap   total 129024K, used 102736K [0x0000000080000000, 0x0000000100000000)
  region size 1024K, 41 young (41984K), 6 survivors (6144K)
 Metaspace       used 73594K, committed 74112K, reserved 1114112K
  class space    used 9944K, committed 10176K, reserved 1048576K
}
Event: 9.836 GC heap after
{Heap after GC invocations=34 (full 0):
 garbage-first heap   total 129024K, used 70796K [0x0000000080000000, 0x0000000100000000)
  region size 1024K, 3 young (3072K), 3 survivors (3072K)
 Metaspace       used 73594K, committed 74112K, reserved 1114112K
  class space    used 9944K, committed 10176K, reserved 1048576K
}
Event: 10.049 GC heap before
{Heap before GC invocations=35 (full 0):
 garbage-first heap   total 132096K, used 91276K [0x0000000080000000, 0x0000000100000000)
  region size 1024K, 25 young (25600K), 3 survivors (3072K)
 Metaspace       used 74166K, committed 74688K, reserved 1114112K
  class space    used 10025K, committed 10304K, reserved 1048576K
}
Event: 10.052 GC heap after
{Heap after GC invocations=36 (full 0):
 garbage-first heap   total 132096K, used 71821K [0x0000000080000000, 0x0000000100000000)
  region size 1024K, 4 young (4096K), 4 survivors (4096K)
 Metaspace       used 74166K, committed 74688K, reserved 1114112K
  class space    used 10025K, committed 10304K, reserved 1048576K
}

