# JRE version: Java(TM) SE Runtime Environment (16.0.2+7) (build 16.0.2+7-67)
# Java VM: Java HotSpot(TM) 64-Bit Server VM (16.0.2+7-67, mixed mode, sharing, tiered, compressed oops, compressed class ptrs, g1 gc, windows-amd64)
GC Precious Log:
 CPUs: 8 total, 8 available
 Memory: 7959M
 Large Page Support: Disabled
 NUMA Support: Disabled
 Compressed Oops: Enabled (32-bit)
 Heap Region Size: 1M
 Heap Min Capacity: 8M
 Heap Initial Capacity: 126M
 Heap Max Capacity: 2G
 Pre-touch: Disabled
 Parallel Workers: 8
 Concurrent Workers: 2
 Concurrent Refinement Workers: 8
 Periodic GC: Disabled
Heap:
 garbage-first heap   total 363520K, used 171736K [0x0000000080000000, 0x0000000100000000)
  region size 1024K, 7 young (7168K), 7 survivors (7168K)
 Metaspace       used 117720K, committed 118528K, reserved 1155072K
  class space    used 15206K, committed 15552K, reserved 1048576K
GC Heap History (20 events):
Event: 522.495 GC heap after
{Heap after GC invocations=65 (full 0):
 garbage-first heap   total 318464K, used 102395K [0x0000000080000000, 0x0000000100000000)
  region size 1024K, 14 young (14336K), 14 survivors (14336K)
 Metaspace       used 110853K, committed 111552K, reserved 1146880K
  class space    used 14382K, committed 14720K, reserved 1048576K
}
Event: 523.373 GC heap before
{Heap before GC invocations=65 (full 0):
 garbage-first heap   total 318464K, used 278523K [0x0000000080000000, 0x0000000100000000)
  region size 1024K, 163 young (166912K), 14 survivors (14336K)
 Metaspace       used 115831K, committed 116480K, reserved 1155072K
  class space    used 15135K, committed 15424K, reserved 1048576K
}
Event: 523.400 GC heap after
{Heap after GC invocations=66 (full 0):
 garbage-first heap   total 318464K, used 135303K [0x0000000080000000, 0x0000000100000000)
  region size 1024K, 21 young (21504K), 21 survivors (21504K)
 Metaspace       used 115831K, committed 116480K, reserved 1155072K
  class space    used 15135K, committed 15424K, reserved 1048576K
}
Event: 524.044 GC heap before
{Heap before GC invocations=66 (full 0):
 garbage-first heap   total 318464K, used 253063K [0x0000000080000000, 0x0000000100000000)
  region size 1024K, 128 young (131072K), 21 survivors (21504K)
 Metaspace       used 115855K, committed 116480K, reserved 1155072K
  class space    used 15136K, committed 15424K, reserved 1048576K
}
Event: 524.071 GC heap after
{Heap after GC invocations=67 (full 0):
 garbage-first heap   total 318464K, used 168672K [0x0000000080000000, 0x0000000100000000)
  region size 1024K, 16 young (16384K), 16 survivors (16384K)
 Metaspace       used 115855K, committed 116480K, reserved 1155072K
  class space    used 15136K, committed 15424K, reserved 1048576K
}
Event: 524.092 GC heap before
{Heap before GC invocations=67 (full 0):
 garbage-first heap   total 318464K, used 170720K [0x0000000080000000, 0x0000000100000000)
  region size 1024K, 20 young (20480K), 16 survivors (16384K)
 Metaspace       used 115860K, committed 116480K, reserved 1155072K
  class space    used 15136K, committed 15424K, reserved 1048576K
}
Event: 524.104 GC heap after
{Heap after GC invocations=68 (full 0):
 garbage-first heap   total 318464K, used 171904K [0x0000000080000000, 0x0000000100000000)
  region size 1024K, 3 young (3072K), 3 survivors (3072K)
 Metaspace       used 115860K, committed 116480K, reserved 1155072K
  class space    used 15136K, committed 15424K, reserved 1048576K
}
Event: 524.614 GC heap before
{Heap before GC invocations=69 (full 0):
 garbage-first heap   total 360448K, used 254848K [0x0000000080000000, 0x0000000100000000)
  region size 1024K, 82 young (83968K), 3 survivors (3072K)
 Metaspace       used 115890K, committed 116544K, reserved 1155072K
  class space    used 15134K, committed 15424K, reserved 1048576K
}
Event: 524.622 GC heap after
{Heap after GC invocations=70 (full 0):
 garbage-first heap   total 360448K, used 171586K [0x0000000080000000, 0x0000000100000000)
  region size 1024K, 8 young (8192K), 8 survivors (8192K)
 Metaspace       used 115890K, committed 116544K, reserved 1155072K
  class space    used 15134K, committed 15424K, reserved 1048576K
}
Event: 524.673 GC heap before
{Heap before GC invocations=70 (full 0):
 garbage-first heap   total 360448K, used 176706K [0x0000000080000000, 0x0000000100000000)
  region size 1024K, 14 young (14336K), 8 survivors (8192K)
 Metaspace       used 115910K, committed 116544K, reserved 1155072K
  class space    used 15135K, committed 15424K, reserved 1048576K
}
Event: 524.676 GC heap after
{Heap after GC invocations=71 (full 0):
 garbage-first heap   total 360448K, used 171904K [0x0000000080000000, 0x0000000100000000)
  region size 1024K, 8 young (8192K), 8 survivors (8192K)
 Metaspace       used 115910K, committed 116544K, reserved 1155072K
  class space    used 15135K, committed 15424K, reserved 1048576K
}
Event: 1021.159 GC heap before
{Heap before GC invocations=72 (full 0):
 garbage-first heap   total 360448K, used 359296K [0x0000000080000000, 0x0000000100000000)
  region size 1024K, 112 young (114688K), 8 survivors (8192K)
 Metaspace       used 116641K, committed 117376K, reserved 1155072K
  class space    used 15176K, committed 15488K, reserved 1048576K
}
Event: 1021.163 GC heap after
{Heap after GC invocations=73 (full 0):
 garbage-first heap   total 363520K, used 154309K [0x0000000080000000, 0x0000000100000000)
  region size 1024K, 2 young (2048K), 2 survivors (2048K)
 Metaspace       used 116641K, committed 117376K, reserved 1155072K
  class space    used 15176K, committed 15488K, reserved 1048576K
}
Event: 1561.063 GC heap before
{Heap before GC invocations=73 (full 0):
 garbage-first heap   total 363520K, used 287429K [0x0000000080000000, 0x0000000100000000)
  region size 1024K, 123 young (125952K), 2 survivors (2048K)
 Metaspace       used 117000K, committed 117760K, reserved 1155072K
  class space    used 15188K, committed 15552K, reserved 1048576K
}
Event: 1561.078 GC heap after
{Heap after GC invocations=74 (full 0):
 garbage-first heap   total 363520K, used 181789K [0x0000000080000000, 0x0000000100000000)
  region size 1024K, 17 young (17408K), 17 survivors (17408K)
 Metaspace       used 117000K, committed 117760K, reserved 1155072K
  class space    used 15188K, committed 15552K, reserved 1048576K
}
Event: 1563.152 GC heap before
{Heap before GC invocations=75 (full 0):
 garbage-first heap   total 363520K, used 288285K [0x0000000080000000, 0x0000000100000000)
  region size 1024K, 115 young (117760K), 17 survivors (17408K)
 Metaspace       used 117396K, committed 118208K, reserved 1155072K
  class space    used 15205K, committed 15552K, reserved 1048576K
}
Event: 1563.165 GC heap after
{Heap after GC invocations=76 (full 0):
 garbage-first heap   total 363520K, used 188830K [0x0000000080000000, 0x0000000100000000)
  region size 1024K, 10 young (10240K), 10 survivors (10240K)
 Metaspace       used 117396K, committed 118208K, reserved 1155072K
  class space    used 15205K, committed 15552K, reserved 1048576K
}
Event: 1563.327 GC heap before
{Heap before GC invocations=76 (full 0):
 garbage-first heap   total 363520K, used 194974K [0x0000000080000000, 0x0000000100000000)
  region size 1024K, 17 young (17408K), 10 survivors (10240K)
 Metaspace       used 117409K, committed 118208K, reserved 1155072K
  class space    used 15205K, committed 15552K, reserved 1048576K
}
Event: 1563.343 GC heap after
{Heap after GC invocations=77 (full 0):
 garbage-first heap   total 363520K, used 167640K [0x0000000080000000, 0x0000000100000000)
  region size 1024K, 3 young (3072K), 3 survivors (3072K)
 Metaspace       used 117409K, committed 118208K, reserved 1155072K
  class space    used 15205K, committed 15552K, reserved 1048576K
}
Event: 1563.866 GC heap before
{Heap before GC invocations=77 (full 0):
 garbage-first heap   total 363520K, used 252632K [0x0000000080000000, 0x0000000100000000)
  region size 1024K, 87 young (89088K), 3 survivors (3072K)
 Metaspace       used 117720K, committed 118528K, reserved 1155072K
  class space    used 15206K, committed 15552K, reserved 1048576K
}

