# JRE version: Java(TM) SE Runtime Environment (16.0.2+7) (build 16.0.2+7-67)
# Java VM: Java HotSpot(TM) 64-Bit Server VM (16.0.2+7-67, mixed mode, sharing, tiered, compressed oops, compressed class ptrs, g1 gc, windows-amd64)
GC Precious Log:
 CPUs: 8 total, 8 available
 Memory: 7959M
 Large Page Support: Disabled
 NUMA Support: Disabled
 Compressed Oops: Enabled (32-bit)
 Heap Region Size: 1M
 Heap Min Capacity: 8M
 Heap Initial Capacity: 126M
 Heap Max Capacity: 2G
 Pre-touch: Disabled
 Parallel Workers: 8
 Concurrent Workers: 2
 Concurrent Refinement Workers: 8
 Periodic GC: Disabled
Heap:
 garbage-first heap   total 104448K, used 61041K [0x0000000080000000, 0x0000000100000000)
  region size 1024K, 9 young (9216K), 3 survivors (3072K)
 Metaspace       used 56201K, committed 56704K, reserved 1105920K
  class space    used 7390K, committed 7616K, reserved 1048576K
GC Heap History (20 events):
Event: 6.195 GC heap before
{Heap before GC invocations=11 (full 0):
 garbage-first heap   total 78848K, used 63231K [0x0000000080000000, 0x0000000100000000)
  region size 1024K, 31 young (31744K), 4 survivors (4096K)
 Metaspace       used 39253K, committed 39680K, reserved 1089536K
  class space    used 5321K, committed 5504K, reserved 1048576K
}
Event: 6.199 GC heap after
{Heap after GC invocations=12 (full 0):
 garbage-first heap   total 78848K, used 38582K [0x0000000080000000, 0x0000000100000000)
  region size 1024K, 4 young (4096K), 4 survivors (4096K)
 Metaspace       used 39253K, committed 39680K, reserved 1089536K
  class space    used 5321K, committed 5504K, reserved 1048576K
}
Event: 6.287 GC heap before
{Heap before GC invocations=12 (full 0):
 garbage-first heap   total 78848K, used 40630K [0x0000000080000000, 0x0000000100000000)
  region size 1024K, 8 young (8192K), 4 survivors (4096K)
 Metaspace       used 39258K, committed 39680K, reserved 1089536K
  class space    used 5321K, committed 5504K, reserved 1048576K
}
Event: 6.290 GC heap after
{Heap after GC invocations=13 (full 0):
 garbage-first heap   total 78848K, used 41265K [0x0000000080000000, 0x0000000100000000)
  region size 1024K, 3 young (3072K), 3 survivors (3072K)
 Metaspace       used 39258K, committed 39680K, reserved 1089536K
  class space    used 5321K, committed 5504K, reserved 1048576K
}
Event: 6.502 GC heap before
{Heap before GC invocations=14 (full 0):
 garbage-first heap   total 78848K, used 55601K [0x0000000080000000, 0x0000000100000000)
  region size 1024K, 16 young (16384K), 3 survivors (3072K)
 Metaspace       used 40506K, committed 40960K, reserved 1089536K
  class space    used 5494K, committed 5696K, reserved 1048576K
}
Event: 6.504 GC heap after
{Heap after GC invocations=15 (full 0):
 garbage-first heap   total 78848K, used 45844K [0x0000000080000000, 0x0000000100000000)
  region size 1024K, 2 young (2048K), 2 survivors (2048K)
 Metaspace       used 40506K, committed 40960K, reserved 1089536K
  class space    used 5494K, committed 5696K, reserved 1048576K
}
Event: 6.655 GC heap before
{Heap before GC invocations=15 (full 0):
 garbage-first heap   total 78848K, used 56084K [0x0000000080000000, 0x0000000100000000)
  region size 1024K, 13 young (13312K), 2 survivors (2048K)
 Metaspace       used 42150K, committed 42560K, reserved 1089536K
  class space    used 5690K, committed 5888K, reserved 1048576K
}
Event: 6.656 GC heap after
{Heap after GC invocations=16 (full 0):
 garbage-first heap   total 78848K, used 46387K [0x0000000080000000, 0x0000000100000000)
  region size 1024K, 1 young (1024K), 1 survivors (1024K)
 Metaspace       used 42150K, committed 42560K, reserved 1089536K
  class space    used 5690K, committed 5888K, reserved 1048576K
}
Event: 6.832 GC heap before
{Heap before GC invocations=17 (full 0):
 garbage-first heap   total 83968K, used 57651K [0x0000000080000000, 0x0000000100000000)
  region size 1024K, 13 young (13312K), 1 survivors (1024K)
 Metaspace       used 44206K, committed 44672K, reserved 1089536K
  class space    used 5948K, committed 6208K, reserved 1048576K
}
Event: 6.834 GC heap after
{Heap after GC invocations=18 (full 0):
 garbage-first heap   total 83968K, used 46803K [0x0000000080000000, 0x0000000100000000)
  region size 1024K, 1 young (1024K), 1 survivors (1024K)
 Metaspace       used 44206K, committed 44672K, reserved 1089536K
  class space    used 5948K, committed 6208K, reserved 1048576K
}
Event: 7.054 GC heap before
{Heap before GC invocations=18 (full 0):
 garbage-first heap   total 83968K, used 62163K [0x0000000080000000, 0x0000000100000000)
  region size 1024K, 16 young (16384K), 1 survivors (1024K)
 Metaspace       used 47126K, committed 47552K, reserved 1097728K
  class space    used 6281K, committed 6464K, reserved 1048576K
}
Event: 7.056 GC heap after
{Heap after GC invocations=19 (full 0):
 garbage-first heap   total 83968K, used 47407K [0x0000000080000000, 0x0000000100000000)
  region size 1024K, 2 young (2048K), 2 survivors (2048K)
 Metaspace       used 47126K, committed 47552K, reserved 1097728K
  class space    used 6281K, committed 6464K, reserved 1048576K
}
Event: 7.303 GC heap before
{Heap before GC invocations=20 (full 0):
 garbage-first heap   total 87040K, used 63791K [0x0000000080000000, 0x0000000100000000)
  region size 1024K, 18 young (18432K), 2 survivors (2048K)
 Metaspace       used 49288K, committed 49728K, reserved 1097728K
  class space    used 6554K, committed 6784K, reserved 1048576K
}
Event: 7.306 GC heap after
{Heap after GC invocations=21 (full 0):
 garbage-first heap   total 87040K, used 48236K [0x0000000080000000, 0x0000000100000000)
  region size 1024K, 3 young (3072K), 3 survivors (3072K)
 Metaspace       used 49288K, committed 49728K, reserved 1097728K
  class space    used 6554K, committed 6784K, reserved 1048576K
}
Event: 7.600 GC heap before
{Heap before GC invocations=21 (full 0):
 garbage-first heap   total 87040K, used 65644K [0x0000000080000000, 0x0000000100000000)
  region size 1024K, 21 young (21504K), 3 survivors (3072K)
 Metaspace       used 52204K, committed 52672K, reserved 1097728K
  class space    used 6888K, committed 7104K, reserved 1048576K
}
Event: 7.603 GC heap after
{Heap after GC invocations=22 (full 0):
 garbage-first heap   total 104448K, used 50647K [0x0000000080000000, 0x0000000100000000)
  region size 1024K, 3 young (3072K), 3 survivors (3072K)
 Metaspace       used 52204K, committed 52672K, reserved 1097728K
  class space    used 6888K, committed 7104K, reserved 1048576K
}
Event: 8.024 GC heap before
{Heap before GC invocations=23 (full 0):
 garbage-first heap   total 104448K, used 78295K [0x0000000080000000, 0x0000000100000000)
  region size 1024K, 30 young (30720K), 3 survivors (3072K)
 Metaspace       used 54849K, committed 55360K, reserved 1097728K
  class space    used 7217K, committed 7488K, reserved 1048576K
}
Event: 8.027 GC heap after
{Heap after GC invocations=24 (full 0):
 garbage-first heap   total 104448K, used 52890K [0x0000000080000000, 0x0000000100000000)
  region size 1024K, 4 young (4096K), 4 survivors (4096K)
 Metaspace       used 54849K, committed 55360K, reserved 1097728K
  class space    used 7217K, committed 7488K, reserved 1048576K
}
Event: 8.120 GC heap before
{Heap before GC invocations=24 (full 0):
 garbage-first heap   total 104448K, used 58010K [0x0000000080000000, 0x0000000100000000)
  region size 1024K, 10 young (10240K), 4 survivors (4096K)
 Metaspace       used 55371K, committed 55872K, reserved 1097728K
  class space    used 7261K, committed 7488K, reserved 1048576K
}
Event: 8.124 GC heap after
{Heap after GC invocations=25 (full 0):
 garbage-first heap   total 104448K, used 53723K [0x0000000080000000, 0x0000000100000000)
  region size 1024K, 3 young (3072K), 3 survivors (3072K)
 Metaspace       used 55371K, committed 55872K, reserved 1097728K
  class space    used 7261K, committed 7488K, reserved 1048576K
}

