# JRE version: Java(TM) SE Runtime Environment (16.0.2+7) (build 16.0.2+7-67)
# Java VM: Java HotSpot(TM) 64-Bit Server VM (16.0.2+7-67, mixed mode, sharing, tiered, compressed oops, compressed class ptrs, g1 gc, windows-amd64)
GC Precious Log:
 CPUs: 8 total, 8 available
 Memory: 7959M
 Large Page Support: Disabled
 NUMA Support: Disabled
 Compressed Oops: Enabled (32-bit)
 Heap Region Size: 1M
 Heap Min Capacity: 8M
 Heap Initial Capacity: 126M
 Heap Max Capacity: 2G
 Pre-touch: Disabled
 Parallel Workers: 8
 Concurrent Workers: 2
 Concurrent Refinement Workers: 8
 Periodic GC: Disabled
Heap:
 garbage-first heap   total 102400K, used 60684K [0x0000000080000000, 0x0000000100000000)
  region size 1024K, 7 young (7168K), 3 survivors (3072K)
 Metaspace       used 57482K, committed 58048K, reserved 1105920K
  class space    used 7545K, committed 7808K, reserved 1048576K
GC Heap History (20 events):
Event: 4.282 GC heap before
{Heap before GC invocations=10 (full 0):
 garbage-first heap   total 75776K, used 57132K [0x0000000080000000, 0x0000000100000000)
  region size 1024K, 29 young (29696K), 3 survivors (3072K)
 Metaspace       used 38226K, committed 38592K, reserved 1089536K
  class space    used 5220K, committed 5376K, reserved 1048576K
}
Event: 4.285 GC heap after
{Heap after GC invocations=11 (full 0):
 garbage-first heap   total 75776K, used 32032K [0x0000000080000000, 0x0000000100000000)
  region size 1024K, 3 young (3072K), 3 survivors (3072K)
 Metaspace       used 38226K, committed 38592K, reserved 1089536K
  class space    used 5220K, committed 5376K, reserved 1048576K
}
Event: 4.620 GC heap before
{Heap before GC invocations=11 (full 0):
 garbage-first heap   total 75776K, used 57632K [0x0000000080000000, 0x0000000100000000)
  region size 1024K, 28 young (28672K), 3 survivors (3072K)
 Metaspace       used 39166K, committed 39552K, reserved 1089536K
  class space    used 5308K, committed 5504K, reserved 1048576K
}
Event: 4.623 GC heap after
{Heap after GC invocations=12 (full 0):
 garbage-first heap   total 75776K, used 33274K [0x0000000080000000, 0x0000000100000000)
  region size 1024K, 4 young (4096K), 4 survivors (4096K)
 Metaspace       used 39166K, committed 39552K, reserved 1089536K
  class space    used 5308K, committed 5504K, reserved 1048576K
}
Event: 4.927 GC heap before
{Heap before GC invocations=12 (full 0):
 garbage-first heap   total 75776K, used 61946K [0x0000000080000000, 0x0000000100000000)
  region size 1024K, 29 young (29696K), 4 survivors (4096K)
 Metaspace       used 41171K, committed 41600K, reserved 1089536K
  class space    used 5570K, committed 5760K, reserved 1048576K
}
Event: 4.933 GC heap after
{Heap after GC invocations=13 (full 0):
 garbage-first heap   total 75776K, used 44191K [0x0000000080000000, 0x0000000100000000)
  region size 1024K, 4 young (4096K), 4 survivors (4096K)
 Metaspace       used 41171K, committed 41600K, reserved 1089536K
  class space    used 5570K, committed 5760K, reserved 1048576K
}
Event: 5.135 GC heap before
{Heap before GC invocations=13 (full 0):
 garbage-first heap   total 75776K, used 60575K [0x0000000080000000, 0x0000000100000000)
  region size 1024K, 20 young (20480K), 4 survivors (4096K)
 Metaspace       used 43788K, committed 44288K, reserved 1089536K
  class space    used 5884K, committed 6144K, reserved 1048576K
}
Event: 5.138 GC heap after
{Heap after GC invocations=14 (full 0):
 garbage-first heap   total 91136K, used 45565K [0x0000000080000000, 0x0000000100000000)
  region size 1024K, 1 young (1024K), 1 survivors (1024K)
 Metaspace       used 43788K, committed 44288K, reserved 1089536K
  class space    used 5884K, committed 6144K, reserved 1048576K
}
Event: 5.488 GC heap before
{Heap before GC invocations=15 (full 0):
 garbage-first heap   total 91136K, used 71165K [0x0000000080000000, 0x0000000100000000)
  region size 1024K, 26 young (26624K), 1 survivors (1024K)
 Metaspace       used 48322K, committed 48768K, reserved 1097728K
  class space    used 6394K, committed 6592K, reserved 1048576K
}
Event: 5.491 GC heap after
{Heap after GC invocations=16 (full 0):
 garbage-first heap   total 91136K, used 46661K [0x0000000080000000, 0x0000000100000000)
  region size 1024K, 2 young (2048K), 2 survivors (2048K)
 Metaspace       used 48322K, committed 48768K, reserved 1097728K
  class space    used 6394K, committed 6592K, reserved 1048576K
}
Event: 5.768 GC heap before
{Heap before GC invocations=16 (full 0):
 garbage-first heap   total 91136K, used 71237K [0x0000000080000000, 0x0000000100000000)
  region size 1024K, 27 young (27648K), 2 survivors (2048K)
 Metaspace       used 51952K, committed 52416K, reserved 1097728K
  class space    used 6860K, committed 7104K, reserved 1048576K
}
Event: 5.772 GC heap after
{Heap after GC invocations=17 (full 0):
 garbage-first heap   total 91136K, used 52077K [0x0000000080000000, 0x0000000100000000)
  region size 1024K, 4 young (4096K), 4 survivors (4096K)
 Metaspace       used 51952K, committed 52416K, reserved 1097728K
  class space    used 6860K, committed 7104K, reserved 1048576K
}
Event: 6.045 GC heap before
{Heap before GC invocations=18 (full 0):
 garbage-first heap   total 91136K, used 71533K [0x0000000080000000, 0x0000000100000000)
  region size 1024K, 23 young (23552K), 4 survivors (4096K)
 Metaspace       used 54071K, committed 54528K, reserved 1097728K
  class space    used 7123K, committed 7360K, reserved 1048576K
}
Event: 6.049 GC heap after
{Heap after GC invocations=19 (full 0):
 garbage-first heap   total 91136K, used 53138K [0x0000000080000000, 0x0000000100000000)
  region size 1024K, 2 young (2048K), 2 survivors (2048K)
 Metaspace       used 54071K, committed 54528K, reserved 1097728K
  class space    used 7123K, committed 7360K, reserved 1048576K
}
Event: 6.199 GC heap before
{Heap before GC invocations=19 (full 0):
 garbage-first heap   total 91136K, used 67474K [0x0000000080000000, 0x0000000100000000)
  region size 1024K, 17 young (17408K), 2 survivors (2048K)
 Metaspace       used 55358K, committed 55872K, reserved 1097728K
  class space    used 7256K, committed 7488K, reserved 1048576K
}
Event: 6.202 GC heap after
{Heap after GC invocations=20 (full 0):
 garbage-first heap   total 91136K, used 54391K [0x0000000080000000, 0x0000000100000000)
  region size 1024K, 3 young (3072K), 3 survivors (3072K)
 Metaspace       used 55358K, committed 55872K, reserved 1097728K
  class space    used 7256K, committed 7488K, reserved 1048576K
}
Event: 6.459 GC heap before
{Heap before GC invocations=21 (full 0):
 garbage-first heap   total 97280K, used 74871K [0x0000000080000000, 0x0000000100000000)
  region size 1024K, 22 young (22528K), 3 survivors (3072K)
 Metaspace       used 56136K, committed 56576K, reserved 1105920K
  class space    used 7381K, committed 7616K, reserved 1048576K
}
Event: 6.462 GC heap after
{Heap after GC invocations=22 (full 0):
 garbage-first heap   total 97280K, used 55674K [0x0000000080000000, 0x0000000100000000)
  region size 1024K, 3 young (3072K), 3 survivors (3072K)
 Metaspace       used 56136K, committed 56576K, reserved 1105920K
  class space    used 7381K, committed 7616K, reserved 1048576K
}
Event: 6.661 GC heap before
{Heap before GC invocations=22 (full 0):
 garbage-first heap   total 97280K, used 77178K [0x0000000080000000, 0x0000000100000000)
  region size 1024K, 24 young (24576K), 3 survivors (3072K)
 Metaspace       used 57071K, committed 57600K, reserved 1105920K
  class space    used 7478K, committed 7744K, reserved 1048576K
}
Event: 6.664 GC heap after
{Heap after GC invocations=23 (full 0):
 garbage-first heap   total 97280K, used 57612K [0x0000000080000000, 0x0000000100000000)
  region size 1024K, 3 young (3072K), 3 survivors (3072K)
 Metaspace       used 57071K, committed 57600K, reserved 1105920K
  class space    used 7478K, committed 7744K, reserved 1048576K
}

