# JRE version: Java(TM) SE Runtime Environment (16.0.2+7) (build 16.0.2+7-67)
# Java VM: Java HotSpot(TM) 64-Bit Server VM (16.0.2+7-67, mixed mode, sharing, tiered, compressed oops, compressed class ptrs, g1 gc, windows-amd64)
GC Precious Log:
 CPUs: 8 total, 8 available
 Memory: 7959M
 Large Page Support: Disabled
 NUMA Support: Disabled
 Compressed Oops: Enabled (32-bit)
 Heap Region Size: 1M
 Heap Min Capacity: 8M
 Heap Initial Capacity: 126M
 Heap Max Capacity: 2G
 Pre-touch: Disabled
 Parallel Workers: 8
 Concurrent Workers: 2
 Concurrent Refinement Workers: 8
 Periodic GC: Disabled
Heap:
 garbage-first heap   total 321536K, used 162508K [0x0000000080000000, 0x0000000100000000)
  region size 1024K, 6 young (6144K), 4 survivors (4096K)
 Metaspace       used 89676K, committed 90240K, reserved 1130496K
  class space    used 12216K, committed 12480K, reserved 1048576K
GC Heap History (20 events):
Event: 10.002 GC heap before
{Heap before GC invocations=39 (full 0):
 garbage-first heap   total 153600K, used 96671K [0x0000000080000000, 0x0000000100000000)
  region size 1024K, 17 young (17408K), 4 survivors (4096K)
 Metaspace       used 77990K, committed 78528K, reserved 1122304K
  class space    used 10501K, committed 10752K, reserved 1048576K
}
Event: 10.006 GC heap after
{Heap after GC invocations=40 (full 0):
 garbage-first heap   total 153600K, used 87298K [0x0000000080000000, 0x0000000100000000)
  region size 1024K, 4 young (4096K), 4 survivors (4096K)
 Metaspace       used 77990K, committed 78528K, reserved 1122304K
  class space    used 10501K, committed 10752K, reserved 1048576K
}
Event: 10.252 GC heap before
{Heap before GC invocations=41 (full 0):
 garbage-first heap   total 191488K, used 138498K [0x0000000080000000, 0x0000000100000000)
  region size 1024K, 38 young (38912K), 4 survivors (4096K)
 Metaspace       used 78224K, committed 78720K, reserved 1122304K
  class space    used 10530K, committed 10752K, reserved 1048576K
}
Event: 10.268 GC heap after
{Heap after GC invocations=42 (full 0):
 garbage-first heap   total 191488K, used 106538K [0x0000000080000000, 0x0000000100000000)
  region size 1024K, 5 young (5120K), 5 survivors (5120K)
 Metaspace       used 78224K, committed 78720K, reserved 1122304K
  class space    used 10530K, committed 10752K, reserved 1048576K
}
Event: 10.633 GC heap before
{Heap before GC invocations=42 (full 0):
 garbage-first heap   total 191488K, used 144426K [0x0000000080000000, 0x0000000100000000)
  region size 1024K, 43 young (44032K), 5 survivors (5120K)
 Metaspace       used 80472K, committed 80960K, reserved 1122304K
  class space    used 10986K, committed 11200K, reserved 1048576K
}
Event: 10.649 GC heap after
{Heap after GC invocations=43 (full 0):
 garbage-first heap   total 251904K, used 123370K [0x0000000080000000, 0x0000000100000000)
  region size 1024K, 6 young (6144K), 6 survivors (6144K)
 Metaspace       used 80472K, committed 80960K, reserved 1122304K
  class space    used 10986K, committed 11200K, reserved 1048576K
}
Event: 11.183 GC heap before
{Heap before GC invocations=44 (full 0):
 garbage-first heap   total 251904K, used 179690K [0x0000000080000000, 0x0000000100000000)
  region size 1024K, 62 young (63488K), 6 survivors (6144K)
 Metaspace       used 83212K, committed 83712K, reserved 1122304K
  class space    used 11379K, committed 11584K, reserved 1048576K
}
Event: 11.198 GC heap after
{Heap after GC invocations=45 (full 0):
 garbage-first heap   total 251904K, used 140602K [0x0000000080000000, 0x0000000100000000)
  region size 1024K, 8 young (8192K), 8 survivors (8192K)
 Metaspace       used 83212K, committed 83712K, reserved 1122304K
  class space    used 11379K, committed 11584K, reserved 1048576K
}
Event: 11.350 GC heap before
{Heap before GC invocations=45 (full 0):
 garbage-first heap   total 251904K, used 158010K [0x0000000080000000, 0x0000000100000000)
  region size 1024K, 27 young (27648K), 8 survivors (8192K)
 Metaspace       used 83508K, committed 84032K, reserved 1122304K
  class space    used 11412K, committed 11648K, reserved 1048576K
}
Event: 11.360 GC heap after
{Heap after GC invocations=46 (full 0):
 garbage-first heap   total 251904K, used 143783K [0x0000000080000000, 0x0000000100000000)
  region size 1024K, 3 young (3072K), 3 survivors (3072K)
 Metaspace       used 83508K, committed 84032K, reserved 1122304K
  class space    used 11412K, committed 11648K, reserved 1048576K
}
Event: 11.739 GC heap before
{Heap before GC invocations=47 (full 0):
 garbage-first heap   total 251904K, used 160167K [0x0000000080000000, 0x0000000100000000)
  region size 1024K, 22 young (22528K), 3 survivors (3072K)
 Metaspace       used 83702K, committed 84224K, reserved 1122304K
  class space    used 11431K, committed 11648K, reserved 1048576K
}
Event: 11.747 GC heap after
{Heap after GC invocations=48 (full 0):
 garbage-first heap   total 251904K, used 143713K [0x0000000080000000, 0x0000000100000000)
  region size 1024K, 4 young (4096K), 4 survivors (4096K)
 Metaspace       used 83702K, committed 84224K, reserved 1122304K
  class space    used 11431K, committed 11648K, reserved 1048576K
}
Event: 12.034 GC heap before
{Heap before GC invocations=49 (full 0):
 garbage-first heap   total 260096K, used 153953K [0x0000000080000000, 0x0000000100000000)
  region size 1024K, 16 young (16384K), 4 survivors (4096K)
 Metaspace       used 83747K, committed 84288K, reserved 1122304K
  class space    used 11438K, committed 11712K, reserved 1048576K
}
Event: 12.040 GC heap after
{Heap after GC invocations=50 (full 0):
 garbage-first heap   total 260096K, used 144199K [0x0000000080000000, 0x0000000100000000)
  region size 1024K, 4 young (4096K), 4 survivors (4096K)
 Metaspace       used 83747K, committed 84288K, reserved 1122304K
  class space    used 11438K, committed 11712K, reserved 1048576K
}
Event: 12.322 GC heap before
{Heap before GC invocations=51 (full 0):
 garbage-first heap   total 260096K, used 161607K [0x0000000080000000, 0x0000000100000000)
  region size 1024K, 20 young (20480K), 4 survivors (4096K)
 Metaspace       used 83950K, committed 84480K, reserved 1122304K
  class space    used 11465K, committed 11712K, reserved 1048576K
}
Event: 12.327 GC heap after
{Heap after GC invocations=52 (full 0):
 garbage-first heap   total 260096K, used 150567K [0x0000000080000000, 0x0000000100000000)
  region size 1024K, 7 young (7168K), 7 survivors (7168K)
 Metaspace       used 83950K, committed 84480K, reserved 1122304K
  class space    used 11465K, committed 11712K, reserved 1048576K
}
Event: 12.600 GC heap before
{Heap before GC invocations=53 (full 0):
 garbage-first heap   total 321536K, used 205863K [0x0000000080000000, 0x0000000100000000)
  region size 1024K, 53 young (54272K), 7 survivors (7168K)
 Metaspace       used 84060K, committed 84544K, reserved 1122304K
  class space    used 11474K, committed 11712K, reserved 1048576K
}
Event: 12.613 GC heap after
{Heap after GC invocations=54 (full 0):
 garbage-first heap   total 321536K, used 166169K [0x0000000080000000, 0x0000000100000000)
  region size 1024K, 7 young (7168K), 7 survivors (7168K)
 Metaspace       used 84060K, committed 84544K, reserved 1122304K
  class space    used 11474K, committed 11712K, reserved 1048576K
}
Event: 13.676 GC heap before
{Heap before GC invocations=54 (full 0):
 garbage-first heap   total 321536K, used 237849K [0x0000000080000000, 0x0000000100000000)
  region size 1024K, 78 young (79872K), 7 survivors (7168K)
 Metaspace       used 89321K, committed 89856K, reserved 1130496K
  class space    used 12155K, committed 12416K, reserved 1048576K
}
Event: 13.683 GC heap after
{Heap after GC invocations=55 (full 0):
 garbage-first heap   total 321536K, used 161484K [0x0000000080000000, 0x0000000100000000)
  region size 1024K, 4 young (4096K), 4 survivors (4096K)
 Metaspace       used 89321K, committed 89856K, reserved 1130496K
  class space    used 12155K, committed 12416K, reserved 1048576K
}

