# JRE version: Java(TM) SE Runtime Environment (16.0.2+7) (build 16.0.2+7-67)
# Java VM: Java HotSpot(TM) 64-Bit Server VM (16.0.2+7-67, mixed mode, sharing, tiered, compressed oops, compressed class ptrs, g1 gc, windows-amd64)
GC Precious Log:
 CPUs: 8 total, 8 available
 Memory: 7959M
 Large Page Support: Disabled
 NUMA Support: Disabled
 Compressed Oops: Enabled (32-bit)
 Heap Region Size: 1M
 Heap Min Capacity: 8M
 Heap Initial Capacity: 126M
 Heap Max Capacity: 2G
 Pre-touch: Disabled
 Parallel Workers: 8
 Concurrent Workers: 2
 Concurrent Refinement Workers: 8
 Periodic GC: Disabled
Heap:
 garbage-first heap   total 204800K, used 185478K [0x0000000080000000, 0x0000000100000000)
  region size 1024K, 51 young (52224K), 3 survivors (3072K)
 Metaspace       used 106086K, committed 106752K, reserved 1146880K
  class space    used 14647K, committed 14976K, reserved 1048576K
GC Heap History (20 events):
Event: 9.099 GC heap before
{Heap before GC invocations=23 (full 0):
 garbage-first heap   total 192512K, used 148815K [0x0000000080000000, 0x0000000100000000)
  region size 1024K, 96 young (98304K), 9 survivors (9216K)
 Metaspace       used 73529K, committed 74112K, reserved 1114112K
  class space    used 9958K, committed 10240K, reserved 1048576K
}
Event: 9.109 GC heap after
{Heap after GC invocations=24 (full 0):
 garbage-first heap   total 192512K, used 68969K [0x0000000080000000, 0x0000000100000000)
  region size 1024K, 9 young (9216K), 9 survivors (9216K)
 Metaspace       used 73529K, committed 74112K, reserved 1114112K
  class space    used 9958K, committed 10240K, reserved 1048576K
}
Event: 9.876 GC heap before
{Heap before GC invocations=24 (full 0):
 garbage-first heap   total 192512K, used 149865K [0x0000000080000000, 0x0000000100000000)
  region size 1024K, 89 young (91136K), 9 survivors (9216K)
 Metaspace       used 75070K, committed 75584K, reserved 1114112K
  class space    used 10119K, committed 10368K, reserved 1048576K
}
Event: 9.886 GC heap after
{Heap after GC invocations=25 (full 0):
 garbage-first heap   total 192512K, used 76001K [0x0000000080000000, 0x0000000100000000)
  region size 1024K, 7 young (7168K), 7 survivors (7168K)
 Metaspace       used 75070K, committed 75584K, reserved 1114112K
  class space    used 10119K, committed 10368K, reserved 1048576K
}
Event: 10.750 GC heap before
{Heap before GC invocations=25 (full 0):
 garbage-first heap   total 192512K, used 151777K [0x0000000080000000, 0x0000000100000000)
  region size 1024K, 82 young (83968K), 7 survivors (7168K)
 Metaspace       used 79068K, committed 79616K, reserved 1122304K
  class space    used 10620K, committed 10880K, reserved 1048576K
}
Event: 10.758 GC heap after
{Heap after GC invocations=26 (full 0):
 garbage-first heap   total 192512K, used 81662K [0x0000000080000000, 0x0000000100000000)
  region size 1024K, 6 young (6144K), 6 survivors (6144K)
 Metaspace       used 79068K, committed 79616K, reserved 1122304K
  class space    used 10620K, committed 10880K, reserved 1048576K
}
Event: 12.781 GC heap before
{Heap before GC invocations=26 (full 0):
 garbage-first heap   total 192512K, used 154366K [0x0000000080000000, 0x0000000100000000)
  region size 1024K, 78 young (79872K), 6 survivors (6144K)
 Metaspace       used 81379K, committed 81984K, reserved 1122304K
  class space    used 10913K, committed 11200K, reserved 1048576K
}
Event: 12.788 GC heap after
{Heap after GC invocations=27 (full 0):
 garbage-first heap   total 192512K, used 86736K [0x0000000080000000, 0x0000000100000000)
  region size 1024K, 5 young (5120K), 5 survivors (5120K)
 Metaspace       used 81379K, committed 81984K, reserved 1122304K
  class space    used 10913K, committed 11200K, reserved 1048576K
}
Event: 14.357 GC heap before
{Heap before GC invocations=27 (full 0):
 garbage-first heap   total 192512K, used 156368K [0x0000000080000000, 0x0000000100000000)
  region size 1024K, 72 young (73728K), 5 survivors (5120K)
 Metaspace       used 90448K, committed 91136K, reserved 1130496K
  class space    used 11962K, committed 12288K, reserved 1048576K
}
Event: 14.369 GC heap after
{Heap after GC invocations=28 (full 0):
 garbage-first heap   total 192512K, used 100629K [0x0000000080000000, 0x0000000100000000)
  region size 1024K, 9 young (9216K), 9 survivors (9216K)
 Metaspace       used 90448K, committed 91136K, reserved 1130496K
  class space    used 11962K, committed 12288K, reserved 1048576K
}
Event: 14.819 GC heap before
{Heap before GC invocations=28 (full 0):
 garbage-first heap   total 192512K, used 140565K [0x0000000080000000, 0x0000000100000000)
  region size 1024K, 49 young (50176K), 9 survivors (9216K)
 Metaspace       used 91090K, committed 91712K, reserved 1130496K
  class space    used 12009K, committed 12352K, reserved 1048576K
}
Event: 14.828 GC heap after
{Heap after GC invocations=29 (full 0):
 garbage-first heap   total 192512K, used 101272K [0x0000000080000000, 0x0000000100000000)
  region size 1024K, 2 young (2048K), 2 survivors (2048K)
 Metaspace       used 91090K, committed 91712K, reserved 1130496K
  class space    used 12009K, committed 12352K, reserved 1048576K
}
Event: 15.351 GC heap before
{Heap before GC invocations=30 (full 0):
 garbage-first heap   total 192512K, used 157592K [0x0000000080000000, 0x0000000100000000)
  region size 1024K, 56 young (57344K), 2 survivors (2048K)
 Metaspace       used 97323K, committed 97984K, reserved 1138688K
  class space    used 12941K, committed 13248K, reserved 1048576K
}
Event: 15.360 GC heap after
{Heap after GC invocations=31 (full 0):
 garbage-first heap   total 192512K, used 109568K [0x0000000080000000, 0x0000000100000000)
  region size 1024K, 7 young (7168K), 7 survivors (7168K)
 Metaspace       used 97323K, committed 97984K, reserved 1138688K
  class space    used 12941K, committed 13248K, reserved 1048576K
}
Event: 15.790 GC heap before
{Heap before GC invocations=31 (full 0):
 garbage-first heap   total 192512K, used 154624K [0x0000000080000000, 0x0000000100000000)
  region size 1024K, 52 young (53248K), 7 survivors (7168K)
 Metaspace       used 102308K, committed 102976K, reserved 1138688K
  class space    used 14013K, committed 14336K, reserved 1048576K
}
Event: 15.802 GC heap after
{Heap after GC invocations=32 (full 0):
 garbage-first heap   total 192512K, used 114186K [0x0000000080000000, 0x0000000100000000)
  region size 1024K, 5 young (5120K), 5 survivors (5120K)
 Metaspace       used 102308K, committed 102976K, reserved 1138688K
  class space    used 14013K, committed 14336K, reserved 1048576K
}
Event: 16.258 GC heap before
{Heap before GC invocations=33 (full 0):
 garbage-first heap   total 204800K, used 155146K [0x0000000080000000, 0x0000000100000000)
  region size 1024K, 46 young (47104K), 5 survivors (5120K)
 Metaspace       used 104365K, committed 105024K, reserved 1146880K
  class space    used 14325K, committed 14656K, reserved 1048576K
}
Event: 16.263 GC heap after
{Heap after GC invocations=34 (full 0):
 garbage-first heap   total 204800K, used 114038K [0x0000000080000000, 0x0000000100000000)
  region size 1024K, 3 young (3072K), 3 survivors (3072K)
 Metaspace       used 104365K, committed 105024K, reserved 1146880K
  class space    used 14325K, committed 14656K, reserved 1048576K
}
Event: 16.328 GC heap before
{Heap before GC invocations=34 (full 0):
 garbage-first heap   total 204800K, used 116086K [0x0000000080000000, 0x0000000100000000)
  region size 1024K, 7 young (7168K), 3 survivors (3072K)
 Metaspace       used 104408K, committed 105088K, reserved 1146880K
  class space    used 14325K, committed 14656K, reserved 1048576K
}
Event: 16.330 GC heap after
{Heap after GC invocations=35 (full 0):
 garbage-first heap   total 204800K, used 113798K [0x0000000080000000, 0x0000000100000000)
  region size 1024K, 3 young (3072K), 3 survivors (3072K)
 Metaspace       used 104408K, committed 105088K, reserved 1146880K
  class space    used 14325K, committed 14656K, reserved 1048576K
}

