# JRE version: Java(TM) SE Runtime Environment (16.0.2+7) (build 16.0.2+7-67)
# Java VM: Java HotSpot(TM) 64-Bit Server VM (16.0.2+7-67, mixed mode, sharing, tiered, compressed oops, compressed class ptrs, g1 gc, windows-amd64)
GC Precious Log:
 CPUs: 8 total, 8 available
 Memory: 7959M
 Large Page Support: Disabled
 NUMA Support: Disabled
 Compressed Oops: Enabled (32-bit)
 Heap Region Size: 1M
 Heap Min Capacity: 8M
 Heap Initial Capacity: 126M
 Heap Max Capacity: 2G
 Pre-touch: Disabled
 Parallel Workers: 8
 Concurrent Workers: 2
 Concurrent Refinement Workers: 8
 Periodic GC: Disabled
Heap:
 garbage-first heap   total 360448K, used 161899K [0x0000000080000000, 0x0000000100000000)
  region size 1024K, 7 young (7168K), 7 survivors (7168K)
 Metaspace       used 120528K, committed 121344K, reserved 1155072K
  class space    used 15398K, committed 15808K, reserved 1048576K
GC Heap History (20 events):
Event: 204.029 GC heap after
{Heap after GC invocations=70 (full 0):
 garbage-first heap   total 312320K, used 143360K [0x0000000080000000, 0x0000000100000000)
  region size 1024K, 3 young (3072K), 3 survivors (3072K)
 Metaspace       used 120376K, committed 121216K, reserved 1155072K
  class space    used 15382K, committed 15808K, reserved 1048576K
}
Event: 204.031 GC heap before
{Heap before GC invocations=70 (full 0):
 garbage-first heap   total 312320K, used 148480K [0x0000000080000000, 0x0000000100000000)
  region size 1024K, 4 young (4096K), 3 survivors (3072K)
 Metaspace       used 120376K, committed 121216K, reserved 1155072K
  class space    used 15382K, committed 15808K, reserved 1048576K
}
Event: 204.033 GC heap after
{Heap after GC invocations=71 (full 0):
 garbage-first heap   total 312320K, used 147124K [0x0000000080000000, 0x0000000100000000)
  region size 1024K, 2 young (2048K), 2 survivors (2048K)
 Metaspace       used 120376K, committed 121216K, reserved 1155072K
  class space    used 15382K, committed 15808K, reserved 1048576K
}
Event: 204.561 GC heap before
{Heap before GC invocations=72 (full 0):
 garbage-first heap   total 312320K, used 243380K [0x0000000080000000, 0x0000000100000000)
  region size 1024K, 103 young (105472K), 2 survivors (2048K)
 Metaspace       used 120402K, committed 121216K, reserved 1155072K
  class space    used 15383K, committed 15808K, reserved 1048576K
}
Event: 204.585 GC heap after
{Heap after GC invocations=73 (full 0):
 garbage-first heap   total 312320K, used 162732K [0x0000000080000000, 0x0000000100000000)
  region size 1024K, 13 young (13312K), 13 survivors (13312K)
 Metaspace       used 120402K, committed 121216K, reserved 1155072K
  class space    used 15383K, committed 15808K, reserved 1048576K
}
Event: 204.601 GC heap before
{Heap before GC invocations=73 (full 0):
 garbage-first heap   total 312320K, used 164780K [0x0000000080000000, 0x0000000100000000)
  region size 1024K, 15 young (15360K), 13 survivors (13312K)
 Metaspace       used 120402K, committed 121216K, reserved 1155072K
  class space    used 15383K, committed 15808K, reserved 1048576K
}
Event: 204.628 GC heap after
{Heap after GC invocations=74 (full 0):
 garbage-first heap   total 312320K, used 146582K [0x0000000080000000, 0x0000000100000000)
  region size 1024K, 2 young (2048K), 2 survivors (2048K)
 Metaspace       used 120402K, committed 121216K, reserved 1155072K
  class space    used 15383K, committed 15808K, reserved 1048576K
}
Event: 204.732 GC heap before
{Heap before GC invocations=74 (full 0):
 garbage-first heap   total 312320K, used 160918K [0x0000000080000000, 0x0000000100000000)
  region size 1024K, 17 young (17408K), 2 survivors (2048K)
 Metaspace       used 120407K, committed 121216K, reserved 1155072K
  class space    used 15383K, committed 15808K, reserved 1048576K
}
Event: 204.739 GC heap after
{Heap after GC invocations=75 (full 0):
 garbage-first heap   total 312320K, used 147390K [0x0000000080000000, 0x0000000100000000)
  region size 1024K, 3 young (3072K), 3 survivors (3072K)
 Metaspace       used 120407K, committed 121216K, reserved 1155072K
  class space    used 15383K, committed 15808K, reserved 1048576K
}
Event: 205.174 GC heap before
{Heap before GC invocations=76 (full 0):
 garbage-first heap   total 312320K, used 171966K [0x0000000080000000, 0x0000000100000000)
  region size 1024K, 25 young (25600K), 3 survivors (3072K)
 Metaspace       used 120409K, committed 121280K, reserved 1155072K
  class space    used 15383K, committed 15808K, reserved 1048576K
}
Event: 205.180 GC heap after
{Heap after GC invocations=77 (full 0):
 garbage-first heap   total 312320K, used 152823K [0x0000000080000000, 0x0000000100000000)
  region size 1024K, 4 young (4096K), 4 survivors (4096K)
 Metaspace       used 120409K, committed 121280K, reserved 1155072K
  class space    used 15383K, committed 15808K, reserved 1048576K
}
Event: 205.492 GC heap before
{Heap before GC invocations=78 (full 0):
 garbage-first heap   total 312320K, used 173303K [0x0000000080000000, 0x0000000100000000)
  region size 1024K, 24 young (24576K), 4 survivors (4096K)
 Metaspace       used 120410K, committed 121280K, reserved 1155072K
  class space    used 15383K, committed 15808K, reserved 1048576K
}
Event: 205.498 GC heap after
{Heap after GC invocations=79 (full 0):
 garbage-first heap   total 312320K, used 158135K [0x0000000080000000, 0x0000000100000000)
  region size 1024K, 7 young (7168K), 7 survivors (7168K)
 Metaspace       used 120410K, committed 121280K, reserved 1155072K
  class space    used 15383K, committed 15808K, reserved 1048576K
}
Event: 205.938 GC heap before
{Heap before GC invocations=80 (full 0):
 garbage-first heap   total 360448K, used 239031K [0x0000000080000000, 0x0000000100000000)
  region size 1024K, 78 young (79872K), 7 survivors (7168K)
 Metaspace       used 120415K, committed 121280K, reserved 1155072K
  class space    used 15383K, committed 15808K, reserved 1048576K
}
Event: 205.949 GC heap after
{Heap after GC invocations=81 (full 0):
 garbage-first heap   total 360448K, used 172824K [0x0000000080000000, 0x0000000100000000)
  region size 1024K, 9 young (9216K), 9 survivors (9216K)
 Metaspace       used 120415K, committed 121280K, reserved 1155072K
  class space    used 15383K, committed 15808K, reserved 1048576K
}
Event: 206.142 GC heap before
{Heap before GC invocations=81 (full 0):
 garbage-first heap   total 360448K, used 185112K [0x0000000080000000, 0x0000000100000000)
  region size 1024K, 22 young (22528K), 9 survivors (9216K)
 Metaspace       used 120492K, committed 121280K, reserved 1155072K
  class space    used 15392K, committed 15808K, reserved 1048576K
}
Event: 206.146 GC heap after
{Heap after GC invocations=82 (full 0):
 garbage-first heap   total 360448K, used 161895K [0x0000000080000000, 0x0000000100000000)
  region size 1024K, 7 young (7168K), 7 survivors (7168K)
 Metaspace       used 120492K, committed 121280K, reserved 1155072K
  class space    used 15392K, committed 15808K, reserved 1048576K
}
Event: 206.156 GC heap before
{Heap before GC invocations=82 (full 0):
 garbage-first heap   total 360448K, used 168039K [0x0000000080000000, 0x0000000100000000)
  region size 1024K, 8 young (8192K), 7 survivors (7168K)
 Metaspace       used 120504K, committed 121344K, reserved 1155072K
  class space    used 15394K, committed 15808K, reserved 1048576K
}
Event: 206.160 GC heap after
{Heap after GC invocations=83 (full 0):
 garbage-first heap   total 360448K, used 168298K [0x0000000080000000, 0x0000000100000000)
  region size 1024K, 7 young (7168K), 7 survivors (7168K)
 Metaspace       used 120504K, committed 121344K, reserved 1155072K
  class space    used 15394K, committed 15808K, reserved 1048576K
}
Event: 206.292 GC heap before
{Heap before GC invocations=83 (full 0):
 garbage-first heap   total 360448K, used 174442K [0x0000000080000000, 0x0000000100000000)
  region size 1024K, 8 young (8192K), 7 survivors (7168K)
 Metaspace       used 120528K, committed 121344K, reserved 1155072K
  class space    used 15398K, committed 15808K, reserved 1048576K
}

