# JRE version: Java(TM) SE Runtime Environment (16.0.2+7) (build 16.0.2+7-67)
# Java VM: Java HotSpot(TM) 64-Bit Server VM (16.0.2+7-67, mixed mode, sharing, tiered, compressed oops, compressed class ptrs, g1 gc, windows-amd64)
GC Precious Log:
 CPUs: 8 total, 8 available
 Memory: 7959M
 Large Page Support: Disabled
 NUMA Support: Disabled
 Compressed Oops: Enabled (32-bit)
 Heap Region Size: 1M
 Heap Min Capacity: 8M
 Heap Initial Capacity: 126M
 Heap Max Capacity: 2G
 Pre-touch: Disabled
 Parallel Workers: 8
 Concurrent Workers: 2
 Concurrent Refinement Workers: 8
 Periodic GC: Disabled
Heap:
 garbage-first heap   total 227328K, used 110963K [0x0000000080000000, 0x0000000100000000)
  region size 1024K, 3 young (3072K), 3 survivors (3072K)
 Metaspace       used 117057K, committed 117888K, reserved 1155072K
  class space    used 14996K, committed 15424K, reserved 1048576K
GC Heap History (20 events):
Event: 751.400 GC heap after
{Heap after GC invocations=48 (full 0):
 garbage-first heap   total 191488K, used 106249K [0x0000000080000000, 0x0000000100000000)
  region size 1024K, 2 young (2048K), 2 survivors (2048K)
 Metaspace       used 87977K, committed 88704K, reserved 1130496K
  class space    used 11396K, committed 11776K, reserved 1048576K
}
Event: 751.697 GC heap before
{Heap before GC invocations=49 (full 0):
 garbage-first heap   total 203776K, used 151305K [0x0000000080000000, 0x0000000100000000)
  region size 1024K, 36 young (36864K), 2 survivors (2048K)
 Metaspace       used 88065K, committed 88832K, reserved 1130496K
  class space    used 11402K, committed 11776K, reserved 1048576K
}
Event: 751.701 GC heap after
{Heap after GC invocations=50 (full 0):
 garbage-first heap   total 203776K, used 113034K [0x0000000080000000, 0x0000000100000000)
  region size 1024K, 5 young (5120K), 5 survivors (5120K)
 Metaspace       used 88065K, committed 88832K, reserved 1130496K
  class space    used 11402K, committed 11776K, reserved 1048576K
}
Event: 751.706 GC heap before
{Heap before GC invocations=50 (full 0):
 garbage-first heap   total 203776K, used 113034K [0x0000000080000000, 0x0000000100000000)
  region size 1024K, 6 young (6144K), 5 survivors (5120K)
 Metaspace       used 88065K, committed 88832K, reserved 1130496K
  class space    used 11402K, committed 11776K, reserved 1048576K
}
Event: 751.710 GC heap after
{Heap after GC invocations=51 (full 0):
 garbage-first heap   total 203776K, used 113737K [0x0000000080000000, 0x0000000100000000)
  region size 1024K, 1 young (1024K), 1 survivors (1024K)
 Metaspace       used 88065K, committed 88832K, reserved 1130496K
  class space    used 11402K, committed 11776K, reserved 1048576K
}
Event: 752.179 GC heap before
{Heap before GC invocations=52 (full 0):
 garbage-first heap   total 227328K, used 161865K [0x0000000080000000, 0x0000000100000000)
  region size 1024K, 34 young (34816K), 1 survivors (1024K)
 Metaspace       used 92049K, committed 92800K, reserved 1130496K
  class space    used 11792K, committed 12160K, reserved 1048576K
}
Event: 752.183 GC heap after
{Heap after GC invocations=53 (full 0):
 garbage-first heap   total 227328K, used 119960K [0x0000000080000000, 0x0000000100000000)
  region size 1024K, 3 young (3072K), 3 survivors (3072K)
 Metaspace       used 92049K, committed 92800K, reserved 1130496K
  class space    used 11792K, committed 12160K, reserved 1048576K
}
Event: 752.241 GC heap before
{Heap before GC invocations=53 (full 0):
 garbage-first heap   total 227328K, used 128152K [0x0000000080000000, 0x0000000100000000)
  region size 1024K, 11 young (11264K), 3 survivors (3072K)
 Metaspace       used 92244K, committed 92992K, reserved 1130496K
  class space    used 11811K, committed 12160K, reserved 1048576K
}
Event: 752.257 GC heap after
{Heap after GC invocations=54 (full 0):
 garbage-first heap   total 227328K, used 108105K [0x0000000080000000, 0x0000000100000000)
  region size 1024K, 2 young (2048K), 2 survivors (2048K)
 Metaspace       used 92244K, committed 92992K, reserved 1130496K
  class space    used 11811K, committed 12160K, reserved 1048576K
}
Event: 753.840 GC heap before
{Heap before GC invocations=54 (full 0):
 garbage-first heap   total 227328K, used 161353K [0x0000000080000000, 0x0000000100000000)
  region size 1024K, 55 young (56320K), 2 survivors (2048K)
 Metaspace       used 95343K, committed 96064K, reserved 1138688K
  class space    used 12080K, committed 12416K, reserved 1048576K
}
Event: 753.845 GC heap after
{Heap after GC invocations=55 (full 0):
 garbage-first heap   total 227328K, used 111837K [0x0000000080000000, 0x0000000100000000)
  region size 1024K, 5 young (5120K), 5 survivors (5120K)
 Metaspace       used 95343K, committed 96064K, reserved 1138688K
  class space    used 12080K, committed 12416K, reserved 1048576K
}
Event: 754.197 GC heap before
{Heap before GC invocations=56 (full 0):
 garbage-first heap   total 227328K, used 160989K [0x0000000080000000, 0x0000000100000000)
  region size 1024K, 60 young (61440K), 5 survivors (5120K)
 Metaspace       used 96136K, committed 96896K, reserved 1138688K
  class space    used 12158K, committed 12480K, reserved 1048576K
}
Event: 754.201 GC heap after
{Heap after GC invocations=57 (full 0):
 garbage-first heap   total 227328K, used 108413K [0x0000000080000000, 0x0000000100000000)
  region size 1024K, 7 young (7168K), 7 survivors (7168K)
 Metaspace       used 96136K, committed 96896K, reserved 1138688K
  class space    used 12158K, committed 12480K, reserved 1048576K
}
Event: 754.213 GC heap before
{Heap before GC invocations=57 (full 0):
 garbage-first heap   total 227328K, used 112509K [0x0000000080000000, 0x0000000100000000)
  region size 1024K, 11 young (11264K), 7 survivors (7168K)
 Metaspace       used 96236K, committed 97024K, reserved 1138688K
  class space    used 12175K, committed 12544K, reserved 1048576K
}
Event: 754.224 GC heap after
{Heap after GC invocations=58 (full 0):
 garbage-first heap   total 227328K, used 92125K [0x0000000080000000, 0x0000000100000000)
  region size 1024K, 2 young (2048K), 2 survivors (2048K)
 Metaspace       used 96236K, committed 97024K, reserved 1138688K
  class space    used 12175K, committed 12544K, reserved 1048576K
}
Event: 755.334 GC heap before
{Heap before GC invocations=58 (full 0):
 garbage-first heap   total 227328K, used 169949K [0x0000000080000000, 0x0000000100000000)
  region size 1024K, 74 young (75776K), 2 survivors (2048K)
 Metaspace       used 105426K, committed 106176K, reserved 1146880K
  class space    used 13270K, committed 13632K, reserved 1048576K
}
Event: 755.338 GC heap after
{Heap after GC invocations=59 (full 0):
 garbage-first heap   total 227328K, used 97220K [0x0000000080000000, 0x0000000100000000)
  region size 1024K, 5 young (5120K), 5 survivors (5120K)
 Metaspace       used 105426K, committed 106176K, reserved 1146880K
  class space    used 13270K, committed 13632K, reserved 1048576K
}
Event: 755.918 GC heap before
{Heap before GC invocations=59 (full 0):
 garbage-first heap   total 227328K, used 169924K [0x0000000080000000, 0x0000000100000000)
  region size 1024K, 77 young (78848K), 5 survivors (5120K)
 Metaspace       used 114527K, committed 115392K, reserved 1155072K
  class space    used 14720K, committed 15168K, reserved 1048576K
}
Event: 755.929 GC heap after
{Heap after GC invocations=60 (full 0):
 garbage-first heap   total 227328K, used 103848K [0x0000000080000000, 0x0000000100000000)
  region size 1024K, 10 young (10240K), 10 survivors (10240K)
 Metaspace       used 114527K, committed 115392K, reserved 1155072K
  class space    used 14720K, committed 15168K, reserved 1048576K
}
Event: 756.303 GC heap before
{Heap before GC invocations=60 (full 0):
 garbage-first heap   total 227328K, used 151976K [0x0000000080000000, 0x0000000100000000)
  region size 1024K, 51 young (52224K), 10 survivors (10240K)
 Metaspace       used 117057K, committed 117888K, reserved 1155072K
  class space    used 14996K, committed 15424K, reserved 1048576K
}

