# JRE version: Java(TM) SE Runtime Environment (16.0.2+7) (build 16.0.2+7-67)
# Java VM: Java HotSpot(TM) 64-Bit Server VM (16.0.2+7-67, mixed mode, sharing, tiered, compressed oops, compressed class ptrs, g1 gc, windows-amd64)
GC Precious Log:
 CPUs: 8 total, 8 available
 Memory: 7959M
 Large Page Support: Disabled
 NUMA Support: Disabled
 Compressed Oops: Enabled (32-bit)
 Heap Region Size: 1M
 Heap Min Capacity: 8M
 Heap Initial Capacity: 126M
 Heap Max Capacity: 2G
 Pre-touch: Disabled
 Parallel Workers: 8
 Concurrent Workers: 2
 Concurrent Refinement Workers: 8
 Periodic GC: Disabled
Heap:
 garbage-first heap   total 224256K, used 163274K [0x0000000080000000, 0x0000000100000000)
  region size 1024K, 9 young (9216K), 7 survivors (7168K)
 Metaspace       used 93644K, committed 94400K, reserved 1138688K
  class space    used 12043K, committed 12416K, reserved 1048576K
GC Heap History (20 events):
Event: 13.880 GC heap before
{Heap before GC invocations=28 (full 0):
 garbage-first heap   total 168960K, used 134535K [0x0000000080000000, 0x0000000100000000)
  region size 1024K, 35 young (35840K), 5 survivors (5120K)
 Metaspace       used 71076K, committed 71808K, reserved 1114112K
  class space    used 9499K, committed 9856K, reserved 1048576K
}
Event: 13.884 GC heap after
{Heap after GC invocations=29 (full 0):
 garbage-first heap   total 168960K, used 106140K [0x0000000080000000, 0x0000000100000000)
  region size 1024K, 3 young (3072K), 3 survivors (3072K)
 Metaspace       used 71076K, committed 71808K, reserved 1114112K
  class space    used 9499K, committed 9856K, reserved 1048576K
}
Event: 14.247 GC heap before
{Heap before GC invocations=30 (full 0):
 garbage-first heap   total 186368K, used 116380K [0x0000000080000000, 0x0000000100000000)
  region size 1024K, 15 young (15360K), 3 survivors (3072K)
 Metaspace       used 72972K, committed 73664K, reserved 1114112K
  class space    used 9738K, committed 10048K, reserved 1048576K
}
Event: 14.251 GC heap after
{Heap after GC invocations=31 (full 0):
 garbage-first heap   total 186368K, used 106825K [0x0000000080000000, 0x0000000100000000)
  region size 1024K, 3 young (3072K), 3 survivors (3072K)
 Metaspace       used 72972K, committed 73664K, reserved 1114112K
  class space    used 9738K, committed 10048K, reserved 1048576K
}
Event: 15.192 GC heap before
{Heap before GC invocations=32 (full 0):
 garbage-first heap   total 186368K, used 147785K [0x0000000080000000, 0x0000000100000000)
  region size 1024K, 42 young (43008K), 3 survivors (3072K)
 Metaspace       used 79652K, committed 80384K, reserved 1122304K
  class space    used 10582K, committed 10944K, reserved 1048576K
}
Event: 15.198 GC heap after
{Heap after GC invocations=33 (full 0):
 garbage-first heap   total 186368K, used 108893K [0x0000000080000000, 0x0000000100000000)
  region size 1024K, 5 young (5120K), 5 survivors (5120K)
 Metaspace       used 79652K, committed 80384K, reserved 1122304K
  class space    used 10582K, committed 10944K, reserved 1048576K
}
Event: 16.277 GC heap before
{Heap before GC invocations=33 (full 0):
 garbage-first heap   total 186368K, used 148829K [0x0000000080000000, 0x0000000100000000)
  region size 1024K, 44 young (45056K), 5 survivors (5120K)
 Metaspace       used 83653K, committed 84416K, reserved 1122304K
  class space    used 11065K, committed 11392K, reserved 1048576K
}
Event: 16.287 GC heap after
{Heap after GC invocations=34 (full 0):
 garbage-first heap   total 186368K, used 112046K [0x0000000080000000, 0x0000000100000000)
  region size 1024K, 6 young (6144K), 6 survivors (6144K)
 Metaspace       used 83653K, committed 84416K, reserved 1122304K
  class space    used 11065K, committed 11392K, reserved 1048576K
}
Event: 16.975 GC heap before
{Heap before GC invocations=35 (full 0):
 garbage-first heap   total 196608K, used 149934K [0x0000000080000000, 0x0000000100000000)
  region size 1024K, 44 young (45056K), 6 survivors (6144K)
 Metaspace       used 84034K, committed 84736K, reserved 1122304K
  class space    used 11079K, committed 11392K, reserved 1048576K
}
Event: 16.982 GC heap after
{Heap after GC invocations=36 (full 0):
 garbage-first heap   total 196608K, used 114932K [0x0000000080000000, 0x0000000100000000)
  region size 1024K, 4 young (4096K), 4 survivors (4096K)
 Metaspace       used 84034K, committed 84736K, reserved 1122304K
  class space    used 11079K, committed 11392K, reserved 1048576K
}
Event: 17.805 GC heap before
{Heap before GC invocations=36 (full 0):
 garbage-first heap   total 196608K, used 158964K [0x0000000080000000, 0x0000000100000000)
  region size 1024K, 48 young (49152K), 4 survivors (4096K)
 Metaspace       used 85442K, committed 86144K, reserved 1130496K
  class space    used 11212K, committed 11520K, reserved 1048576K
}
Event: 17.811 GC heap after
{Heap after GC invocations=37 (full 0):
 garbage-first heap   total 196608K, used 117333K [0x0000000080000000, 0x0000000100000000)
  region size 1024K, 6 young (6144K), 6 survivors (6144K)
 Metaspace       used 85442K, committed 86144K, reserved 1130496K
  class space    used 11212K, committed 11520K, reserved 1048576K
}
Event: 431.574 GC heap before
{Heap before GC invocations=38 (full 0):
 garbage-first heap   total 204800K, used 160341K [0x0000000080000000, 0x0000000100000000)
  region size 1024K, 49 young (50176K), 6 survivors (6144K)
 Metaspace       used 89419K, committed 90240K, reserved 1130496K
  class space    used 11538K, committed 11904K, reserved 1048576K
}
Event: 431.578 GC heap after
{Heap after GC invocations=39 (full 0):
 garbage-first heap   total 204800K, used 118585K [0x0000000080000000, 0x0000000100000000)
  region size 1024K, 5 young (5120K), 5 survivors (5120K)
 Metaspace       used 89419K, committed 90240K, reserved 1130496K
  class space    used 11538K, committed 11904K, reserved 1048576K
}
Event: 464.145 GC heap before
{Heap before GC invocations=39 (full 0):
 garbage-first heap   total 204800K, used 166713K [0x0000000080000000, 0x0000000100000000)
  region size 1024K, 53 young (54272K), 5 survivors (5120K)
 Metaspace       used 91066K, committed 91904K, reserved 1130496K
  class space    used 11703K, committed 12096K, reserved 1048576K
}
Event: 464.151 GC heap after
{Heap after GC invocations=40 (full 0):
 garbage-first heap   total 204800K, used 123965K [0x0000000080000000, 0x0000000100000000)
  region size 1024K, 7 young (7168K), 7 survivors (7168K)
 Metaspace       used 91066K, committed 91904K, reserved 1130496K
  class space    used 11703K, committed 12096K, reserved 1048576K
}
Event: 464.688 GC heap before
{Heap before GC invocations=41 (full 0):
 garbage-first heap   total 217088K, used 158781K [0x0000000080000000, 0x0000000100000000)
  region size 1024K, 43 young (44032K), 7 survivors (7168K)
 Metaspace       used 92322K, committed 93184K, reserved 1130496K
  class space    used 11910K, committed 12288K, reserved 1048576K
}
Event: 464.695 GC heap after
{Heap after GC invocations=42 (full 0):
 garbage-first heap   total 217088K, used 126760K [0x0000000080000000, 0x0000000100000000)
  region size 1024K, 4 young (4096K), 4 survivors (4096K)
 Metaspace       used 92322K, committed 93184K, reserved 1130496K
  class space    used 11910K, committed 12288K, reserved 1048576K
}
Event: 465.155 GC heap before
{Heap before GC invocations=43 (full 0):
 garbage-first heap   total 224256K, used 170792K [0x0000000080000000, 0x0000000100000000)
  region size 1024K, 47 young (48128K), 4 survivors (4096K)
 Metaspace       used 93543K, committed 94336K, reserved 1138688K
  class space    used 12037K, committed 12416K, reserved 1048576K
}
Event: 465.166 GC heap after
{Heap after GC invocations=44 (full 0):
 garbage-first heap   total 224256K, used 146890K [0x0000000080000000, 0x0000000100000000)
  region size 1024K, 7 young (7168K), 7 survivors (7168K)
 Metaspace       used 93543K, committed 94336K, reserved 1138688K
  class space    used 12037K, committed 12416K, reserved 1048576K
}

