# JRE version: Java(TM) SE Runtime Environment (16.0.2+7) (build 16.0.2+7-67)
# Java VM: Java HotSpot(TM) 64-Bit Server VM (16.0.2+7-67, mixed mode, sharing, tiered, compressed oops, compressed class ptrs, g1 gc, windows-amd64)
GC Precious Log:
 CPUs: 8 total, 8 available
 Memory: 7959M
 Large Page Support: Disabled
 NUMA Support: Disabled
 Compressed Oops: Enabled (32-bit)
 Heap Region Size: 1M
 Heap Min Capacity: 8M
 Heap Initial Capacity: 126M
 Heap Max Capacity: 2G
 Pre-touch: Disabled
 Parallel Workers: 8
 Concurrent Workers: 2
 Concurrent Refinement Workers: 8
 Periodic GC: Disabled
Heap:
 garbage-first heap   total 130048K, used 108558K [0x0000000080000000, 0x0000000100000000)
  region size 1024K, 6 young (6144K), 4 survivors (4096K)
 Metaspace       used 75442K, committed 75904K, reserved 1122304K
  class space    used 10151K, committed 10368K, reserved 1048576K
GC Heap History (20 events):
Event: 6.931 GC heap before
{Heap before GC invocations=22 (full 0):
 garbage-first heap   total 98304K, used 77368K [0x0000000080000000, 0x0000000100000000)
  region size 1024K, 26 young (26624K), 4 survivors (4096K)
 Metaspace       used 57735K, committed 58240K, reserved 1105920K
  class space    used 7598K, committed 7872K, reserved 1048576K
}
Event: 6.937 GC heap after
{Heap after GC invocations=23 (full 0):
 garbage-first heap   total 98304K, used 56463K [0x0000000080000000, 0x0000000100000000)
  region size 1024K, 2 young (2048K), 2 survivors (2048K)
 Metaspace       used 57735K, committed 58240K, reserved 1105920K
  class space    used 7598K, committed 7872K, reserved 1048576K
}
Event: 7.325 GC heap before
{Heap before GC invocations=24 (full 0):
 garbage-first heap   total 101376K, used 78991K [0x0000000080000000, 0x0000000100000000)
  region size 1024K, 24 young (24576K), 2 survivors (2048K)
 Metaspace       used 60761K, committed 61248K, reserved 1105920K
  class space    used 8173K, committed 8448K, reserved 1048576K
}
Event: 7.329 GC heap after
{Heap after GC invocations=25 (full 0):
 garbage-first heap   total 101376K, used 57998K [0x0000000080000000, 0x0000000100000000)
  region size 1024K, 2 young (2048K), 2 survivors (2048K)
 Metaspace       used 60761K, committed 61248K, reserved 1105920K
  class space    used 8173K, committed 8448K, reserved 1048576K
}
Event: 7.800 GC heap before
{Heap before GC invocations=25 (full 0):
 garbage-first heap   total 101376K, used 81550K [0x0000000080000000, 0x0000000100000000)
  region size 1024K, 25 young (25600K), 2 survivors (2048K)
 Metaspace       used 63019K, committed 63552K, reserved 1105920K
  class space    used 8496K, committed 8768K, reserved 1048576K
}
Event: 7.805 GC heap after
{Heap after GC invocations=26 (full 0):
 garbage-first heap   total 101376K, used 59753K [0x0000000080000000, 0x0000000100000000)
  region size 1024K, 4 young (4096K), 4 survivors (4096K)
 Metaspace       used 63019K, committed 63552K, reserved 1105920K
  class space    used 8496K, committed 8768K, reserved 1048576K
}
Event: 8.154 GC heap before
{Heap before GC invocations=27 (full 0):
 garbage-first heap   total 107520K, used 81257K [0x0000000080000000, 0x0000000100000000)
  region size 1024K, 25 young (25600K), 4 survivors (4096K)
 Metaspace       used 64577K, committed 65088K, reserved 1105920K
  class space    used 8708K, committed 8960K, reserved 1048576K
}
Event: 8.158 GC heap after
{Heap after GC invocations=28 (full 0):
 garbage-first heap   total 107520K, used 61032K [0x0000000080000000, 0x0000000100000000)
  region size 1024K, 4 young (4096K), 4 survivors (4096K)
 Metaspace       used 64577K, committed 65088K, reserved 1105920K
  class space    used 8708K, committed 8960K, reserved 1048576K
}
Event: 8.657 GC heap before
{Heap before GC invocations=28 (full 0):
 garbage-first heap   total 107520K, used 85608K [0x0000000080000000, 0x0000000100000000)
  region size 1024K, 29 young (29696K), 4 survivors (4096K)
 Metaspace       used 68630K, committed 69184K, reserved 1114112K
  class space    used 9277K, committed 9536K, reserved 1048576K
}
Event: 8.663 GC heap after
{Heap after GC invocations=29 (full 0):
 garbage-first heap   total 129024K, used 63200K [0x0000000080000000, 0x0000000100000000)
  region size 1024K, 4 young (4096K), 4 survivors (4096K)
 Metaspace       used 68630K, committed 69184K, reserved 1114112K
  class space    used 9277K, committed 9536K, reserved 1048576K
}
Event: 9.504 GC heap before
{Heap before GC invocations=30 (full 0):
 garbage-first heap   total 129024K, used 103136K [0x0000000080000000, 0x0000000100000000)
  region size 1024K, 44 young (45056K), 4 survivors (4096K)
 Metaspace       used 72901K, committed 73536K, reserved 1114112K
  class space    used 9820K, committed 10112K, reserved 1048576K
}
Event: 9.512 GC heap after
{Heap after GC invocations=31 (full 0):
 garbage-first heap   total 129024K, used 68038K [0x0000000080000000, 0x0000000100000000)
  region size 1024K, 6 young (6144K), 6 survivors (6144K)
 Metaspace       used 72901K, committed 73536K, reserved 1114112K
  class space    used 9820K, committed 10112K, reserved 1048576K
}
Event: 9.926 GC heap before
{Heap before GC invocations=31 (full 0):
 garbage-first heap   total 129024K, used 102854K [0x0000000080000000, 0x0000000100000000)
  region size 1024K, 41 young (41984K), 6 survivors (6144K)
 Metaspace       used 73584K, committed 74112K, reserved 1114112K
  class space    used 9938K, committed 10176K, reserved 1048576K
}
Event: 9.935 GC heap after
{Heap after GC invocations=32 (full 0):
 garbage-first heap   total 129024K, used 70679K [0x0000000080000000, 0x0000000100000000)
  region size 1024K, 3 young (3072K), 3 survivors (3072K)
 Metaspace       used 73584K, committed 74112K, reserved 1114112K
  class space    used 9938K, committed 10176K, reserved 1048576K
}
Event: 10.248 GC heap before
{Heap before GC invocations=33 (full 0):
 garbage-first heap   total 130048K, used 88087K [0x0000000080000000, 0x0000000100000000)
  region size 1024K, 22 young (22528K), 3 survivors (3072K)
 Metaspace       used 74158K, committed 74752K, reserved 1114112K
  class space    used 10018K, committed 10304K, reserved 1048576K
}
Event: 10.252 GC heap after
{Heap after GC invocations=34 (full 0):
 garbage-first heap   total 130048K, used 71800K [0x0000000080000000, 0x0000000100000000)
  region size 1024K, 4 young (4096K), 4 survivors (4096K)
 Metaspace       used 74158K, committed 74752K, reserved 1114112K
  class space    used 10018K, committed 10304K, reserved 1048576K
}
Event: 10.740 GC heap before
{Heap before GC invocations=35 (full 0):
 garbage-first heap   total 130048K, used 107640K [0x0000000080000000, 0x0000000100000000)
  region size 1024K, 38 young (38912K), 4 survivors (4096K)
 Metaspace       used 75357K, committed 75840K, reserved 1122304K
  class space    used 10149K, committed 10368K, reserved 1048576K
}
Event: 10.749 GC heap after
{Heap after GC invocations=36 (full 0):
 garbage-first heap   total 130048K, used 84723K [0x0000000080000000, 0x0000000100000000)
  region size 1024K, 5 young (5120K), 5 survivors (5120K)
 Metaspace       used 75357K, committed 75840K, reserved 1122304K
  class space    used 10149K, committed 10368K, reserved 1048576K
}
Event: 10.858 GC heap before
{Heap before GC invocations=36 (full 0):
 garbage-first heap   total 130048K, used 90867K [0x0000000080000000, 0x0000000100000000)
  region size 1024K, 13 young (13312K), 5 survivors (5120K)
 Metaspace       used 75402K, committed 75904K, reserved 1122304K
  class space    used 10149K, committed 10368K, reserved 1048576K
}
Event: 10.866 GC heap after
{Heap after GC invocations=37 (full 0):
 garbage-first heap   total 130048K, used 92174K [0x0000000080000000, 0x0000000100000000)
  region size 1024K, 4 young (4096K), 4 survivors (4096K)
 Metaspace       used 75402K, committed 75904K, reserved 1122304K
  class space    used 10149K, committed 10368K, reserved 1048576K
}

