# JRE version: Java(TM) SE Runtime Environment (16.0.2+7) (build 16.0.2+7-67)
# Java VM: Java HotSpot(TM) 64-Bit Server VM (16.0.2+7-67, mixed mode, sharing, tiered, compressed oops, compressed class ptrs, g1 gc, windows-amd64)
GC Precious Log:
 CPUs: 8 total, 8 available
 Memory: 7959M
 Large Page Support: Disabled
 NUMA Support: Disabled
 Compressed Oops: Enabled (32-bit)
 Heap Region Size: 1M
 Heap Min Capacity: 8M
 Heap Initial Capacity: 126M
 Heap Max Capacity: 2G
 Pre-touch: Disabled
 Parallel Workers: 8
 Concurrent Workers: 2
 Concurrent Refinement Workers: 8
 Periodic GC: Disabled
Heap:
 garbage-first heap   total 275456K, used 187603K [0x0000000080000000, 0x0000000100000000)
  region size 1024K, 30 young (30720K), 8 survivors (8192K)
 Metaspace       used 84048K, committed 84608K, reserved 1122304K
  class space    used 11466K, committed 11712K, reserved 1048576K
GC Heap History (20 events):
Event: 10.162 GC heap before
{Heap before GC invocations=33 (full 0):
 garbage-first heap   total 137216K, used 103856K [0x0000000080000000, 0x0000000100000000)
  region size 1024K, 32 young (32768K), 3 survivors (3072K)
 Metaspace       used 74734K, committed 75264K, reserved 1114112K
  class space    used 10043K, committed 10304K, reserved 1048576K
}
Event: 10.167 GC heap after
{Heap after GC invocations=34 (full 0):
 garbage-first heap   total 137216K, used 76893K [0x0000000080000000, 0x0000000100000000)
  region size 1024K, 2 young (2048K), 2 survivors (2048K)
 Metaspace       used 74734K, committed 75264K, reserved 1114112K
  class space    used 10043K, committed 10304K, reserved 1048576K
}
Event: 10.577 GC heap before
{Heap before GC invocations=34 (full 0):
 garbage-first heap   total 137216K, used 110685K [0x0000000080000000, 0x0000000100000000)
  region size 1024K, 37 young (37888K), 2 survivors (2048K)
 Metaspace       used 75384K, committed 75904K, reserved 1114112K
  class space    used 10127K, committed 10368K, reserved 1048576K
}
Event: 10.583 GC heap after
{Heap after GC invocations=35 (full 0):
 garbage-first heap   total 137216K, used 78833K [0x0000000080000000, 0x0000000100000000)
  region size 1024K, 4 young (4096K), 4 survivors (4096K)
 Metaspace       used 75384K, committed 75904K, reserved 1114112K
  class space    used 10127K, committed 10368K, reserved 1048576K
}
Event: 10.834 GC heap before
{Heap before GC invocations=36 (full 0):
 garbage-first heap   total 152576K, used 96241K [0x0000000080000000, 0x0000000100000000)
  region size 1024K, 17 young (17408K), 4 survivors (4096K)
 Metaspace       used 77992K, committed 78592K, reserved 1122304K
  class space    used 10495K, committed 10752K, reserved 1048576K
}
Event: 10.840 GC heap after
{Heap after GC invocations=37 (full 0):
 garbage-first heap   total 152576K, used 87674K [0x0000000080000000, 0x0000000100000000)
  region size 1024K, 5 young (5120K), 5 survivors (5120K)
 Metaspace       used 77992K, committed 78592K, reserved 1122304K
  class space    used 10495K, committed 10752K, reserved 1048576K
}
Event: 11.119 GC heap before
{Heap before GC invocations=38 (full 0):
 garbage-first heap   total 193536K, used 137850K [0x0000000080000000, 0x0000000100000000)
  region size 1024K, 38 young (38912K), 5 survivors (5120K)
 Metaspace       used 78198K, committed 78720K, reserved 1122304K
  class space    used 10517K, committed 10752K, reserved 1048576K
}
Event: 11.134 GC heap after
{Heap after GC invocations=39 (full 0):
 garbage-first heap   total 193536K, used 105272K [0x0000000080000000, 0x0000000100000000)
  region size 1024K, 5 young (5120K), 5 survivors (5120K)
 Metaspace       used 78198K, committed 78720K, reserved 1122304K
  class space    used 10517K, committed 10752K, reserved 1048576K
}
Event: 11.499 GC heap before
{Heap before GC invocations=39 (full 0):
 garbage-first heap   total 193536K, used 144184K [0x0000000080000000, 0x0000000100000000)
  region size 1024K, 44 young (45056K), 5 survivors (5120K)
 Metaspace       used 80506K, committed 81024K, reserved 1122304K
  class space    used 10988K, committed 11200K, reserved 1048576K
}
Event: 11.517 GC heap after
{Heap after GC invocations=40 (full 0):
 garbage-first heap   total 257024K, used 123273K [0x0000000080000000, 0x0000000100000000)
  region size 1024K, 6 young (6144K), 6 survivors (6144K)
 Metaspace       used 80506K, committed 81024K, reserved 1122304K
  class space    used 10988K, committed 11200K, reserved 1048576K
}
Event: 12.050 GC heap before
{Heap before GC invocations=41 (full 0):
 garbage-first heap   total 257024K, used 177545K [0x0000000080000000, 0x0000000100000000)
  region size 1024K, 60 young (61440K), 6 survivors (6144K)
 Metaspace       used 83158K, committed 83712K, reserved 1122304K
  class space    used 11369K, committed 11584K, reserved 1048576K
}
Event: 12.067 GC heap after
{Heap after GC invocations=42 (full 0):
 garbage-first heap   total 257024K, used 141235K [0x0000000080000000, 0x0000000100000000)
  region size 1024K, 8 young (8192K), 8 survivors (8192K)
 Metaspace       used 83158K, committed 83712K, reserved 1122304K
  class space    used 11369K, committed 11584K, reserved 1048576K
}
Event: 12.234 GC heap before
{Heap before GC invocations=42 (full 0):
 garbage-first heap   total 257024K, used 160691K [0x0000000080000000, 0x0000000100000000)
  region size 1024K, 29 young (29696K), 8 survivors (8192K)
 Metaspace       used 83496K, committed 84096K, reserved 1122304K
  class space    used 11404K, committed 11648K, reserved 1048576K
}
Event: 12.244 GC heap after
{Heap after GC invocations=43 (full 0):
 garbage-first heap   total 257024K, used 145372K [0x0000000080000000, 0x0000000100000000)
  region size 1024K, 3 young (3072K), 3 survivors (3072K)
 Metaspace       used 83496K, committed 84096K, reserved 1122304K
  class space    used 11404K, committed 11648K, reserved 1048576K
}
Event: 12.591 GC heap before
{Heap before GC invocations=44 (full 0):
 garbage-first heap   total 261120K, used 162780K [0x0000000080000000, 0x0000000100000000)
  region size 1024K, 23 young (23552K), 3 survivors (3072K)
 Metaspace       used 83689K, committed 84224K, reserved 1122304K
  class space    used 11424K, committed 11648K, reserved 1048576K
}
Event: 12.599 GC heap after
{Heap after GC invocations=45 (full 0):
 garbage-first heap   total 261120K, used 144683K [0x0000000080000000, 0x0000000100000000)
  region size 1024K, 3 young (3072K), 3 survivors (3072K)
 Metaspace       used 83689K, committed 84224K, reserved 1122304K
  class space    used 11424K, committed 11648K, reserved 1048576K
}
Event: 12.996 GC heap before
{Heap before GC invocations=46 (full 0):
 garbage-first heap   total 261120K, used 155947K [0x0000000080000000, 0x0000000100000000)
  region size 1024K, 15 young (15360K), 3 survivors (3072K)
 Metaspace       used 83735K, committed 84288K, reserved 1122304K
  class space    used 11431K, committed 11648K, reserved 1048576K
}
Event: 13.003 GC heap after
{Heap after GC invocations=47 (full 0):
 garbage-first heap   total 261120K, used 146658K [0x0000000080000000, 0x0000000100000000)
  region size 1024K, 4 young (4096K), 4 survivors (4096K)
 Metaspace       used 83735K, committed 84288K, reserved 1122304K
  class space    used 11431K, committed 11648K, reserved 1048576K
}
Event: 13.359 GC heap before
{Heap before GC invocations=48 (full 0):
 garbage-first heap   total 275456K, used 200930K [0x0000000080000000, 0x0000000100000000)
  region size 1024K, 56 young (57344K), 4 survivors (4096K)
 Metaspace       used 84014K, committed 84544K, reserved 1122304K
  class space    used 11465K, committed 11712K, reserved 1048576K
}
Event: 13.369 GC heap after
{Heap after GC invocations=49 (full 0):
 garbage-first heap   total 275456K, used 157907K [0x0000000080000000, 0x0000000100000000)
  region size 1024K, 8 young (8192K), 8 survivors (8192K)
 Metaspace       used 84014K, committed 84544K, reserved 1122304K
  class space    used 11465K, committed 11712K, reserved 1048576K
}

