# JRE version: Java(TM) SE Runtime Environment (16.0.2+7) (build 16.0.2+7-67)
# Java VM: Java HotSpot(TM) 64-Bit Server VM (16.0.2+7-67, mixed mode, sharing, tiered, compressed oops, compressed class ptrs, g1 gc, windows-amd64)
GC Precious Log:
 CPUs: 8 total, 8 available
 Memory: 7959M
 Large Page Support: Disabled
 NUMA Support: Disabled
 Compressed Oops: Enabled (32-bit)
 Heap Region Size: 1M
 Heap Min Capacity: 8M
 Heap Initial Capacity: 126M
 Heap Max Capacity: 2G
 Pre-touch: Disabled
 Parallel Workers: 8
 Concurrent Workers: 2
 Concurrent Refinement Workers: 8
 Periodic GC: Disabled
Heap:
 garbage-first heap   total 196608K, used 136827K [0x0000000080000000, 0x0000000100000000)
  region size 1024K, 33 young (33792K), 6 survivors (6144K)
 Metaspace       used 83843K, committed 84544K, reserved 1122304K
  class space    used 11095K, committed 11392K, reserved 1048576K
GC Heap History (20 events):
Event: 7.170 GC heap before
{Heap before GC invocations=20 (full 0):
 garbage-first heap   total 146432K, used 92359K [0x0000000080000000, 0x0000000100000000)
  region size 1024K, 22 young (22528K), 5 survivors (5120K)
 Metaspace       used 57628K, committed 58240K, reserved 1105920K
  class space    used 7604K, committed 7872K, reserved 1048576K
}
Event: 7.174 GC heap after
{Heap after GC invocations=21 (full 0):
 garbage-first heap   total 146432K, used 77899K [0x0000000080000000, 0x0000000100000000)
  region size 1024K, 2 young (2048K), 2 survivors (2048K)
 Metaspace       used 57628K, committed 58240K, reserved 1105920K
  class space    used 7604K, committed 7872K, reserved 1048576K
}
Event: 7.484 GC heap before
{Heap before GC invocations=22 (full 0):
 garbage-first heap   total 146432K, used 112715K [0x0000000080000000, 0x0000000100000000)
  region size 1024K, 35 young (35840K), 2 survivors (2048K)
 Metaspace       used 58489K, committed 59072K, reserved 1105920K
  class space    used 7731K, committed 8000K, reserved 1048576K
}
Event: 7.488 GC heap after
{Heap after GC invocations=23 (full 0):
 garbage-first heap   total 146432K, used 80079K [0x0000000080000000, 0x0000000100000000)
  region size 1024K, 5 young (5120K), 5 survivors (5120K)
 Metaspace       used 58489K, committed 59072K, reserved 1105920K
  class space    used 7731K, committed 8000K, reserved 1048576K
}
Event: 8.092 GC heap before
{Heap before GC invocations=23 (full 0):
 garbage-first heap   total 146432K, used 112847K [0x0000000080000000, 0x0000000100000000)
  region size 1024K, 37 young (37888K), 5 survivors (5120K)
 Metaspace       used 62493K, committed 63040K, reserved 1105920K
  class space    used 8410K, committed 8640K, reserved 1048576K
}
Event: 8.097 GC heap after
{Heap after GC invocations=24 (full 0):
 garbage-first heap   total 146432K, used 82144K [0x0000000080000000, 0x0000000100000000)
  region size 1024K, 3 young (3072K), 3 survivors (3072K)
 Metaspace       used 62493K, committed 63040K, reserved 1105920K
  class space    used 8410K, committed 8640K, reserved 1048576K
}
Event: 8.571 GC heap before
{Heap before GC invocations=25 (full 0):
 garbage-first heap   total 146432K, used 113888K [0x0000000080000000, 0x0000000100000000)
  region size 1024K, 35 young (35840K), 3 survivors (3072K)
 Metaspace       used 66147K, committed 66752K, reserved 1114112K
  class space    used 8826K, committed 9088K, reserved 1048576K
}
Event: 8.576 GC heap after
{Heap after GC invocations=26 (full 0):
 garbage-first heap   total 146432K, used 86230K [0x0000000080000000, 0x0000000100000000)
  region size 1024K, 5 young (5120K), 5 survivors (5120K)
 Metaspace       used 66147K, committed 66752K, reserved 1114112K
  class space    used 8826K, committed 9088K, reserved 1048576K
}
Event: 8.635 GC heap before
{Heap before GC invocations=26 (full 0):
 garbage-first heap   total 146432K, used 90326K [0x0000000080000000, 0x0000000100000000)
  region size 1024K, 10 young (10240K), 5 survivors (5120K)
 Metaspace       used 66878K, committed 67456K, reserved 1114112K
  class space    used 8917K, committed 9152K, reserved 1048576K
}
Event: 8.639 GC heap after
{Heap after GC invocations=27 (full 0):
 garbage-first heap   total 146432K, used 87612K [0x0000000080000000, 0x0000000100000000)
  region size 1024K, 2 young (2048K), 2 survivors (2048K)
 Metaspace       used 66878K, committed 67456K, reserved 1114112K
  class space    used 8917K, committed 9152K, reserved 1048576K
}
Event: 9.179 GC heap before
{Heap before GC invocations=28 (full 0):
 garbage-first heap   total 173056K, used 128572K [0x0000000080000000, 0x0000000100000000)
  region size 1024K, 32 young (32768K), 2 survivors (2048K)
 Metaspace       used 68549K, committed 69184K, reserved 1114112K
  class space    used 9184K, committed 9472K, reserved 1048576K
}
Event: 9.183 GC heap after
{Heap after GC invocations=29 (full 0):
 garbage-first heap   total 173056K, used 103578K [0x0000000080000000, 0x0000000100000000)
  region size 1024K, 4 young (4096K), 4 survivors (4096K)
 Metaspace       used 68549K, committed 69184K, reserved 1114112K
  class space    used 9184K, committed 9472K, reserved 1048576K
}
Event: 9.594 GC heap before
{Heap before GC invocations=29 (full 0):
 garbage-first heap   total 173056K, used 137370K [0x0000000080000000, 0x0000000100000000)
  region size 1024K, 37 young (37888K), 4 survivors (4096K)
 Metaspace       used 71110K, committed 71808K, reserved 1114112K
  class space    used 9520K, committed 9856K, reserved 1048576K
}
Event: 9.598 GC heap after
{Heap after GC invocations=30 (full 0):
 garbage-first heap   total 173056K, used 105160K [0x0000000080000000, 0x0000000100000000)
  region size 1024K, 3 young (3072K), 3 survivors (3072K)
 Metaspace       used 71110K, committed 71808K, reserved 1114112K
  class space    used 9520K, committed 9856K, reserved 1048576K
}
Event: 9.808 GC heap before
{Heap before GC invocations=31 (full 0):
 garbage-first heap   total 184320K, used 114376K [0x0000000080000000, 0x0000000100000000)
  region size 1024K, 13 young (13312K), 3 survivors (3072K)
 Metaspace       used 72888K, committed 73536K, reserved 1114112K
  class space    used 9738K, committed 10048K, reserved 1048576K
}
Event: 9.812 GC heap after
{Heap after GC invocations=32 (full 0):
 garbage-first heap   total 184320K, used 106034K [0x0000000080000000, 0x0000000100000000)
  region size 1024K, 3 young (3072K), 3 survivors (3072K)
 Metaspace       used 72888K, committed 73536K, reserved 1114112K
  class space    used 9738K, committed 10048K, reserved 1048576K
}
Event: 10.461 GC heap before
{Heap before GC invocations=33 (full 0):
 garbage-first heap   total 184320K, used 148018K [0x0000000080000000, 0x0000000100000000)
  region size 1024K, 43 young (44032K), 3 survivors (3072K)
 Metaspace       used 79607K, committed 80320K, reserved 1122304K
  class space    used 10592K, committed 10944K, reserved 1048576K
}
Event: 10.466 GC heap after
{Heap after GC invocations=34 (full 0):
 garbage-first heap   total 184320K, used 107977K [0x0000000080000000, 0x0000000100000000)
  region size 1024K, 5 young (5120K), 5 survivors (5120K)
 Metaspace       used 79607K, committed 80320K, reserved 1122304K
  class space    used 10592K, committed 10944K, reserved 1048576K
}
Event: 11.196 GC heap before
{Heap before GC invocations=34 (full 0):
 garbage-first heap   total 184320K, used 147913K [0x0000000080000000, 0x0000000100000000)
  region size 1024K, 45 young (46080K), 5 survivors (5120K)
 Metaspace       used 83573K, committed 84288K, reserved 1122304K
  class space    used 11076K, committed 11392K, reserved 1048576K
}
Event: 11.204 GC heap after
{Heap after GC invocations=35 (full 0):
 garbage-first heap   total 184320K, used 111227K [0x0000000080000000, 0x0000000100000000)
  region size 1024K, 6 young (6144K), 6 survivors (6144K)
 Metaspace       used 83573K, committed 84288K, reserved 1122304K
  class space    used 11076K, committed 11392K, reserved 1048576K
}

