# JRE version: Java(TM) SE Runtime Environment (16.0.2+7) (build 16.0.2+7-67)
# Java VM: Java HotSpot(TM) 64-Bit Server VM (16.0.2+7-67, mixed mode, sharing, tiered, compressed oops, compressed class ptrs, g1 gc, windows-amd64)
GC Precious Log:
 CPUs: 8 total, 8 available
 Memory: 7959M
 Large Page Support: Disabled
 NUMA Support: Disabled
 Compressed Oops: Enabled (32-bit)
 Heap Region Size: 1M
 Heap Min Capacity: 8M
 Heap Initial Capacity: 126M
 Heap Max Capacity: 2G
 Pre-touch: Disabled
 Parallel Workers: 8
 Concurrent Workers: 2
 Concurrent Refinement Workers: 8
 Periodic GC: Disabled
Heap:
 garbage-first heap   total 317440K, used 238427K [0x0000000080000000, 0x0000000100000000)
  region size 1024K, 61 young (62464K), 6 survivors (6144K)
 Metaspace       used 94191K, committed 94848K, reserved 1138688K
  class space    used 12608K, committed 12928K, reserved 1048576K
GC Heap History (20 events):
Event: 9.259 GC heap before
{Heap before GC invocations=36 (full 0):
 garbage-first heap   total 171008K, used 95398K [0x0000000080000000, 0x0000000100000000)
  region size 1024K, 16 young (16384K), 4 survivors (4096K)
 Metaspace       used 77962K, committed 78464K, reserved 1122304K
  class space    used 10495K, committed 10752K, reserved 1048576K
}
Event: 9.262 GC heap after
{Heap after GC invocations=37 (full 0):
 garbage-first heap   total 171008K, used 87324K [0x0000000080000000, 0x0000000100000000)
  region size 1024K, 6 young (6144K), 6 survivors (6144K)
 Metaspace       used 77962K, committed 78464K, reserved 1122304K
  class space    used 10495K, committed 10752K, reserved 1048576K
}
Event: 9.572 GC heap before
{Heap before GC invocations=38 (full 0):
 garbage-first heap   total 193536K, used 147740K [0x0000000080000000, 0x0000000100000000)
  region size 1024K, 49 young (50176K), 6 survivors (6144K)
 Metaspace       used 80158K, committed 80640K, reserved 1122304K
  class space    used 10971K, committed 11200K, reserved 1048576K
}
Event: 9.588 GC heap after
{Heap after GC invocations=39 (full 0):
 garbage-first heap   total 193536K, used 108177K [0x0000000080000000, 0x0000000100000000)
  region size 1024K, 7 young (7168K), 7 survivors (7168K)
 Metaspace       used 80158K, committed 80640K, reserved 1122304K
  class space    used 10971K, committed 11200K, reserved 1048576K
}
Event: 9.825 GC heap before
{Heap before GC invocations=39 (full 0):
 garbage-first heap   total 193536K, used 147089K [0x0000000080000000, 0x0000000100000000)
  region size 1024K, 46 young (47104K), 7 survivors (7168K)
 Metaspace       used 80476K, committed 81024K, reserved 1122304K
  class space    used 10977K, committed 11200K, reserved 1048576K
}
Event: 9.844 GC heap after
{Heap after GC invocations=40 (full 0):
 garbage-first heap   total 193536K, used 129231K [0x0000000080000000, 0x0000000100000000)
  region size 1024K, 6 young (6144K), 6 survivors (6144K)
 Metaspace       used 80476K, committed 81024K, reserved 1122304K
  class space    used 10977K, committed 11200K, reserved 1048576K
}
Event: 10.054 GC heap before
{Heap before GC invocations=41 (full 0):
 garbage-first heap   total 240640K, used 151759K [0x0000000080000000, 0x0000000100000000)
  region size 1024K, 28 young (28672K), 6 survivors (6144K)
 Metaspace       used 82318K, committed 82880K, reserved 1122304K
  class space    used 11249K, committed 11520K, reserved 1048576K
}
Event: 10.065 GC heap after
{Heap after GC invocations=42 (full 0):
 garbage-first heap   total 240640K, used 138273K [0x0000000080000000, 0x0000000100000000)
  region size 1024K, 4 young (4096K), 4 survivors (4096K)
 Metaspace       used 82318K, committed 82880K, reserved 1122304K
  class space    used 11249K, committed 11520K, reserved 1048576K
}
Event: 10.311 GC heap before
{Heap before GC invocations=42 (full 0):
 garbage-first heap   total 240640K, used 176161K [0x0000000080000000, 0x0000000100000000)
  region size 1024K, 42 young (43008K), 4 survivors (4096K)
 Metaspace       used 83418K, committed 83968K, reserved 1122304K
  class space    used 11395K, committed 11648K, reserved 1048576K
}
Event: 10.320 GC heap after
{Heap after GC invocations=43 (full 0):
 garbage-first heap   total 240640K, used 144476K [0x0000000080000000, 0x0000000100000000)
  region size 1024K, 6 young (6144K), 6 survivors (6144K)
 Metaspace       used 83418K, committed 83968K, reserved 1122304K
  class space    used 11395K, committed 11648K, reserved 1048576K
}
Event: 10.638 GC heap before
{Heap before GC invocations=44 (full 0):
 garbage-first heap   total 258048K, used 165980K [0x0000000080000000, 0x0000000100000000)
  region size 1024K, 30 young (30720K), 6 survivors (6144K)
 Metaspace       used 83614K, committed 84160K, reserved 1122304K
  class space    used 11415K, committed 11648K, reserved 1048576K
}
Event: 10.645 GC heap after
{Heap after GC invocations=45 (full 0):
 garbage-first heap   total 258048K, used 145420K [0x0000000080000000, 0x0000000100000000)
  region size 1024K, 3 young (3072K), 3 survivors (3072K)
 Metaspace       used 83614K, committed 84160K, reserved 1122304K
  class space    used 11415K, committed 11648K, reserved 1048576K
}
Event: 10.888 GC heap before
{Heap before GC invocations=46 (full 0):
 garbage-first heap   total 265216K, used 158732K [0x0000000080000000, 0x0000000100000000)
  region size 1024K, 17 young (17408K), 3 survivors (3072K)
 Metaspace       used 83660K, committed 84224K, reserved 1122304K
  class space    used 11422K, committed 11648K, reserved 1048576K
}
Event: 10.892 GC heap after
{Heap after GC invocations=47 (full 0):
 garbage-first heap   total 265216K, used 147441K [0x0000000080000000, 0x0000000100000000)
  region size 1024K, 4 young (4096K), 4 survivors (4096K)
 Metaspace       used 83660K, committed 84224K, reserved 1122304K
  class space    used 11422K, committed 11648K, reserved 1048576K
}
Event: 11.133 GC heap before
{Heap before GC invocations=48 (full 0):
 garbage-first heap   total 273408K, used 195569K [0x0000000080000000, 0x0000000100000000)
  region size 1024K, 50 young (51200K), 4 survivors (4096K)
 Metaspace       used 83938K, committed 84544K, reserved 1122304K
  class space    used 11456K, committed 11712K, reserved 1048576K
}
Event: 11.141 GC heap after
{Heap after GC invocations=49 (full 0):
 garbage-first heap   total 273408K, used 158306K [0x0000000080000000, 0x0000000100000000)
  region size 1024K, 8 young (8192K), 8 survivors (8192K)
 Metaspace       used 83938K, committed 84544K, reserved 1122304K
  class space    used 11456K, committed 11712K, reserved 1048576K
}
Event: 11.756 GC heap before
{Heap before GC invocations=50 (full 0):
 garbage-first heap   total 317440K, used 219746K [0x0000000080000000, 0x0000000100000000)
  region size 1024K, 61 young (62464K), 8 survivors (8192K)
 Metaspace       used 85416K, committed 86016K, reserved 1130496K
  class space    used 11670K, committed 11968K, reserved 1048576K
}
Event: 11.763 GC heap after
{Heap after GC invocations=51 (full 0):
 garbage-first heap   total 317440K, used 153060K [0x0000000080000000, 0x0000000100000000)
  region size 1024K, 2 young (2048K), 2 survivors (2048K)
 Metaspace       used 85416K, committed 86016K, reserved 1130496K
  class space    used 11670K, committed 11968K, reserved 1048576K
}
Event: 12.177 GC heap before
{Heap before GC invocations=51 (full 0):
 garbage-first heap   total 317440K, used 189924K [0x0000000080000000, 0x0000000100000000)
  region size 1024K, 40 young (40960K), 2 survivors (2048K)
 Metaspace       used 89794K, committed 90368K, reserved 1130496K
  class space    used 12230K, committed 12480K, reserved 1048576K
}
Event: 12.182 GC heap after
{Heap after GC invocations=52 (full 0):
 garbage-first heap   total 317440K, used 156507K [0x0000000080000000, 0x0000000100000000)
  region size 1024K, 6 young (6144K), 6 survivors (6144K)
 Metaspace       used 89794K, committed 90368K, reserved 1130496K
  class space    used 12230K, committed 12480K, reserved 1048576K
}

