# JRE version: Java(TM) SE Runtime Environment (16.0.2+7) (build 16.0.2+7-67)
# Java VM: Java HotSpot(TM) 64-Bit Server VM (16.0.2+7-67, mixed mode, sharing, tiered, compressed oops, compressed class ptrs, g1 gc, windows-amd64)
GC Precious Log:
 CPUs: 8 total, 8 available
 Memory: 7959M
 Large Page Support: Disabled
 NUMA Support: Disabled
 Compressed Oops: Enabled (32-bit)
 Heap Region Size: 1M
 Heap Min Capacity: 8M
 Heap Initial Capacity: 126M
 Heap Max Capacity: 2G
 Pre-touch: Disabled
 Parallel Workers: 8
 Concurrent Workers: 2
 Concurrent Refinement Workers: 8
 Periodic GC: Disabled
Heap:
 garbage-first heap   total 106496K, used 62299K [0x0000000080000000, 0x0000000100000000)
  region size 1024K, 4 young (4096K), 4 survivors (4096K)
 Metaspace       used 68765K, committed 69312K, reserved 1114112K
  class space    used 9288K, committed 9536K, reserved 1048576K
GC Heap History (20 events):
Event: 5.210 GC heap after
{Heap after GC invocations=18 (full 0):
 garbage-first heap   total 95232K, used 45575K [0x0000000080000000, 0x0000000100000000)
  region size 1024K, 2 young (2048K), 2 survivors (2048K)
 Metaspace       used 45800K, committed 46208K, reserved 1089536K
  class space    used 6146K, committed 6336K, reserved 1048576K
}
Event: 5.485 GC heap before
{Heap before GC invocations=18 (full 0):
 garbage-first heap   total 95232K, used 67079K [0x0000000080000000, 0x0000000100000000)
  region size 1024K, 23 young (23552K), 2 survivors (2048K)
 Metaspace       used 49121K, committed 49536K, reserved 1097728K
  class space    used 6529K, committed 6720K, reserved 1048576K
}
Event: 5.487 GC heap after
{Heap after GC invocations=19 (full 0):
 garbage-first heap   total 95232K, used 46529K [0x0000000080000000, 0x0000000100000000)
  region size 1024K, 3 young (3072K), 3 survivors (3072K)
 Metaspace       used 49121K, committed 49536K, reserved 1097728K
  class space    used 6529K, committed 6720K, reserved 1048576K
}
Event: 5.763 GC heap before
{Heap before GC invocations=20 (full 0):
 garbage-first heap   total 95232K, used 68033K [0x0000000080000000, 0x0000000100000000)
  region size 1024K, 25 young (25600K), 3 survivors (3072K)
 Metaspace       used 52595K, committed 53056K, reserved 1097728K
  class space    used 6940K, committed 7168K, reserved 1048576K
}
Event: 5.767 GC heap after
{Heap after GC invocations=21 (full 0):
 garbage-first heap   total 95232K, used 49094K [0x0000000080000000, 0x0000000100000000)
  region size 1024K, 4 young (4096K), 4 survivors (4096K)
 Metaspace       used 52595K, committed 53056K, reserved 1097728K
  class space    used 6940K, committed 7168K, reserved 1048576K
}
Event: 5.997 GC heap before
{Heap before GC invocations=21 (full 0):
 garbage-first heap   total 95232K, used 71622K [0x0000000080000000, 0x0000000100000000)
  region size 1024K, 26 young (26624K), 4 survivors (4096K)
 Metaspace       used 54503K, committed 55040K, reserved 1097728K
  class space    used 7170K, committed 7424K, reserved 1048576K
}
Event: 6.000 GC heap after
{Heap after GC invocations=22 (full 0):
 garbage-first heap   total 95232K, used 51194K [0x0000000080000000, 0x0000000100000000)
  region size 1024K, 3 young (3072K), 3 survivors (3072K)
 Metaspace       used 54503K, committed 55040K, reserved 1097728K
  class space    used 7170K, committed 7424K, reserved 1048576K
}
Event: 6.107 GC heap before
{Heap before GC invocations=23 (full 0):
 garbage-first heap   total 95232K, used 57338K [0x0000000080000000, 0x0000000100000000)
  region size 1024K, 11 young (11264K), 3 survivors (3072K)
 Metaspace       used 55318K, committed 55808K, reserved 1097728K
  class space    used 7253K, committed 7488K, reserved 1048576K
}
Event: 6.110 GC heap after
{Heap after GC invocations=24 (full 0):
 garbage-first heap   total 95232K, used 52094K [0x0000000080000000, 0x0000000100000000)
  region size 1024K, 1 young (1024K), 1 survivors (1024K)
 Metaspace       used 55318K, committed 55808K, reserved 1097728K
  class space    used 7253K, committed 7488K, reserved 1048576K
}
Event: 6.354 GC heap before
{Heap before GC invocations=25 (full 0):
 garbage-first heap   total 96256K, used 75646K [0x0000000080000000, 0x0000000100000000)
  region size 1024K, 23 young (23552K), 1 survivors (1024K)
 Metaspace       used 56096K, committed 56576K, reserved 1105920K
  class space    used 7378K, committed 7616K, reserved 1048576K
}
Event: 6.356 GC heap after
{Heap after GC invocations=26 (full 0):
 garbage-first heap   total 96256K, used 53529K [0x0000000080000000, 0x0000000100000000)
  region size 1024K, 3 young (3072K), 3 survivors (3072K)
 Metaspace       used 56096K, committed 56576K, reserved 1105920K
  class space    used 7378K, committed 7616K, reserved 1048576K
}
Event: 6.557 GC heap before
{Heap before GC invocations=26 (full 0):
 garbage-first heap   total 96256K, used 76057K [0x0000000080000000, 0x0000000100000000)
  region size 1024K, 25 young (25600K), 3 survivors (3072K)
 Metaspace       used 57594K, committed 58048K, reserved 1105920K
  class space    used 7572K, committed 7808K, reserved 1048576K
}
Event: 6.560 GC heap after
{Heap after GC invocations=27 (full 0):
 garbage-first heap   total 96256K, used 55636K [0x0000000080000000, 0x0000000100000000)
  region size 1024K, 4 young (4096K), 4 survivors (4096K)
 Metaspace       used 57594K, committed 58048K, reserved 1105920K
  class space    used 7572K, committed 7808K, reserved 1048576K
}
Event: 6.894 GC heap before
{Heap before GC invocations=28 (full 0):
 garbage-first heap   total 102400K, used 77140K [0x0000000080000000, 0x0000000100000000)
  region size 1024K, 25 young (25600K), 4 survivors (4096K)
 Metaspace       used 60356K, committed 60928K, reserved 1105920K
  class space    used 8100K, committed 8384K, reserved 1048576K
}
Event: 6.898 GC heap after
{Heap after GC invocations=29 (full 0):
 garbage-first heap   total 102400K, used 56966K [0x0000000080000000, 0x0000000100000000)
  region size 1024K, 4 young (4096K), 4 survivors (4096K)
 Metaspace       used 60356K, committed 60928K, reserved 1105920K
  class space    used 8100K, committed 8384K, reserved 1048576K
}
Event: 7.188 GC heap before
{Heap before GC invocations=29 (full 0):
 garbage-first heap   total 102400K, used 81542K [0x0000000080000000, 0x0000000100000000)
  region size 1024K, 28 young (28672K), 4 survivors (4096K)
 Metaspace       used 62882K, committed 63360K, reserved 1105920K
  class space    used 8474K, committed 8704K, reserved 1048576K
}
Event: 7.193 GC heap after
{Heap after GC invocations=30 (full 0):
 garbage-first heap   total 102400K, used 58819K [0x0000000080000000, 0x0000000100000000)
  region size 1024K, 4 young (4096K), 4 survivors (4096K)
 Metaspace       used 62882K, committed 63360K, reserved 1105920K
  class space    used 8474K, committed 8704K, reserved 1048576K
}
Event: 7.522 GC heap before
{Heap before GC invocations=31 (full 0):
 garbage-first heap   total 106496K, used 83395K [0x0000000080000000, 0x0000000100000000)
  region size 1024K, 28 young (28672K), 4 survivors (4096K)
 Metaspace       used 64682K, committed 65216K, reserved 1105920K
  class space    used 8713K, committed 8960K, reserved 1048576K
}
Event: 7.526 GC heap after
{Heap after GC invocations=32 (full 0):
 garbage-first heap   total 106496K, used 60465K [0x0000000080000000, 0x0000000100000000)
  region size 1024K, 4 young (4096K), 4 survivors (4096K)
 Metaspace       used 64682K, committed 65216K, reserved 1105920K
  class space    used 8713K, committed 8960K, reserved 1048576K
}
Event: 7.909 GC heap before
{Heap before GC invocations=32 (full 0):
 garbage-first heap   total 106496K, used 85041K [0x0000000080000000, 0x0000000100000000)
  region size 1024K, 29 young (29696K), 4 survivors (4096K)
 Metaspace       used 68765K, committed 69312K, reserved 1114112K
  class space    used 9288K, committed 9536K, reserved 1048576K
}

