# JRE version: Java(TM) SE Runtime Environment (16.0.2+7) (build 16.0.2+7-67)
# Java VM: Java HotSpot(TM) 64-Bit Server VM (16.0.2+7-67, mixed mode, sharing, tiered, compressed oops, compressed class ptrs, g1 gc, windows-amd64)
GC Precious Log:
 CPUs: 8 total, 8 available
 Memory: 7959M
 Large Page Support: Disabled
 NUMA Support: Disabled
 Compressed Oops: Enabled (32-bit)
 Heap Region Size: 1M
 Heap Min Capacity: 8M
 Heap Initial Capacity: 126M
 Heap Max Capacity: 2G
 Pre-touch: Disabled
 Parallel Workers: 8
 Concurrent Workers: 2
 Concurrent Refinement Workers: 8
 Periodic GC: Disabled
Heap:
 garbage-first heap   total 211968K, used 126087K [0x0000000080000000, 0x0000000100000000)
  region size 1024K, 12 young (12288K), 3 survivors (3072K)
 Metaspace       used 89956K, committed 90688K, reserved 1130496K
  class space    used 11848K, committed 12224K, reserved 1048576K
GC Heap History (20 events):
Event: 13.781 GC heap before
{Heap before GC invocations=27 (full 0):
 garbage-first heap   total 150528K, used 116209K [0x0000000080000000, 0x0000000100000000)
  region size 1024K, 34 young (34816K), 2 survivors (2048K)
 Metaspace       used 64032K, committed 64576K, reserved 1105920K
  class space    used 8448K, committed 8704K, reserved 1048576K
}
Event: 13.785 GC heap after
{Heap after GC invocations=28 (full 0):
 garbage-first heap   total 150528K, used 84408K [0x0000000080000000, 0x0000000100000000)
  region size 1024K, 4 young (4096K), 4 survivors (4096K)
 Metaspace       used 64032K, committed 64576K, reserved 1105920K
  class space    used 8448K, committed 8704K, reserved 1048576K
}
Event: 14.476 GC heap before
{Heap before GC invocations=28 (full 0):
 garbage-first heap   total 150528K, used 118200K [0x0000000080000000, 0x0000000100000000)
  region size 1024K, 37 young (37888K), 4 survivors (4096K)
 Metaspace       used 68059K, committed 68608K, reserved 1114112K
  class space    used 9134K, committed 9408K, reserved 1048576K
}
Event: 14.482 GC heap after
{Heap after GC invocations=29 (full 0):
 garbage-first heap   total 150528K, used 86807K [0x0000000080000000, 0x0000000100000000)
  region size 1024K, 3 young (3072K), 3 survivors (3072K)
 Metaspace       used 68059K, committed 68608K, reserved 1114112K
  class space    used 9134K, committed 9408K, reserved 1048576K
}
Event: 15.108 GC heap before
{Heap before GC invocations=30 (full 0):
 garbage-first heap   total 152576K, used 118551K [0x0000000080000000, 0x0000000100000000)
  region size 1024K, 35 young (35840K), 3 survivors (3072K)
 Metaspace       used 71726K, committed 72256K, reserved 1114112K
  class space    used 9552K, committed 9792K, reserved 1048576K
}
Event: 15.116 GC heap after
{Heap after GC invocations=31 (full 0):
 garbage-first heap   total 152576K, used 90844K [0x0000000080000000, 0x0000000100000000)
  region size 1024K, 5 young (5120K), 5 survivors (5120K)
 Metaspace       used 71726K, committed 72256K, reserved 1114112K
  class space    used 9552K, committed 9792K, reserved 1048576K
}
Event: 15.267 GC heap before
{Heap before GC invocations=31 (full 0):
 garbage-first heap   total 152576K, used 94940K [0x0000000080000000, 0x0000000100000000)
  region size 1024K, 10 young (10240K), 5 survivors (5120K)
 Metaspace       used 72427K, committed 72960K, reserved 1114112K
  class space    used 9640K, committed 9856K, reserved 1048576K
}
Event: 15.273 GC heap after
{Heap after GC invocations=32 (full 0):
 garbage-first heap   total 152576K, used 92175K [0x0000000080000000, 0x0000000100000000)
  region size 1024K, 2 young (2048K), 2 survivors (2048K)
 Metaspace       used 72427K, committed 72960K, reserved 1114112K
  class space    used 9640K, committed 9856K, reserved 1048576K
}
Event: 15.849 GC heap before
{Heap before GC invocations=33 (full 0):
 garbage-first heap   total 179200K, used 134159K [0x0000000080000000, 0x0000000100000000)
  region size 1024K, 33 young (33792K), 2 survivors (2048K)
 Metaspace       used 74113K, committed 74752K, reserved 1114112K
  class space    used 9905K, committed 10240K, reserved 1048576K
}
Event: 15.854 GC heap after
{Heap after GC invocations=34 (full 0):
 garbage-first heap   total 179200K, used 107067K [0x0000000080000000, 0x0000000100000000)
  region size 1024K, 5 young (5120K), 5 survivors (5120K)
 Metaspace       used 74113K, committed 74752K, reserved 1114112K
  class space    used 9905K, committed 10240K, reserved 1048576K
}
Event: 16.400 GC heap before
{Heap before GC invocations=34 (full 0):
 garbage-first heap   total 179200K, used 141883K [0x0000000080000000, 0x0000000100000000)
  region size 1024K, 39 young (39936K), 5 survivors (5120K)
 Metaspace       used 76946K, committed 77696K, reserved 1122304K
  class space    used 10282K, committed 10624K, reserved 1048576K
}
Event: 16.408 GC heap after
{Heap after GC invocations=35 (full 0):
 garbage-first heap   total 179200K, used 109879K [0x0000000080000000, 0x0000000100000000)
  region size 1024K, 3 young (3072K), 3 survivors (3072K)
 Metaspace       used 76946K, committed 77696K, reserved 1122304K
  class space    used 10282K, committed 10624K, reserved 1048576K
}
Event: 16.657 GC heap before
{Heap before GC invocations=36 (full 0):
 garbage-first heap   total 191488K, used 117047K [0x0000000080000000, 0x0000000100000000)
  region size 1024K, 11 young (11264K), 3 survivors (3072K)
 Metaspace       used 78436K, committed 79168K, reserved 1122304K
  class space    used 10460K, committed 10816K, reserved 1048576K
}
Event: 16.661 GC heap after
{Heap after GC invocations=37 (full 0):
 garbage-first heap   total 191488K, used 110519K [0x0000000080000000, 0x0000000100000000)
  region size 1024K, 4 young (4096K), 4 survivors (4096K)
 Metaspace       used 78436K, committed 79168K, reserved 1122304K
  class space    used 10460K, committed 10816K, reserved 1048576K
}
Event: 17.468 GC heap before
{Heap before GC invocations=38 (full 0):
 garbage-first heap   total 193536K, used 152503K [0x0000000080000000, 0x0000000100000000)
  region size 1024K, 44 young (45056K), 4 survivors (4096K)
 Metaspace       used 85167K, committed 85824K, reserved 1130496K
  class space    used 11316K, committed 11648K, reserved 1048576K
}
Event: 17.473 GC heap after
{Heap after GC invocations=39 (full 0):
 garbage-first heap   total 193536K, used 112523K [0x0000000080000000, 0x0000000100000000)
  region size 1024K, 6 young (6144K), 6 survivors (6144K)
 Metaspace       used 85167K, committed 85824K, reserved 1130496K
  class space    used 11316K, committed 11648K, reserved 1048576K
}
Event: 18.417 GC heap before
{Heap before GC invocations=39 (full 0):
 garbage-first heap   total 193536K, used 155531K [0x0000000080000000, 0x0000000100000000)
  region size 1024K, 48 young (49152K), 6 survivors (6144K)
 Metaspace       used 89164K, committed 89856K, reserved 1130496K
  class space    used 11805K, committed 12160K, reserved 1048576K
}
Event: 18.427 GC heap after
{Heap after GC invocations=40 (full 0):
 garbage-first heap   total 193536K, used 116025K [0x0000000080000000, 0x0000000100000000)
  region size 1024K, 6 young (6144K), 6 survivors (6144K)
 Metaspace       used 89164K, committed 89856K, reserved 1130496K
  class space    used 11805K, committed 12160K, reserved 1048576K
}
Event: 19.010 GC heap before
{Heap before GC invocations=41 (full 0):
 garbage-first heap   total 211968K, used 155961K [0x0000000080000000, 0x0000000100000000)
  region size 1024K, 46 young (47104K), 6 survivors (6144K)
 Metaspace       used 89757K, committed 90432K, reserved 1130496K
  class space    used 11841K, committed 12160K, reserved 1048576K
}
Event: 19.017 GC heap after
{Heap after GC invocations=42 (full 0):
 garbage-first heap   total 211968K, used 118919K [0x0000000080000000, 0x0000000100000000)
  region size 1024K, 3 young (3072K), 3 survivors (3072K)
 Metaspace       used 89757K, committed 90432K, reserved 1130496K
  class space    used 11841K, committed 12160K, reserved 1048576K
}

