# JRE version: Java(TM) SE Runtime Environment (16.0.2+7) (build 16.0.2+7-67)
# Java VM: Java HotSpot(TM) 64-Bit Server VM (16.0.2+7-67, mixed mode, sharing, tiered, compressed oops, compressed class ptrs, g1 gc, windows-amd64)
GC Precious Log:
 CPUs: 8 total, 8 available
 Memory: 7959M
 Large Page Support: Disabled
 NUMA Support: Disabled
 Compressed Oops: Enabled (32-bit)
 Heap Region Size: 1M
 Heap Min Capacity: 8M
 Heap Initial Capacity: 126M
 Heap Max Capacity: 2G
 Pre-touch: Disabled
 Parallel Workers: 8
 Concurrent Workers: 2
 Concurrent Refinement Workers: 8
 Periodic GC: Disabled
Heap:
 garbage-first heap   total 188416K, used 114776K [0x0000000080000000, 0x0000000100000000)
  region size 1024K, 9 young (9216K), 2 survivors (2048K)
 Metaspace       used 76089K, committed 76672K, reserved 1122304K
  class space    used 10232K, committed 10496K, reserved 1048576K
GC Heap History (20 events):
Event: 7.492 GC heap before
{Heap before GC invocations=20 (full 0):
 garbage-first heap   total 96256K, used 78305K [0x0000000080000000, 0x0000000100000000)
  region size 1024K, 27 young (27648K), 3 survivors (3072K)
 Metaspace       used 57736K, committed 58240K, reserved 1105920K
  class space    used 7583K, committed 7808K, reserved 1048576K
}
Event: 7.496 GC heap after
{Heap after GC invocations=21 (full 0):
 garbage-first heap   total 96256K, used 55904K [0x0000000080000000, 0x0000000100000000)
  region size 1024K, 4 young (4096K), 4 survivors (4096K)
 Metaspace       used 57736K, committed 58240K, reserved 1105920K
  class space    used 7583K, committed 7808K, reserved 1048576K
}
Event: 7.805 GC heap before
{Heap before GC invocations=22 (full 0):
 garbage-first heap   total 101376K, used 78432K [0x0000000080000000, 0x0000000100000000)
  region size 1024K, 26 young (26624K), 4 survivors (4096K)
 Metaspace       used 60765K, committed 61248K, reserved 1105920K
  class space    used 8161K, committed 8384K, reserved 1048576K
}
Event: 7.809 GC heap after
{Heap after GC invocations=23 (full 0):
 garbage-first heap   total 101376K, used 57472K [0x0000000080000000, 0x0000000100000000)
  region size 1024K, 4 young (4096K), 4 survivors (4096K)
 Metaspace       used 60765K, committed 61248K, reserved 1105920K
  class space    used 8161K, committed 8384K, reserved 1048576K
}
Event: 8.130 GC heap before
{Heap before GC invocations=23 (full 0):
 garbage-first heap   total 101376K, used 82048K [0x0000000080000000, 0x0000000100000000)
  region size 1024K, 29 young (29696K), 4 survivors (4096K)
 Metaspace       used 63209K, committed 63744K, reserved 1105920K
  class space    used 8512K, committed 8768K, reserved 1048576K
}
Event: 8.135 GC heap after
{Heap after GC invocations=24 (full 0):
 garbage-first heap   total 101376K, used 59526K [0x0000000080000000, 0x0000000100000000)
  region size 1024K, 4 young (4096K), 4 survivors (4096K)
 Metaspace       used 63209K, committed 63744K, reserved 1105920K
  class space    used 8512K, committed 8768K, reserved 1048576K
}
Event: 8.445 GC heap before
{Heap before GC invocations=25 (full 0):
 garbage-first heap   total 109568K, used 83078K [0x0000000080000000, 0x0000000100000000)
  region size 1024K, 27 young (27648K), 4 survivors (4096K)
 Metaspace       used 65880K, committed 66368K, reserved 1114112K
  class space    used 8934K, committed 9152K, reserved 1048576K
}
Event: 8.449 GC heap after
{Heap after GC invocations=26 (full 0):
 garbage-first heap   total 109568K, used 60554K [0x0000000080000000, 0x0000000100000000)
  region size 1024K, 4 young (4096K), 4 survivors (4096K)
 Metaspace       used 65880K, committed 66368K, reserved 1114112K
  class space    used 8934K, committed 9152K, reserved 1048576K
}
Event: 8.897 GC heap before
{Heap before GC invocations=26 (full 0):
 garbage-first heap   total 109568K, used 90250K [0x0000000080000000, 0x0000000100000000)
  region size 1024K, 33 young (33792K), 4 survivors (4096K)
 Metaspace       used 69229K, committed 69824K, reserved 1114112K
  class space    used 9327K, committed 9600K, reserved 1048576K
}
Event: 8.904 GC heap after
{Heap after GC invocations=27 (full 0):
 garbage-first heap   total 132096K, used 63198K [0x0000000080000000, 0x0000000100000000)
  region size 1024K, 4 young (4096K), 4 survivors (4096K)
 Metaspace       used 69229K, committed 69824K, reserved 1114112K
  class space    used 9327K, committed 9600K, reserved 1048576K
}
Event: 9.619 GC heap before
{Heap before GC invocations=28 (full 0):
 garbage-first heap   total 132096K, used 106206K [0x0000000080000000, 0x0000000100000000)
  region size 1024K, 46 young (47104K), 4 survivors (4096K)
 Metaspace       used 73330K, committed 73856K, reserved 1114112K
  class space    used 9928K, committed 10176K, reserved 1048576K
}
Event: 9.627 GC heap after
{Heap after GC invocations=29 (full 0):
 garbage-first heap   total 132096K, used 67826K [0x0000000080000000, 0x0000000100000000)
  region size 1024K, 6 young (6144K), 6 survivors (6144K)
 Metaspace       used 73330K, committed 73856K, reserved 1114112K
  class space    used 9928K, committed 10176K, reserved 1048576K
}
Event: 9.975 GC heap before
{Heap before GC invocations=29 (full 0):
 garbage-first heap   total 132096K, used 105714K [0x0000000080000000, 0x0000000100000000)
  region size 1024K, 44 young (45056K), 6 survivors (6144K)
 Metaspace       used 73684K, committed 74176K, reserved 1114112K
  class space    used 9946K, committed 10176K, reserved 1048576K
}
Event: 9.983 GC heap after
{Heap after GC invocations=30 (full 0):
 garbage-first heap   total 132096K, used 71272K [0x0000000080000000, 0x0000000100000000)
  region size 1024K, 4 young (4096K), 4 survivors (4096K)
 Metaspace       used 73684K, committed 74176K, reserved 1114112K
  class space    used 9946K, committed 10176K, reserved 1048576K
}
Event: 10.149 GC heap before
{Heap before GC invocations=31 (full 0):
 garbage-first heap   total 135168K, used 83560K [0x0000000080000000, 0x0000000100000000)
  region size 1024K, 18 young (18432K), 4 survivors (4096K)
 Metaspace       used 74188K, committed 74816K, reserved 1114112K
  class space    used 10023K, committed 10304K, reserved 1048576K
}
Event: 10.152 GC heap after
{Heap after GC invocations=32 (full 0):
 garbage-first heap   total 135168K, used 72025K [0x0000000080000000, 0x0000000100000000)
  region size 1024K, 1 young (1024K), 1 survivors (1024K)
 Metaspace       used 74188K, committed 74816K, reserved 1114112K
  class space    used 10023K, committed 10304K, reserved 1048576K
}
Event: 10.713 GC heap before
{Heap before GC invocations=33 (full 0):
 garbage-first heap   total 135168K, used 111961K [0x0000000080000000, 0x0000000100000000)
  region size 1024K, 39 young (39936K), 1 survivors (1024K)
 Metaspace       used 75406K, committed 75904K, reserved 1122304K
  class space    used 10151K, committed 10368K, reserved 1048576K
}
Event: 10.723 GC heap after
{Heap after GC invocations=34 (full 0):
 garbage-first heap   total 135168K, used 90072K [0x0000000080000000, 0x0000000100000000)
  region size 1024K, 5 young (5120K), 5 survivors (5120K)
 Metaspace       used 75406K, committed 75904K, reserved 1122304K
  class space    used 10151K, committed 10368K, reserved 1048576K
}
Event: 10.750 GC heap before
{Heap before GC invocations=34 (full 0):
 garbage-first heap   total 135168K, used 91096K [0x0000000080000000, 0x0000000100000000)
  region size 1024K, 8 young (8192K), 5 survivors (5120K)
 Metaspace       used 75425K, committed 75904K, reserved 1122304K
  class space    used 10151K, committed 10368K, reserved 1048576K
}
Event: 10.756 GC heap after
{Heap after GC invocations=35 (full 0):
 garbage-first heap   total 135168K, used 93272K [0x0000000080000000, 0x0000000100000000)
  region size 1024K, 2 young (2048K), 2 survivors (2048K)
 Metaspace       used 75425K, committed 75904K, reserved 1122304K
  class space    used 10151K, committed 10368K, reserved 1048576K
}

