# JRE version: Java(TM) SE Runtime Environment (16.0.2+7) (build 16.0.2+7-67)
# Java VM: Java HotSpot(TM) 64-Bit Server VM (16.0.2+7-67, mixed mode, sharing, tiered, compressed oops, compressed class ptrs, g1 gc, windows-amd64)
GC Precious Log:
 CPUs: 8 total, 8 available
 Memory: 7959M
 Large Page Support: Disabled
 NUMA Support: Disabled
 Compressed Oops: Enabled (32-bit)
 Heap Region Size: 1M
 Heap Min Capacity: 8M
 Heap Initial Capacity: 126M
 Heap Max Capacity: 2G
 Pre-touch: Disabled
 Parallel Workers: 8
 Concurrent Workers: 2
 Concurrent Refinement Workers: 8
 Periodic GC: Disabled
Heap:
 garbage-first heap   total 196608K, used 107504K [0x0000000080000000, 0x0000000100000000)
  region size 1024K, 5 young (5120K), 5 survivors (5120K)
 Metaspace       used 79748K, committed 80320K, reserved 1122304K
  class space    used 10579K, committed 10880K, reserved 1048576K
GC Heap History (20 events):
Event: 8.434 GC heap after
{Heap after GC invocations=24 (full 0):
 garbage-first heap   total 116736K, used 63223K [0x0000000080000000, 0x0000000100000000)
  region size 1024K, 3 young (3072K), 3 survivors (3072K)
 Metaspace       used 69445K, committed 70016K, reserved 1114112K
  class space    used 9372K, committed 9664K, reserved 1048576K
}
Event: 9.042 GC heap before
{Heap before GC invocations=24 (full 0):
 garbage-first heap   total 116736K, used 94967K [0x0000000080000000, 0x0000000100000000)
  region size 1024K, 34 young (34816K), 3 survivors (3072K)
 Metaspace       used 73024K, committed 73600K, reserved 1114112K
  class space    used 9847K, committed 10112K, reserved 1048576K
}
Event: 9.048 GC heap after
{Heap after GC invocations=25 (full 0):
 garbage-first heap   total 116736K, used 67328K [0x0000000080000000, 0x0000000100000000)
  region size 1024K, 5 young (5120K), 5 survivors (5120K)
 Metaspace       used 73024K, committed 73600K, reserved 1114112K
  class space    used 9847K, committed 10112K, reserved 1048576K
}
Event: 9.287 GC heap before
{Heap before GC invocations=26 (full 0):
 garbage-first heap   total 124928K, used 92928K [0x0000000080000000, 0x0000000100000000)
  region size 1024K, 31 young (31744K), 5 survivors (5120K)
 Metaspace       used 73554K, committed 74112K, reserved 1114112K
  class space    used 9959K, committed 10240K, reserved 1048576K
}
Event: 9.293 GC heap after
{Heap after GC invocations=27 (full 0):
 garbage-first heap   total 124928K, used 69396K [0x0000000080000000, 0x0000000100000000)
  region size 1024K, 3 young (3072K), 3 survivors (3072K)
 Metaspace       used 73554K, committed 74112K, reserved 1114112K
  class space    used 9959K, committed 10240K, reserved 1048576K
}
Event: 9.695 GC heap before
{Heap before GC invocations=27 (full 0):
 garbage-first heap   total 124928K, used 99092K [0x0000000080000000, 0x0000000100000000)
  region size 1024K, 33 young (33792K), 3 survivors (3072K)
 Metaspace       used 73853K, committed 74368K, reserved 1114112K
  class space    used 9979K, committed 10240K, reserved 1048576K
}
Event: 9.699 GC heap after
{Heap after GC invocations=28 (full 0):
 garbage-first heap   total 124928K, used 71038K [0x0000000080000000, 0x0000000100000000)
  region size 1024K, 4 young (4096K), 4 survivors (4096K)
 Metaspace       used 73853K, committed 74368K, reserved 1114112K
  class space    used 9979K, committed 10240K, reserved 1048576K
}
Event: 10.523 GC heap before
{Heap before GC invocations=29 (full 0):
 garbage-first heap   total 124928K, used 100734K [0x0000000080000000, 0x0000000100000000)
  region size 1024K, 34 young (34816K), 4 survivors (4096K)
 Metaspace       used 75332K, committed 75904K, reserved 1122304K
  class space    used 10155K, committed 10432K, reserved 1048576K
}
Event: 10.530 GC heap after
{Heap after GC invocations=30 (full 0):
 garbage-first heap   total 124928K, used 78576K [0x0000000080000000, 0x0000000100000000)
  region size 1024K, 5 young (5120K), 5 survivors (5120K)
 Metaspace       used 75332K, committed 75904K, reserved 1122304K
  class space    used 10155K, committed 10432K, reserved 1048576K
}
Event: 10.541 GC heap before
{Heap before GC invocations=30 (full 0):
 garbage-first heap   total 124928K, used 78576K [0x0000000080000000, 0x0000000100000000)
  region size 1024K, 7 young (7168K), 5 survivors (5120K)
 Metaspace       used 75333K, committed 75904K, reserved 1122304K
  class space    used 10155K, committed 10432K, reserved 1048576K
}
Event: 10.545 GC heap after
{Heap after GC invocations=31 (full 0):
 garbage-first heap   total 124928K, used 80242K [0x0000000080000000, 0x0000000100000000)
  region size 1024K, 2 young (2048K), 2 survivors (2048K)
 Metaspace       used 75333K, committed 75904K, reserved 1122304K
  class space    used 10155K, committed 10432K, reserved 1048576K
}
Event: 10.753 GC heap before
{Heap before GC invocations=32 (full 0):
 garbage-first heap   total 157696K, used 96626K [0x0000000080000000, 0x0000000100000000)
  region size 1024K, 16 young (16384K), 2 survivors (2048K)
 Metaspace       used 75421K, committed 75968K, reserved 1122304K
  class space    used 10153K, committed 10432K, reserved 1048576K
}
Event: 10.758 GC heap after
{Heap after GC invocations=33 (full 0):
 garbage-first heap   total 157696K, used 89176K [0x0000000080000000, 0x0000000100000000)
  region size 1024K, 2 young (2048K), 2 survivors (2048K)
 Metaspace       used 75421K, committed 75968K, reserved 1122304K
  class space    used 10153K, committed 10432K, reserved 1048576K
}
Event: 11.143 GC heap before
{Heap before GC invocations=33 (full 0):
 garbage-first heap   total 157696K, used 113752K [0x0000000080000000, 0x0000000100000000)
  region size 1024K, 26 young (26624K), 2 survivors (2048K)
 Metaspace       used 76910K, committed 77440K, reserved 1122304K
  class space    used 10316K, committed 10560K, reserved 1048576K
}
Event: 11.150 GC heap after
{Heap after GC invocations=34 (full 0):
 garbage-first heap   total 157696K, used 94420K [0x0000000080000000, 0x0000000100000000)
  region size 1024K, 4 young (4096K), 4 survivors (4096K)
 Metaspace       used 76910K, committed 77440K, reserved 1122304K
  class space    used 10316K, committed 10560K, reserved 1048576K
}
Event: 11.378 GC heap before
{Heap before GC invocations=35 (full 0):
 garbage-first heap   total 171008K, used 106708K [0x0000000080000000, 0x0000000100000000)
  region size 1024K, 14 young (14336K), 4 survivors (4096K)
 Metaspace       used 79121K, committed 79616K, reserved 1122304K
  class space    used 10522K, committed 10752K, reserved 1048576K
}
Event: 11.385 GC heap after
{Heap after GC invocations=36 (full 0):
 garbage-first heap   total 171008K, used 101960K [0x0000000080000000, 0x0000000100000000)
  region size 1024K, 4 young (4096K), 4 survivors (4096K)
 Metaspace       used 79121K, committed 79616K, reserved 1122304K
  class space    used 10522K, committed 10752K, reserved 1048576K
}
Event: 12.028 GC heap before
{Heap before GC invocations=37 (full 0):
 garbage-first heap   total 196608K, used 136776K [0x0000000080000000, 0x0000000100000000)
  region size 1024K, 30 young (30720K), 4 survivors (4096K)
 Metaspace       used 79724K, committed 80320K, reserved 1122304K
  class space    used 10576K, committed 10880K, reserved 1048576K
}
Event: 12.035 GC heap after
{Heap after GC invocations=38 (full 0):
 garbage-first heap   total 196608K, used 102537K [0x0000000080000000, 0x0000000100000000)
  region size 1024K, 4 young (4096K), 4 survivors (4096K)
 Metaspace       used 79724K, committed 80320K, reserved 1122304K
  class space    used 10576K, committed 10880K, reserved 1048576K
}
Event: 12.287 GC heap before
{Heap before GC invocations=38 (full 0):
 garbage-first heap   total 196608K, used 110729K [0x0000000080000000, 0x0000000100000000)
  region size 1024K, 13 young (13312K), 4 survivors (4096K)
 Metaspace       used 79748K, committed 80320K, reserved 1122304K
  class space    used 10579K, committed 10880K, reserved 1048576K
}

