# JRE version: Java(TM) SE Runtime Environment (16.0.2+7) (build 16.0.2+7-67)
# Java VM: Java HotSpot(TM) 64-Bit Server VM (16.0.2+7-67, mixed mode, sharing, tiered, compressed oops, compressed class ptrs, g1 gc, windows-amd64)
GC Precious Log:
 CPUs: 8 total, 8 available
 Memory: 7959M
 Large Page Support: Disabled
 NUMA Support: Disabled
 Compressed Oops: Enabled (32-bit)
 Heap Region Size: 1M
 Heap Min Capacity: 8M
 Heap Initial Capacity: 126M
 Heap Max Capacity: 2G
 Pre-touch: Disabled
 Parallel Workers: 8
 Concurrent Workers: 2
 Concurrent Refinement Workers: 8
 Periodic GC: Disabled
Heap:
 garbage-first heap   total 244736K, used 155328K [0x0000000080000000, 0x0000000100000000)
  region size 1024K, 6 young (6144K), 6 survivors (6144K)
 Metaspace       used 110252K, committed 110912K, reserved 1146880K
  class space    used 15045K, committed 15360K, reserved 1048576K
GC Heap History (20 events):
Event: 10.148 GC heap after
{Heap after GC invocations=43 (full 0):
 garbage-first heap   total 243712K, used 86973K [0x0000000080000000, 0x0000000100000000)
  region size 1024K, 1 young (1024K), 1 survivors (1024K)
 Metaspace       used 79453K, committed 80064K, reserved 1122304K
  class space    used 10571K, committed 10880K, reserved 1048576K
}
Event: 12.126 GC heap before
{Heap before GC invocations=43 (full 0):
 garbage-first heap   total 243712K, used 160701K [0x0000000080000000, 0x0000000100000000)
  region size 1024K, 74 young (75776K), 1 survivors (1024K)
 Metaspace       used 83813K, committed 84480K, reserved 1122304K
  class space    used 11134K, committed 11456K, reserved 1048576K
}
Event: 12.132 GC heap after
{Heap after GC invocations=44 (full 0):
 garbage-first heap   total 243712K, used 92790K [0x0000000080000000, 0x0000000100000000)
  region size 1024K, 7 young (7168K), 7 survivors (7168K)
 Metaspace       used 83813K, committed 84480K, reserved 1122304K
  class space    used 11134K, committed 11456K, reserved 1048576K
}
Event: 12.845 GC heap before
{Heap before GC invocations=44 (full 0):
 garbage-first heap   total 243712K, used 168566K [0x0000000080000000, 0x0000000100000000)
  region size 1024K, 82 young (83968K), 7 survivors (7168K)
 Metaspace       used 85950K, committed 86592K, reserved 1130496K
  class space    used 11378K, committed 11712K, reserved 1048576K
}
Event: 12.852 GC heap after
{Heap after GC invocations=45 (full 0):
 garbage-first heap   total 243712K, used 97586K [0x0000000080000000, 0x0000000100000000)
  region size 1024K, 6 young (6144K), 6 survivors (6144K)
 Metaspace       used 85950K, committed 86592K, reserved 1130496K
  class space    used 11378K, committed 11712K, reserved 1048576K
}
Event: 14.152 GC heap before
{Heap before GC invocations=45 (full 0):
 garbage-first heap   total 243712K, used 176434K [0x0000000080000000, 0x0000000100000000)
  region size 1024K, 81 young (82944K), 6 survivors (6144K)
 Metaspace       used 94138K, committed 94784K, reserved 1138688K
  class space    used 12298K, committed 12608K, reserved 1048576K
}
Event: 14.163 GC heap after
{Heap after GC invocations=46 (full 0):
 garbage-first heap   total 243712K, used 110749K [0x0000000080000000, 0x0000000100000000)
  region size 1024K, 11 young (11264K), 11 survivors (11264K)
 Metaspace       used 94138K, committed 94784K, reserved 1138688K
  class space    used 12298K, committed 12608K, reserved 1048576K
}
Event: 14.796 GC heap before
{Heap before GC invocations=46 (full 0):
 garbage-first heap   total 243712K, used 182429K [0x0000000080000000, 0x0000000100000000)
  region size 1024K, 80 young (81920K), 11 survivors (11264K)
 Metaspace       used 97710K, committed 98368K, reserved 1138688K
  class space    used 12782K, committed 13120K, reserved 1048576K
}
Event: 14.800 GC heap after
{Heap after GC invocations=47 (full 0):
 garbage-first heap   total 243712K, used 105435K [0x0000000080000000, 0x0000000100000000)
  region size 1024K, 4 young (4096K), 4 survivors (4096K)
 Metaspace       used 97710K, committed 98368K, reserved 1138688K
  class space    used 12782K, committed 13120K, reserved 1048576K
}
Event: 15.286 GC heap before
{Heap before GC invocations=47 (full 0):
 garbage-first heap   total 243712K, used 182235K [0x0000000080000000, 0x0000000100000000)
  region size 1024K, 80 young (81920K), 4 survivors (4096K)
 Metaspace       used 105988K, committed 106624K, reserved 1146880K
  class space    used 14360K, committed 14656K, reserved 1048576K
}
Event: 15.297 GC heap after
{Heap after GC invocations=48 (full 0):
 garbage-first heap   total 243712K, used 114859K [0x0000000080000000, 0x0000000100000000)
  region size 1024K, 10 young (10240K), 10 survivors (10240K)
 Metaspace       used 105988K, committed 106624K, reserved 1146880K
  class space    used 14360K, committed 14656K, reserved 1048576K
}
Event: 15.765 GC heap before
{Heap before GC invocations=48 (full 0):
 garbage-first heap   total 243712K, used 181419K [0x0000000080000000, 0x0000000100000000)
  region size 1024K, 76 young (77824K), 10 survivors (10240K)
 Metaspace       used 108681K, committed 109376K, reserved 1146880K
  class space    used 14759K, committed 15104K, reserved 1048576K
}
Event: 15.771 GC heap after
{Heap after GC invocations=49 (full 0):
 garbage-first heap   total 243712K, used 111165K [0x0000000080000000, 0x0000000100000000)
  region size 1024K, 2 young (2048K), 2 survivors (2048K)
 Metaspace       used 108681K, committed 109376K, reserved 1146880K
  class space    used 14759K, committed 15104K, reserved 1048576K
}
Event: 15.815 GC heap before
{Heap before GC invocations=49 (full 0):
 garbage-first heap   total 243712K, used 120381K [0x0000000080000000, 0x0000000100000000)
  region size 1024K, 7 young (7168K), 2 survivors (2048K)
 Metaspace       used 109046K, committed 109760K, reserved 1146880K
  class space    used 14814K, committed 15168K, reserved 1048576K
}
Event: 15.818 GC heap after
{Heap after GC invocations=50 (full 0):
 garbage-first heap   total 243712K, used 118201K [0x0000000080000000, 0x0000000100000000)
  region size 1024K, 3 young (3072K), 3 survivors (3072K)
 Metaspace       used 109046K, committed 109760K, reserved 1146880K
  class space    used 14814K, committed 15168K, reserved 1048576K
}
Event: 16.262 GC heap before
{Heap before GC invocations=51 (full 0):
 garbage-first heap   total 244736K, used 197049K [0x0000000080000000, 0x0000000100000000)
  region size 1024K, 67 young (68608K), 3 survivors (3072K)
 Metaspace       used 110057K, committed 110784K, reserved 1146880K
  class space    used 15035K, committed 15360K, reserved 1048576K
}
Event: 16.288 GC heap after
{Heap after GC invocations=52 (full 0):
 garbage-first heap   total 244736K, used 149689K [0x0000000080000000, 0x0000000100000000)
  region size 1024K, 9 young (9216K), 9 survivors (9216K)
 Metaspace       used 110057K, committed 110784K, reserved 1146880K
  class space    used 15035K, committed 15360K, reserved 1048576K
}
Event: 16.299 GC heap before
{Heap before GC invocations=52 (full 0):
 garbage-first heap   total 244736K, used 151737K [0x0000000080000000, 0x0000000100000000)
  region size 1024K, 11 young (11264K), 9 survivors (9216K)
 Metaspace       used 110058K, committed 110784K, reserved 1146880K
  class space    used 15035K, committed 15360K, reserved 1048576K
}
Event: 16.322 GC heap after
{Heap after GC invocations=53 (full 0):
 garbage-first heap   total 244736K, used 138234K [0x0000000080000000, 0x0000000100000000)
  region size 1024K, 2 young (2048K), 2 survivors (2048K)
 Metaspace       used 110058K, committed 110784K, reserved 1146880K
  class space    used 15035K, committed 15360K, reserved 1048576K
}
Event: 16.546 GC heap before
{Heap before GC invocations=53 (full 0):
 garbage-first heap   total 244736K, used 183290K [0x0000000080000000, 0x0000000100000000)
  region size 1024K, 46 young (47104K), 2 survivors (2048K)
 Metaspace       used 110252K, committed 110912K, reserved 1146880K
  class space    used 15045K, committed 15360K, reserved 1048576K
}

