# JRE version: Java(TM) SE Runtime Environment (16.0.2+7) (build 16.0.2+7-67)
# Java VM: Java HotSpot(TM) 64-Bit Server VM (16.0.2+7-67, mixed mode, sharing, tiered, compressed oops, compressed class ptrs, g1 gc, windows-amd64)
GC Precious Log:
 CPUs: 8 total, 8 available
 Memory: 7959M
 Large Page Support: Disabled
 NUMA Support: Disabled
 Compressed Oops: Enabled (32-bit)
 Heap Region Size: 1M
 Heap Min Capacity: 8M
 Heap Initial Capacity: 126M
 Heap Max Capacity: 2G
 Pre-touch: Disabled
 Parallel Workers: 8
 Concurrent Workers: 2
 Concurrent Refinement Workers: 8
 Periodic GC: Disabled
Heap:
 garbage-first heap   total 132096K, used 90287K [0x0000000080000000, 0x0000000100000000)
  region size 1024K, 14 young (14336K), 5 survivors (5120K)
 Metaspace       used 75308K, committed 75840K, reserved 1114112K
  class space    used 10144K, committed 10368K, reserved 1048576K
GC Heap History (20 events):
Event: 7.530 GC heap before
{Heap before GC invocations=20 (full 0):
 garbage-first heap   total 96256K, used 75907K [0x0000000080000000, 0x0000000100000000)
  region size 1024K, 25 young (25600K), 3 survivors (3072K)
 Metaspace       used 56134K, committed 56576K, reserved 1105920K
  class space    used 7382K, committed 7616K, reserved 1048576K
}
Event: 7.534 GC heap after
{Heap after GC invocations=21 (full 0):
 garbage-first heap   total 96256K, used 53860K [0x0000000080000000, 0x0000000100000000)
  region size 1024K, 3 young (3072K), 3 survivors (3072K)
 Metaspace       used 56134K, committed 56576K, reserved 1105920K
  class space    used 7382K, committed 7616K, reserved 1048576K
}
Event: 7.823 GC heap before
{Heap before GC invocations=21 (full 0):
 garbage-first heap   total 96256K, used 77412K [0x0000000080000000, 0x0000000100000000)
  region size 1024K, 26 young (26624K), 3 survivors (3072K)
 Metaspace       used 57629K, committed 58112K, reserved 1105920K
  class space    used 7575K, committed 7808K, reserved 1048576K
}
Event: 7.827 GC heap after
{Heap after GC invocations=22 (full 0):
 garbage-first heap   total 96256K, used 56142K [0x0000000080000000, 0x0000000100000000)
  region size 1024K, 4 young (4096K), 4 survivors (4096K)
 Metaspace       used 57629K, committed 58112K, reserved 1105920K
  class space    used 7575K, committed 7808K, reserved 1048576K
}
Event: 8.163 GC heap before
{Heap before GC invocations=23 (full 0):
 garbage-first heap   total 101376K, used 77646K [0x0000000080000000, 0x0000000100000000)
  region size 1024K, 25 young (25600K), 4 survivors (4096K)
 Metaspace       used 60483K, committed 61056K, reserved 1105920K
  class space    used 8112K, committed 8384K, reserved 1048576K
}
Event: 8.167 GC heap after
{Heap after GC invocations=24 (full 0):
 garbage-first heap   total 101376K, used 57332K [0x0000000080000000, 0x0000000100000000)
  region size 1024K, 2 young (2048K), 2 survivors (2048K)
 Metaspace       used 60483K, committed 61056K, reserved 1105920K
  class space    used 8112K, committed 8384K, reserved 1048576K
}
Event: 8.511 GC heap before
{Heap before GC invocations=24 (full 0):
 garbage-first heap   total 101376K, used 80884K [0x0000000080000000, 0x0000000100000000)
  region size 1024K, 26 young (26624K), 2 survivors (2048K)
 Metaspace       used 62910K, committed 63424K, reserved 1105920K
  class space    used 8475K, committed 8768K, reserved 1048576K
}
Event: 8.515 GC heap after
{Heap after GC invocations=25 (full 0):
 garbage-first heap   total 121856K, used 59027K [0x0000000080000000, 0x0000000100000000)
  region size 1024K, 4 young (4096K), 4 survivors (4096K)
 Metaspace       used 62910K, committed 63424K, reserved 1105920K
  class space    used 8475K, committed 8768K, reserved 1048576K
}
Event: 9.115 GC heap before
{Heap before GC invocations=26 (full 0):
 garbage-first heap   total 121856K, used 97939K [0x0000000080000000, 0x0000000100000000)
  region size 1024K, 42 young (43008K), 4 survivors (4096K)
 Metaspace       used 67990K, committed 68544K, reserved 1114112K
  class space    used 9193K, committed 9472K, reserved 1048576K
}
Event: 9.120 GC heap after
{Heap after GC invocations=27 (full 0):
 garbage-first heap   total 121856K, used 61513K [0x0000000080000000, 0x0000000100000000)
  region size 1024K, 6 young (6144K), 6 survivors (6144K)
 Metaspace       used 67990K, committed 68544K, reserved 1114112K
  class space    used 9193K, committed 9472K, reserved 1048576K
}
Event: 9.718 GC heap before
{Heap before GC invocations=27 (full 0):
 garbage-first heap   total 121856K, used 98377K [0x0000000080000000, 0x0000000100000000)
  region size 1024K, 42 young (43008K), 6 survivors (6144K)
 Metaspace       used 71326K, committed 71872K, reserved 1114112K
  class space    used 9547K, committed 9792K, reserved 1048576K
}
Event: 9.725 GC heap after
{Heap after GC invocations=28 (full 0):
 garbage-first heap   total 121856K, used 65877K [0x0000000080000000, 0x0000000100000000)
  region size 1024K, 6 young (6144K), 6 survivors (6144K)
 Metaspace       used 71326K, committed 71872K, reserved 1114112K
  class space    used 9547K, committed 9792K, reserved 1048576K
}
Event: 10.311 GC heap before
{Heap before GC invocations=29 (full 0):
 garbage-first heap   total 121856K, used 96597K [0x0000000080000000, 0x0000000100000000)
  region size 1024K, 37 young (37888K), 6 survivors (6144K)
 Metaspace       used 73448K, committed 73984K, reserved 1114112K
  class space    used 9942K, committed 10176K, reserved 1048576K
}
Event: 10.318 GC heap after
{Heap after GC invocations=30 (full 0):
 garbage-first heap   total 121856K, used 69116K [0x0000000080000000, 0x0000000100000000)
  region size 1024K, 4 young (4096K), 4 survivors (4096K)
 Metaspace       used 73448K, committed 73984K, reserved 1114112K
  class space    used 9942K, committed 10176K, reserved 1048576K
}
Event: 10.611 GC heap before
{Heap before GC invocations=30 (full 0):
 garbage-first heap   total 121856K, used 96764K [0x0000000080000000, 0x0000000100000000)
  region size 1024K, 32 young (32768K), 4 survivors (4096K)
 Metaspace       used 73733K, committed 74304K, reserved 1114112K
  class space    used 9963K, committed 10240K, reserved 1048576K
}
Event: 10.617 GC heap after
{Heap after GC invocations=31 (full 0):
 garbage-first heap   total 121856K, used 70731K [0x0000000080000000, 0x0000000100000000)
  region size 1024K, 3 young (3072K), 3 survivors (3072K)
 Metaspace       used 73733K, committed 74304K, reserved 1114112K
  class space    used 9963K, committed 10240K, reserved 1048576K
}
Event: 11.290 GC heap before
{Heap before GC invocations=32 (full 0):
 garbage-first heap   total 132096K, used 98379K [0x0000000080000000, 0x0000000100000000)
  region size 1024K, 31 young (31744K), 3 survivors (3072K)
 Metaspace       used 75261K, committed 75776K, reserved 1114112K
  class space    used 10143K, committed 10368K, reserved 1048576K
}
Event: 11.296 GC heap after
{Heap after GC invocations=33 (full 0):
 garbage-first heap   total 132096K, used 76592K [0x0000000080000000, 0x0000000100000000)
  region size 1024K, 4 young (4096K), 4 survivors (4096K)
 Metaspace       used 75261K, committed 75776K, reserved 1114112K
  class space    used 10143K, committed 10368K, reserved 1048576K
}
Event: 11.425 GC heap before
{Heap before GC invocations=33 (full 0):
 garbage-first heap   total 132096K, used 83760K [0x0000000080000000, 0x0000000100000000)
  region size 1024K, 13 young (13312K), 4 survivors (4096K)
 Metaspace       used 75315K, committed 75840K, reserved 1114112K
  class space    used 10147K, committed 10368K, reserved 1048576K
}
Event: 11.430 GC heap after
{Heap after GC invocations=34 (full 0):
 garbage-first heap   total 132096K, used 80047K [0x0000000080000000, 0x0000000100000000)
  region size 1024K, 5 young (5120K), 5 survivors (5120K)
 Metaspace       used 75315K, committed 75840K, reserved 1114112K
  class space    used 10147K, committed 10368K, reserved 1048576K
}

