# JRE version: Java(TM) SE Runtime Environment (16.0.2+7) (build 16.0.2+7-67)
# Java VM: Java HotSpot(TM) 64-Bit Server VM (16.0.2+7-67, mixed mode, sharing, tiered, compressed oops, compressed class ptrs, g1 gc, windows-amd64)
GC Precious Log:
 CPUs: 8 total, 8 available
 Memory: 7959M
 Large Page Support: Disabled
 NUMA Support: Disabled
 Compressed Oops: Enabled (32-bit)
 Heap Region Size: 1M
 Heap Min Capacity: 8M
 Heap Initial Capacity: 126M
 Heap Max Capacity: 2G
 Pre-touch: Disabled
 Parallel Workers: 8
 Concurrent Workers: 2
 Concurrent Refinement Workers: 8
 Periodic GC: Disabled
Heap:
 garbage-first heap   total 370688K, used 170769K [0x0000000080000000, 0x0000000100000000)
  region size 1024K, 1 young (1024K), 1 survivors (1024K)
 Metaspace       used 116098K, committed 116992K, reserved 1155072K
  class space    used 14999K, committed 15488K, reserved 1048576K
GC Heap History (20 events):
Event: 124.214 GC heap after
{Heap after GC invocations=59 (full 0):
 garbage-first heap   total 316416K, used 98195K [0x0000000080000000, 0x0000000100000000)
  region size 1024K, 2 young (2048K), 2 survivors (2048K)
 Metaspace       used 94993K, committed 95616K, reserved 1138688K
  class space    used 12614K, committed 12928K, reserved 1048576K
}
Event: 131.893 GC heap before
{Heap before GC invocations=59 (full 0):
 garbage-first heap   total 316416K, used 295827K [0x0000000080000000, 0x0000000100000000)
  region size 1024K, 154 young (157696K), 2 survivors (2048K)
 Metaspace       used 100137K, committed 100800K, reserved 1138688K
  class space    used 13121K, committed 13440K, reserved 1048576K
}
Event: 131.900 GC heap after
{Heap after GC invocations=60 (full 0):
 garbage-first heap   total 316416K, used 103778K [0x0000000080000000, 0x0000000100000000)
  region size 1024K, 8 young (8192K), 8 survivors (8192K)
 Metaspace       used 100137K, committed 100800K, reserved 1138688K
  class space    used 13121K, committed 13440K, reserved 1048576K
}
Event: 228.559 GC heap before
{Heap before GC invocations=60 (full 0):
 garbage-first heap   total 316416K, used 256354K [0x0000000080000000, 0x0000000100000000)
  region size 1024K, 156 young (159744K), 8 survivors (8192K)
 Metaspace       used 109449K, committed 110144K, reserved 1146880K
  class space    used 14241K, committed 14592K, reserved 1048576K
}
Event: 228.570 GC heap after
{Heap after GC invocations=61 (full 0):
 garbage-first heap   total 316416K, used 113682K [0x0000000080000000, 0x0000000100000000)
  region size 1024K, 16 young (16384K), 16 survivors (16384K)
 Metaspace       used 109449K, committed 110144K, reserved 1146880K
  class space    used 14241K, committed 14592K, reserved 1048576K
}
Event: 398.049 GC heap before
{Heap before GC invocations=61 (full 0):
 garbage-first heap   total 316416K, used 273426K [0x0000000080000000, 0x0000000100000000)
  region size 1024K, 156 young (159744K), 16 survivors (16384K)
 Metaspace       used 110367K, committed 111168K, reserved 1146880K
  class space    used 14320K, committed 14720K, reserved 1048576K
}
Event: 398.058 GC heap after
{Heap after GC invocations=62 (full 0):
 garbage-first heap   total 316416K, used 108145K [0x0000000080000000, 0x0000000100000000)
  region size 1024K, 7 young (7168K), 7 survivors (7168K)
 Metaspace       used 110367K, committed 111168K, reserved 1146880K
  class space    used 14320K, committed 14720K, reserved 1048576K
}
Event: 400.760 GC heap before
{Heap before GC invocations=62 (full 0):
 garbage-first heap   total 316416K, used 262769K [0x0000000080000000, 0x0000000100000000)
  region size 1024K, 155 young (158720K), 7 survivors (7168K)
 Metaspace       used 112394K, committed 113216K, reserved 1155072K
  class space    used 14493K, committed 14912K, reserved 1048576K
}
Event: 400.771 GC heap after
{Heap after GC invocations=63 (full 0):
 garbage-first heap   total 316416K, used 120004K [0x0000000080000000, 0x0000000100000000)
  region size 1024K, 16 young (16384K), 16 survivors (16384K)
 Metaspace       used 112394K, committed 113216K, reserved 1155072K
  class space    used 14493K, committed 14912K, reserved 1048576K
}
Event: 401.602 GC heap before
{Heap before GC invocations=63 (full 0):
 garbage-first heap   total 316416K, used 283844K [0x0000000080000000, 0x0000000100000000)
  region size 1024K, 153 young (156672K), 16 survivors (16384K)
 Metaspace       used 116071K, committed 116992K, reserved 1155072K
  class space    used 14998K, committed 15488K, reserved 1048576K
}
Event: 401.637 GC heap after
{Heap after GC invocations=64 (full 0):
 garbage-first heap   total 333824K, used 162816K [0x0000000080000000, 0x0000000100000000)
  region size 1024K, 20 young (20480K), 20 survivors (20480K)
 Metaspace       used 116071K, committed 116992K, reserved 1155072K
  class space    used 14998K, committed 15488K, reserved 1048576K
}
Event: 402.293 GC heap before
{Heap before GC invocations=64 (full 0):
 garbage-first heap   total 333824K, used 250880K [0x0000000080000000, 0x0000000100000000)
  region size 1024K, 100 young (102400K), 20 survivors (20480K)
 Metaspace       used 116088K, committed 116992K, reserved 1155072K
  class space    used 14998K, committed 15488K, reserved 1048576K
}
Event: 402.316 GC heap after
{Heap after GC invocations=65 (full 0):
 garbage-first heap   total 333824K, used 185088K [0x0000000080000000, 0x0000000100000000)
  region size 1024K, 14 young (14336K), 14 survivors (14336K)
 Metaspace       used 116088K, committed 116992K, reserved 1155072K
  class space    used 14998K, committed 15488K, reserved 1048576K
}
Event: 402.711 GC heap before
{Heap before GC invocations=66 (full 0):
 garbage-first heap   total 370688K, used 256768K [0x0000000080000000, 0x0000000100000000)
  region size 1024K, 84 young (86016K), 14 survivors (14336K)
 Metaspace       used 116091K, committed 116992K, reserved 1155072K
  class space    used 14998K, committed 15488K, reserved 1048576K
}
Event: 402.728 GC heap after
{Heap after GC invocations=67 (full 0):
 garbage-first heap   total 370688K, used 192896K [0x0000000080000000, 0x0000000100000000)
  region size 1024K, 8 young (8192K), 8 survivors (8192K)
 Metaspace       used 116091K, committed 116992K, reserved 1155072K
  class space    used 14998K, committed 15488K, reserved 1048576K
}
Event: 402.906 GC heap before
{Heap before GC invocations=67 (full 0):
 garbage-first heap   total 370688K, used 203136K [0x0000000080000000, 0x0000000100000000)
  region size 1024K, 18 young (18432K), 8 survivors (8192K)
 Metaspace       used 116094K, committed 116992K, reserved 1155072K
  class space    used 14999K, committed 15488K, reserved 1048576K
}
Event: 402.927 GC heap after
{Heap after GC invocations=68 (full 0):
 garbage-first heap   total 370688K, used 165161K [0x0000000080000000, 0x0000000100000000)
  region size 1024K, 2 young (2048K), 2 survivors (2048K)
 Metaspace       used 116094K, committed 116992K, reserved 1155072K
  class space    used 14999K, committed 15488K, reserved 1048576K
}
Event: 402.992 GC heap before
{Heap before GC invocations=68 (full 0):
 garbage-first heap   total 370688K, used 170281K [0x0000000080000000, 0x0000000100000000)
  region size 1024K, 9 young (9216K), 2 survivors (2048K)
 Metaspace       used 116098K, committed 116992K, reserved 1155072K
  class space    used 14999K, committed 15488K, reserved 1048576K
}
Event: 402.996 GC heap after
{Heap after GC invocations=69 (full 0):
 garbage-first heap   total 370688K, used 164532K [0x0000000080000000, 0x0000000100000000)
  region size 1024K, 1 young (1024K), 1 survivors (1024K)
 Metaspace       used 116098K, committed 116992K, reserved 1155072K
  class space    used 14999K, committed 15488K, reserved 1048576K
}
Event: 403.003 GC heap before
{Heap before GC invocations=69 (full 0):
 garbage-first heap   total 370688K, used 170676K [0x0000000080000000, 0x0000000100000000)
  region size 1024K, 2 young (2048K), 1 survivors (1024K)
 Metaspace       used 116098K, committed 116992K, reserved 1155072K
  class space    used 14999K, committed 15488K, reserved 1048576K
}

