# JRE version: Java(TM) SE Runtime Environment (16.0.2+7) (build 16.0.2+7-67)
# Java VM: Java HotSpot(TM) 64-Bit Server VM (16.0.2+7-67, mixed mode, sharing, tiered, compressed oops, compressed class ptrs, g1 gc, windows-amd64)
GC Precious Log:
 CPUs: 8 total, 8 available
 Memory: 7959M
 Large Page Support: Disabled
 NUMA Support: Disabled
 Compressed Oops: Enabled (32-bit)
 Heap Region Size: 1M
 Heap Min Capacity: 8M
 Heap Initial Capacity: 126M
 Heap Max Capacity: 2G
 Pre-touch: Disabled
 Parallel Workers: 8
 Concurrent Workers: 2
 Concurrent Refinement Workers: 8
 Periodic GC: Disabled
Heap:
 garbage-first heap   total 271360K, used 141624K [0x0000000080000000, 0x0000000100000000)
  region size 1024K, 2 young (2048K), 2 survivors (2048K)
 Metaspace       used 110643K, committed 111424K, reserved 1146880K
  class space    used 15043K, committed 15424K, reserved 1048576K
GC Heap History (20 events):
Event: 11.303 GC heap after
{Heap after GC invocations=42 (full 0):
 garbage-first heap   total 165888K, used 84440K [0x0000000080000000, 0x0000000100000000)
  region size 1024K, 1 young (1024K), 1 survivors (1024K)
 Metaspace       used 80864K, committed 81408K, reserved 1122304K
  class space    used 10852K, committed 11136K, reserved 1048576K
}
Event: 16.818 GC heap before
{Heap before GC invocations=43 (full 0):
 garbage-first heap   total 215040K, used 175576K [0x0000000080000000, 0x0000000100000000)
  region size 1024K, 52 young (53248K), 1 survivors (1024K)
 Metaspace       used 85381K, committed 85952K, reserved 1130496K
  class space    used 11223K, committed 11456K, reserved 1048576K
}
Event: 16.824 GC heap after
{Heap after GC invocations=44 (full 0):
 garbage-first heap   total 215040K, used 88765K [0x0000000080000000, 0x0000000100000000)
  region size 1024K, 6 young (6144K), 6 survivors (6144K)
 Metaspace       used 85381K, committed 85952K, reserved 1130496K
  class space    used 11223K, committed 11456K, reserved 1048576K
}
Event: 108.317 GC heap before
{Heap before GC invocations=44 (full 0):
 garbage-first heap   total 215040K, used 173757K [0x0000000080000000, 0x0000000100000000)
  region size 1024K, 90 young (92160K), 6 survivors (6144K)
 Metaspace       used 86761K, committed 87424K, reserved 1130496K
  class space    used 11327K, committed 11712K, reserved 1048576K
}
Event: 108.326 GC heap after
{Heap after GC invocations=45 (full 0):
 garbage-first heap   total 215040K, used 91645K [0x0000000080000000, 0x0000000100000000)
  region size 1024K, 8 young (8192K), 8 survivors (8192K)
 Metaspace       used 86761K, committed 87424K, reserved 1130496K
  class space    used 11327K, committed 11712K, reserved 1048576K
}
Event: 109.782 GC heap before
{Heap before GC invocations=45 (full 0):
 garbage-first heap   total 215040K, used 178685K [0x0000000080000000, 0x0000000100000000)
  region size 1024K, 90 young (92160K), 8 survivors (8192K)
 Metaspace       used 99162K, committed 99904K, reserved 1138688K
  class space    used 12959K, committed 13312K, reserved 1048576K
}
Event: 109.792 GC heap after
{Heap after GC invocations=46 (full 0):
 garbage-first heap   total 215040K, used 99511K [0x0000000080000000, 0x0000000100000000)
  region size 1024K, 7 young (7168K), 7 survivors (7168K)
 Metaspace       used 99162K, committed 99904K, reserved 1138688K
  class space    used 12959K, committed 13312K, reserved 1048576K
}
Event: 110.349 GC heap before
{Heap before GC invocations=46 (full 0):
 garbage-first heap   total 215040K, used 174263K [0x0000000080000000, 0x0000000100000000)
  region size 1024K, 81 young (82944K), 7 survivors (7168K)
 Metaspace       used 107869K, committed 108608K, reserved 1146880K
  class space    used 14638K, committed 14976K, reserved 1048576K
}
Event: 110.361 GC heap after
{Heap after GC invocations=47 (full 0):
 garbage-first heap   total 215040K, used 107822K [0x0000000080000000, 0x0000000100000000)
  region size 1024K, 11 young (11264K), 11 survivors (11264K)
 Metaspace       used 107869K, committed 108608K, reserved 1146880K
  class space    used 14638K, committed 14976K, reserved 1048576K
}
Event: 110.602 GC heap before
{Heap before GC invocations=47 (full 0):
 garbage-first heap   total 215040K, used 131374K [0x0000000080000000, 0x0000000100000000)
  region size 1024K, 36 young (36864K), 11 survivors (11264K)
 Metaspace       used 108690K, committed 109504K, reserved 1146880K
  class space    used 14727K, committed 15104K, reserved 1048576K
}
Event: 110.607 GC heap after
{Heap after GC invocations=48 (full 0):
 garbage-first heap   total 215040K, used 105782K [0x0000000080000000, 0x0000000100000000)
  region size 1024K, 3 young (3072K), 3 survivors (3072K)
 Metaspace       used 108690K, committed 109504K, reserved 1146880K
  class space    used 14727K, committed 15104K, reserved 1048576K
}
Event: 111.319 GC heap before
{Heap before GC invocations=49 (full 0):
 garbage-first heap   total 215040K, used 197942K [0x0000000080000000, 0x0000000100000000)
  region size 1024K, 70 young (71680K), 3 survivors (3072K)
 Metaspace       used 110468K, committed 111232K, reserved 1146880K
  class space    used 15053K, committed 15424K, reserved 1048576K
}
Event: 111.342 GC heap after
{Heap after GC invocations=50 (full 0):
 garbage-first heap   total 228352K, used 142798K [0x0000000080000000, 0x0000000100000000)
  region size 1024K, 9 young (9216K), 9 survivors (9216K)
 Metaspace       used 110468K, committed 111232K, reserved 1146880K
  class space    used 15053K, committed 15424K, reserved 1048576K
}
Event: 111.359 GC heap before
{Heap before GC invocations=50 (full 0):
 garbage-first heap   total 228352K, used 144846K [0x0000000080000000, 0x0000000100000000)
  region size 1024K, 11 young (11264K), 9 survivors (9216K)
 Metaspace       used 110470K, committed 111232K, reserved 1146880K
  class space    used 15053K, committed 15424K, reserved 1048576K
}
Event: 111.382 GC heap after
{Heap after GC invocations=51 (full 0):
 garbage-first heap   total 228352K, used 136152K [0x0000000080000000, 0x0000000100000000)
  region size 1024K, 2 young (2048K), 2 survivors (2048K)
 Metaspace       used 110470K, committed 111232K, reserved 1146880K
  class space    used 15053K, committed 15424K, reserved 1048576K
}
Event: 111.633 GC heap before
{Heap before GC invocations=51 (full 0):
 garbage-first heap   total 228352K, used 176088K [0x0000000080000000, 0x0000000100000000)
  region size 1024K, 42 young (43008K), 2 survivors (2048K)
 Metaspace       used 110599K, committed 111360K, reserved 1146880K
  class space    used 15061K, committed 15424K, reserved 1048576K
}
Event: 111.645 GC heap after
{Heap after GC invocations=52 (full 0):
 garbage-first heap   total 228352K, used 155648K [0x0000000080000000, 0x0000000100000000)
  region size 1024K, 6 young (6144K), 6 survivors (6144K)
 Metaspace       used 110599K, committed 111360K, reserved 1146880K
  class space    used 15061K, committed 15424K, reserved 1048576K
}
Event: 111.901 GC heap before
{Heap before GC invocations=53 (full 0):
 garbage-first heap   total 271360K, used 173056K [0x0000000080000000, 0x0000000100000000)
  region size 1024K, 31 young (31744K), 6 survivors (6144K)
 Metaspace       used 110627K, committed 111424K, reserved 1146880K
  class space    used 15043K, committed 15424K, reserved 1048576K
}
Event: 111.912 GC heap after
{Heap after GC invocations=54 (full 0):
 garbage-first heap   total 271360K, used 151990K [0x0000000080000000, 0x0000000100000000)
  region size 1024K, 4 young (4096K), 4 survivors (4096K)
 Metaspace       used 110627K, committed 111424K, reserved 1146880K
  class space    used 15043K, committed 15424K, reserved 1048576K
}
Event: 112.002 GC heap before
{Heap before GC invocations=54 (full 0):
 garbage-first heap   total 271360K, used 161206K [0x0000000080000000, 0x0000000100000000)
  region size 1024K, 13 young (13312K), 4 survivors (4096K)
 Metaspace       used 110643K, committed 111424K, reserved 1146880K
  class space    used 15043K, committed 15424K, reserved 1048576K
}

