# JRE version: Java(TM) SE Runtime Environment (16.0.2+7) (build 16.0.2+7-67)
# Java VM: Java HotSpot(TM) 64-Bit Server VM (16.0.2+7-67, mixed mode, sharing, tiered, compressed oops, compressed class ptrs, g1 gc, windows-amd64)
GC Precious Log:
 CPUs: 8 total, 8 available
 Memory: 7959M
 Large Page Support: Disabled
 NUMA Support: Disabled
 Compressed Oops: Enabled (32-bit)
 Heap Region Size: 1M
 Heap Min Capacity: 8M
 Heap Initial Capacity: 126M
 Heap Max Capacity: 2G
 Pre-touch: Disabled
 Parallel Workers: 8
 Concurrent Workers: 2
 Concurrent Refinement Workers: 8
 Periodic GC: Disabled
Heap:
 garbage-first heap   total 171008K, used 106514K [0x0000000080000000, 0x0000000100000000)
  region size 1024K, 7 young (7168K), 4 survivors (4096K)
 Metaspace       used 78934K, committed 79424K, reserved 1122304K
  class space    used 10509K, committed 10752K, reserved 1048576K
GC Heap History (20 events):
Event: 7.460 GC heap after
{Heap after GC invocations=25 (full 0):
 garbage-first heap   total 101376K, used 57106K [0x0000000080000000, 0x0000000100000000)
  region size 1024K, 2 young (2048K), 2 survivors (2048K)
 Metaspace       used 60225K, committed 60736K, reserved 1105920K
  class space    used 8082K, committed 8320K, reserved 1048576K
}
Event: 7.885 GC heap before
{Heap before GC invocations=25 (full 0):
 garbage-first heap   total 101376K, used 81682K [0x0000000080000000, 0x0000000100000000)
  region size 1024K, 27 young (27648K), 2 survivors (2048K)
 Metaspace       used 62921K, committed 63488K, reserved 1105920K
  class space    used 8483K, committed 8768K, reserved 1048576K
}
Event: 7.890 GC heap after
{Heap after GC invocations=26 (full 0):
 garbage-first heap   total 121856K, used 58988K [0x0000000080000000, 0x0000000100000000)
  region size 1024K, 4 young (4096K), 4 survivors (4096K)
 Metaspace       used 62921K, committed 63488K, reserved 1105920K
  class space    used 8483K, committed 8768K, reserved 1048576K
}
Event: 8.491 GC heap before
{Heap before GC invocations=27 (full 0):
 garbage-first heap   total 121856K, used 96876K [0x0000000080000000, 0x0000000100000000)
  region size 1024K, 41 young (41984K), 4 survivors (4096K)
 Metaspace       used 66484K, committed 66944K, reserved 1114112K
  class space    used 9002K, committed 9216K, reserved 1048576K
}
Event: 8.495 GC heap after
{Heap after GC invocations=28 (full 0):
 garbage-first heap   total 121856K, used 61416K [0x0000000080000000, 0x0000000100000000)
  region size 1024K, 6 young (6144K), 6 survivors (6144K)
 Metaspace       used 66484K, committed 66944K, reserved 1114112K
  class space    used 9002K, committed 9216K, reserved 1048576K
}
Event: 9.080 GC heap before
{Heap before GC invocations=28 (full 0):
 garbage-first heap   total 121856K, used 98280K [0x0000000080000000, 0x0000000100000000)
  region size 1024K, 42 young (43008K), 6 survivors (6144K)
 Metaspace       used 71091K, committed 71680K, reserved 1114112K
  class space    used 9505K, committed 9792K, reserved 1048576K
}
Event: 9.087 GC heap after
{Heap after GC invocations=29 (full 0):
 garbage-first heap   total 121856K, used 65889K [0x0000000080000000, 0x0000000100000000)
  region size 1024K, 6 young (6144K), 6 survivors (6144K)
 Metaspace       used 71091K, committed 71680K, reserved 1114112K
  class space    used 9505K, committed 9792K, reserved 1048576K
}
Event: 9.532 GC heap before
{Heap before GC invocations=30 (full 0):
 garbage-first heap   total 121856K, used 97633K [0x0000000080000000, 0x0000000100000000)
  region size 1024K, 38 young (38912K), 6 survivors (6144K)
 Metaspace       used 73471K, committed 74048K, reserved 1114112K
  class space    used 9958K, committed 10240K, reserved 1048576K
}
Event: 9.539 GC heap after
{Heap after GC invocations=31 (full 0):
 garbage-first heap   total 121856K, used 69036K [0x0000000080000000, 0x0000000100000000)
  region size 1024K, 3 young (3072K), 3 survivors (3072K)
 Metaspace       used 73471K, committed 74048K, reserved 1114112K
  class space    used 9958K, committed 10240K, reserved 1048576K
}
Event: 9.853 GC heap before
{Heap before GC invocations=31 (full 0):
 garbage-first heap   total 121856K, used 98732K [0x0000000080000000, 0x0000000100000000)
  region size 1024K, 33 young (33792K), 3 survivors (3072K)
 Metaspace       used 73720K, committed 74240K, reserved 1114112K
  class space    used 9970K, committed 10240K, reserved 1048576K
}
Event: 9.857 GC heap after
{Heap after GC invocations=32 (full 0):
 garbage-first heap   total 121856K, used 71217K [0x0000000080000000, 0x0000000100000000)
  region size 1024K, 3 young (3072K), 3 survivors (3072K)
 Metaspace       used 73720K, committed 74240K, reserved 1114112K
  class space    used 9970K, committed 10240K, reserved 1048576K
}
Event: 10.674 GC heap before
{Heap before GC invocations=33 (full 0):
 garbage-first heap   total 135168K, used 98865K [0x0000000080000000, 0x0000000100000000)
  region size 1024K, 31 young (31744K), 3 survivors (3072K)
 Metaspace       used 75265K, committed 75840K, reserved 1122304K
  class space    used 10153K, committed 10432K, reserved 1048576K
}
Event: 10.679 GC heap after
{Heap after GC invocations=34 (full 0):
 garbage-first heap   total 135168K, used 75563K [0x0000000080000000, 0x0000000100000000)
  region size 1024K, 4 young (4096K), 4 survivors (4096K)
 Metaspace       used 75265K, committed 75840K, reserved 1122304K
  class space    used 10153K, committed 10432K, reserved 1048576K
}
Event: 10.946 GC heap before
{Heap before GC invocations=34 (full 0):
 garbage-first heap   total 135168K, used 87851K [0x0000000080000000, 0x0000000100000000)
  region size 1024K, 17 young (17408K), 4 survivors (4096K)
 Metaspace       used 75328K, committed 75904K, reserved 1122304K
  class space    used 10154K, committed 10432K, reserved 1048576K
}
Event: 10.952 GC heap after
{Heap after GC invocations=35 (full 0):
 garbage-first heap   total 135168K, used 80212K [0x0000000080000000, 0x0000000100000000)
  region size 1024K, 5 young (5120K), 5 survivors (5120K)
 Metaspace       used 75328K, committed 75904K, reserved 1122304K
  class space    used 10154K, committed 10432K, reserved 1048576K
}
Event: 11.381 GC heap before
{Heap before GC invocations=36 (full 0):
 garbage-first heap   total 153600K, used 107860K [0x0000000080000000, 0x0000000100000000)
  region size 1024K, 30 young (30720K), 5 survivors (5120K)
 Metaspace       used 75959K, committed 76480K, reserved 1122304K
  class space    used 10212K, committed 10432K, reserved 1048576K
}
Event: 11.390 GC heap after
{Heap after GC invocations=37 (full 0):
 garbage-first heap   total 153600K, used 92968K [0x0000000080000000, 0x0000000100000000)
  region size 1024K, 4 young (4096K), 4 survivors (4096K)
 Metaspace       used 75959K, committed 76480K, reserved 1122304K
  class space    used 10212K, committed 10432K, reserved 1048576K
}
Event: 11.646 GC heap before
{Heap before GC invocations=37 (full 0):
 garbage-first heap   total 153600K, used 110376K [0x0000000080000000, 0x0000000100000000)
  region size 1024K, 22 young (22528K), 4 survivors (4096K)
 Metaspace       used 77284K, committed 77824K, reserved 1122304K
  class space    used 10358K, committed 10624K, reserved 1048576K
}
Event: 11.651 GC heap after
{Heap after GC invocations=38 (full 0):
 garbage-first heap   total 153600K, used 95561K [0x0000000080000000, 0x0000000100000000)
  region size 1024K, 2 young (2048K), 2 survivors (2048K)
 Metaspace       used 77284K, committed 77824K, reserved 1122304K
  class space    used 10358K, committed 10624K, reserved 1048576K
}
Event: 11.854 GC heap before
{Heap before GC invocations=39 (full 0):
 garbage-first heap   total 171008K, used 103753K [0x0000000080000000, 0x0000000100000000)
  region size 1024K, 7 young (7168K), 2 survivors (2048K)
 Metaspace       used 78585K, committed 79168K, reserved 1122304K
  class space    used 10481K, committed 10752K, reserved 1048576K
}

