# JRE version: Java(TM) SE Runtime Environment (16.0.2+7) (build 16.0.2+7-67)
# Java VM: Java HotSpot(TM) 64-Bit Server VM (16.0.2+7-67, mixed mode, sharing, tiered, compressed oops, compressed class ptrs, g1 gc, windows-amd64)
GC Precious Log:
 CPUs: 8 total, 8 available
 Memory: 7959M
 Large Page Support: Disabled
 NUMA Support: Disabled
 Compressed Oops: Enabled (32-bit)
 Heap Region Size: 1M
 Heap Min Capacity: 8M
 Heap Initial Capacity: 126M
 Heap Max Capacity: 2G
 Pre-touch: Disabled
 Parallel Workers: 8
 Concurrent Workers: 2
 Concurrent Refinement Workers: 8
 Periodic GC: Disabled
Heap:
 garbage-first heap   total 194560K, used 91276K [0x0000000080000000, 0x0000000100000000)
  region size 1024K, 6 young (6144K), 6 survivors (6144K)
 Metaspace       used 87170K, committed 87744K, reserved 1130496K
  class space    used 11386K, committed 11648K, reserved 1048576K
GC Heap History (20 events):
Event: 9.355 GC heap after
{Heap after GC invocations=32 (full 0):
 garbage-first heap   total 132096K, used 71060K [0x0000000080000000, 0x0000000100000000)
  region size 1024K, 3 young (3072K), 3 survivors (3072K)
 Metaspace       used 73750K, committed 74304K, reserved 1114112K
  class space    used 9969K, committed 10240K, reserved 1048576K
}
Event: 9.508 GC heap before
{Heap before GC invocations=33 (full 0):
 garbage-first heap   total 133120K, used 82324K [0x0000000080000000, 0x0000000100000000)
  region size 1024K, 16 young (16384K), 3 survivors (3072K)
 Metaspace       used 74231K, committed 74816K, reserved 1114112K
  class space    used 10045K, committed 10304K, reserved 1048576K
}
Event: 9.511 GC heap after
{Heap after GC invocations=34 (full 0):
 garbage-first heap   total 133120K, used 71374K [0x0000000080000000, 0x0000000100000000)
  region size 1024K, 4 young (4096K), 4 survivors (4096K)
 Metaspace       used 74231K, committed 74816K, reserved 1114112K
  class space    used 10045K, committed 10304K, reserved 1048576K
}
Event: 9.922 GC heap before
{Heap before GC invocations=35 (full 0):
 garbage-first heap   total 133120K, used 110286K [0x0000000080000000, 0x0000000100000000)
  region size 1024K, 40 young (40960K), 4 survivors (4096K)
 Metaspace       used 75595K, committed 76160K, reserved 1122304K
  class space    used 10190K, committed 10432K, reserved 1048576K
}
Event: 9.930 GC heap after
{Heap after GC invocations=36 (full 0):
 garbage-first heap   total 133120K, used 85423K [0x0000000080000000, 0x0000000100000000)
  region size 1024K, 5 young (5120K), 5 survivors (5120K)
 Metaspace       used 75595K, committed 76160K, reserved 1122304K
  class space    used 10190K, committed 10432K, reserved 1048576K
}
Event: 9.970 GC heap before
{Heap before GC invocations=36 (full 0):
 garbage-first heap   total 133120K, used 87471K [0x0000000080000000, 0x0000000100000000)
  region size 1024K, 9 young (9216K), 5 survivors (5120K)
 Metaspace       used 75633K, committed 76160K, reserved 1122304K
  class space    used 10191K, committed 10432K, reserved 1048576K
}
Event: 9.974 GC heap after
{Heap after GC invocations=37 (full 0):
 garbage-first heap   total 133120K, used 88810K [0x0000000080000000, 0x0000000100000000)
  region size 1024K, 3 young (3072K), 3 survivors (3072K)
 Metaspace       used 75633K, committed 76160K, reserved 1122304K
  class space    used 10191K, committed 10432K, reserved 1048576K
}
Event: 10.119 GC heap before
{Heap before GC invocations=38 (full 0):
 garbage-first heap   total 168960K, used 110314K [0x0000000080000000, 0x0000000100000000)
  region size 1024K, 16 young (16384K), 3 survivors (3072K)
 Metaspace       used 75686K, committed 76224K, reserved 1122304K
  class space    used 10195K, committed 10432K, reserved 1048576K
}
Event: 10.122 GC heap after
{Heap after GC invocations=39 (full 0):
 garbage-first heap   total 168960K, used 92376K [0x0000000080000000, 0x0000000100000000)
  region size 1024K, 2 young (2048K), 2 survivors (2048K)
 Metaspace       used 75686K, committed 76224K, reserved 1122304K
  class space    used 10195K, committed 10432K, reserved 1048576K
}
Event: 10.259 GC heap before
{Heap before GC invocations=39 (full 0):
 garbage-first heap   total 168960K, used 108760K [0x0000000080000000, 0x0000000100000000)
  region size 1024K, 19 young (19456K), 2 survivors (2048K)
 Metaspace       used 75750K, committed 76288K, reserved 1122304K
  class space    used 10200K, committed 10432K, reserved 1048576K
}
Event: 10.265 GC heap after
{Heap after GC invocations=40 (full 0):
 garbage-first heap   total 168960K, used 96458K [0x0000000080000000, 0x0000000100000000)
  region size 1024K, 4 young (4096K), 4 survivors (4096K)
 Metaspace       used 75750K, committed 76288K, reserved 1122304K
  class space    used 10200K, committed 10432K, reserved 1048576K
}
Event: 10.695 GC heap before
{Heap before GC invocations=41 (full 0):
 garbage-first heap   total 194560K, used 137418K [0x0000000080000000, 0x0000000100000000)
  region size 1024K, 30 young (30720K), 4 survivors (4096K)
 Metaspace       used 78573K, committed 79232K, reserved 1122304K
  class space    used 10494K, committed 10816K, reserved 1048576K
}
Event: 10.703 GC heap after
{Heap after GC invocations=42 (full 0):
 garbage-first heap   total 194560K, used 98450K [0x0000000080000000, 0x0000000100000000)
  region size 1024K, 3 young (3072K), 3 survivors (3072K)
 Metaspace       used 78573K, committed 79232K, reserved 1122304K
  class space    used 10494K, committed 10816K, reserved 1048576K
}
Event: 11.291 GC heap before
{Heap before GC invocations=42 (full 0):
 garbage-first heap   total 194560K, used 137362K [0x0000000080000000, 0x0000000100000000)
  region size 1024K, 42 young (43008K), 3 survivors (3072K)
 Metaspace       used 81341K, committed 81920K, reserved 1122304K
  class space    used 10751K, committed 11072K, reserved 1048576K
}
Event: 11.297 GC heap after
{Heap after GC invocations=43 (full 0):
 garbage-first heap   total 194560K, used 102654K [0x0000000080000000, 0x0000000100000000)
  region size 1024K, 6 young (6144K), 6 survivors (6144K)
 Metaspace       used 81341K, committed 81920K, reserved 1122304K
  class space    used 10751K, committed 11072K, reserved 1048576K
}
Event: 11.856 GC heap before
{Heap before GC invocations=44 (full 0):
 garbage-first heap   total 194560K, used 143614K [0x0000000080000000, 0x0000000100000000)
  region size 1024K, 47 young (48128K), 6 survivors (6144K)
 Metaspace       used 85875K, committed 86528K, reserved 1130496K
  class space    used 11272K, committed 11584K, reserved 1048576K
}
Event: 11.861 GC heap after
{Heap after GC invocations=45 (full 0):
 garbage-first heap   total 194560K, used 101489K [0x0000000080000000, 0x0000000100000000)
  region size 1024K, 2 young (2048K), 2 survivors (2048K)
 Metaspace       used 85875K, committed 86528K, reserved 1130496K
  class space    used 11272K, committed 11584K, reserved 1048576K
}
Event: 11.968 GC heap before
{Heap before GC invocations=45 (full 0):
 garbage-first heap   total 194560K, used 108657K [0x0000000080000000, 0x0000000100000000)
  region size 1024K, 9 young (9216K), 2 survivors (2048K)
 Metaspace       used 86434K, committed 87040K, reserved 1130496K
  class space    used 11340K, committed 11648K, reserved 1048576K
}
Event: 11.974 GC heap after
{Heap after GC invocations=46 (full 0):
 garbage-first heap   total 194560K, used 87299K [0x0000000080000000, 0x0000000100000000)
  region size 1024K, 2 young (2048K), 2 survivors (2048K)
 Metaspace       used 86434K, committed 87040K, reserved 1130496K
  class space    used 11340K, committed 11648K, reserved 1048576K
}
Event: 12.803 GC heap before
{Heap before GC invocations=46 (full 0):
 garbage-first heap   total 194560K, used 142595K [0x0000000080000000, 0x0000000100000000)
  region size 1024K, 57 young (58368K), 2 survivors (2048K)
 Metaspace       used 87170K, committed 87744K, reserved 1130496K
  class space    used 11386K, committed 11648K, reserved 1048576K
}

