# JRE version: Java(TM) SE Runtime Environment (16.0.2+7) (build 16.0.2+7-67)
# Java VM: Java HotSpot(TM) 64-Bit Server VM (16.0.2+7-67, mixed mode, sharing, tiered, compressed oops, compressed class ptrs, g1 gc, windows-amd64)
GC Precious Log:
 CPUs: 8 total, 8 available
 Memory: 7959M
 Large Page Support: Disabled
 NUMA Support: Disabled
 Compressed Oops: Enabled (32-bit)
 Heap Region Size: 1M
 Heap Min Capacity: 8M
 Heap Initial Capacity: 126M
 Heap Max Capacity: 2G
 Pre-touch: Disabled
 Parallel Workers: 8
 Concurrent Workers: 2
 Concurrent Refinement Workers: 8
 Periodic GC: Disabled
Heap:
 garbage-first heap   total 95232K, used 63269K [0x0000000080000000, 0x0000000100000000)
  region size 1024K, 19 young (19456K), 2 survivors (2048K)
 Metaspace       used 50017K, committed 50432K, reserved 1097728K
  class space    used 6632K, committed 6848K, reserved 1048576K
GC Heap History (20 events):
Event: 3.168 GC heap before
{Heap before GC invocations=5 (full 0):
 garbage-first heap   total 78848K, used 64111K [0x0000000080000000, 0x0000000100000000)
  region size 1024K, 46 young (47104K), 3 survivors (3072K)
 Metaspace       used 28167K, committed 28480K, reserved 1081344K
  class space    used 3910K, committed 4032K, reserved 1048576K
}
Event: 3.174 GC heap after
{Heap after GC invocations=6 (full 0):
 garbage-first heap   total 78848K, used 26462K [0x0000000080000000, 0x0000000100000000)
  region size 1024K, 6 young (6144K), 6 survivors (6144K)
 Metaspace       used 28167K, committed 28480K, reserved 1081344K
  class space    used 3910K, committed 4032K, reserved 1048576K
}
Event: 3.596 GC heap before
{Heap before GC invocations=6 (full 0):
 garbage-first heap   total 78848K, used 59230K [0x0000000080000000, 0x0000000100000000)
  region size 1024K, 36 young (36864K), 6 survivors (6144K)
 Metaspace       used 30888K, committed 31168K, reserved 1081344K
  class space    used 4231K, committed 4352K, reserved 1048576K
}
Event: 3.601 GC heap after
{Heap after GC invocations=7 (full 0):
 garbage-first heap   total 78848K, used 29063K [0x0000000080000000, 0x0000000100000000)
  region size 1024K, 4 young (4096K), 4 survivors (4096K)
 Metaspace       used 30888K, committed 31168K, reserved 1081344K
  class space    used 4231K, committed 4352K, reserved 1048576K
}
Event: 4.140 GC heap before
{Heap before GC invocations=7 (full 0):
 garbage-first heap   total 78848K, used 57735K [0x0000000080000000, 0x0000000100000000)
  region size 1024K, 32 young (32768K), 4 survivors (4096K)
 Metaspace       used 35075K, committed 35456K, reserved 1081344K
  class space    used 4765K, committed 4928K, reserved 1048576K
}
Event: 4.144 GC heap after
{Heap after GC invocations=8 (full 0):
 garbage-first heap   total 78848K, used 31210K [0x0000000080000000, 0x0000000100000000)
  region size 1024K, 3 young (3072K), 3 survivors (3072K)
 Metaspace       used 35075K, committed 35456K, reserved 1081344K
  class space    used 4765K, committed 4928K, reserved 1048576K
}
Event: 4.170 GC heap before
{Heap before GC invocations=8 (full 0):
 garbage-first heap   total 78848K, used 32234K [0x0000000080000000, 0x0000000100000000)
  region size 1024K, 5 young (5120K), 3 survivors (3072K)
 Metaspace       used 35237K, committed 35520K, reserved 1081344K
  class space    used 4791K, committed 4928K, reserved 1048576K
}
Event: 4.172 GC heap after
{Heap after GC invocations=9 (full 0):
 garbage-first heap   total 78848K, used 31201K [0x0000000080000000, 0x0000000100000000)
  region size 1024K, 3 young (3072K), 3 survivors (3072K)
 Metaspace       used 35237K, committed 35520K, reserved 1081344K
  class space    used 4791K, committed 4928K, reserved 1048576K
}
Event: 4.650 GC heap before
{Heap before GC invocations=10 (full 0):
 garbage-first heap   total 78848K, used 57825K [0x0000000080000000, 0x0000000100000000)
  region size 1024K, 30 young (30720K), 3 survivors (3072K)
 Metaspace       used 38311K, committed 38720K, reserved 1089536K
  class space    used 5222K, committed 5376K, reserved 1048576K
}
Event: 4.654 GC heap after
{Heap after GC invocations=11 (full 0):
 garbage-first heap   total 78848K, used 32870K [0x0000000080000000, 0x0000000100000000)
  region size 1024K, 2 young (2048K), 2 survivors (2048K)
 Metaspace       used 38311K, committed 38720K, reserved 1089536K
  class space    used 5222K, committed 5376K, reserved 1048576K
}
Event: 5.113 GC heap before
{Heap before GC invocations=11 (full 0):
 garbage-first heap   total 78848K, used 61542K [0x0000000080000000, 0x0000000100000000)
  region size 1024K, 29 young (29696K), 2 survivors (2048K)
 Metaspace       used 39235K, committed 39680K, reserved 1089536K
  class space    used 5316K, committed 5504K, reserved 1048576K
}
Event: 5.115 GC heap after
{Heap after GC invocations=12 (full 0):
 garbage-first heap   total 78848K, used 38007K [0x0000000080000000, 0x0000000100000000)
  region size 1024K, 4 young (4096K), 4 survivors (4096K)
 Metaspace       used 39235K, committed 39680K, reserved 1089536K
  class space    used 5316K, committed 5504K, reserved 1048576K
}
Event: 5.192 GC heap before
{Heap before GC invocations=12 (full 0):
 garbage-first heap   total 78848K, used 40055K [0x0000000080000000, 0x0000000100000000)
  region size 1024K, 8 young (8192K), 4 survivors (4096K)
 Metaspace       used 39245K, committed 39680K, reserved 1089536K
  class space    used 5316K, committed 5504K, reserved 1048576K
}
Event: 5.196 GC heap after
{Heap after GC invocations=13 (full 0):
 garbage-first heap   total 78848K, used 41204K [0x0000000080000000, 0x0000000100000000)
  region size 1024K, 4 young (4096K), 4 survivors (4096K)
 Metaspace       used 39245K, committed 39680K, reserved 1089536K
  class space    used 5316K, committed 5504K, reserved 1048576K
}
Event: 5.388 GC heap before
{Heap before GC invocations=14 (full 0):
 garbage-first heap   total 78848K, used 55540K [0x0000000080000000, 0x0000000100000000)
  region size 1024K, 17 young (17408K), 4 survivors (4096K)
 Metaspace       used 40490K, committed 40896K, reserved 1089536K
  class space    used 5489K, committed 5696K, reserved 1048576K
}
Event: 5.390 GC heap after
{Heap after GC invocations=15 (full 0):
 garbage-first heap   total 95232K, used 45439K [0x0000000080000000, 0x0000000100000000)
  region size 1024K, 3 young (3072K), 3 survivors (3072K)
 Metaspace       used 40490K, committed 40896K, reserved 1089536K
  class space    used 5489K, committed 5696K, reserved 1048576K
}
Event: 5.615 GC heap before
{Heap before GC invocations=15 (full 0):
 garbage-first heap   total 95232K, used 62847K [0x0000000080000000, 0x0000000100000000)
  region size 1024K, 21 young (21504K), 3 survivors (3072K)
 Metaspace       used 43245K, committed 43648K, reserved 1089536K
  class space    used 5828K, committed 6016K, reserved 1048576K
}
Event: 5.617 GC heap after
{Heap after GC invocations=16 (full 0):
 garbage-first heap   total 95232K, used 46189K [0x0000000080000000, 0x0000000100000000)
  region size 1024K, 1 young (1024K), 1 survivors (1024K)
 Metaspace       used 43245K, committed 43648K, reserved 1089536K
  class space    used 5828K, committed 6016K, reserved 1048576K
}
Event: 5.877 GC heap before
{Heap before GC invocations=17 (full 0):
 garbage-first heap   total 95232K, used 66669K [0x0000000080000000, 0x0000000100000000)
  region size 1024K, 21 young (21504K), 1 survivors (1024K)
 Metaspace       used 47093K, committed 47488K, reserved 1097728K
  class space    used 6275K, committed 6464K, reserved 1048576K
}
Event: 5.879 GC heap after
{Heap after GC invocations=18 (full 0):
 garbage-first heap   total 95232K, used 46885K [0x0000000080000000, 0x0000000100000000)
  region size 1024K, 2 young (2048K), 2 survivors (2048K)
 Metaspace       used 47093K, committed 47488K, reserved 1097728K
  class space    used 6275K, committed 6464K, reserved 1048576K
}

