# JRE version: Java(TM) SE Runtime Environment (16.0.2+7) (build 16.0.2+7-67)
# Java VM: Java HotSpot(TM) 64-Bit Server VM (16.0.2+7-67, mixed mode, sharing, tiered, compressed oops, compressed class ptrs, g1 gc, windows-amd64)
GC Precious Log:
 CPUs: 8 total, 8 available
 Memory: 7959M
 Large Page Support: Disabled
 NUMA Support: Disabled
 Compressed Oops: Enabled (32-bit)
 Heap Region Size: 1M
 Heap Min Capacity: 8M
 Heap Initial Capacity: 126M
 Heap Max Capacity: 2G
 Pre-touch: Disabled
 Parallel Workers: 8
 Concurrent Workers: 2
 Concurrent Refinement Workers: 8
 Periodic GC: Disabled
Heap:
 garbage-first heap   total 225280K, used 134922K [0x0000000080000000, 0x0000000100000000)
  region size 1024K, 3 young (3072K), 2 survivors (2048K)
 Metaspace       used 110016K, committed 110720K, reserved 1146880K
  class space    used 14903K, committed 15232K, reserved 1048576K
GC Heap History (20 events):
Event: 10.750 GC heap before
{Heap before GC invocations=32 (full 0):
 garbage-first heap   total 208896K, used 168158K [0x0000000080000000, 0x0000000100000000)
  region size 1024K, 87 young (89088K), 12 survivors (12288K)
 Metaspace       used 78865K, committed 79424K, reserved 1122304K
  class space    used 10531K, committed 10816K, reserved 1048576K
}
Event: 10.756 GC heap after
{Heap after GC invocations=33 (full 0):
 garbage-first heap   total 208896K, used 74732K [0x0000000080000000, 0x0000000100000000)
  region size 1024K, 4 young (4096K), 4 survivors (4096K)
 Metaspace       used 78865K, committed 79424K, reserved 1122304K
  class space    used 10531K, committed 10816K, reserved 1048576K
}
Event: 11.420 GC heap before
{Heap before GC invocations=33 (full 0):
 garbage-first heap   total 208896K, used 156652K [0x0000000080000000, 0x0000000100000000)
  region size 1024K, 85 young (87040K), 4 survivors (4096K)
 Metaspace       used 80400K, committed 81024K, reserved 1122304K
  class space    used 10700K, committed 11008K, reserved 1048576K
}
Event: 11.427 GC heap after
{Heap after GC invocations=34 (full 0):
 garbage-first heap   total 208896K, used 79135K [0x0000000080000000, 0x0000000100000000)
  region size 1024K, 8 young (8192K), 8 survivors (8192K)
 Metaspace       used 80400K, committed 81024K, reserved 1122304K
  class space    used 10700K, committed 11008K, reserved 1048576K
}
Event: 13.821 GC heap before
{Heap before GC invocations=34 (full 0):
 garbage-first heap   total 208896K, used 161055K [0x0000000080000000, 0x0000000100000000)
  region size 1024K, 89 young (91136K), 8 survivors (8192K)
 Metaspace       used 84372K, committed 84992K, reserved 1130496K
  class space    used 11188K, committed 11520K, reserved 1048576K
}
Event: 13.829 GC heap after
{Heap after GC invocations=35 (full 0):
 garbage-first heap   total 208896K, used 85376K [0x0000000080000000, 0x0000000100000000)
  region size 1024K, 12 young (12288K), 12 survivors (12288K)
 Metaspace       used 84372K, committed 84992K, reserved 1130496K
  class space    used 11188K, committed 11520K, reserved 1048576K
}
Event: 15.381 GC heap before
{Heap before GC invocations=35 (full 0):
 garbage-first heap   total 208896K, used 163200K [0x0000000080000000, 0x0000000100000000)
  region size 1024K, 87 young (89088K), 12 survivors (12288K)
 Metaspace       used 93897K, committed 94528K, reserved 1138688K
  class space    used 12304K, committed 12608K, reserved 1048576K
}
Event: 15.394 GC heap after
{Heap after GC invocations=36 (full 0):
 garbage-first heap   total 208896K, used 99408K [0x0000000080000000, 0x0000000100000000)
  region size 1024K, 11 young (11264K), 11 survivors (11264K)
 Metaspace       used 93897K, committed 94528K, reserved 1138688K
  class space    used 12304K, committed 12608K, reserved 1048576K
}
Event: 15.895 GC heap before
{Heap before GC invocations=36 (full 0):
 garbage-first heap   total 208896K, used 160848K [0x0000000080000000, 0x0000000100000000)
  region size 1024K, 71 young (72704K), 11 survivors (11264K)
 Metaspace       used 94588K, committed 95232K, reserved 1138688K
  class space    used 12322K, committed 12672K, reserved 1048576K
}
Event: 15.903 GC heap after
{Heap after GC invocations=37 (full 0):
 garbage-first heap   total 208896K, used 103126K [0x0000000080000000, 0x0000000100000000)
  region size 1024K, 3 young (3072K), 3 survivors (3072K)
 Metaspace       used 94588K, committed 95232K, reserved 1138688K
  class space    used 12322K, committed 12672K, reserved 1048576K
}
Event: 16.073 GC heap before
{Heap before GC invocations=37 (full 0):
 garbage-first heap   total 208896K, used 115414K [0x0000000080000000, 0x0000000100000000)
  region size 1024K, 16 young (16384K), 3 survivors (3072K)
 Metaspace       used 94868K, committed 95488K, reserved 1138688K
  class space    used 12353K, committed 12672K, reserved 1048576K
}
Event: 16.076 GC heap after
{Heap after GC invocations=38 (full 0):
 garbage-first heap   total 208896K, used 102958K [0x0000000080000000, 0x0000000100000000)
  region size 1024K, 3 young (3072K), 3 survivors (3072K)
 Metaspace       used 94868K, committed 95488K, reserved 1138688K
  class space    used 12353K, committed 12672K, reserved 1048576K
}
Event: 16.790 GC heap before
{Heap before GC invocations=39 (full 0):
 garbage-first heap   total 208896K, used 168494K [0x0000000080000000, 0x0000000100000000)
  region size 1024K, 66 young (67584K), 3 survivors (3072K)
 Metaspace       used 102175K, committed 102784K, reserved 1138688K
  class space    used 13650K, committed 13952K, reserved 1048576K
}
Event: 16.801 GC heap after
{Heap after GC invocations=40 (full 0):
 garbage-first heap   total 208896K, used 112133K [0x0000000080000000, 0x0000000100000000)
  region size 1024K, 9 young (9216K), 9 survivors (9216K)
 Metaspace       used 102175K, committed 102784K, reserved 1138688K
  class space    used 13650K, committed 13952K, reserved 1048576K
}
Event: 17.295 GC heap before
{Heap before GC invocations=40 (full 0):
 garbage-first heap   total 208896K, used 166405K [0x0000000080000000, 0x0000000100000000)
  region size 1024K, 63 young (64512K), 9 survivors (9216K)
 Metaspace       used 107539K, committed 108224K, reserved 1146880K
  class space    used 14589K, committed 14912K, reserved 1048576K
}
Event: 17.306 GC heap after
{Heap after GC invocations=41 (full 0):
 garbage-first heap   total 208896K, used 115840K [0x0000000080000000, 0x0000000100000000)
  region size 1024K, 5 young (5120K), 5 survivors (5120K)
 Metaspace       used 107539K, committed 108224K, reserved 1146880K
  class space    used 14589K, committed 14912K, reserved 1048576K
}
Event: 17.654 GC heap before
{Heap before GC invocations=42 (full 0):
 garbage-first heap   total 214016K, used 139392K [0x0000000080000000, 0x0000000100000000)
  region size 1024K, 30 young (30720K), 5 survivors (5120K)
 Metaspace       used 108264K, committed 108928K, reserved 1146880K
  class space    used 14598K, committed 14912K, reserved 1048576K
}
Event: 17.658 GC heap after
{Heap after GC invocations=43 (full 0):
 garbage-first heap   total 214016K, used 114220K [0x0000000080000000, 0x0000000100000000)
  region size 1024K, 3 young (3072K), 3 survivors (3072K)
 Metaspace       used 108264K, committed 108928K, reserved 1146880K
  class space    used 14598K, committed 14912K, reserved 1048576K
}
Event: 18.368 GC heap before
{Heap before GC invocations=44 (full 0):
 garbage-first heap   total 214016K, used 198188K [0x0000000080000000, 0x0000000100000000)
  region size 1024K, 62 young (63488K), 3 survivors (3072K)
 Metaspace       used 110004K, committed 110720K, reserved 1146880K
  class space    used 14903K, committed 15232K, reserved 1048576K
}
Event: 18.389 GC heap after
{Heap after GC invocations=45 (full 0):
 garbage-first heap   total 225280K, used 148321K [0x0000000080000000, 0x0000000100000000)
  region size 1024K, 8 young (8192K), 8 survivors (8192K)
 Metaspace       used 110004K, committed 110720K, reserved 1146880K
  class space    used 14903K, committed 15232K, reserved 1048576K
}

