# JRE version: Java(TM) SE Runtime Environment (16.0.2+7) (build 16.0.2+7-67)
# Java VM: Java HotSpot(TM) 64-Bit Server VM (16.0.2+7-67, mixed mode, sharing, tiered, compressed oops, compressed class ptrs, g1 gc, windows-amd64)
GC Precious Log:
 CPUs: 8 total, 8 available
 Memory: 7959M
 Large Page Support: Disabled
 NUMA Support: Disabled
 Compressed Oops: Enabled (32-bit)
 Heap Region Size: 1M
 Heap Min Capacity: 8M
 Heap Initial Capacity: 126M
 Heap Max Capacity: 2G
 Pre-touch: Disabled
 Parallel Workers: 8
 Concurrent Workers: 2
 Concurrent Refinement Workers: 8
 Periodic GC: Disabled
Heap:
 garbage-first heap   total 256000K, used 163235K [0x0000000080000000, 0x0000000100000000)
  region size 1024K, 24 young (24576K), 4 survivors (4096K)
 Metaspace       used 83660K, committed 84224K, reserved 1122304K
  class space    used 11420K, committed 11648K, reserved 1048576K
GC Heap History (20 events):
Event: 8.903 GC heap before
{Heap before GC invocations=28 (full 0):
 garbage-first heap   total 122880K, used 98026K [0x0000000080000000, 0x0000000100000000)
  region size 1024K, 32 young (32768K), 3 survivors (3072K)
 Metaspace       used 73768K, committed 74368K, reserved 1114112K
  class space    used 9963K, committed 10240K, reserved 1048576K
}
Event: 8.908 GC heap after
{Heap after GC invocations=29 (full 0):
 garbage-first heap   total 122880K, used 70900K [0x0000000080000000, 0x0000000100000000)
  region size 1024K, 4 young (4096K), 4 survivors (4096K)
 Metaspace       used 73768K, committed 74368K, reserved 1114112K
  class space    used 9963K, committed 10240K, reserved 1048576K
}
Event: 9.247 GC heap before
{Heap before GC invocations=30 (full 0):
 garbage-first heap   total 130048K, used 98548K [0x0000000080000000, 0x0000000100000000)
  region size 1024K, 32 young (32768K), 4 survivors (4096K)
 Metaspace       used 74200K, committed 74752K, reserved 1114112K
  class space    used 10002K, committed 10240K, reserved 1048576K
}
Event: 9.252 GC heap after
{Heap after GC invocations=31 (full 0):
 garbage-first heap   total 130048K, used 73326K [0x0000000080000000, 0x0000000100000000)
  region size 1024K, 3 young (3072K), 3 survivors (3072K)
 Metaspace       used 74200K, committed 74752K, reserved 1114112K
  class space    used 10002K, committed 10240K, reserved 1048576K
}
Event: 9.621 GC heap before
{Heap before GC invocations=31 (full 0):
 garbage-first heap   total 130048K, used 105070K [0x0000000080000000, 0x0000000100000000)
  region size 1024K, 35 young (35840K), 3 survivors (3072K)
 Metaspace       used 74640K, committed 75200K, reserved 1114112K
  class space    used 10036K, committed 10304K, reserved 1048576K
}
Event: 9.626 GC heap after
{Heap after GC invocations=32 (full 0):
 garbage-first heap   total 156672K, used 75401K [0x0000000080000000, 0x0000000100000000)
  region size 1024K, 5 young (5120K), 5 survivors (5120K)
 Metaspace       used 74640K, committed 75200K, reserved 1114112K
  class space    used 10036K, committed 10304K, reserved 1048576K
}
Event: 10.133 GC heap before
{Heap before GC invocations=33 (full 0):
 garbage-first heap   total 156672K, used 119433K [0x0000000080000000, 0x0000000100000000)
  region size 1024K, 50 young (51200K), 5 survivors (5120K)
 Metaspace       used 75314K, committed 75904K, reserved 1122304K
  class space    used 10118K, committed 10368K, reserved 1048576K
}
Event: 10.139 GC heap after
{Heap after GC invocations=34 (full 0):
 garbage-first heap   total 156672K, used 77947K [0x0000000080000000, 0x0000000100000000)
  region size 1024K, 5 young (5120K), 5 survivors (5120K)
 Metaspace       used 75314K, committed 75904K, reserved 1122304K
  class space    used 10118K, committed 10368K, reserved 1048576K
}
Event: 10.328 GC heap before
{Heap before GC invocations=35 (full 0):
 garbage-first heap   total 156672K, used 95355K [0x0000000080000000, 0x0000000100000000)
  region size 1024K, 18 young (18432K), 5 survivors (5120K)
 Metaspace       used 77925K, committed 78528K, reserved 1122304K
  class space    used 10488K, committed 10752K, reserved 1048576K
}
Event: 10.334 GC heap after
{Heap after GC invocations=36 (full 0):
 garbage-first heap   total 156672K, used 86166K [0x0000000080000000, 0x0000000100000000)
  region size 1024K, 5 young (5120K), 5 survivors (5120K)
 Metaspace       used 77925K, committed 78528K, reserved 1122304K
  class space    used 10488K, committed 10752K, reserved 1048576K
}
Event: 10.635 GC heap before
{Heap before GC invocations=37 (full 0):
 garbage-first heap   total 189440K, used 139414K [0x0000000080000000, 0x0000000100000000)
  region size 1024K, 41 young (41984K), 5 survivors (5120K)
 Metaspace       used 78444K, committed 79040K, reserved 1122304K
  class space    used 10553K, committed 10816K, reserved 1048576K
}
Event: 10.649 GC heap after
{Heap after GC invocations=38 (full 0):
 garbage-first heap   total 189440K, used 104735K [0x0000000080000000, 0x0000000100000000)
  region size 1024K, 6 young (6144K), 6 survivors (6144K)
 Metaspace       used 78444K, committed 79040K, reserved 1122304K
  class space    used 10553K, committed 10816K, reserved 1048576K
}
Event: 11.050 GC heap before
{Heap before GC invocations=38 (full 0):
 garbage-first heap   total 189440K, used 143647K [0x0000000080000000, 0x0000000100000000)
  region size 1024K, 45 young (46080K), 6 survivors (6144K)
 Metaspace       used 80393K, committed 80960K, reserved 1122304K
  class space    used 10970K, committed 11200K, reserved 1048576K
}
Event: 11.073 GC heap after
{Heap after GC invocations=39 (full 0):
 garbage-first heap   total 189440K, used 122555K [0x0000000080000000, 0x0000000100000000)
  region size 1024K, 6 young (6144K), 6 survivors (6144K)
 Metaspace       used 80393K, committed 80960K, reserved 1122304K
  class space    used 10970K, committed 11200K, reserved 1048576K
}
Event: 11.330 GC heap before
{Heap before GC invocations=40 (full 0):
 garbage-first heap   total 225280K, used 146107K [0x0000000080000000, 0x0000000100000000)
  region size 1024K, 30 young (30720K), 6 survivors (6144K)
 Metaspace       used 80696K, committed 81280K, reserved 1122304K
  class space    used 11001K, committed 11264K, reserved 1048576K
}
Event: 11.345 GC heap after
{Heap after GC invocations=41 (full 0):
 garbage-first heap   total 225280K, used 135455K [0x0000000080000000, 0x0000000100000000)
  region size 1024K, 4 young (4096K), 4 survivors (4096K)
 Metaspace       used 80696K, committed 81280K, reserved 1122304K
  class space    used 11001K, committed 11264K, reserved 1048576K
}
Event: 11.696 GC heap before
{Heap before GC invocations=41 (full 0):
 garbage-first heap   total 225280K, used 167199K [0x0000000080000000, 0x0000000100000000)
  region size 1024K, 36 young (36864K), 4 survivors (4096K)
 Metaspace       used 83181K, committed 83776K, reserved 1122304K
  class space    used 11370K, committed 11648K, reserved 1048576K
}
Event: 11.704 GC heap after
{Heap after GC invocations=42 (full 0):
 garbage-first heap   total 225280K, used 141029K [0x0000000080000000, 0x0000000100000000)
  region size 1024K, 5 young (5120K), 5 survivors (5120K)
 Metaspace       used 83181K, committed 83776K, reserved 1122304K
  class space    used 11370K, committed 11648K, reserved 1048576K
}
Event: 12.027 GC heap before
{Heap before GC invocations=43 (full 0):
 garbage-first heap   total 252928K, used 159461K [0x0000000080000000, 0x0000000100000000)
  region size 1024K, 29 young (29696K), 5 survivors (5120K)
 Metaspace       used 83425K, committed 84032K, reserved 1122304K
  class space    used 11392K, committed 11648K, reserved 1048576K
}
Event: 12.036 GC heap after
{Heap after GC invocations=44 (full 0):
 garbage-first heap   total 252928K, used 140707K [0x0000000080000000, 0x0000000100000000)
  region size 1024K, 4 young (4096K), 4 survivors (4096K)
 Metaspace       used 83425K, committed 84032K, reserved 1122304K
  class space    used 11392K, committed 11648K, reserved 1048576K
}

