# JRE version: Java(TM) SE Runtime Environment (16.0.2+7) (build 16.0.2+7-67)
# Java VM: Java HotSpot(TM) 64-Bit Server VM (16.0.2+7-67, mixed mode, sharing, tiered, compressed oops, compressed class ptrs, g1 gc, windows-amd64)
GC Precious Log:
 CPUs: 8 total, 8 available
 Memory: 7959M
 Large Page Support: Disabled
 NUMA Support: Disabled
 Compressed Oops: Enabled (32-bit)
 Heap Region Size: 1M
 Heap Min Capacity: 8M
 Heap Initial Capacity: 126M
 Heap Max Capacity: 2G
 Pre-touch: Disabled
 Parallel Workers: 8
 Concurrent Workers: 2
 Concurrent Refinement Workers: 8
 Periodic GC: Disabled
Heap:
 garbage-first heap   total 107520K, used 62465K [0x0000000080000000, 0x0000000100000000)
  region size 1024K, 4 young (4096K), 4 survivors (4096K)
 Metaspace       used 68847K, committed 69440K, reserved 1114112K
  class space    used 9304K, committed 9600K, reserved 1048576K
GC Heap History (20 events):
Event: 5.677 GC heap after
{Heap after GC invocations=18 (full 0):
 garbage-first heap   total 91136K, used 45732K [0x0000000080000000, 0x0000000100000000)
  region size 1024K, 2 young (2048K), 2 survivors (2048K)
 Metaspace       used 45607K, committed 46080K, reserved 1089536K
  class space    used 6142K, committed 6336K, reserved 1048576K
}
Event: 5.929 GC heap before
{Heap before GC invocations=18 (full 0):
 garbage-first heap   total 91136K, used 66212K [0x0000000080000000, 0x0000000100000000)
  region size 1024K, 22 young (22528K), 2 survivors (2048K)
 Metaspace       used 49001K, committed 49472K, reserved 1097728K
  class space    used 6511K, committed 6720K, reserved 1048576K
}
Event: 5.932 GC heap after
{Heap after GC invocations=19 (full 0):
 garbage-first heap   total 91136K, used 46600K [0x0000000080000000, 0x0000000100000000)
  region size 1024K, 3 young (3072K), 3 survivors (3072K)
 Metaspace       used 49001K, committed 49472K, reserved 1097728K
  class space    used 6511K, committed 6720K, reserved 1048576K
}
Event: 6.225 GC heap before
{Heap before GC invocations=20 (full 0):
 garbage-first heap   total 91136K, used 67080K [0x0000000080000000, 0x0000000100000000)
  region size 1024K, 24 young (24576K), 3 survivors (3072K)
 Metaspace       used 52152K, committed 52608K, reserved 1097728K
  class space    used 6895K, committed 7104K, reserved 1048576K
}
Event: 6.228 GC heap after
{Heap after GC invocations=21 (full 0):
 garbage-first heap   total 91136K, used 49114K [0x0000000080000000, 0x0000000100000000)
  region size 1024K, 3 young (3072K), 3 survivors (3072K)
 Metaspace       used 52152K, committed 52608K, reserved 1097728K
  class space    used 6895K, committed 7104K, reserved 1048576K
}
Event: 6.469 GC heap before
{Heap before GC invocations=21 (full 0):
 garbage-first heap   total 91136K, used 70618K [0x0000000080000000, 0x0000000100000000)
  region size 1024K, 24 young (24576K), 3 survivors (3072K)
 Metaspace       used 54301K, committed 54784K, reserved 1097728K
  class space    used 7158K, committed 7424K, reserved 1048576K
}
Event: 6.472 GC heap after
{Heap after GC invocations=22 (full 0):
 garbage-first heap   total 91136K, used 51074K [0x0000000080000000, 0x0000000100000000)
  region size 1024K, 2 young (2048K), 2 survivors (2048K)
 Metaspace       used 54301K, committed 54784K, reserved 1097728K
  class space    used 7158K, committed 7424K, reserved 1048576K
}
Event: 6.621 GC heap before
{Heap before GC invocations=23 (full 0):
 garbage-first heap   total 94208K, used 61314K [0x0000000080000000, 0x0000000100000000)
  region size 1024K, 14 young (14336K), 2 survivors (2048K)
 Metaspace       used 55366K, committed 55872K, reserved 1097728K
  class space    used 7269K, committed 7488K, reserved 1048576K
}
Event: 6.623 GC heap after
{Heap after GC invocations=24 (full 0):
 garbage-first heap   total 94208K, used 52114K [0x0000000080000000, 0x0000000100000000)
  region size 1024K, 2 young (2048K), 2 survivors (2048K)
 Metaspace       used 55366K, committed 55872K, reserved 1097728K
  class space    used 7269K, committed 7488K, reserved 1048576K
}
Event: 6.856 GC heap before
{Heap before GC invocations=25 (full 0):
 garbage-first heap   total 97280K, used 73618K [0x0000000080000000, 0x0000000100000000)
  region size 1024K, 22 young (22528K), 2 survivors (2048K)
 Metaspace       used 56142K, committed 56640K, reserved 1105920K
  class space    used 7392K, committed 7616K, reserved 1048576K
}
Event: 6.859 GC heap after
{Heap after GC invocations=26 (full 0):
 garbage-first heap   total 97280K, used 53302K [0x0000000080000000, 0x0000000100000000)
  region size 1024K, 3 young (3072K), 3 survivors (3072K)
 Metaspace       used 56142K, committed 56640K, reserved 1105920K
  class space    used 7392K, committed 7616K, reserved 1048576K
}
Event: 7.088 GC heap before
{Heap before GC invocations=26 (full 0):
 garbage-first heap   total 97280K, used 76854K [0x0000000080000000, 0x0000000100000000)
  region size 1024K, 26 young (26624K), 3 survivors (3072K)
 Metaspace       used 57506K, committed 57984K, reserved 1105920K
  class space    used 7561K, committed 7808K, reserved 1048576K
}
Event: 7.091 GC heap after
{Heap after GC invocations=27 (full 0):
 garbage-first heap   total 97280K, used 55639K [0x0000000080000000, 0x0000000100000000)
  region size 1024K, 4 young (4096K), 4 survivors (4096K)
 Metaspace       used 57506K, committed 57984K, reserved 1105920K
  class space    used 7561K, committed 7808K, reserved 1048576K
}
Event: 7.430 GC heap before
{Heap before GC invocations=28 (full 0):
 garbage-first heap   total 102400K, used 77143K [0x0000000080000000, 0x0000000100000000)
  region size 1024K, 25 young (25600K), 4 survivors (4096K)
 Metaspace       used 60229K, committed 60672K, reserved 1105920K
  class space    used 8085K, committed 8320K, reserved 1048576K
}
Event: 7.434 GC heap after
{Heap after GC invocations=29 (full 0):
 garbage-first heap   total 102400K, used 57102K [0x0000000080000000, 0x0000000100000000)
  region size 1024K, 2 young (2048K), 2 survivors (2048K)
 Metaspace       used 60229K, committed 60672K, reserved 1105920K
  class space    used 8085K, committed 8320K, reserved 1048576K
}
Event: 7.737 GC heap before
{Heap before GC invocations=29 (full 0):
 garbage-first heap   total 102400K, used 81678K [0x0000000080000000, 0x0000000100000000)
  region size 1024K, 27 young (27648K), 2 survivors (2048K)
 Metaspace       used 62933K, committed 63424K, reserved 1105920K
  class space    used 8485K, committed 8768K, reserved 1048576K
}
Event: 7.740 GC heap after
{Heap after GC invocations=30 (full 0):
 garbage-first heap   total 102400K, used 58647K [0x0000000080000000, 0x0000000100000000)
  region size 1024K, 4 young (4096K), 4 survivors (4096K)
 Metaspace       used 62933K, committed 63424K, reserved 1105920K
  class space    used 8485K, committed 8768K, reserved 1048576K
}
Event: 8.041 GC heap before
{Heap before GC invocations=31 (full 0):
 garbage-first heap   total 107520K, used 83223K [0x0000000080000000, 0x0000000100000000)
  region size 1024K, 28 young (28672K), 4 survivors (4096K)
 Metaspace       used 64707K, committed 65280K, reserved 1105920K
  class space    used 8726K, committed 9024K, reserved 1048576K
}
Event: 8.045 GC heap after
{Heap after GC invocations=32 (full 0):
 garbage-first heap   total 107520K, used 60371K [0x0000000080000000, 0x0000000100000000)
  region size 1024K, 4 young (4096K), 4 survivors (4096K)
 Metaspace       used 64707K, committed 65280K, reserved 1105920K
  class space    used 8726K, committed 9024K, reserved 1048576K
}
Event: 8.464 GC heap before
{Heap before GC invocations=32 (full 0):
 garbage-first heap   total 107520K, used 86995K [0x0000000080000000, 0x0000000100000000)
  region size 1024K, 30 young (30720K), 4 survivors (4096K)
 Metaspace       used 68847K, committed 69440K, reserved 1114112K
  class space    used 9304K, committed 9600K, reserved 1048576K
}

