# JRE version: Java(TM) SE Runtime Environment (16.0.2+7) (build 16.0.2+7-67)
# Java VM: Java HotSpot(TM) 64-Bit Server VM (16.0.2+7-67, mixed mode, sharing, tiered, compressed oops, compressed class ptrs, g1 gc, windows-amd64)
GC Precious Log:
 CPUs: 8 total, 8 available
 Memory: 7959M
 Large Page Support: Disabled
 NUMA Support: Disabled
 Compressed Oops: Enabled (32-bit)
 Heap Region Size: 1M
 Heap Min Capacity: 8M
 Heap Initial Capacity: 126M
 Heap Max Capacity: 2G
 Pre-touch: Disabled
 Parallel Workers: 8
 Concurrent Workers: 2
 Concurrent Refinement Workers: 8
 Periodic GC: Disabled
Heap:
 garbage-first heap   total 339968K, used 182951K [0x0000000080000000, 0x0000000100000000)
  region size 1024K, 28 young (28672K), 7 survivors (7168K)
 Metaspace       used 127985K, committed 128896K, reserved 1163264K
  class space    used 16523K, committed 16960K, reserved 1048576K
GC Heap History (20 events):
Event: 1347.505 GC heap before
{Heap before GC invocations=48 (full 0):
 garbage-first heap   total 275456K, used 183446K [0x0000000080000000, 0x0000000100000000)
  region size 1024K, 37 young (37888K), 7 survivors (7168K)
 Metaspace       used 99876K, committed 100736K, reserved 1138688K
  class space    used 12858K, committed 13248K, reserved 1048576K
}
Event: 1347.517 GC heap after
{Heap after GC invocations=49 (full 0):
 garbage-first heap   total 275456K, used 164563K [0x0000000080000000, 0x0000000100000000)
  region size 1024K, 5 young (5120K), 5 survivors (5120K)
 Metaspace       used 99876K, committed 100736K, reserved 1138688K
  class space    used 12858K, committed 13248K, reserved 1048576K
}
Event: 1347.641 GC heap before
{Heap before GC invocations=49 (full 0):
 garbage-first heap   total 275456K, used 172755K [0x0000000080000000, 0x0000000100000000)
  region size 1024K, 14 young (14336K), 5 survivors (5120K)
 Metaspace       used 100632K, committed 101440K, reserved 1138688K
  class space    used 12940K, committed 13312K, reserved 1048576K
}
Event: 1347.646 GC heap after
{Heap after GC invocations=50 (full 0):
 garbage-first heap   total 275456K, used 166841K [0x0000000080000000, 0x0000000100000000)
  region size 1024K, 2 young (2048K), 2 survivors (2048K)
 Metaspace       used 100632K, committed 101440K, reserved 1138688K
  class space    used 12940K, committed 13312K, reserved 1048576K
}
Event: 1348.788 GC heap before
{Heap before GC invocations=51 (full 0):
 garbage-first heap   total 295936K, used 217017K [0x0000000080000000, 0x0000000100000000)
  region size 1024K, 44 young (45056K), 2 survivors (2048K)
 Metaspace       used 103009K, committed 103808K, reserved 1146880K
  class space    used 13157K, committed 13568K, reserved 1048576K
}
Event: 1348.801 GC heap after
{Heap after GC invocations=52 (full 0):
 garbage-first heap   total 295936K, used 178396K [0x0000000080000000, 0x0000000100000000)
  region size 1024K, 6 young (6144K), 6 survivors (6144K)
 Metaspace       used 103009K, committed 103808K, reserved 1146880K
  class space    used 13157K, committed 13568K, reserved 1048576K
}
Event: 1349.387 GC heap before
{Heap before GC invocations=53 (full 0):
 garbage-first heap   total 339968K, used 239836K [0x0000000080000000, 0x0000000100000000)
  region size 1024K, 52 young (53248K), 6 survivors (6144K)
 Metaspace       used 106306K, committed 107200K, reserved 1146880K
  class space    used 13422K, committed 13824K, reserved 1048576K
}
Event: 1349.403 GC heap after
{Heap after GC invocations=54 (full 0):
 garbage-first heap   total 339968K, used 184058K [0x0000000080000000, 0x0000000100000000)
  region size 1024K, 7 young (7168K), 7 survivors (7168K)
 Metaspace       used 106306K, committed 107200K, reserved 1146880K
  class space    used 13422K, committed 13824K, reserved 1048576K
}
Event: 1349.731 GC heap before
{Heap before GC invocations=54 (full 0):
 garbage-first heap   total 339968K, used 220922K [0x0000000080000000, 0x0000000100000000)
  region size 1024K, 45 young (46080K), 7 survivors (7168K)
 Metaspace       used 107035K, committed 107840K, reserved 1146880K
  class space    used 13464K, committed 13824K, reserved 1048576K
}
Event: 1349.738 GC heap after
{Heap after GC invocations=55 (full 0):
 garbage-first heap   total 339968K, used 185981K [0x0000000080000000, 0x0000000100000000)
  region size 1024K, 2 young (2048K), 2 survivors (2048K)
 Metaspace       used 107035K, committed 107840K, reserved 1146880K
  class space    used 13464K, committed 13824K, reserved 1048576K
}
Event: 1350.881 GC heap before
{Heap before GC invocations=56 (full 0):
 garbage-first heap   total 339968K, used 279165K [0x0000000080000000, 0x0000000100000000)
  region size 1024K, 77 young (78848K), 2 survivors (2048K)
 Metaspace       used 109079K, committed 109888K, reserved 1146880K
  class space    used 13675K, committed 14080K, reserved 1048576K
}
Event: 1350.887 GC heap after
{Heap after GC invocations=57 (full 0):
 garbage-first heap   total 339968K, used 180223K [0x0000000080000000, 0x0000000100000000)
  region size 1024K, 6 young (6144K), 6 survivors (6144K)
 Metaspace       used 109079K, committed 109888K, reserved 1146880K
  class space    used 13675K, committed 14080K, reserved 1048576K
}
Event: 1350.949 GC heap before
{Heap before GC invocations=57 (full 0):
 garbage-first heap   total 339968K, used 189439K [0x0000000080000000, 0x0000000100000000)
  region size 1024K, 16 young (16384K), 6 survivors (6144K)
 Metaspace       used 109219K, committed 110080K, reserved 1146880K
  class space    used 13690K, committed 14080K, reserved 1048576K
}
Event: 1350.960 GC heap after
{Heap after GC invocations=58 (full 0):
 garbage-first heap   total 339968K, used 151340K [0x0000000080000000, 0x0000000100000000)
  region size 1024K, 1 young (1024K), 1 survivors (1024K)
 Metaspace       used 109219K, committed 110080K, reserved 1146880K
  class space    used 13690K, committed 14080K, reserved 1048576K
}
Event: 1352.100 GC heap before
{Heap before GC invocations=58 (full 0):
 garbage-first heap   total 339968K, used 249644K [0x0000000080000000, 0x0000000100000000)
  region size 1024K, 98 young (100352K), 1 survivors (1024K)
 Metaspace       used 113126K, committed 114048K, reserved 1155072K
  class space    used 14202K, committed 14656K, reserved 1048576K
}
Event: 1352.112 GC heap after
{Heap after GC invocations=59 (full 0):
 garbage-first heap   total 339968K, used 157909K [0x0000000080000000, 0x0000000100000000)
  region size 1024K, 8 young (8192K), 8 survivors (8192K)
 Metaspace       used 113126K, committed 114048K, reserved 1155072K
  class space    used 14202K, committed 14656K, reserved 1048576K
}
Event: 1353.183 GC heap before
{Heap before GC invocations=59 (full 0):
 garbage-first heap   total 339968K, used 265429K [0x0000000080000000, 0x0000000100000000)
  region size 1024K, 112 young (114688K), 8 survivors (8192K)
 Metaspace       used 123046K, committed 124032K, reserved 1163264K
  class space    used 15834K, committed 16320K, reserved 1048576K
}
Event: 1353.196 GC heap after
{Heap after GC invocations=60 (full 0):
 garbage-first heap   total 339968K, used 162853K [0x0000000080000000, 0x0000000100000000)
  region size 1024K, 12 young (12288K), 12 survivors (12288K)
 Metaspace       used 123046K, committed 124032K, reserved 1163264K
  class space    used 15834K, committed 16320K, reserved 1048576K
}
Event: 1354.255 GC heap before
{Heap before GC invocations=60 (full 0):
 garbage-first heap   total 339968K, used 269349K [0x0000000080000000, 0x0000000100000000)
  region size 1024K, 117 young (119808K), 12 survivors (12288K)
 Metaspace       used 127864K, committed 128832K, reserved 1163264K
  class space    used 16509K, committed 16960K, reserved 1048576K
}
Event: 1354.264 GC heap after
{Heap after GC invocations=61 (full 0):
 garbage-first heap   total 339968K, used 162471K [0x0000000080000000, 0x0000000100000000)
  region size 1024K, 7 young (7168K), 7 survivors (7168K)
 Metaspace       used 127864K, committed 128832K, reserved 1163264K
  class space    used 16509K, committed 16960K, reserved 1048576K
}

