# JRE version: Java(TM) SE Runtime Environment (16.0.2+7) (build 16.0.2+7-67)
# Java VM: Java HotSpot(TM) 64-Bit Server VM (16.0.2+7-67, mixed mode, sharing, tiered, compressed oops, compressed class ptrs, g1 gc, windows-amd64)
GC Precious Log:
 CPUs: 8 total, 8 available
 Memory: 7959M
 Large Page Support: Disabled
 NUMA Support: Disabled
 Compressed Oops: Enabled (32-bit)
 Heap Region Size: 1M
 Heap Min Capacity: 8M
 Heap Initial Capacity: 126M
 Heap Max Capacity: 2G
 Pre-touch: Disabled
 Parallel Workers: 8
 Concurrent Workers: 2
 Concurrent Refinement Workers: 8
 Periodic GC: Disabled
Heap:
 garbage-first heap   total 129024K, used 75272K [0x0000000080000000, 0x0000000100000000)
  region size 1024K, 3 young (3072K), 3 survivors (3072K)
 Metaspace       used 78771K, committed 79360K, reserved 1122304K
  class space    used 10611K, committed 10880K, reserved 1048576K
GC Heap History (20 events):
Event: 6.041 GC heap after
{Heap after GC invocations=19 (full 0):
 garbage-first heap   total 96256K, used 54944K [0x0000000080000000, 0x0000000100000000)
  region size 1024K, 2 young (2048K), 2 survivors (2048K)
 Metaspace       used 55352K, committed 55808K, reserved 1097728K
  class space    used 7259K, committed 7488K, reserved 1048576K
}
Event: 6.315 GC heap before
{Heap before GC invocations=20 (full 0):
 garbage-first heap   total 101376K, used 78496K [0x0000000080000000, 0x0000000100000000)
  region size 1024K, 24 young (24576K), 2 survivors (2048K)
 Metaspace       used 56131K, committed 56640K, reserved 1105920K
  class space    used 7384K, committed 7616K, reserved 1048576K
}
Event: 6.318 GC heap after
{Heap after GC invocations=21 (full 0):
 garbage-first heap   total 101376K, used 56315K [0x0000000080000000, 0x0000000100000000)
  region size 1024K, 3 young (3072K), 3 survivors (3072K)
 Metaspace       used 56131K, committed 56640K, reserved 1105920K
  class space    used 7384K, committed 7616K, reserved 1048576K
}
Event: 6.323 GC heap before
{Heap before GC invocations=21 (full 0):
 garbage-first heap   total 101376K, used 57339K [0x0000000080000000, 0x0000000100000000)
  region size 1024K, 4 young (4096K), 3 survivors (3072K)
 Metaspace       used 56133K, committed 56640K, reserved 1105920K
  class space    used 7385K, committed 7616K, reserved 1048576K
}
Event: 6.330 GC heap after
{Heap after GC invocations=22 (full 0):
 garbage-first heap   total 121856K, used 52674K [0x0000000080000000, 0x0000000100000000)
  region size 1024K, 1 young (1024K), 1 survivors (1024K)
 Metaspace       used 56133K, committed 56640K, reserved 1105920K
  class space    used 7385K, committed 7616K, reserved 1048576K
}
Event: 6.878 GC heap before
{Heap before GC invocations=22 (full 0):
 garbage-first heap   total 121856K, used 94658K [0x0000000080000000, 0x0000000100000000)
  region size 1024K, 42 young (43008K), 1 survivors (1024K)
 Metaspace       used 60171K, committed 60672K, reserved 1105920K
  class space    used 8068K, committed 8320K, reserved 1048576K
}
Event: 6.882 GC heap after
{Heap after GC invocations=23 (full 0):
 garbage-first heap   total 121856K, used 55285K [0x0000000080000000, 0x0000000100000000)
  region size 1024K, 4 young (4096K), 4 survivors (4096K)
 Metaspace       used 60171K, committed 60672K, reserved 1105920K
  class space    used 8068K, committed 8320K, reserved 1048576K
}
Event: 7.595 GC heap before
{Heap before GC invocations=23 (full 0):
 garbage-first heap   total 121856K, used 96245K [0x0000000080000000, 0x0000000100000000)
  region size 1024K, 44 young (45056K), 4 survivors (4096K)
 Metaspace       used 64208K, committed 64704K, reserved 1105920K
  class space    used 8667K, committed 8896K, reserved 1048576K
}
Event: 7.601 GC heap after
{Heap after GC invocations=24 (full 0):
 garbage-first heap   total 121856K, used 58200K [0x0000000080000000, 0x0000000100000000)
  region size 1024K, 6 young (6144K), 6 survivors (6144K)
 Metaspace       used 64208K, committed 64704K, reserved 1105920K
  class space    used 8667K, committed 8896K, reserved 1048576K
}
Event: 8.291 GC heap before
{Heap before GC invocations=24 (full 0):
 garbage-first heap   total 121856K, used 98136K [0x0000000080000000, 0x0000000100000000)
  region size 1024K, 45 young (46080K), 6 survivors (6144K)
 Metaspace       used 69113K, committed 69632K, reserved 1114112K
  class space    used 9322K, committed 9600K, reserved 1048576K
}
Event: 8.298 GC heap after
{Heap after GC invocations=25 (full 0):
 garbage-first heap   total 121856K, used 61306K [0x0000000080000000, 0x0000000100000000)
  region size 1024K, 6 young (6144K), 6 survivors (6144K)
 Metaspace       used 69113K, committed 69632K, reserved 1114112K
  class space    used 9322K, committed 9600K, reserved 1048576K
}
Event: 8.913 GC heap before
{Heap before GC invocations=25 (full 0):
 garbage-first heap   total 121856K, used 98170K [0x0000000080000000, 0x0000000100000000)
  region size 1024K, 43 young (44032K), 6 survivors (6144K)
 Metaspace       used 72977K, committed 73472K, reserved 1114112K
  class space    used 9824K, committed 10048K, reserved 1048576K
}
Event: 8.922 GC heap after
{Heap after GC invocations=26 (full 0):
 garbage-first heap   total 121856K, used 65797K [0x0000000080000000, 0x0000000100000000)
  region size 1024K, 6 young (6144K), 6 survivors (6144K)
 Metaspace       used 72977K, committed 73472K, reserved 1114112K
  class space    used 9824K, committed 10048K, reserved 1048576K
}
Event: 9.263 GC heap before
{Heap before GC invocations=27 (full 0):
 garbage-first heap   total 121856K, used 97541K [0x0000000080000000, 0x0000000100000000)
  region size 1024K, 38 young (38912K), 6 survivors (6144K)
 Metaspace       used 73559K, committed 74112K, reserved 1114112K
  class space    used 9936K, committed 10176K, reserved 1048576K
}
Event: 9.271 GC heap after
{Heap after GC invocations=28 (full 0):
 garbage-first heap   total 121856K, used 68413K [0x0000000080000000, 0x0000000100000000)
  region size 1024K, 3 young (3072K), 3 survivors (3072K)
 Metaspace       used 73559K, committed 74112K, reserved 1114112K
  class space    used 9936K, committed 10176K, reserved 1048576K
}
Event: 9.803 GC heap before
{Heap before GC invocations=28 (full 0):
 garbage-first heap   total 121856K, used 98109K [0x0000000080000000, 0x0000000100000000)
  region size 1024K, 33 young (33792K), 3 survivors (3072K)
 Metaspace       used 74408K, committed 74944K, reserved 1114112K
  class space    used 10037K, committed 10304K, reserved 1048576K
}
Event: 9.807 GC heap after
{Heap after GC invocations=29 (full 0):
 garbage-first heap   total 121856K, used 70251K [0x0000000080000000, 0x0000000100000000)
  region size 1024K, 5 young (5120K), 5 survivors (5120K)
 Metaspace       used 74408K, committed 74944K, reserved 1114112K
  class space    used 10037K, committed 10304K, reserved 1048576K
}
Event: 10.194 GC heap before
{Heap before GC invocations=30 (full 0):
 garbage-first heap   total 126976K, used 98923K [0x0000000080000000, 0x0000000100000000)
  region size 1024K, 34 young (34816K), 5 survivors (5120K)
 Metaspace       used 77803K, committed 78400K, reserved 1122304K
  class space    used 10489K, committed 10752K, reserved 1048576K
}
Event: 10.199 GC heap after
{Heap after GC invocations=31 (full 0):
 garbage-first heap   total 126976K, used 72965K [0x0000000080000000, 0x0000000100000000)
  region size 1024K, 5 young (5120K), 5 survivors (5120K)
 Metaspace       used 77803K, committed 78400K, reserved 1122304K
  class space    used 10489K, committed 10752K, reserved 1048576K
}
Event: 10.582 GC heap before
{Heap before GC invocations=31 (full 0):
 garbage-first heap   total 126976K, used 102661K [0x0000000080000000, 0x0000000100000000)
  region size 1024K, 35 young (35840K), 5 survivors (5120K)
 Metaspace       used 78771K, committed 79360K, reserved 1122304K
  class space    used 10611K, committed 10880K, reserved 1048576K
}

