# JRE version: Java(TM) SE Runtime Environment (16.0.2+7) (build 16.0.2+7-67)
# Java VM: Java HotSpot(TM) 64-Bit Server VM (16.0.2+7-67, mixed mode, sharing, tiered, compressed oops, compressed class ptrs, g1 gc, windows-amd64)
GC Precious Log:
 CPUs: 8 total, 8 available
 Memory: 7959M
 Large Page Support: Disabled
 NUMA Support: Disabled
 Compressed Oops: Enabled (32-bit)
 Heap Region Size: 1M
 Heap Min Capacity: 8M
 Heap Initial Capacity: 126M
 Heap Max Capacity: 2G
 Pre-touch: Disabled
 Parallel Workers: 8
 Concurrent Workers: 2
 Concurrent Refinement Workers: 8
 Periodic GC: Disabled
Heap:
 garbage-first heap   total 128000K, used 94103K [0x0000000080000000, 0x0000000100000000)
  region size 1024K, 29 young (29696K), 5 survivors (5120K)
 Metaspace       used 77636K, committed 78208K, reserved 1122304K
  class space    used 10477K, committed 10752K, reserved 1048576K
GC Heap History (20 events):
Event: 6.961 GC heap before
{Heap before GC invocations=20 (full 0):
 garbage-first heap   total 95232K, used 51978K [0x0000000080000000, 0x0000000100000000)
  region size 1024K, 4 young (4096K), 3 survivors (3072K)
 Metaspace       used 55334K, committed 55872K, reserved 1097728K
  class space    used 7252K, committed 7488K, reserved 1048576K
}
Event: 6.964 GC heap after
{Heap after GC invocations=21 (full 0):
 garbage-first heap   total 95232K, used 52169K [0x0000000080000000, 0x0000000100000000)
  region size 1024K, 3 young (3072K), 3 survivors (3072K)
 Metaspace       used 55334K, committed 55872K, reserved 1097728K
  class space    used 7252K, committed 7488K, reserved 1048576K
}
Event: 7.220 GC heap before
{Heap before GC invocations=22 (full 0):
 garbage-first heap   total 96256K, used 73673K [0x0000000080000000, 0x0000000100000000)
  region size 1024K, 23 young (23552K), 3 survivors (3072K)
 Metaspace       used 56111K, committed 56576K, reserved 1105920K
  class space    used 7379K, committed 7616K, reserved 1048576K
}
Event: 7.223 GC heap after
{Heap after GC invocations=23 (full 0):
 garbage-first heap   total 96256K, used 53343K [0x0000000080000000, 0x0000000100000000)
  region size 1024K, 2 young (2048K), 2 survivors (2048K)
 Metaspace       used 56111K, committed 56576K, reserved 1105920K
  class space    used 7379K, committed 7616K, reserved 1048576K
}
Event: 7.451 GC heap before
{Heap before GC invocations=23 (full 0):
 garbage-first heap   total 96256K, used 74847K [0x0000000080000000, 0x0000000100000000)
  region size 1024K, 23 young (23552K), 2 survivors (2048K)
 Metaspace       used 57264K, committed 57792K, reserved 1105920K
  class space    used 7507K, committed 7744K, reserved 1048576K
}
Event: 7.455 GC heap after
{Heap after GC invocations=24 (full 0):
 garbage-first heap   total 96256K, used 55373K [0x0000000080000000, 0x0000000100000000)
  region size 1024K, 3 young (3072K), 3 survivors (3072K)
 Metaspace       used 57264K, committed 57792K, reserved 1105920K
  class space    used 7507K, committed 7744K, reserved 1048576K
}
Event: 7.758 GC heap before
{Heap before GC invocations=25 (full 0):
 garbage-first heap   total 99328K, used 75853K [0x0000000080000000, 0x0000000100000000)
  region size 1024K, 23 young (23552K), 3 survivors (3072K)
 Metaspace       used 59812K, committed 60352K, reserved 1105920K
  class space    used 7975K, committed 8192K, reserved 1048576K
}
Event: 7.761 GC heap after
{Heap after GC invocations=26 (full 0):
 garbage-first heap   total 99328K, used 56669K [0x0000000080000000, 0x0000000100000000)
  region size 1024K, 2 young (2048K), 2 survivors (2048K)
 Metaspace       used 59812K, committed 60352K, reserved 1105920K
  class space    used 7975K, committed 8192K, reserved 1048576K
}
Event: 8.055 GC heap before
{Heap before GC invocations=26 (full 0):
 garbage-first heap   total 99328K, used 79197K [0x0000000080000000, 0x0000000100000000)
  region size 1024K, 24 young (24576K), 2 survivors (2048K)
 Metaspace       used 62262K, committed 62784K, reserved 1105920K
  class space    used 8369K, committed 8640K, reserved 1048576K
}
Event: 8.057 GC heap after
{Heap after GC invocations=27 (full 0):
 garbage-first heap   total 99328K, used 58377K [0x0000000080000000, 0x0000000100000000)
  region size 1024K, 3 young (3072K), 3 survivors (3072K)
 Metaspace       used 62262K, committed 62784K, reserved 1105920K
  class space    used 8369K, committed 8640K, reserved 1048576K
}
Event: 8.351 GC heap before
{Heap before GC invocations=28 (full 0):
 garbage-first heap   total 106496K, used 80905K [0x0000000080000000, 0x0000000100000000)
  region size 1024K, 25 young (25600K), 3 survivors (3072K)
 Metaspace       used 64057K, committed 64576K, reserved 1105920K
  class space    used 8647K, committed 8896K, reserved 1048576K
}
Event: 8.356 GC heap after
{Heap after GC invocations=29 (full 0):
 garbage-first heap   total 106496K, used 59873K [0x0000000080000000, 0x0000000100000000)
  region size 1024K, 4 young (4096K), 4 survivors (4096K)
 Metaspace       used 64057K, committed 64576K, reserved 1105920K
  class space    used 8647K, committed 8896K, reserved 1048576K
}
Event: 8.713 GC heap before
{Heap before GC invocations=29 (full 0):
 garbage-first heap   total 106496K, used 84449K [0x0000000080000000, 0x0000000100000000)
  region size 1024K, 29 young (29696K), 4 survivors (4096K)
 Metaspace       used 66963K, committed 67456K, reserved 1114112K
  class space    used 9075K, committed 9344K, reserved 1048576K
}
Event: 8.718 GC heap after
{Heap after GC invocations=30 (full 0):
 garbage-first heap   total 128000K, used 61616K [0x0000000080000000, 0x0000000100000000)
  region size 1024K, 4 young (4096K), 4 survivors (4096K)
 Metaspace       used 66963K, committed 67456K, reserved 1114112K
  class space    used 9075K, committed 9344K, reserved 1048576K
}
Event: 9.412 GC heap before
{Heap before GC invocations=31 (full 0):
 garbage-first heap   total 128000K, used 102576K [0x0000000080000000, 0x0000000100000000)
  region size 1024K, 44 young (45056K), 4 survivors (4096K)
 Metaspace       used 72230K, committed 72768K, reserved 1114112K
  class space    used 9707K, committed 9984K, reserved 1048576K
}
Event: 9.419 GC heap after
{Heap after GC invocations=32 (full 0):
 garbage-first heap   total 128000K, used 66480K [0x0000000080000000, 0x0000000100000000)
  region size 1024K, 6 young (6144K), 6 survivors (6144K)
 Metaspace       used 72230K, committed 72768K, reserved 1114112K
  class space    used 9707K, committed 9984K, reserved 1048576K
}
Event: 9.800 GC heap before
{Heap before GC invocations=32 (full 0):
 garbage-first heap   total 128000K, used 102320K [0x0000000080000000, 0x0000000100000000)
  region size 1024K, 42 young (43008K), 6 survivors (6144K)
 Metaspace       used 73509K, committed 73984K, reserved 1114112K
  class space    used 9937K, committed 10176K, reserved 1048576K
}
Event: 9.807 GC heap after
{Heap after GC invocations=33 (full 0):
 garbage-first heap   total 128000K, used 69527K [0x0000000080000000, 0x0000000100000000)
  region size 1024K, 3 young (3072K), 3 survivors (3072K)
 Metaspace       used 73509K, committed 73984K, reserved 1114112K
  class space    used 9937K, committed 10176K, reserved 1048576K
}
Event: 10.302 GC heap before
{Heap before GC invocations=34 (full 0):
 garbage-first heap   total 128000K, used 103319K [0x0000000080000000, 0x0000000100000000)
  region size 1024K, 37 young (37888K), 3 survivors (3072K)
 Metaspace       used 74148K, committed 74688K, reserved 1114112K
  class space    used 9997K, committed 10240K, reserved 1048576K
}
Event: 10.308 GC heap after
{Heap after GC invocations=35 (full 0):
 garbage-first heap   total 128000K, used 71575K [0x0000000080000000, 0x0000000100000000)
  region size 1024K, 5 young (5120K), 5 survivors (5120K)
 Metaspace       used 74148K, committed 74688K, reserved 1114112K
  class space    used 9997K, committed 10240K, reserved 1048576K
}

