# JRE version: Java(TM) SE Runtime Environment (16.0.2+7) (build 16.0.2+7-67)
# Java VM: Java HotSpot(TM) 64-Bit Server VM (16.0.2+7-67, mixed mode, sharing, tiered, compressed oops, compressed class ptrs, g1 gc, windows-amd64)
GC Precious Log:
 CPUs: 8 total, 8 available
 Memory: 7959M
 Large Page Support: Disabled
 NUMA Support: Disabled
 Compressed Oops: Enabled (32-bit)
 Heap Region Size: 1M
 Heap Min Capacity: 8M
 Heap Initial Capacity: 126M
 Heap Max Capacity: 2G
 Pre-touch: Disabled
 Parallel Workers: 8
 Concurrent Workers: 2
 Concurrent Refinement Workers: 8
 Periodic GC: Disabled
Heap:
 garbage-first heap   total 256000K, used 139582K [0x0000000080000000, 0x0000000100000000)
  region size 1024K, 4 young (4096K), 4 survivors (4096K)
 Metaspace       used 90596K, committed 91200K, reserved 1130496K
  class space    used 12709K, committed 12992K, reserved 1048576K
GC Heap History (20 events):
Event: 8.511 GC heap after
{Heap after GC invocations=37 (full 0):
 garbage-first heap   total 137216K, used 78884K [0x0000000080000000, 0x0000000100000000)
  region size 1024K, 3 young (3072K), 3 survivors (3072K)
 Metaspace       used 74779K, committed 75328K, reserved 1114112K
  class space    used 10041K, committed 10304K, reserved 1048576K
}
Event: 8.575 GC heap before
{Heap before GC invocations=37 (full 0):
 garbage-first heap   total 137216K, used 82980K [0x0000000080000000, 0x0000000100000000)
  region size 1024K, 8 young (8192K), 3 survivors (3072K)
 Metaspace       used 75034K, committed 75648K, reserved 1122304K
  class space    used 10080K, committed 10368K, reserved 1048576K
}
Event: 8.577 GC heap after
{Heap after GC invocations=38 (full 0):
 garbage-first heap   total 137216K, used 79003K [0x0000000080000000, 0x0000000100000000)
  region size 1024K, 3 young (3072K), 3 survivors (3072K)
 Metaspace       used 75034K, committed 75648K, reserved 1122304K
  class space    used 10080K, committed 10368K, reserved 1048576K
}
Event: 8.926 GC heap before
{Heap before GC invocations=39 (full 0):
 garbage-first heap   total 145408K, used 113819K [0x0000000080000000, 0x0000000100000000)
  region size 1024K, 36 young (36864K), 3 survivors (3072K)
 Metaspace       used 79106K, committed 79616K, reserved 1122304K
  class space    used 10693K, committed 10944K, reserved 1048576K
}
Event: 8.930 GC heap after
{Heap after GC invocations=40 (full 0):
 garbage-first heap   total 145408K, used 82622K [0x0000000080000000, 0x0000000100000000)
  region size 1024K, 5 young (5120K), 5 survivors (5120K)
 Metaspace       used 79106K, committed 79616K, reserved 1122304K
  class space    used 10693K, committed 10944K, reserved 1048576K
}
Event: 9.113 GC heap before
{Heap before GC invocations=40 (full 0):
 garbage-first heap   total 145408K, used 118462K [0x0000000080000000, 0x0000000100000000)
  region size 1024K, 40 young (40960K), 5 survivors (5120K)
 Metaspace       used 83133K, committed 83712K, reserved 1122304K
  class space    used 11546K, committed 11776K, reserved 1048576K
}
Event: 9.121 GC heap after
{Heap after GC invocations=41 (full 0):
 garbage-first heap   total 175104K, used 88589K [0x0000000080000000, 0x0000000100000000)
  region size 1024K, 5 young (5120K), 5 survivors (5120K)
 Metaspace       used 83133K, committed 83712K, reserved 1122304K
  class space    used 11546K, committed 11776K, reserved 1048576K
}
Event: 9.482 GC heap before
{Heap before GC invocations=42 (full 0):
 garbage-first heap   total 175104K, used 136717K [0x0000000080000000, 0x0000000100000000)
  region size 1024K, 53 young (54272K), 5 survivors (5120K)
 Metaspace       used 88094K, committed 88768K, reserved 1130496K
  class space    used 12365K, committed 12672K, reserved 1048576K
}
Event: 9.488 GC heap after
{Heap after GC invocations=43 (full 0):
 garbage-first heap   total 175104K, used 93094K [0x0000000080000000, 0x0000000100000000)
  region size 1024K, 5 young (5120K), 5 survivors (5120K)
 Metaspace       used 88094K, committed 88768K, reserved 1130496K
  class space    used 12365K, committed 12672K, reserved 1048576K
}
Event: 9.665 GC heap before
{Heap before GC invocations=43 (full 0):
 garbage-first heap   total 175104K, used 119718K [0x0000000080000000, 0x0000000100000000)
  region size 1024K, 33 young (33792K), 5 survivors (5120K)
 Metaspace       used 88448K, committed 89024K, reserved 1130496K
  class space    used 12376K, committed 12672K, reserved 1048576K
}
Event: 9.667 GC heap after
{Heap after GC invocations=44 (full 0):
 garbage-first heap   total 175104K, used 91570K [0x0000000080000000, 0x0000000100000000)
  region size 1024K, 2 young (2048K), 2 survivors (2048K)
 Metaspace       used 88448K, committed 89024K, reserved 1130496K
  class space    used 12376K, committed 12672K, reserved 1048576K
}
Event: 10.028 GC heap before
{Heap before GC invocations=45 (full 0):
 garbage-first heap   total 175104K, used 121266K [0x0000000080000000, 0x0000000100000000)
  region size 1024K, 32 young (32768K), 2 survivors (2048K)
 Metaspace       used 88922K, committed 89536K, reserved 1130496K
  class space    used 12430K, committed 12736K, reserved 1048576K
}
Event: 10.031 GC heap after
{Heap after GC invocations=46 (full 0):
 garbage-first heap   total 175104K, used 91919K [0x0000000080000000, 0x0000000100000000)
  region size 1024K, 2 young (2048K), 2 survivors (2048K)
 Metaspace       used 88922K, committed 89536K, reserved 1130496K
  class space    used 12430K, committed 12736K, reserved 1048576K
}
Event: 10.398 GC heap before
{Heap before GC invocations=47 (full 0):
 garbage-first heap   total 209920K, used 164623K [0x0000000080000000, 0x0000000100000000)
  region size 1024K, 51 young (52224K), 2 survivors (2048K)
 Metaspace       used 90340K, committed 90944K, reserved 1130496K
  class space    used 12699K, committed 12992K, reserved 1048576K
}
Event: 10.414 GC heap after
{Heap after GC invocations=48 (full 0):
 garbage-first heap   total 209920K, used 124243K [0x0000000080000000, 0x0000000100000000)
  region size 1024K, 7 young (7168K), 7 survivors (7168K)
 Metaspace       used 90340K, committed 90944K, reserved 1130496K
  class space    used 12699K, committed 12992K, reserved 1048576K
}
Event: 10.441 GC heap before
{Heap before GC invocations=48 (full 0):
 garbage-first heap   total 209920K, used 127315K [0x0000000080000000, 0x0000000100000000)
  region size 1024K, 10 young (10240K), 7 survivors (7168K)
 Metaspace       used 90373K, committed 90944K, reserved 1130496K
  class space    used 12699K, committed 12992K, reserved 1048576K
}
Event: 10.455 GC heap after
{Heap after GC invocations=49 (full 0):
 garbage-first heap   total 209920K, used 117640K [0x0000000080000000, 0x0000000100000000)
  region size 1024K, 2 young (2048K), 2 survivors (2048K)
 Metaspace       used 90373K, committed 90944K, reserved 1130496K
  class space    used 12699K, committed 12992K, reserved 1048576K
}
Event: 10.700 GC heap before
{Heap before GC invocations=49 (full 0):
 garbage-first heap   total 209920K, used 160648K [0x0000000080000000, 0x0000000100000000)
  region size 1024K, 45 young (46080K), 2 survivors (2048K)
 Metaspace       used 90499K, committed 91136K, reserved 1130496K
  class space    used 12712K, committed 12992K, reserved 1048576K
}
Event: 10.714 GC heap after
{Heap after GC invocations=50 (full 0):
 garbage-first heap   total 209920K, used 141287K [0x0000000080000000, 0x0000000100000000)
  region size 1024K, 6 young (6144K), 6 survivors (6144K)
 Metaspace       used 90499K, committed 91136K, reserved 1130496K
  class space    used 12712K, committed 12992K, reserved 1048576K
}
Event: 10.894 GC heap before
{Heap before GC invocations=50 (full 0):
 garbage-first heap   total 256000K, used 158695K [0x0000000080000000, 0x0000000100000000)
  region size 1024K, 30 young (30720K), 6 survivors (6144K)
 Metaspace       used 90596K, committed 91200K, reserved 1130496K
  class space    used 12709K, committed 12992K, reserved 1048576K
}

