# JRE version: Java(TM) SE Runtime Environment (16.0.2+7) (build 16.0.2+7-67)
# Java VM: Java HotSpot(TM) 64-Bit Server VM (16.0.2+7-67, mixed mode, sharing, tiered, compressed oops, compressed class ptrs, g1 gc, windows-amd64)
GC Precious Log:
 CPUs: 8 total, 8 available
 Memory: 7959M
 Large Page Support: Disabled
 NUMA Support: Disabled
 Compressed Oops: Enabled (32-bit)
 Heap Region Size: 1M
 Heap Min Capacity: 8M
 Heap Initial Capacity: 126M
 Heap Max Capacity: 2G
 Pre-touch: Disabled
 Parallel Workers: 8
 Concurrent Workers: 2
 Concurrent Refinement Workers: 8
 Periodic GC: Disabled
Heap:
 garbage-first heap   total 332800K, used 208113K [0x0000000080000000, 0x0000000100000000)
  region size 1024K, 39 young (39936K), 2 survivors (2048K)
 Metaspace       used 113002K, committed 113792K, reserved 1155072K
  class space    used 14985K, committed 15360K, reserved 1048576K
GC Heap History (20 events):
Event: 15.959 GC heap before
{Heap before GC invocations=38 (full 0):
 garbage-first heap   total 191488K, used 129933K [0x0000000080000000, 0x0000000100000000)
  region size 1024K, 36 young (36864K), 1 survivors (1024K)
 Metaspace       used 78848K, committed 79488K, reserved 1122304K
  class space    used 10549K, committed 10880K, reserved 1048576K
}
Event: 15.964 GC heap after
{Heap after GC invocations=39 (full 0):
 garbage-first heap   total 191488K, used 97442K [0x0000000080000000, 0x0000000100000000)
  region size 1024K, 4 young (4096K), 4 survivors (4096K)
 Metaspace       used 78848K, committed 79488K, reserved 1122304K
  class space    used 10549K, committed 10880K, reserved 1048576K
}
Event: 16.528 GC heap before
{Heap before GC invocations=40 (full 0):
 garbage-first heap   total 191488K, used 134306K [0x0000000080000000, 0x0000000100000000)
  region size 1024K, 41 young (41984K), 4 survivors (4096K)
 Metaspace       used 80153K, committed 80832K, reserved 1122304K
  class space    used 10695K, committed 11008K, reserved 1048576K
}
Event: 16.534 GC heap after
{Heap after GC invocations=41 (full 0):
 garbage-first heap   total 191488K, used 99946K [0x0000000080000000, 0x0000000100000000)
  region size 1024K, 6 young (6144K), 6 survivors (6144K)
 Metaspace       used 80153K, committed 80832K, reserved 1122304K
  class space    used 10695K, committed 11008K, reserved 1048576K
}
Event: 16.563 GC heap before
{Heap before GC invocations=41 (full 0):
 garbage-first heap   total 191488K, used 103018K [0x0000000080000000, 0x0000000100000000)
  region size 1024K, 9 young (9216K), 6 survivors (6144K)
 Metaspace       used 80231K, committed 80896K, reserved 1122304K
  class space    used 10703K, committed 11008K, reserved 1048576K
}
Event: 16.571 GC heap after
{Heap after GC invocations=42 (full 0):
 garbage-first heap   total 191488K, used 88127K [0x0000000080000000, 0x0000000100000000)
  region size 1024K, 1 young (1024K), 1 survivors (1024K)
 Metaspace       used 80231K, committed 80896K, reserved 1122304K
  class space    used 10703K, committed 11008K, reserved 1048576K
}
Event: 17.209 GC heap before
{Heap before GC invocations=42 (full 0):
 garbage-first heap   total 191488K, used 134207K [0x0000000080000000, 0x0000000100000000)
  region size 1024K, 47 young (48128K), 1 survivors (1024K)
 Metaspace       used 83148K, committed 83776K, reserved 1122304K
  class space    used 11071K, committed 11392K, reserved 1048576K
}
Event: 17.215 GC heap after
{Heap after GC invocations=43 (full 0):
 garbage-first heap   total 337920K, used 91080K [0x0000000080000000, 0x0000000100000000)
  region size 1024K, 4 young (4096K), 4 survivors (4096K)
 Metaspace       used 83148K, committed 83776K, reserved 1122304K
  class space    used 11071K, committed 11392K, reserved 1048576K
}
Event: 22.866 GC heap before
{Heap before GC invocations=44 (full 0):
 garbage-first heap   total 311296K, used 223176K [0x0000000080000000, 0x0000000100000000)
  region size 1024K, 132 young (135168K), 4 survivors (4096K)
 Metaspace       used 94360K, committed 95040K, reserved 1138688K
  class space    used 12469K, committed 12800K, reserved 1048576K
}
Event: 22.874 GC heap after
{Heap after GC invocations=45 (full 0):
 garbage-first heap   total 311296K, used 98750K [0x0000000080000000, 0x0000000100000000)
  region size 1024K, 12 young (12288K), 12 survivors (12288K)
 Metaspace       used 94360K, committed 95040K, reserved 1138688K
  class space    used 12469K, committed 12800K, reserved 1048576K
}
Event: 24.299 GC heap before
{Heap before GC invocations=45 (full 0):
 garbage-first heap   total 311296K, used 250302K [0x0000000080000000, 0x0000000100000000)
  region size 1024K, 137 young (140288K), 12 survivors (12288K)
 Metaspace       used 105811K, committed 106496K, reserved 1146880K
  class space    used 14186K, committed 14528K, reserved 1048576K
}
Event: 24.316 GC heap after
{Heap after GC invocations=46 (full 0):
 garbage-first heap   total 311296K, used 121023K [0x0000000080000000, 0x0000000100000000)
  region size 1024K, 18 young (18432K), 18 survivors (18432K)
 Metaspace       used 105811K, committed 106496K, reserved 1146880K
  class space    used 14186K, committed 14528K, reserved 1048576K
}
Event: 25.278 GC heap before
{Heap before GC invocations=46 (full 0):
 garbage-first heap   total 311296K, used 235711K [0x0000000080000000, 0x0000000100000000)
  region size 1024K, 129 young (132096K), 18 survivors (18432K)
 Metaspace       used 107311K, committed 108032K, reserved 1146880K
  class space    used 14449K, committed 14784K, reserved 1048576K
}
Event: 25.311 GC heap after
{Heap after GC invocations=47 (full 0):
 garbage-first heap   total 311296K, used 150345K [0x0000000080000000, 0x0000000100000000)
  region size 1024K, 17 young (17408K), 17 survivors (17408K)
 Metaspace       used 107311K, committed 108032K, reserved 1146880K
  class space    used 14449K, committed 14784K, reserved 1048576K
}
Event: 25.910 GC heap before
{Heap before GC invocations=47 (full 0):
 garbage-first heap   total 311296K, used 187209K [0x0000000080000000, 0x0000000100000000)
  region size 1024K, 49 young (50176K), 17 survivors (17408K)
 Metaspace       used 107385K, committed 108096K, reserved 1146880K
  class space    used 14456K, committed 14784K, reserved 1048576K
}
Event: 25.923 GC heap after
{Heap after GC invocations=48 (full 0):
 garbage-first heap   total 311296K, used 163049K [0x0000000080000000, 0x0000000100000000)
  region size 1024K, 7 young (7168K), 7 survivors (7168K)
 Metaspace       used 107385K, committed 108096K, reserved 1146880K
  class space    used 14456K, committed 14784K, reserved 1048576K
}
Event: 26.454 GC heap before
{Heap before GC invocations=49 (full 0):
 garbage-first heap   total 332800K, used 245993K [0x0000000080000000, 0x0000000100000000)
  region size 1024K, 80 young (81920K), 7 survivors (7168K)
 Metaspace       used 107467K, committed 108160K, reserved 1146880K
  class space    used 14453K, committed 14784K, reserved 1048576K
}
Event: 26.462 GC heap after
{Heap after GC invocations=50 (full 0):
 garbage-first heap   total 332800K, used 178348K [0x0000000080000000, 0x0000000100000000)
  region size 1024K, 10 young (10240K), 10 survivors (10240K)
 Metaspace       used 107467K, committed 108160K, reserved 1146880K
  class space    used 14453K, committed 14784K, reserved 1048576K
}
Event: 26.859 GC heap before
{Heap before GC invocations=50 (full 0):
 garbage-first heap   total 332800K, used 195756K [0x0000000080000000, 0x0000000100000000)
  region size 1024K, 28 young (28672K), 10 survivors (10240K)
 Metaspace       used 108766K, committed 109440K, reserved 1146880K
  class space    used 14617K, committed 14912K, reserved 1048576K
}
Event: 26.864 GC heap after
{Heap after GC invocations=51 (full 0):
 garbage-first heap   total 332800K, used 164081K [0x0000000080000000, 0x0000000100000000)
  region size 1024K, 2 young (2048K), 2 survivors (2048K)
 Metaspace       used 108766K, committed 109440K, reserved 1146880K
  class space    used 14617K, committed 14912K, reserved 1048576K
}

