# JRE version: Java(TM) SE Runtime Environment (16.0.2+7) (build 16.0.2+7-67)
# Java VM: Java HotSpot(TM) 64-Bit Server VM (16.0.2+7-67, mixed mode, sharing, tiered, compressed oops, compressed class ptrs, g1 gc, windows-amd64)
GC Precious Log:
 CPUs: 8 total, 8 available
 Memory: 7959M
 Large Page Support: Disabled
 NUMA Support: Disabled
 Compressed Oops: Enabled (32-bit)
 Heap Region Size: 1M
 Heap Min Capacity: 8M
 Heap Initial Capacity: 126M
 Heap Max Capacity: 2G
 Pre-touch: Disabled
 Parallel Workers: 8
 Concurrent Workers: 2
 Concurrent Refinement Workers: 8
 Periodic GC: Disabled
Heap:
 garbage-first heap   total 278528K, used 170896K [0x0000000080000000, 0x0000000100000000)
  region size 1024K, 7 young (7168K), 7 survivors (7168K)
 Metaspace       used 110948K, committed 111680K, reserved 1146880K
  class space    used 15102K, committed 15488K, reserved 1048576K
GC Heap History (20 events):
Event: 14.220 GC heap after
{Heap after GC invocations=49 (full 0):
 garbage-first heap   total 234496K, used 78373K [0x0000000080000000, 0x0000000100000000)
  region size 1024K, 1 young (1024K), 1 survivors (1024K)
 Metaspace       used 84194K, committed 84800K, reserved 1122304K
  class space    used 11150K, committed 11456K, reserved 1048576K
}
Event: 16.623 GC heap before
{Heap before GC invocations=49 (full 0):
 garbage-first heap   total 234496K, used 160293K [0x0000000080000000, 0x0000000100000000)
  region size 1024K, 82 young (83968K), 1 survivors (1024K)
 Metaspace       used 85525K, committed 86144K, reserved 1130496K
  class space    used 11292K, committed 11584K, reserved 1048576K
}
Event: 16.630 GC heap after
{Heap after GC invocations=50 (full 0):
 garbage-first heap   total 234496K, used 83829K [0x0000000080000000, 0x0000000100000000)
  region size 1024K, 6 young (6144K), 6 survivors (6144K)
 Metaspace       used 85525K, committed 86144K, reserved 1130496K
  class space    used 11292K, committed 11584K, reserved 1048576K
}
Event: 18.817 GC heap before
{Heap before GC invocations=50 (full 0):
 garbage-first heap   total 234496K, used 168821K [0x0000000080000000, 0x0000000100000000)
  region size 1024K, 88 young (90112K), 6 survivors (6144K)
 Metaspace       used 95035K, committed 95744K, reserved 1138688K
  class space    used 12407K, committed 12736K, reserved 1048576K
}
Event: 18.834 GC heap after
{Heap after GC invocations=51 (full 0):
 garbage-first heap   total 234496K, used 98492K [0x0000000080000000, 0x0000000100000000)
  region size 1024K, 11 young (11264K), 11 survivors (11264K)
 Metaspace       used 95035K, committed 95744K, reserved 1138688K
  class space    used 12407K, committed 12736K, reserved 1048576K
}
Event: 19.687 GC heap before
{Heap before GC invocations=51 (full 0):
 garbage-first heap   total 234496K, used 172220K [0x0000000080000000, 0x0000000100000000)
  region size 1024K, 82 young (83968K), 11 survivors (11264K)
 Metaspace       used 99631K, committed 100288K, reserved 1138688K
  class space    used 13040K, committed 13376K, reserved 1048576K
}
Event: 19.697 GC heap after
{Heap after GC invocations=52 (full 0):
 garbage-first heap   total 234496K, used 101051K [0x0000000080000000, 0x0000000100000000)
  region size 1024K, 6 young (6144K), 6 survivors (6144K)
 Metaspace       used 99631K, committed 100288K, reserved 1138688K
  class space    used 13040K, committed 13376K, reserved 1048576K
}
Event: 20.403 GC heap before
{Heap before GC invocations=52 (full 0):
 garbage-first heap   total 234496K, used 175803K [0x0000000080000000, 0x0000000100000000)
  region size 1024K, 80 young (81920K), 6 survivors (6144K)
 Metaspace       used 108499K, committed 109184K, reserved 1146880K
  class space    used 14777K, committed 15104K, reserved 1048576K
}
Event: 20.414 GC heap after
{Heap after GC invocations=53 (full 0):
 garbage-first heap   total 234496K, used 110665K [0x0000000080000000, 0x0000000100000000)
  region size 1024K, 10 young (10240K), 10 survivors (10240K)
 Metaspace       used 108499K, committed 109184K, reserved 1146880K
  class space    used 14777K, committed 15104K, reserved 1048576K
}
Event: 20.862 GC heap before
{Heap before GC invocations=53 (full 0):
 garbage-first heap   total 234496K, used 142409K [0x0000000080000000, 0x0000000100000000)
  region size 1024K, 42 young (43008K), 10 survivors (10240K)
 Metaspace       used 109202K, committed 109952K, reserved 1146880K
  class space    used 14810K, committed 15168K, reserved 1048576K
}
Event: 20.867 GC heap after
{Heap after GC invocations=54 (full 0):
 garbage-first heap   total 234496K, used 107148K [0x0000000080000000, 0x0000000100000000)
  region size 1024K, 2 young (2048K), 2 survivors (2048K)
 Metaspace       used 109202K, committed 109952K, reserved 1146880K
  class space    used 14810K, committed 15168K, reserved 1048576K
}
Event: 21.583 GC heap before
{Heap before GC invocations=55 (full 0):
 garbage-first heap   total 235520K, used 205452K [0x0000000080000000, 0x0000000100000000)
  region size 1024K, 76 young (77824K), 2 survivors (2048K)
 Metaspace       used 110689K, committed 111488K, reserved 1146880K
  class space    used 15111K, committed 15488K, reserved 1048576K
}
Event: 21.612 GC heap after
{Heap after GC invocations=56 (full 0):
 garbage-first heap   total 241664K, used 152136K [0x0000000080000000, 0x0000000100000000)
  region size 1024K, 10 young (10240K), 10 survivors (10240K)
 Metaspace       used 110689K, committed 111488K, reserved 1146880K
  class space    used 15111K, committed 15488K, reserved 1048576K
}
Event: 21.634 GC heap before
{Heap before GC invocations=56 (full 0):
 garbage-first heap   total 241664K, used 153160K [0x0000000080000000, 0x0000000100000000)
  region size 1024K, 11 young (11264K), 10 survivors (10240K)
 Metaspace       used 110691K, committed 111488K, reserved 1146880K
  class space    used 15111K, committed 15488K, reserved 1048576K
}
Event: 21.666 GC heap after
{Heap after GC invocations=57 (full 0):
 garbage-first heap   total 241664K, used 139944K [0x0000000080000000, 0x0000000100000000)
  region size 1024K, 1 young (1024K), 1 survivors (1024K)
 Metaspace       used 110691K, committed 111488K, reserved 1146880K
  class space    used 15111K, committed 15488K, reserved 1048576K
}
Event: 21.973 GC heap before
{Heap before GC invocations=57 (full 0):
 garbage-first heap   total 241664K, used 183976K [0x0000000080000000, 0x0000000100000000)
  region size 1024K, 45 young (46080K), 1 survivors (1024K)
 Metaspace       used 110873K, committed 111616K, reserved 1146880K
  class space    used 15120K, committed 15488K, reserved 1048576K
}
Event: 21.983 GC heap after
{Heap after GC invocations=58 (full 0):
 garbage-first heap   total 241664K, used 155366K [0x0000000080000000, 0x0000000100000000)
  region size 1024K, 6 young (6144K), 6 survivors (6144K)
 Metaspace       used 110873K, committed 111616K, reserved 1146880K
  class space    used 15120K, committed 15488K, reserved 1048576K
}
Event: 22.514 GC heap before
{Heap before GC invocations=59 (full 0):
 garbage-first heap   total 278528K, used 189158K [0x0000000080000000, 0x0000000100000000)
  region size 1024K, 40 young (40960K), 6 survivors (6144K)
 Metaspace       used 110898K, committed 111680K, reserved 1146880K
  class space    used 15098K, committed 15488K, reserved 1048576K
}
Event: 22.524 GC heap after
{Heap after GC invocations=60 (full 0):
 garbage-first heap   total 278528K, used 158820K [0x0000000080000000, 0x0000000100000000)
  region size 1024K, 3 young (3072K), 3 survivors (3072K)
 Metaspace       used 110898K, committed 111680K, reserved 1146880K
  class space    used 15098K, committed 15488K, reserved 1048576K
}
Event: 22.948 GC heap before
{Heap before GC invocations=60 (full 0):
 garbage-first heap   total 278528K, used 216164K [0x0000000080000000, 0x0000000100000000)
  region size 1024K, 56 young (57344K), 3 survivors (3072K)
 Metaspace       used 110948K, committed 111680K, reserved 1146880K
  class space    used 15102K, committed 15488K, reserved 1048576K
}

