# JRE version: Java(TM) SE Runtime Environment (16.0.2+7) (build 16.0.2+7-67)
# Java VM: Java HotSpot(TM) 64-Bit Server VM (16.0.2+7-67, mixed mode, sharing, tiered, compressed oops, compressed class ptrs, g1 gc, windows-amd64)
GC Precious Log:
 CPUs: 8 total, 8 available
 Memory: 7959M
 Large Page Support: Disabled
 NUMA Support: Disabled
 Compressed Oops: Enabled (32-bit)
 Heap Region Size: 1M
 Heap Min Capacity: 8M
 Heap Initial Capacity: 126M
 Heap Max Capacity: 2G
 Pre-touch: Disabled
 Parallel Workers: 8
 Concurrent Workers: 2
 Concurrent Refinement Workers: 8
 Periodic GC: Disabled
Heap:
 garbage-first heap   total 402432K, used 164059K [0x0000000080000000, 0x0000000100000000)
  region size 1024K, 4 young (4096K), 4 survivors (4096K)
 Metaspace       used 118739K, committed 119552K, reserved 1155072K
  class space    used 15590K, committed 16000K, reserved 1048576K
GC Heap History (20 events):
Event: 950.177 GC heap after
{Heap after GC invocations=65 (full 0):
 garbage-first heap   total 402432K, used 203890K [0x0000000080000000, 0x0000000100000000)
  region size 1024K, 20 young (20480K), 20 survivors (20480K)
 Metaspace       used 117512K, committed 118208K, reserved 1155072K
  class space    used 15521K, committed 15872K, reserved 1048576K
}
Event: 950.485 GC heap before
{Heap before GC invocations=65 (full 0):
 garbage-first heap   total 402432K, used 260210K [0x0000000080000000, 0x0000000100000000)
  region size 1024K, 77 young (78848K), 20 survivors (20480K)
 Metaspace       used 117524K, committed 118208K, reserved 1155072K
  class space    used 15521K, committed 15872K, reserved 1048576K
}
Event: 950.507 GC heap after
{Heap after GC invocations=66 (full 0):
 garbage-first heap   total 402432K, used 212357K [0x0000000080000000, 0x0000000100000000)
  region size 1024K, 16 young (16384K), 16 survivors (16384K)
 Metaspace       used 117524K, committed 118208K, reserved 1155072K
  class space    used 15521K, committed 15872K, reserved 1048576K
}
Event: 950.954 GC heap before
{Heap before GC invocations=67 (full 0):
 garbage-first heap   total 402432K, used 279941K [0x0000000080000000, 0x0000000100000000)
  region size 1024K, 100 young (102400K), 16 survivors (16384K)
 Metaspace       used 117531K, committed 118208K, reserved 1155072K
  class space    used 15521K, committed 15872K, reserved 1048576K
}
Event: 950.970 GC heap after
{Heap after GC invocations=68 (full 0):
 garbage-first heap   total 402432K, used 208128K [0x0000000080000000, 0x0000000100000000)
  region size 1024K, 13 young (13312K), 13 survivors (13312K)
 Metaspace       used 117531K, committed 118208K, reserved 1155072K
  class space    used 15521K, committed 15872K, reserved 1048576K
}
Event: 950.994 GC heap before
{Heap before GC invocations=68 (full 0):
 garbage-first heap   total 402432K, used 214272K [0x0000000080000000, 0x0000000100000000)
  region size 1024K, 19 young (19456K), 13 survivors (13312K)
 Metaspace       used 117531K, committed 118208K, reserved 1155072K
  class space    used 15521K, committed 15872K, reserved 1048576K
}
Event: 951.011 GC heap after
{Heap after GC invocations=69 (full 0):
 garbage-first heap   total 402432K, used 179406K [0x0000000080000000, 0x0000000100000000)
  region size 1024K, 2 young (2048K), 2 survivors (2048K)
 Metaspace       used 117531K, committed 118208K, reserved 1155072K
  class space    used 15521K, committed 15872K, reserved 1048576K
}
Event: 951.285 GC heap before
{Heap before GC invocations=69 (full 0):
 garbage-first heap   total 402432K, used 213198K [0x0000000080000000, 0x0000000100000000)
  region size 1024K, 37 young (37888K), 2 survivors (2048K)
 Metaspace       used 117568K, committed 118272K, reserved 1155072K
  class space    used 15521K, committed 15872K, reserved 1048576K
}
Event: 951.291 GC heap after
{Heap after GC invocations=70 (full 0):
 garbage-first heap   total 402432K, used 179301K [0x0000000080000000, 0x0000000100000000)
  region size 1024K, 2 young (2048K), 2 survivors (2048K)
 Metaspace       used 117568K, committed 118272K, reserved 1155072K
  class space    used 15521K, committed 15872K, reserved 1048576K
}
Event: 991.676 GC heap before
{Heap before GC invocations=71 (full 0):
 garbage-first heap   total 402432K, used 369765K [0x0000000080000000, 0x0000000100000000)
  region size 1024K, 119 young (121856K), 2 survivors (2048K)
 Metaspace       used 118502K, committed 119360K, reserved 1155072K
  class space    used 15576K, committed 16000K, reserved 1048576K
}
Event: 991.683 GC heap after
{Heap after GC invocations=72 (full 0):
 garbage-first heap   total 402432K, used 160879K [0x0000000080000000, 0x0000000100000000)
  region size 1024K, 6 young (6144K), 6 survivors (6144K)
 Metaspace       used 118502K, committed 119360K, reserved 1155072K
  class space    used 15576K, committed 16000K, reserved 1048576K
}
Event: 991.852 GC heap before
{Heap before GC invocations=72 (full 0):
 garbage-first heap   total 402432K, used 175215K [0x0000000080000000, 0x0000000100000000)
  region size 1024K, 19 young (19456K), 6 survivors (6144K)
 Metaspace       used 118558K, committed 119360K, reserved 1155072K
  class space    used 15577K, committed 16000K, reserved 1048576K
}
Event: 991.860 GC heap after
{Heap after GC invocations=73 (full 0):
 garbage-first heap   total 402432K, used 127872K [0x0000000080000000, 0x0000000100000000)
  region size 1024K, 3 young (3072K), 3 survivors (3072K)
 Metaspace       used 118558K, committed 119360K, reserved 1155072K
  class space    used 15577K, committed 16000K, reserved 1048576K
}
Event: 992.310 GC heap before
{Heap before GC invocations=73 (full 0):
 garbage-first heap   total 402432K, used 180096K [0x0000000080000000, 0x0000000100000000)
  region size 1024K, 55 young (56320K), 3 survivors (3072K)
 Metaspace       used 118714K, committed 119552K, reserved 1155072K
  class space    used 15590K, committed 16000K, reserved 1048576K
}
Event: 992.314 GC heap after
{Heap after GC invocations=74 (full 0):
 garbage-first heap   total 402432K, used 127244K [0x0000000080000000, 0x0000000100000000)
  region size 1024K, 3 young (3072K), 3 survivors (3072K)
 Metaspace       used 118714K, committed 119552K, reserved 1155072K
  class space    used 15590K, committed 16000K, reserved 1048576K
}
Event: 993.049 GC heap before
{Heap before GC invocations=75 (full 0):
 garbage-first heap   total 402432K, used 325900K [0x0000000080000000, 0x0000000100000000)
  region size 1024K, 173 young (177152K), 3 survivors (3072K)
 Metaspace       used 118739K, committed 119552K, reserved 1155072K
  class space    used 15590K, committed 16000K, reserved 1048576K
}
Event: 993.083 GC heap after
{Heap after GC invocations=76 (full 0):
 garbage-first heap   total 402432K, used 183270K [0x0000000080000000, 0x0000000100000000)
  region size 1024K, 22 young (22528K), 22 survivors (22528K)
 Metaspace       used 118739K, committed 119552K, reserved 1155072K
  class space    used 15590K, committed 16000K, reserved 1048576K
}
Event: 993.097 GC heap before
{Heap before GC invocations=76 (full 0):
 garbage-first heap   total 402432K, used 184294K [0x0000000080000000, 0x0000000100000000)
  region size 1024K, 23 young (23552K), 22 survivors (22528K)
 Metaspace       used 118739K, committed 119552K, reserved 1155072K
  class space    used 15590K, committed 16000K, reserved 1048576K
}
Event: 993.127 GC heap after
{Heap after GC invocations=77 (full 0):
 garbage-first heap   total 402432K, used 162252K [0x0000000080000000, 0x0000000100000000)
  region size 1024K, 2 young (2048K), 2 survivors (2048K)
 Metaspace       used 118739K, committed 119552K, reserved 1155072K
  class space    used 15590K, committed 16000K, reserved 1048576K
}
Event: 993.155 GC heap before
{Heap before GC invocations=77 (full 0):
 garbage-first heap   total 402432K, used 177612K [0x0000000080000000, 0x0000000100000000)
  region size 1024K, 18 young (18432K), 2 survivors (2048K)
 Metaspace       used 118739K, committed 119552K, reserved 1155072K
  class space    used 15590K, committed 16000K, reserved 1048576K
}

