# JRE version: Java(TM) SE Runtime Environment (16.0.2+7) (build 16.0.2+7-67)
# Java VM: Java HotSpot(TM) 64-Bit Server VM (16.0.2+7-67, mixed mode, sharing, tiered, compressed oops, compressed class ptrs, g1 gc, windows-amd64)
GC Precious Log:
 CPUs: 8 total, 8 available
 Memory: 7959M
 Large Page Support: Disabled
 NUMA Support: Disabled
 Compressed Oops: Enabled (32-bit)
 Heap Region Size: 1M
 Heap Min Capacity: 8M
 Heap Initial Capacity: 126M
 Heap Max Capacity: 2G
 Pre-touch: Disabled
 Parallel Workers: 8
 Concurrent Workers: 2
 Concurrent Refinement Workers: 8
 Periodic GC: Disabled
Heap:
 garbage-first heap   total 215040K, used 89938K [0x0000000080000000, 0x0000000100000000)
  region size 1024K, 2 young (2048K), 2 survivors (2048K)
 Metaspace       used 89554K, committed 90176K, reserved 1130496K
  class space    used 11563K, committed 11840K, reserved 1048576K
GC Heap History (20 events):
Event: 10.705 GC heap after
{Heap after GC invocations=35 (full 0):
 garbage-first heap   total 158720K, used 94926K [0x0000000080000000, 0x0000000100000000)
  region size 1024K, 4 young (4096K), 4 survivors (4096K)
 Metaspace       used 75412K, committed 75904K, reserved 1122304K
  class space    used 10136K, committed 10368K, reserved 1048576K
}
Event: 11.002 GC heap before
{Heap before GC invocations=35 (full 0):
 garbage-first heap   total 158720K, used 113358K [0x0000000080000000, 0x0000000100000000)
  region size 1024K, 24 young (24576K), 4 survivors (4096K)
 Metaspace       used 77229K, committed 77824K, reserved 1122304K
  class space    used 10325K, committed 10624K, reserved 1048576K
}
Event: 11.008 GC heap after
{Heap after GC invocations=36 (full 0):
 garbage-first heap   total 191488K, used 98339K [0x0000000080000000, 0x0000000100000000)
  region size 1024K, 3 young (3072K), 3 survivors (3072K)
 Metaspace       used 77229K, committed 77824K, reserved 1122304K
  class space    used 10325K, committed 10624K, reserved 1048576K
}
Event: 11.210 GC heap before
{Heap before GC invocations=37 (full 0):
 garbage-first heap   total 191488K, used 105507K [0x0000000080000000, 0x0000000100000000)
  region size 1024K, 10 young (10240K), 3 survivors (3072K)
 Metaspace       used 78964K, committed 79488K, reserved 1122304K
  class space    used 10488K, committed 10752K, reserved 1048576K
}
Event: 11.217 GC heap after
{Heap after GC invocations=38 (full 0):
 garbage-first heap   total 191488K, used 103850K [0x0000000080000000, 0x0000000100000000)
  region size 1024K, 6 young (6144K), 6 survivors (6144K)
 Metaspace       used 78964K, committed 79488K, reserved 1122304K
  class space    used 10488K, committed 10752K, reserved 1048576K
}
Event: 12.030 GC heap before
{Heap before GC invocations=39 (full 0):
 garbage-first heap   total 198656K, used 142762K [0x0000000080000000, 0x0000000100000000)
  region size 1024K, 35 young (35840K), 6 survivors (6144K)
 Metaspace       used 79691K, committed 80192K, reserved 1122304K
  class space    used 10558K, committed 10816K, reserved 1048576K
}
Event: 12.038 GC heap after
{Heap after GC invocations=40 (full 0):
 garbage-first heap   total 198656K, used 104939K [0x0000000080000000, 0x0000000100000000)
  region size 1024K, 4 young (4096K), 4 survivors (4096K)
 Metaspace       used 79691K, committed 80192K, reserved 1122304K
  class space    used 10558K, committed 10816K, reserved 1048576K
}
Event: 12.149 GC heap before
{Heap before GC invocations=40 (full 0):
 garbage-first heap   total 198656K, used 111083K [0x0000000080000000, 0x0000000100000000)
  region size 1024K, 12 young (12288K), 4 survivors (4096K)
 Metaspace       used 79714K, committed 80256K, reserved 1122304K
  class space    used 10560K, committed 10816K, reserved 1048576K
}
Event: 12.156 GC heap after
{Heap after GC invocations=41 (full 0):
 garbage-first heap   total 198656K, used 109867K [0x0000000080000000, 0x0000000100000000)
  region size 1024K, 5 young (5120K), 5 survivors (5120K)
 Metaspace       used 79714K, committed 80256K, reserved 1122304K
  class space    used 10560K, committed 10816K, reserved 1048576K
}
Event: 12.521 GC heap before
{Heap before GC invocations=42 (full 0):
 garbage-first heap   total 215040K, used 157995K [0x0000000080000000, 0x0000000100000000)
  region size 1024K, 39 young (39936K), 5 survivors (5120K)
 Metaspace       used 80998K, committed 81536K, reserved 1122304K
  class space    used 10663K, committed 10944K, reserved 1048576K
}
Event: 12.526 GC heap after
{Heap after GC invocations=43 (full 0):
 garbage-first heap   total 215040K, used 110253K [0x0000000080000000, 0x0000000100000000)
  region size 1024K, 5 young (5120K), 5 survivors (5120K)
 Metaspace       used 80998K, committed 81536K, reserved 1122304K
  class space    used 10663K, committed 10944K, reserved 1048576K
}
Event: 12.902 GC heap before
{Heap before GC invocations=43 (full 0):
 garbage-first heap   total 215040K, used 147117K [0x0000000080000000, 0x0000000100000000)
  region size 1024K, 43 young (44032K), 5 survivors (5120K)
 Metaspace       used 83352K, committed 83968K, reserved 1122304K
  class space    used 10840K, committed 11136K, reserved 1048576K
}
Event: 12.907 GC heap after
{Heap after GC invocations=44 (full 0):
 garbage-first heap   total 215040K, used 112849K [0x0000000080000000, 0x0000000100000000)
  region size 1024K, 3 young (3072K), 3 survivors (3072K)
 Metaspace       used 83352K, committed 83968K, reserved 1122304K
  class space    used 10840K, committed 11136K, reserved 1048576K
}
Event: 13.343 GC heap before
{Heap before GC invocations=45 (full 0):
 garbage-first heap   total 215040K, used 191697K [0x0000000080000000, 0x0000000100000000)
  region size 1024K, 50 young (51200K), 3 survivors (3072K)
 Metaspace       used 84421K, committed 84992K, reserved 1130496K
  class space    used 10914K, committed 11200K, reserved 1048576K
}
Event: 13.348 GC heap after
{Heap after GC invocations=46 (full 0):
 garbage-first heap   total 215040K, used 105979K [0x0000000080000000, 0x0000000100000000)
  region size 1024K, 5 young (5120K), 5 survivors (5120K)
 Metaspace       used 84421K, committed 84992K, reserved 1130496K
  class space    used 10914K, committed 11200K, reserved 1048576K
}
Event: 13.510 GC heap before
{Heap before GC invocations=46 (full 0):
 garbage-first heap   total 215040K, used 117243K [0x0000000080000000, 0x0000000100000000)
  region size 1024K, 10 young (10240K), 5 survivors (5120K)
 Metaspace       used 84451K, committed 85056K, reserved 1130496K
  class space    used 10914K, committed 11200K, reserved 1048576K
}
Event: 13.516 GC heap after
{Heap after GC invocations=47 (full 0):
 garbage-first heap   total 215040K, used 88668K [0x0000000080000000, 0x0000000100000000)
  region size 1024K, 1 young (1024K), 1 survivors (1024K)
 Metaspace       used 84451K, committed 85056K, reserved 1130496K
  class space    used 10914K, committed 11200K, reserved 1048576K
}
Event: 13.559 GC heap before
{Heap before GC invocations=47 (full 0):
 garbage-first heap   total 215040K, used 97884K [0x0000000080000000, 0x0000000100000000)
  region size 1024K, 3 young (3072K), 1 survivors (1024K)
 Metaspace       used 84465K, committed 85056K, reserved 1130496K
  class space    used 10914K, committed 11200K, reserved 1048576K
}
Event: 13.561 GC heap after
{Heap after GC invocations=48 (full 0):
 garbage-first heap   total 215040K, used 94326K [0x0000000080000000, 0x0000000100000000)
  region size 1024K, 1 young (1024K), 1 survivors (1024K)
 Metaspace       used 84465K, committed 85056K, reserved 1130496K
  class space    used 10914K, committed 11200K, reserved 1048576K
}
Event: 14.859 GC heap before
{Heap before GC invocations=48 (full 0):
 garbage-first heap   total 215040K, used 166006K [0x0000000080000000, 0x0000000100000000)
  region size 1024K, 66 young (67584K), 1 survivors (1024K)
 Metaspace       used 89554K, committed 90176K, reserved 1130496K
  class space    used 11563K, committed 11840K, reserved 1048576K
}

