# JRE version: Java(TM) SE Runtime Environment (16.0.2+7) (build 16.0.2+7-67)
# Java VM: Java HotSpot(TM) 64-Bit Server VM (16.0.2+7-67, mixed mode, sharing, tiered, compressed oops, compressed class ptrs, g1 gc, windows-amd64)
GC Precious Log:
 CPUs: 8 total, 8 available
 Memory: 7959M
 Large Page Support: Disabled
 NUMA Support: Disabled
 Compressed Oops: Enabled (32-bit)
 Heap Region Size: 1M
 Heap Min Capacity: 8M
 Heap Initial Capacity: 126M
 Heap Max Capacity: 2G
 Pre-touch: Disabled
 Parallel Workers: 8
 Concurrent Workers: 2
 Concurrent Refinement Workers: 8
 Periodic GC: Disabled
Heap:
 garbage-first heap   total 240640K, used 169438K [0x0000000080000000, 0x0000000100000000)
  region size 1024K, 33 young (33792K), 5 survivors (5120K)
 Metaspace       used 91019K, committed 91776K, reserved 1130496K
  class space    used 11730K, committed 12096K, reserved 1048576K
GC Heap History (20 events):
Event: 10.645 GC heap before
{Heap before GC invocations=36 (full 0):
 garbage-first heap   total 140288K, used 106170K [0x0000000080000000, 0x0000000100000000)
  region size 1024K, 36 young (36864K), 5 survivors (5120K)
 Metaspace       used 74778K, committed 75328K, reserved 1114112K
  class space    used 10026K, committed 10304K, reserved 1048576K
}
Event: 10.651 GC heap after
{Heap after GC invocations=37 (full 0):
 garbage-first heap   total 140288K, used 77311K [0x0000000080000000, 0x0000000100000000)
  region size 1024K, 5 young (5120K), 5 survivors (5120K)
 Metaspace       used 74778K, committed 75328K, reserved 1114112K
  class space    used 10026K, committed 10304K, reserved 1048576K
}
Event: 11.119 GC heap before
{Heap before GC invocations=37 (full 0):
 garbage-first heap   total 140288K, used 115199K [0x0000000080000000, 0x0000000100000000)
  region size 1024K, 43 young (44032K), 5 survivors (5120K)
 Metaspace       used 78377K, committed 78976K, reserved 1122304K
  class space    used 10526K, committed 10816K, reserved 1048576K
}
Event: 11.126 GC heap after
{Heap after GC invocations=38 (full 0):
 garbage-first heap   total 168960K, used 79063K [0x0000000080000000, 0x0000000100000000)
  region size 1024K, 4 young (4096K), 4 survivors (4096K)
 Metaspace       used 78377K, committed 78976K, reserved 1122304K
  class space    used 10526K, committed 10816K, reserved 1048576K
}
Event: 11.522 GC heap before
{Heap before GC invocations=39 (full 0):
 garbage-first heap   total 168960K, used 101591K [0x0000000080000000, 0x0000000100000000)
  region size 1024K, 28 young (28672K), 4 survivors (4096K)
 Metaspace       used 80384K, committed 80960K, reserved 1122304K
  class space    used 10787K, committed 11072K, reserved 1048576K
}
Event: 11.528 GC heap after
{Heap after GC invocations=40 (full 0):
 garbage-first heap   total 168960K, used 81760K [0x0000000080000000, 0x0000000100000000)
  region size 1024K, 7 young (7168K), 7 survivors (7168K)
 Metaspace       used 80384K, committed 80960K, reserved 1122304K
  class space    used 10787K, committed 11072K, reserved 1048576K
}
Event: 11.539 GC heap before
{Heap before GC invocations=40 (full 0):
 garbage-first heap   total 168960K, used 87904K [0x0000000080000000, 0x0000000100000000)
  region size 1024K, 8 young (8192K), 7 survivors (7168K)
 Metaspace       used 80415K, committed 80960K, reserved 1122304K
  class space    used 10793K, committed 11072K, reserved 1048576K
}
Event: 11.544 GC heap after
{Heap after GC invocations=41 (full 0):
 garbage-first heap   total 168960K, used 88158K [0x0000000080000000, 0x0000000100000000)
  region size 1024K, 4 young (4096K), 4 survivors (4096K)
 Metaspace       used 80415K, committed 80960K, reserved 1122304K
  class space    used 10793K, committed 11072K, reserved 1048576K
}
Event: 11.735 GC heap before
{Heap before GC invocations=42 (full 0):
 garbage-first heap   total 168960K, used 94302K [0x0000000080000000, 0x0000000100000000)
  region size 1024K, 6 young (6144K), 4 survivors (4096K)
 Metaspace       used 80639K, committed 81152K, reserved 1122304K
  class space    used 10823K, committed 11072K, reserved 1048576K
}
Event: 11.738 GC heap after
{Heap after GC invocations=43 (full 0):
 garbage-first heap   total 168960K, used 81713K [0x0000000080000000, 0x0000000100000000)
  region size 1024K, 4 young (4096K), 4 survivors (4096K)
 Metaspace       used 80639K, committed 81152K, reserved 1122304K
  class space    used 10823K, committed 11072K, reserved 1048576K
}
Event: 16.686 GC heap before
{Heap before GC invocations=44 (full 0):
 garbage-first heap   total 193536K, used 167729K [0x0000000080000000, 0x0000000100000000)
  region size 1024K, 60 young (61440K), 4 survivors (4096K)
 Metaspace       used 85210K, committed 85824K, reserved 1130496K
  class space    used 11193K, committed 11456K, reserved 1048576K
}
Event: 16.693 GC heap after
{Heap after GC invocations=45 (full 0):
 garbage-first heap   total 193536K, used 86749K [0x0000000080000000, 0x0000000100000000)
  region size 1024K, 8 young (8192K), 8 survivors (8192K)
 Metaspace       used 85210K, committed 85824K, reserved 1130496K
  class space    used 11193K, committed 11456K, reserved 1048576K
}
Event: 65.172 GC heap before
{Heap before GC invocations=45 (full 0):
 garbage-first heap   total 193536K, used 157405K [0x0000000080000000, 0x0000000100000000)
  region size 1024K, 76 young (77824K), 8 survivors (8192K)
 Metaspace       used 86058K, committed 86720K, reserved 1130496K
  class space    used 11230K, committed 11520K, reserved 1048576K
}
Event: 65.181 GC heap after
{Heap after GC invocations=46 (full 0):
 garbage-first heap   total 193536K, used 93774K [0x0000000080000000, 0x0000000100000000)
  region size 1024K, 10 young (10240K), 10 survivors (10240K)
 Metaspace       used 86058K, committed 86720K, reserved 1130496K
  class space    used 11230K, committed 11520K, reserved 1048576K
}
Event: 65.587 GC heap before
{Heap before GC invocations=46 (full 0):
 garbage-first heap   total 193536K, used 132686K [0x0000000080000000, 0x0000000100000000)
  region size 1024K, 49 young (50176K), 10 survivors (10240K)
 Metaspace       used 87250K, committed 87936K, reserved 1130496K
  class space    used 11358K, committed 11712K, reserved 1048576K
}
Event: 65.599 GC heap after
{Heap after GC invocations=47 (full 0):
 garbage-first heap   total 193536K, used 107705K [0x0000000080000000, 0x0000000100000000)
  region size 1024K, 9 young (9216K), 9 survivors (9216K)
 Metaspace       used 87250K, committed 87936K, reserved 1130496K
  class space    used 11358K, committed 11712K, reserved 1048576K
}
Event: 66.415 GC heap before
{Heap before GC invocations=48 (full 0):
 garbage-first heap   total 209920K, used 157880K [0x0000000080000000, 0x0000000100000000)
  region size 1024K, 45 young (46080K), 9 survivors (9216K)
 Metaspace       used 90574K, committed 91264K, reserved 1130496K
  class space    used 11706K, committed 12032K, reserved 1048576K
}
Event: 66.422 GC heap after
{Heap after GC invocations=49 (full 0):
 garbage-first heap   total 209920K, used 110230K [0x0000000080000000, 0x0000000100000000)
  region size 1024K, 3 young (3072K), 3 survivors (3072K)
 Metaspace       used 90574K, committed 91264K, reserved 1130496K
  class space    used 11706K, committed 12032K, reserved 1048576K
}
Event: 67.747 GC heap before
{Heap before GC invocations=49 (full 0):
 garbage-first heap   total 209920K, used 156310K [0x0000000080000000, 0x0000000100000000)
  region size 1024K, 49 young (50176K), 3 survivors (3072K)
 Metaspace       used 90887K, committed 91520K, reserved 1130496K
  class space    used 11722K, committed 12032K, reserved 1048576K
}
Event: 67.751 GC heap after
{Heap after GC invocations=50 (full 0):
 garbage-first heap   total 209920K, used 112375K [0x0000000080000000, 0x0000000100000000)
  region size 1024K, 5 young (5120K), 5 survivors (5120K)
 Metaspace       used 90887K, committed 91520K, reserved 1130496K
  class space    used 11722K, committed 12032K, reserved 1048576K
}

