# JRE version: Java(TM) SE Runtime Environment (16.0.2+7) (build 16.0.2+7-67)
# Java VM: Java HotSpot(TM) 64-Bit Server VM (16.0.2+7-67, mixed mode, sharing, tiered, compressed oops, compressed class ptrs, g1 gc, windows-amd64)
GC Precious Log:
 CPUs: 8 total, 8 available
 Memory: 7959M
 Large Page Support: Disabled
 NUMA Support: Disabled
 Compressed Oops: Enabled (32-bit)
 Heap Region Size: 1M
 Heap Min Capacity: 8M
 Heap Initial Capacity: 126M
 Heap Max Capacity: 2G
 Pre-touch: Disabled
 Parallel Workers: 8
 Concurrent Workers: 2
 Concurrent Refinement Workers: 8
 Periodic GC: Disabled
Heap:
 garbage-first heap   total 276480K, used 192768K [0x0000000080000000, 0x0000000100000000)
  region size 1024K, 35 young (35840K), 8 survivors (8192K)
 Metaspace       used 84142K, committed 84736K, reserved 1122304K
  class space    used 11470K, committed 11712K, reserved 1048576K
GC Heap History (20 events):
Event: 10.771 GC heap before
{Heap before GC invocations=36 (full 0):
 garbage-first heap   total 137216K, used 109556K [0x0000000080000000, 0x0000000100000000)
  region size 1024K, 39 young (39936K), 5 survivors (5120K)
 Metaspace       used 75052K, committed 75648K, reserved 1122304K
  class space    used 10084K, committed 10368K, reserved 1048576K
}
Event: 10.777 GC heap after
{Heap after GC invocations=37 (full 0):
 garbage-first heap   total 137216K, used 77898K [0x0000000080000000, 0x0000000100000000)
  region size 1024K, 5 young (5120K), 5 survivors (5120K)
 Metaspace       used 75052K, committed 75648K, reserved 1122304K
  class space    used 10084K, committed 10368K, reserved 1048576K
}
Event: 10.922 GC heap before
{Heap before GC invocations=37 (full 0):
 garbage-first heap   total 137216K, used 89162K [0x0000000080000000, 0x0000000100000000)
  region size 1024K, 18 young (18432K), 5 survivors (5120K)
 Metaspace       used 75399K, committed 75968K, reserved 1122304K
  class space    used 10126K, committed 10368K, reserved 1048576K
}
Event: 10.928 GC heap after
{Heap after GC invocations=38 (full 0):
 garbage-first heap   total 164864K, used 78666K [0x0000000080000000, 0x0000000100000000)
  region size 1024K, 3 young (3072K), 3 survivors (3072K)
 Metaspace       used 75399K, committed 75968K, reserved 1122304K
  class space    used 10126K, committed 10368K, reserved 1048576K
}
Event: 11.153 GC heap before
{Heap before GC invocations=39 (full 0):
 garbage-first heap   total 164864K, used 96074K [0x0000000080000000, 0x0000000100000000)
  region size 1024K, 16 young (16384K), 3 survivors (3072K)
 Metaspace       used 78009K, committed 78592K, reserved 1122304K
  class space    used 10495K, committed 10752K, reserved 1048576K
}
Event: 11.158 GC heap after
{Heap after GC invocations=40 (full 0):
 garbage-first heap   total 164864K, used 86919K [0x0000000080000000, 0x0000000100000000)
  region size 1024K, 5 young (5120K), 5 survivors (5120K)
 Metaspace       used 78009K, committed 78592K, reserved 1122304K
  class space    used 10495K, committed 10752K, reserved 1048576K
}
Event: 11.502 GC heap before
{Heap before GC invocations=41 (full 0):
 garbage-first heap   total 188416K, used 146311K [0x0000000080000000, 0x0000000100000000)
  region size 1024K, 47 young (48128K), 5 survivors (5120K)
 Metaspace       used 80123K, committed 80640K, reserved 1122304K
  class space    used 10962K, committed 11200K, reserved 1048576K
}
Event: 11.517 GC heap after
{Heap after GC invocations=42 (full 0):
 garbage-first heap   total 188416K, used 106539K [0x0000000080000000, 0x0000000100000000)
  region size 1024K, 6 young (6144K), 6 survivors (6144K)
 Metaspace       used 80123K, committed 80640K, reserved 1122304K
  class space    used 10962K, committed 11200K, reserved 1048576K
}
Event: 11.836 GC heap before
{Heap before GC invocations=42 (full 0):
 garbage-first heap   total 188416K, used 144427K [0x0000000080000000, 0x0000000100000000)
  region size 1024K, 44 young (45056K), 6 survivors (6144K)
 Metaspace       used 80570K, committed 81152K, reserved 1122304K
  class space    used 10990K, committed 11264K, reserved 1048576K
}
Event: 11.855 GC heap after
{Heap after GC invocations=43 (full 0):
 garbage-first heap   total 188416K, used 126568K [0x0000000080000000, 0x0000000100000000)
  region size 1024K, 6 young (6144K), 6 survivors (6144K)
 Metaspace       used 80570K, committed 81152K, reserved 1122304K
  class space    used 10990K, committed 11264K, reserved 1048576K
}
Event: 12.109 GC heap before
{Heap before GC invocations=44 (full 0):
 garbage-first heap   total 239616K, used 148072K [0x0000000080000000, 0x0000000100000000)
  region size 1024K, 28 young (28672K), 6 survivors (6144K)
 Metaspace       used 81918K, committed 82432K, reserved 1122304K
  class space    used 11179K, committed 11392K, reserved 1048576K
}
Event: 12.125 GC heap after
{Heap after GC invocations=45 (full 0):
 garbage-first heap   total 239616K, used 137199K [0x0000000080000000, 0x0000000100000000)
  region size 1024K, 4 young (4096K), 4 survivors (4096K)
 Metaspace       used 81918K, committed 82432K, reserved 1122304K
  class space    used 11179K, committed 11392K, reserved 1048576K
}
Event: 12.464 GC heap before
{Heap before GC invocations=45 (full 0):
 garbage-first heap   total 239616K, used 175087K [0x0000000080000000, 0x0000000100000000)
  region size 1024K, 42 young (43008K), 4 survivors (4096K)
 Metaspace       used 83505K, committed 84032K, reserved 1122304K
  class space    used 11405K, committed 11648K, reserved 1048576K
}
Event: 12.473 GC heap after
{Heap after GC invocations=46 (full 0):
 garbage-first heap   total 239616K, used 143288K [0x0000000080000000, 0x0000000100000000)
  region size 1024K, 5 young (5120K), 5 survivors (5120K)
 Metaspace       used 83505K, committed 84032K, reserved 1122304K
  class space    used 11405K, committed 11648K, reserved 1048576K
}
Event: 12.865 GC heap before
{Heap before GC invocations=47 (full 0):
 garbage-first heap   total 252928K, used 162744K [0x0000000080000000, 0x0000000100000000)
  region size 1024K, 27 young (27648K), 5 survivors (5120K)
 Metaspace       used 83713K, committed 84224K, reserved 1122304K
  class space    used 11425K, committed 11648K, reserved 1048576K
}
Event: 12.874 GC heap after
{Heap after GC invocations=48 (full 0):
 garbage-first heap   total 252928K, used 144158K [0x0000000080000000, 0x0000000100000000)
  region size 1024K, 3 young (3072K), 3 survivors (3072K)
 Metaspace       used 83713K, committed 84224K, reserved 1122304K
  class space    used 11425K, committed 11648K, reserved 1048576K
}
Event: 13.203 GC heap before
{Heap before GC invocations=49 (full 0):
 garbage-first heap   total 263168K, used 157470K [0x0000000080000000, 0x0000000100000000)
  region size 1024K, 17 young (17408K), 3 survivors (3072K)
 Metaspace       used 83760K, committed 84288K, reserved 1122304K
  class space    used 11432K, committed 11648K, reserved 1048576K
}
Event: 13.209 GC heap after
{Heap after GC invocations=50 (full 0):
 garbage-first heap   total 263168K, used 146531K [0x0000000080000000, 0x0000000100000000)
  region size 1024K, 4 young (4096K), 4 survivors (4096K)
 Metaspace       used 83760K, committed 84288K, reserved 1122304K
  class space    used 11432K, committed 11648K, reserved 1048576K
}
Event: 13.556 GC heap before
{Heap before GC invocations=51 (full 0):
 garbage-first heap   total 276480K, used 199779K [0x0000000080000000, 0x0000000100000000)
  region size 1024K, 55 young (56320K), 4 survivors (4096K)
 Metaspace       used 84038K, committed 84544K, reserved 1122304K
  class space    used 11465K, committed 11712K, reserved 1048576K
}
Event: 13.566 GC heap after
{Heap after GC invocations=52 (full 0):
 garbage-first heap   total 276480K, used 157952K [0x0000000080000000, 0x0000000100000000)
  region size 1024K, 8 young (8192K), 8 survivors (8192K)
 Metaspace       used 84038K, committed 84544K, reserved 1122304K
  class space    used 11465K, committed 11712K, reserved 1048576K
}

