# JRE version: Java(TM) SE Runtime Environment (16.0.2+7) (build 16.0.2+7-67)
# Java VM: Java HotSpot(TM) 64-Bit Server VM (16.0.2+7-67, mixed mode, sharing, tiered, compressed oops, compressed class ptrs, g1 gc, windows-amd64)
GC Precious Log:
 CPUs: 8 total, 8 available
 Memory: 7959M
 Large Page Support: Disabled
 NUMA Support: Disabled
 Compressed Oops: Enabled (32-bit)
 Heap Region Size: 1M
 Heap Min Capacity: 8M
 Heap Initial Capacity: 126M
 Heap Max Capacity: 2G
 Pre-touch: Disabled
 Parallel Workers: 8
 Concurrent Workers: 2
 Concurrent Refinement Workers: 8
 Periodic GC: Disabled
Heap:
 garbage-first heap   total 315392K, used 120172K [0x0000000080000000, 0x0000000100000000)
  region size 1024K, 16 young (16384K), 16 survivors (16384K)
 Metaspace       used 105956K, committed 106816K, reserved 1146880K
  class space    used 13198K, committed 13632K, reserved 1048576K
GC Heap History (20 events):
Event: 19.445 GC heap after
{Heap after GC invocations=47 (full 0):
 garbage-first heap   total 184320K, used 112813K [0x0000000080000000, 0x0000000100000000)
  region size 1024K, 2 young (2048K), 2 survivors (2048K)
 Metaspace       used 83629K, committed 84288K, reserved 1130496K
  class space    used 10865K, committed 11200K, reserved 1048576K
}
Event: 19.600 GC heap before
{Heap before GC invocations=47 (full 0):
 garbage-first heap   total 184320K, used 125101K [0x0000000080000000, 0x0000000100000000)
  region size 1024K, 16 young (16384K), 2 survivors (2048K)
 Metaspace       used 84282K, committed 84864K, reserved 1130496K
  class space    used 10922K, committed 11200K, reserved 1048576K
}
Event: 19.605 GC heap after
{Heap after GC invocations=48 (full 0):
 garbage-first heap   total 315392K, used 113269K [0x0000000080000000, 0x0000000100000000)
  region size 1024K, 3 young (3072K), 3 survivors (3072K)
 Metaspace       used 84282K, committed 84864K, reserved 1130496K
  class space    used 10922K, committed 11200K, reserved 1048576K
}
Event: 21.605 GC heap before
{Heap before GC invocations=48 (full 0):
 garbage-first heap   total 315392K, used 255605K [0x0000000080000000, 0x0000000100000000)
  region size 1024K, 119 young (121856K), 3 survivors (3072K)
 Metaspace       used 89856K, committed 90432K, reserved 1130496K
  class space    used 11384K, committed 11648K, reserved 1048576K
}
Event: 21.616 GC heap after
{Heap after GC invocations=49 (full 0):
 garbage-first heap   total 315392K, used 129280K [0x0000000080000000, 0x0000000100000000)
  region size 1024K, 15 young (15360K), 15 survivors (15360K)
 Metaspace       used 89856K, committed 90432K, reserved 1130496K
  class space    used 11384K, committed 11648K, reserved 1048576K
}
Event: 31.971 GC heap before
{Heap before GC invocations=49 (full 0):
 garbage-first heap   total 315392K, used 263424K [0x0000000080000000, 0x0000000100000000)
  region size 1024K, 121 young (123904K), 15 survivors (15360K)
 Metaspace       used 91029K, committed 91712K, reserved 1130496K
  class space    used 11429K, committed 11776K, reserved 1048576K
}
Event: 31.984 GC heap after
{Heap after GC invocations=50 (full 0):
 garbage-first heap   total 315392K, used 128257K [0x0000000080000000, 0x0000000100000000)
  region size 1024K, 7 young (7168K), 7 survivors (7168K)
 Metaspace       used 91029K, committed 91712K, reserved 1130496K
  class space    used 11429K, committed 11776K, reserved 1048576K
}
Event: 33.372 GC heap before
{Heap before GC invocations=50 (full 0):
 garbage-first heap   total 315392K, used 251137K [0x0000000080000000, 0x0000000100000000)
  region size 1024K, 110 young (112640K), 7 survivors (7168K)
 Metaspace       used 91375K, committed 92096K, reserved 1130496K
  class space    used 11434K, committed 11776K, reserved 1048576K
}
Event: 33.388 GC heap after
{Heap after GC invocations=51 (full 0):
 garbage-first heap   total 315392K, used 162816K [0x0000000080000000, 0x0000000100000000)
  region size 1024K, 15 young (15360K), 15 survivors (15360K)
 Metaspace       used 91375K, committed 92096K, reserved 1130496K
  class space    used 11434K, committed 11776K, reserved 1048576K
}
Event: 33.729 GC heap before
{Heap before GC invocations=52 (full 0):
 garbage-first heap   total 315392K, used 229376K [0x0000000080000000, 0x0000000100000000)
  region size 1024K, 90 young (92160K), 15 survivors (15360K)
 Metaspace       used 91474K, committed 92160K, reserved 1130496K
  class space    used 11435K, committed 11776K, reserved 1048576K
}
Event: 33.745 GC heap after
{Heap after GC invocations=53 (full 0):
 garbage-first heap   total 315392K, used 158690K [0x0000000080000000, 0x0000000100000000)
  region size 1024K, 12 young (12288K), 12 survivors (12288K)
 Metaspace       used 91474K, committed 92160K, reserved 1130496K
  class space    used 11435K, committed 11776K, reserved 1048576K
}
Event: 33.757 GC heap before
{Heap before GC invocations=53 (full 0):
 garbage-first heap   total 315392K, used 161762K [0x0000000080000000, 0x0000000100000000)
  region size 1024K, 15 young (15360K), 12 survivors (12288K)
 Metaspace       used 91474K, committed 92160K, reserved 1130496K
  class space    used 11435K, committed 11776K, reserved 1048576K
}
Event: 33.775 GC heap after
{Heap after GC invocations=54 (full 0):
 garbage-first heap   total 315392K, used 140151K [0x0000000080000000, 0x0000000100000000)
  region size 1024K, 2 young (2048K), 2 survivors (2048K)
 Metaspace       used 91474K, committed 92160K, reserved 1130496K
  class space    used 11435K, committed 11776K, reserved 1048576K
}
Event: 33.983 GC heap before
{Heap before GC invocations=54 (full 0):
 garbage-first heap   total 315392K, used 157559K [0x0000000080000000, 0x0000000100000000)
  region size 1024K, 16 young (16384K), 2 survivors (2048K)
 Metaspace       used 91559K, committed 92224K, reserved 1130496K
  class space    used 11443K, committed 11776K, reserved 1048576K
}
Event: 33.988 GC heap after
{Heap after GC invocations=55 (full 0):
 garbage-first heap   total 315392K, used 146432K [0x0000000080000000, 0x0000000100000000)
  region size 1024K, 4 young (4096K), 4 survivors (4096K)
 Metaspace       used 91559K, committed 92224K, reserved 1130496K
  class space    used 11443K, committed 11776K, reserved 1048576K
}
Event: 35.280 GC heap before
{Heap before GC invocations=56 (full 0):
 garbage-first heap   total 315392K, used 230399K [0x0000000080000000, 0x0000000100000000)
  region size 1024K, 91 young (93184K), 4 survivors (4096K)
 Metaspace       used 95447K, committed 96128K, reserved 1138688K
  class space    used 11941K, committed 12288K, reserved 1048576K
}
Event: 35.286 GC heap after
{Heap after GC invocations=57 (full 0):
 garbage-first heap   total 315392K, used 119808K [0x0000000080000000, 0x0000000100000000)
  region size 1024K, 8 young (8192K), 8 survivors (8192K)
 Metaspace       used 95447K, committed 96128K, reserved 1138688K
  class space    used 11941K, committed 12288K, reserved 1048576K
}
Event: 35.401 GC heap before
{Heap before GC invocations=57 (full 0):
 garbage-first heap   total 315392K, used 126976K [0x0000000080000000, 0x0000000100000000)
  region size 1024K, 15 young (15360K), 8 survivors (8192K)
 Metaspace       used 95984K, committed 96768K, reserved 1138688K
  class space    used 12007K, committed 12416K, reserved 1048576K
}
Event: 35.413 GC heap after
{Heap after GC invocations=58 (full 0):
 garbage-first heap   total 315392K, used 101912K [0x0000000080000000, 0x0000000100000000)
  region size 1024K, 2 young (2048K), 2 survivors (2048K)
 Metaspace       used 95984K, committed 96768K, reserved 1138688K
  class space    used 12007K, committed 12416K, reserved 1048576K
}
Event: 38.553 GC heap before
{Heap before GC invocations=58 (full 0):
 garbage-first heap   total 315392K, used 229912K [0x0000000080000000, 0x0000000100000000)
  region size 1024K, 126 young (129024K), 2 survivors (2048K)
 Metaspace       used 105956K, committed 106816K, reserved 1146880K
  class space    used 13198K, committed 13632K, reserved 1048576K
}

